<?xml version="1.0" encoding="UTF-8"?>
<testsuites name="staff manage" time="652" tests="25" failures="16" errors="0">
   <testsuite name="staff manage" tests="25" failures="16" errors="0" time="652" timestamp="2019-04-17 11:37:32" hostname="Administrator - BF-20170623WSST" id="Test Suites/User Manage/staff manage">
      <properties>
         <property name="deviceName" value=""/>
         <property name="devicePlatform" value=""/>
         <property name="logFolder" value="G:\\Auto_Learning\\katalon\\katalon_project\\katalon_project\\T2M_Manage\\T2M_Manage\\Reports\\User Manage\\staff manage\\20190417_113729"/>
         <property name="logFiles" value="G:\\Auto_Learning\\katalon\\katalon_project\\katalon_project\\T2M_Manage\\T2M_Manage\\Reports\\User Manage\\staff manage\\20190417_113729\\execution0.log"/>
         <property name="attachments" value="G:\\Auto_Learning\\katalon\\katalon_project\\katalon_project\\T2M_Manage\\T2M_Manage\\Reports\\User Manage\\staff manage\\20190417_113729\\1555472267341.png, G:\\Auto_Learning\\katalon\\katalon_project\\katalon_project\\T2M_Manage\\T2M_Manage\\Reports\\User Manage\\staff manage\\20190417_113729\\1555472557782.png, G:\\Auto_Learning\\katalon\\katalon_project\\katalon_project\\T2M_Manage\\T2M_Manage\\Reports\\User Manage\\staff manage\\20190417_113729\\1555472589990.png, G:\\Auto_Learning\\katalon\\katalon_project\\katalon_project\\T2M_Manage\\T2M_Manage\\Reports\\User Manage\\staff manage\\20190417_113729\\1555472620512.png, G:\\Auto_Learning\\katalon\\katalon_project\\katalon_project\\T2M_Manage\\T2M_Manage\\Reports\\User Manage\\staff manage\\20190417_113729\\1555472651950.png, G:\\Auto_Learning\\katalon\\katalon_project\\katalon_project\\T2M_Manage\\T2M_Manage\\Reports\\User Manage\\staff manage\\20190417_113729\\1555472677834.png, G:\\Auto_Learning\\katalon\\katalon_project\\katalon_project\\T2M_Manage\\T2M_Manage\\Reports\\User Manage\\staff manage\\20190417_113729\\1555472703457.png, G:\\Auto_Learning\\katalon\\katalon_project\\katalon_project\\T2M_Manage\\T2M_Manage\\Reports\\User Manage\\staff manage\\20190417_113729\\1555472729173.png, G:\\Auto_Learning\\katalon\\katalon_project\\katalon_project\\T2M_Manage\\T2M_Manage\\Reports\\User Manage\\staff manage\\20190417_113729\\1555472755102.png, G:\\Auto_Learning\\katalon\\katalon_project\\katalon_project\\T2M_Manage\\T2M_Manage\\Reports\\User Manage\\staff manage\\20190417_113729\\1555472781174.png, G:\\Auto_Learning\\katalon\\katalon_project\\katalon_project\\T2M_Manage\\T2M_Manage\\Reports\\User Manage\\staff manage\\20190417_113729\\1555472800391.png, \u672B\u9875\u6570\u636E\u4E0D\u4E00\u81F4, G:\\Auto_Learning\\katalon\\katalon_project\\katalon_project\\T2M_Manage\\T2M_Manage\\Reports\\User Manage\\staff manage\\20190417_113729\\1555472819705.png, G:\\Auto_Learning\\katalon\\katalon_project\\katalon_project\\T2M_Manage\\T2M_Manage\\Reports\\User Manage\\staff manage\\20190417_113729\\1555472858794.png, G:\\Auto_Learning\\katalon\\katalon_project\\katalon_project\\T2M_Manage\\T2M_Manage\\Reports\\User Manage\\staff manage\\20190417_113729\\1555472863346.png, G:\\Auto_Learning\\katalon\\katalon_project\\katalon_project\\T2M_Manage\\T2M_Manage\\Reports\\User Manage\\staff manage\\20190417_113729\\1555472902505.png"/>
         <property name="hostName" value="Administrator - BF-20170623WSST"/>
         <property name="os" value="Windows 7 64bit"/>
         <property name="katalonVersion" value="5.7.0.1"/>
         <property name="dbServerInfo" value="MySQL 5.7.17-log"/>
         <property name="browser" value="Chrome 73.0.3683.75"/>
         <property name="hostAddress" value="192.168.10.86"/>
         <property name="sessionId" value="ecbfab57194731940f9b5dbca6c50beb"/>
         <property name="seleniumVersion" value="3.7.1"/>
         <property name="proxyInformation" value="ProxyInformation{proxyOption=NO_PROXY, proxyServerType=HTTP, password=, proxyServerAddress=, proxyServerPort=0}"/>
         <property name="platform" value="Windows 7"/>
      </properties>
      <testcase name="Test Cases/001_Login_Home/002_Login" classname="Test Cases/001_Login_Home/002_Login" status="PASSED">
         <system-out><![CDATA[2019-04-17 11:37:33 - [TEST_CASE][PASSED] - Test Cases/001_Login_Home/002_Login: Test Cases/001_Login_Home/002_Login

2019-04-17 11:37:33 - [TEST_STEP][PASSED] - Start listener action : sampleBeforeTestCase: Invoke 'com.kms.katalon.core.annotation.BeforeTestCase' method: 'NewTestListener.sampleBeforeTestCase(...)' completed.

2019-04-17 11:37:33 - [TEST_STEP][PASSED] - Statement - println(testCaseContext.getTestCaseId()): null

2019-04-17 11:37:33 - [TEST_STEP][PASSED] - Statement - println(testCaseContext.getTestCaseVariables()): Invoke 'com.kms.katalon.core.annotation.BeforeTestCase' method: 'NewTestListener.sampleBeforeTestCase(...)' completed.

2019-04-17 11:37:33 - [TEST_STEP][PASSED] - callTestCase: Call Test Case 'Test Cases/001_Login_Home/001_Navigate' successfully

2019-04-17 11:37:33 - [TEST_CASE][PASSED] - Test Cases/001_Login_Home/001_Navigate: Test Cases/001_Login_Home/001_Navigate

2019-04-17 11:37:33 - [TEST_STEP][PASSED] - openBrowser: Browser is opened with url: ''

2019-04-17 11:37:41 - [MESSAGE][PASSED] - Browser is opened with url: ''

2019-04-17 11:37:41 - [TEST_STEP][PASSED] - navigateToUrl: Navigate to 'http://222.180.200.126:9909/PORTALASSETS/login' successfully

2019-04-17 11:37:42 - [MESSAGE][PASSED] - Navigate to 'http://222.180.200.126:9909/PORTALASSETS/login' successfully

2019-04-17 11:37:42 - [TEST_STEP][PASSED] - comment: begin to input one correct account

2019-04-17 11:37:42 - [TEST_STEP][PASSED] - Statement - item = com.kms.katalon.core.webui.keyword.WebUiBuiltInKeywords.verifyElementPresent(com.kms.katalon.core.testobject.ObjectRepository.findTestObject(Login/button_ login), 20, STOP_ON_FAILURE): Object 'Object Repository/Login/button_ login' is present

2019-04-17 11:37:42 - [MESSAGE][PASSED] - Object 'Object Repository/Login/button_ login' is present

2019-04-17 11:37:42 - [TEST_STEP][PASSED] - Statement - If (item == true): Enter this website successful!!

2019-04-17 11:37:42 - [TEST_STEP][PASSED] - comment: Enter this website successful!!

2019-04-17 11:37:42 - [MESSAGE][PASSED] - Call Test Case 'Test Cases/001_Login_Home/001_Navigate' successfully

2019-04-17 11:37:42 - [TEST_STEP][PASSED] - delay: Delayed 1 second(s)

2019-04-17 11:37:43 - [MESSAGE][PASSED] - Delayed 1 second(s)

2019-04-17 11:37:43 - [TEST_STEP][PASSED] - setText: Text 'admin' is set on object 'Object Repository/Login/loginname'

2019-04-17 11:37:43 - [MESSAGE][PASSED] - Text 'admin' is set on object 'Object Repository/Login/loginname'

2019-04-17 11:37:43 - [TEST_STEP][PASSED] - delay: Delayed 1 second(s)

2019-04-17 11:37:44 - [MESSAGE][PASSED] - Delayed 1 second(s)

2019-04-17 11:37:44 - [TEST_STEP][PASSED] - setText: Text '654321' is set on object 'Object Repository/Login/password'

2019-04-17 11:37:44 - [MESSAGE][PASSED] - Text '654321' is set on object 'Object Repository/Login/password'

2019-04-17 11:37:44 - [TEST_STEP][PASSED] - delay: Delayed 1 second(s)

2019-04-17 11:37:45 - [MESSAGE][PASSED] - Delayed 1 second(s)

2019-04-17 11:37:45 - [TEST_STEP][PASSED] - Statement - R = com.kms.katalon.core.webui.keyword.WebUiBuiltInKeywords.verifyElementChecked(com.kms.katalon.core.testobject.ObjectRepository.findTestObject(Login/remember_password), 10): Object 'Object Repository/Login/remember_password' is checked

2019-04-17 11:37:45 - [MESSAGE][PASSED] - Object 'Object Repository/Login/remember_password' is checked

2019-04-17 11:37:45 - [TEST_STEP][PASSED] - Statement - If (R): The remember pwd box is checked!

2019-04-17 11:37:45 - [TEST_STEP][PASSED] - comment: The remember pwd box is checked!

2019-04-17 11:37:45 - [TEST_STEP][PASSED] - click: Object: 'Object Repository/Login/button_ login' is clicked on

2019-04-17 11:37:45 - [MESSAGE][PASSED] - Object: 'Object Repository/Login/button_ login' is clicked on

2019-04-17 11:37:45 - [TEST_STEP][PASSED] - Statement - a = com.kms.katalon.core.webui.keyword.WebUiBuiltInKeywords.verifyElementPresent(com.kms.katalon.core.testobject.ObjectRepository.findTestObject(homepage/a_homepage), 40): Object 'Object Repository/homepage/a_homepage' is present

2019-04-17 11:37:47 - [MESSAGE][PASSED] - Object 'Object Repository/homepage/a_homepage' is present

2019-04-17 11:37:47 - [TEST_STEP][PASSED] - Statement - If (a): Taking screenshot successfully

2019-04-17 11:37:47 - [TEST_STEP][PASSED] - comment: Find the homepag lable,Login successful

2019-04-17 11:37:47 - [TEST_STEP][PASSED] - takeScreenshot: Taking screenshot successfully

2019-04-17 11:37:47 - [MESSAGE][PASSED] - Taking screenshot successfully
[[ATTACHMENT|G:\\Auto_Learning\\katalon\\katalon_project\\katalon_project\\T2M_Manage\\T2M_Manage\\Reports\\User Manage\\staff manage\\20190417_113729\\1555472267341.png]]

2019-04-17 11:37:47 - [TEST_STEP][PASSED] - Start listener action : sampleAfterTestCase: Invoke 'com.kms.katalon.core.annotation.AfterTestCase' method: 'NewTestListener.sampleAfterTestCase(...)' completed.

2019-04-17 11:37:47 - [TEST_STEP][PASSED] - Statement - println(testCaseContext.getTestCaseId()): null

2019-04-17 11:37:47 - [TEST_STEP][PASSED] - Statement - println(testCaseContext.getTestCaseStatus()): Invoke 'com.kms.katalon.core.annotation.AfterTestCase' method: 'NewTestListener.sampleAfterTestCase(...)' completed.]]></system-out>
         <system-err><![CDATA[]]></system-err>
      </testcase>
      <testcase name="Test Cases/002_System_,Manage/001_User_Manage/001_Enter_User" classname="Test Cases/002_System_,Manage/001_User_Manage/001_Enter_User" status="PASSED">
         <system-out><![CDATA[2019-04-17 11:37:49 - [TEST_CASE][PASSED] - Test Cases/002_System_,Manage/001_User_Manage/001_Enter_User: Test Cases/002_System_,Manage/001_User_Manage/001_Enter_User

2019-04-17 11:37:49 - [TEST_STEP][PASSED] - Start listener action : sampleBeforeTestCase: Invoke 'com.kms.katalon.core.annotation.BeforeTestCase' method: 'NewTestListener.sampleBeforeTestCase(...)' completed.

2019-04-17 11:37:49 - [TEST_STEP][PASSED] - Statement - println(testCaseContext.getTestCaseId()): null

2019-04-17 11:37:49 - [TEST_STEP][PASSED] - Statement - println(testCaseContext.getTestCaseVariables()): Invoke 'com.kms.katalon.core.annotation.BeforeTestCase' method: 'NewTestListener.sampleBeforeTestCase(...)' completed.

2019-04-17 11:37:49 - [TEST_STEP][NOT_RUN] - callTestCase: NOT_RUN: callTestCase

2019-04-17 11:37:49 - [MESSAGE][NOT_RUN] - NOT_RUN: callTestCase

2019-04-17 11:37:49 - [TEST_STEP][PASSED] - delay: Delayed 1 second(s)

2019-04-17 11:37:50 - [MESSAGE][PASSED] - Delayed 1 second(s)

2019-04-17 11:37:50 - [TEST_STEP][PASSED] - click: Object: 'Object Repository/Syetem_settings/User_Manage/a_systemsetings' is clicked on

2019-04-17 11:37:51 - [MESSAGE][PASSED] - Object: 'Object Repository/Syetem_settings/User_Manage/a_systemsetings' is clicked on

2019-04-17 11:37:51 - [TEST_STEP][PASSED] - delay: Delayed 1 second(s)

2019-04-17 11:37:52 - [MESSAGE][PASSED] - Delayed 1 second(s)

2019-04-17 11:37:52 - [TEST_STEP][PASSED] - click: Object: 'Object Repository/Syetem_settings/User_Manage/a_user_manage' is clicked on

2019-04-17 11:37:52 - [MESSAGE][PASSED] - Object: 'Object Repository/Syetem_settings/User_Manage/a_user_manage' is clicked on

2019-04-17 11:37:52 - [TEST_STEP][PASSED] - delay: Delayed 1 second(s)

2019-04-17 11:37:53 - [MESSAGE][PASSED] - Delayed 1 second(s)

2019-04-17 11:37:53 - [TEST_STEP][PASSED] - Statement - verify_user = com.kms.katalon.core.webui.keyword.WebUiBuiltInKeywords.verifyElementPresent(com.kms.katalon.core.testobject.ObjectRepository.findTestObject(Syetem_settings/User_Manage/cite_usertable), 0): Object 'Object Repository/Syetem_settings/User_Manage/cite_usertable' is present

2019-04-17 11:37:53 - [MESSAGE][WARNING] - Timeout '0' is invalid. Using default page load timeout: '30'

2019-04-17 11:37:53 - [MESSAGE][PASSED] - Object 'Object Repository/Syetem_settings/User_Manage/cite_usertable' is present

2019-04-17 11:37:53 - [TEST_STEP][PASSED] - Statement - If (verify_user): Enter the Successfully entered the people management page

2019-04-17 11:37:53 - [TEST_STEP][PASSED] - comment: Enter the Successfully entered the people management page

2019-04-17 11:37:53 - [TEST_STEP][PASSED] - Start listener action : sampleAfterTestCase: Invoke 'com.kms.katalon.core.annotation.AfterTestCase' method: 'NewTestListener.sampleAfterTestCase(...)' completed.

2019-04-17 11:37:53 - [TEST_STEP][PASSED] - Statement - println(testCaseContext.getTestCaseId()): null

2019-04-17 11:37:53 - [TEST_STEP][PASSED] - Statement - println(testCaseContext.getTestCaseStatus()): Invoke 'com.kms.katalon.core.annotation.AfterTestCase' method: 'NewTestListener.sampleAfterTestCase(...)' completed.]]></system-out>
         <system-err><![CDATA[]]></system-err>
      </testcase>
      <testcase name="Test Cases/002_System_,Manage/001_User_Manage/002_Add_user" classname="Test Cases/002_System_,Manage/001_User_Manage/002_Add_user" status="PASSED">
         <system-out><![CDATA[2019-04-17 11:37:55 - [TEST_CASE][PASSED] - Test Cases/002_System_,Manage/001_User_Manage/002_Add_user: Test Cases/002_System_,Manage/001_User_Manage/002_Add_user

2019-04-17 11:37:55 - [TEST_STEP][PASSED] - Start listener action : sampleBeforeTestCase: Invoke 'com.kms.katalon.core.annotation.BeforeTestCase' method: 'NewTestListener.sampleBeforeTestCase(...)' completed.

2019-04-17 11:37:55 - [TEST_STEP][PASSED] - Statement - println(testCaseContext.getTestCaseId()): null

2019-04-17 11:37:55 - [TEST_STEP][PASSED] - Statement - println(testCaseContext.getTestCaseVariables()): Invoke 'com.kms.katalon.core.annotation.BeforeTestCase' method: 'NewTestListener.sampleBeforeTestCase(...)' completed.

2019-04-17 11:37:55 - [TEST_STEP][NOT_RUN] - callTestCase: NOT_RUN: callTestCase

2019-04-17 11:37:55 - [MESSAGE][NOT_RUN] - NOT_RUN: callTestCase

2019-04-17 11:37:55 - [TEST_STEP][PASSED] - comment: begain to add one new user!

2019-04-17 11:37:55 - [TEST_STEP][PASSED] - click: Object: 'Object Repository/Syetem_settings/User_Manage/a_ new_user' is clicked on

2019-04-17 11:37:55 - [MESSAGE][PASSED] - Object: 'Object Repository/Syetem_settings/User_Manage/a_ new_user' is clicked on

2019-04-17 11:37:55 - [TEST_STEP][PASSED] - delay: Delayed 1 second(s)

2019-04-17 11:37:56 - [MESSAGE][PASSED] - Delayed 1 second(s)

2019-04-17 11:37:56 - [TEST_STEP][PASSED] - delay: Delayed 1 second(s)

2019-04-17 11:37:57 - [MESSAGE][PASSED] - Delayed 1 second(s)

2019-04-17 11:37:57 - [TEST_STEP][PASSED] - click: Object: 'Object Repository/Syetem_settings/User_Manage/user_info/choose_dept' is clicked on

2019-04-17 11:37:57 - [MESSAGE][PASSED] - Object: 'Object Repository/Syetem_settings/User_Manage/user_info/choose_dept' is clicked on

2019-04-17 11:37:57 - [TEST_STEP][PASSED] - delay: Delayed 1 second(s)

2019-04-17 11:37:58 - [MESSAGE][PASSED] - Delayed 1 second(s)

2019-04-17 11:37:58 - [TEST_STEP][PASSED] - click: Object: 'Object Repository/Syetem_settings/User_Manage/user_info/i__TreeNB' is clicked on

2019-04-17 11:37:59 - [MESSAGE][PASSED] - Object: 'Object Repository/Syetem_settings/User_Manage/user_info/i__TreeNB' is clicked on

2019-04-17 11:37:59 - [TEST_STEP][PASSED] - delay: Delayed 1 second(s)

2019-04-17 11:38:00 - [MESSAGE][PASSED] - Delayed 1 second(s)

2019-04-17 11:38:00 - [TEST_STEP][PASSED] - click: Object: 'Object Repository/Syetem_settings/User_Manage/user_info/cite_CQDepart' is clicked on

2019-04-17 11:38:00 - [MESSAGE][PASSED] - Object: 'Object Repository/Syetem_settings/User_Manage/user_info/cite_CQDepart' is clicked on

2019-04-17 11:38:00 - [TEST_STEP][PASSED] - delay: Delayed 1 second(s)

2019-04-17 11:38:01 - [MESSAGE][PASSED] - Delayed 1 second(s)

2019-04-17 11:38:01 - [TEST_STEP][PASSED] - setText: Text '测试人员001' is set on object 'Object Repository/Syetem_settings/User_Manage/user_info/input_ RealName'

2019-04-17 11:38:01 - [MESSAGE][PASSED] - Text '测试人员001' is set on object 'Object Repository/Syetem_settings/User_Manage/user_info/input_ RealName'

2019-04-17 11:38:01 - [TEST_STEP][PASSED] - delay: Delayed 1 second(s)

2019-04-17 11:38:02 - [MESSAGE][PASSED] - Delayed 1 second(s)

2019-04-17 11:38:02 - [TEST_STEP][PASSED] - setText: Text '测试岗位1' is set on object 'Object Repository/Syetem_settings/User_Manage/user_info/input_position'

2019-04-17 11:38:02 - [MESSAGE][PASSED] - Text '测试岗位1' is set on object 'Object Repository/Syetem_settings/User_Manage/user_info/input_position'

2019-04-17 11:38:02 - [TEST_STEP][PASSED] - delay: Delayed 1 second(s)

2019-04-17 11:38:03 - [MESSAGE][PASSED] - Delayed 1 second(s)

2019-04-17 11:38:03 - [TEST_STEP][PASSED] - setText: Text '15263625410' is set on object 'Object Repository/Syetem_settings/User_Manage/user_info/input_mobile'

2019-04-17 11:38:03 - [MESSAGE][PASSED] - Text '15263625410' is set on object 'Object Repository/Syetem_settings/User_Manage/user_info/input_mobile'

2019-04-17 11:38:03 - [TEST_STEP][PASSED] - delay: Delayed 1 second(s)

2019-04-17 11:38:04 - [MESSAGE][PASSED] - Delayed 1 second(s)

2019-04-17 11:38:04 - [TEST_STEP][PASSED] - setText: Text '7425362@qq.com' is set on object 'Object Repository/Syetem_settings/User_Manage/user_info/input_email'

2019-04-17 11:38:04 - [MESSAGE][PASSED] - Text '7425362@qq.com' is set on object 'Object Repository/Syetem_settings/User_Manage/user_info/input_email'

2019-04-17 11:38:04 - [TEST_STEP][PASSED] - delay: Delayed 1 second(s)

2019-04-17 11:38:05 - [MESSAGE][PASSED] - Delayed 1 second(s)

2019-04-17 11:38:05 - [TEST_STEP][PASSED] - click: Object: 'Object Repository/Syetem_settings/User_Manage/user_info/button_ Save' is clicked on

2019-04-17 11:38:06 - [MESSAGE][PASSED] - Object: 'Object Repository/Syetem_settings/User_Manage/user_info/button_ Save' is clicked on

2019-04-17 11:38:06 - [TEST_STEP][PASSED] - delay: Delayed 2 second(s)

2019-04-17 11:38:08 - [MESSAGE][PASSED] - Delayed 2 second(s)

2019-04-17 11:38:08 - [TEST_STEP][PASSED] - setText: Text '测试人员001' is set on object 'Object Repository/test/input__keyword'

2019-04-17 11:38:08 - [MESSAGE][PASSED] - Text '测试人员001' is set on object 'Object Repository/test/input__keyword'

2019-04-17 11:38:08 - [TEST_STEP][PASSED] - delay: Delayed 1 second(s)

2019-04-17 11:38:09 - [MESSAGE][PASSED] - Delayed 1 second(s)

2019-04-17 11:38:09 - [TEST_STEP][PASSED] - click: Object: 'Object Repository/test/button__layui-btn' is clicked on

2019-04-17 11:38:09 - [MESSAGE][PASSED] - Object: 'Object Repository/test/button__layui-btn' is clicked on

2019-04-17 11:38:09 - [TEST_STEP][PASSED] - delay: Delayed 1 second(s)

2019-04-17 11:38:10 - [MESSAGE][PASSED] - Delayed 1 second(s)

2019-04-17 11:38:10 - [TEST_STEP][PASSED] - Statement - Try: 列表中搜索到该用户，人员添加成功

2019-04-17 11:38:10 - [TEST_STEP][PASSED] - Statement - a = com.kms.katalon.core.testobject.ObjectRepository.findTestObject(Syetem_settings/User_Manage/Search/td_number1): Finding Test Object with id 'Object Repository/Syetem_settings/User_Manage/Search/td_number1'

2019-04-17 11:38:10 - [TEST_STEP][PASSED] - Statement - data_content = com.kms.katalon.core.webui.keyword.WebUiBuiltInKeywords.getAttribute(com.kms.katalon.core.testobject.ObjectRepository.findTestObject(Syetem_settings/User_Manage/Search/td_number1), "data-content"): Attribute 'data-content' of object 'Object Repository/Syetem_settings/User_Manage/Search/td_number1' is: '测试人员001'

2019-04-17 11:38:10 - [MESSAGE][PASSED] - Attribute 'data-content' of object 'Object Repository/Syetem_settings/User_Manage/Search/td_number1' is: '测试人员001'

2019-04-17 11:38:10 - [TEST_STEP][PASSED] - comment: 测试人员001

2019-04-17 11:38:10 - [TEST_STEP][PASSED] - Statement - If (data_content == username): 列表中搜索到该用户，人员添加成功

2019-04-17 11:38:10 - [TEST_STEP][PASSED] - comment: 列表中搜索到该用户，人员添加成功

2019-04-17 11:38:10 - [TEST_STEP][PASSED] - Start listener action : sampleAfterTestCase: Invoke 'com.kms.katalon.core.annotation.AfterTestCase' method: 'NewTestListener.sampleAfterTestCase(...)' completed.

2019-04-17 11:38:10 - [TEST_STEP][PASSED] - Statement - println(testCaseContext.getTestCaseId()): null

2019-04-17 11:38:10 - [TEST_STEP][PASSED] - Statement - println(testCaseContext.getTestCaseStatus()): Invoke 'com.kms.katalon.core.annotation.AfterTestCase' method: 'NewTestListener.sampleAfterTestCase(...)' completed.]]></system-out>
         <system-err><![CDATA[]]></system-err>
      </testcase>
      <testcase name="Test Cases/002_System_,Manage/001_User_Manage/002_Add_user" classname="Test Cases/002_System_,Manage/001_User_Manage/002_Add_user" status="PASSED">
         <system-out><![CDATA[2019-04-17 11:38:12 - [TEST_CASE][PASSED] - Test Cases/002_System_,Manage/001_User_Manage/002_Add_user: Test Cases/002_System_,Manage/001_User_Manage/002_Add_user

2019-04-17 11:38:12 - [TEST_STEP][PASSED] - Start listener action : sampleBeforeTestCase: Invoke 'com.kms.katalon.core.annotation.BeforeTestCase' method: 'NewTestListener.sampleBeforeTestCase(...)' completed.

2019-04-17 11:38:12 - [TEST_STEP][PASSED] - Statement - println(testCaseContext.getTestCaseId()): null

2019-04-17 11:38:12 - [TEST_STEP][PASSED] - Statement - println(testCaseContext.getTestCaseVariables()): Invoke 'com.kms.katalon.core.annotation.BeforeTestCase' method: 'NewTestListener.sampleBeforeTestCase(...)' completed.

2019-04-17 11:38:12 - [TEST_STEP][NOT_RUN] - callTestCase: NOT_RUN: callTestCase

2019-04-17 11:38:12 - [MESSAGE][NOT_RUN] - NOT_RUN: callTestCase

2019-04-17 11:38:12 - [TEST_STEP][PASSED] - comment: begain to add one new user!

2019-04-17 11:38:12 - [TEST_STEP][PASSED] - click: Object: 'Object Repository/Syetem_settings/User_Manage/a_ new_user' is clicked on

2019-04-17 11:38:12 - [MESSAGE][PASSED] - Object: 'Object Repository/Syetem_settings/User_Manage/a_ new_user' is clicked on

2019-04-17 11:38:12 - [TEST_STEP][PASSED] - delay: Delayed 1 second(s)

2019-04-17 11:38:13 - [MESSAGE][PASSED] - Delayed 1 second(s)

2019-04-17 11:38:13 - [TEST_STEP][PASSED] - delay: Delayed 1 second(s)

2019-04-17 11:38:14 - [MESSAGE][PASSED] - Delayed 1 second(s)

2019-04-17 11:38:14 - [TEST_STEP][PASSED] - click: Object: 'Object Repository/Syetem_settings/User_Manage/user_info/choose_dept' is clicked on

2019-04-17 11:38:14 - [MESSAGE][PASSED] - Object: 'Object Repository/Syetem_settings/User_Manage/user_info/choose_dept' is clicked on

2019-04-17 11:38:14 - [TEST_STEP][PASSED] - delay: Delayed 1 second(s)

2019-04-17 11:38:15 - [MESSAGE][PASSED] - Delayed 1 second(s)

2019-04-17 11:38:15 - [TEST_STEP][PASSED] - click: Object: 'Object Repository/Syetem_settings/User_Manage/user_info/i__TreeNB' is clicked on

2019-04-17 11:38:15 - [MESSAGE][PASSED] - Object: 'Object Repository/Syetem_settings/User_Manage/user_info/i__TreeNB' is clicked on

2019-04-17 11:38:15 - [TEST_STEP][PASSED] - delay: Delayed 1 second(s)

2019-04-17 11:38:16 - [MESSAGE][PASSED] - Delayed 1 second(s)

2019-04-17 11:38:16 - [TEST_STEP][PASSED] - click: Object: 'Object Repository/Syetem_settings/User_Manage/user_info/cite_CQDepart' is clicked on

2019-04-17 11:38:16 - [MESSAGE][PASSED] - Object: 'Object Repository/Syetem_settings/User_Manage/user_info/cite_CQDepart' is clicked on

2019-04-17 11:38:16 - [TEST_STEP][PASSED] - delay: Delayed 1 second(s)

2019-04-17 11:38:17 - [MESSAGE][PASSED] - Delayed 1 second(s)

2019-04-17 11:38:17 - [TEST_STEP][PASSED] - setText: Text '测试人员002' is set on object 'Object Repository/Syetem_settings/User_Manage/user_info/input_ RealName'

2019-04-17 11:38:18 - [MESSAGE][PASSED] - Text '测试人员002' is set on object 'Object Repository/Syetem_settings/User_Manage/user_info/input_ RealName'

2019-04-17 11:38:18 - [TEST_STEP][PASSED] - delay: Delayed 1 second(s)

2019-04-17 11:38:19 - [MESSAGE][PASSED] - Delayed 1 second(s)

2019-04-17 11:38:19 - [TEST_STEP][PASSED] - setText: Text '测试岗位9' is set on object 'Object Repository/Syetem_settings/User_Manage/user_info/input_position'

2019-04-17 11:38:19 - [MESSAGE][PASSED] - Text '测试岗位9' is set on object 'Object Repository/Syetem_settings/User_Manage/user_info/input_position'

2019-04-17 11:38:19 - [TEST_STEP][PASSED] - delay: Delayed 1 second(s)

2019-04-17 11:38:20 - [MESSAGE][PASSED] - Delayed 1 second(s)

2019-04-17 11:38:20 - [TEST_STEP][PASSED] - setText: Text '15263625418' is set on object 'Object Repository/Syetem_settings/User_Manage/user_info/input_mobile'

2019-04-17 11:38:20 - [MESSAGE][PASSED] - Text '15263625418' is set on object 'Object Repository/Syetem_settings/User_Manage/user_info/input_mobile'

2019-04-17 11:38:20 - [TEST_STEP][PASSED] - delay: Delayed 1 second(s)

2019-04-17 11:38:21 - [MESSAGE][PASSED] - Delayed 1 second(s)

2019-04-17 11:38:21 - [TEST_STEP][PASSED] - setText: Text '' is set on object 'Object Repository/Syetem_settings/User_Manage/user_info/input_email'

2019-04-17 11:38:21 - [MESSAGE][PASSED] - Text '' is set on object 'Object Repository/Syetem_settings/User_Manage/user_info/input_email'

2019-04-17 11:38:21 - [TEST_STEP][PASSED] - delay: Delayed 1 second(s)

2019-04-17 11:38:22 - [MESSAGE][PASSED] - Delayed 1 second(s)

2019-04-17 11:38:22 - [TEST_STEP][PASSED] - click: Object: 'Object Repository/Syetem_settings/User_Manage/user_info/button_ Save' is clicked on

2019-04-17 11:38:22 - [MESSAGE][PASSED] - Object: 'Object Repository/Syetem_settings/User_Manage/user_info/button_ Save' is clicked on

2019-04-17 11:38:22 - [TEST_STEP][PASSED] - delay: Delayed 2 second(s)

2019-04-17 11:38:24 - [MESSAGE][PASSED] - Delayed 2 second(s)

2019-04-17 11:38:24 - [TEST_STEP][PASSED] - setText: Text '测试人员002' is set on object 'Object Repository/test/input__keyword'

2019-04-17 11:38:24 - [MESSAGE][PASSED] - Text '测试人员002' is set on object 'Object Repository/test/input__keyword'

2019-04-17 11:38:24 - [TEST_STEP][PASSED] - delay: Delayed 1 second(s)

2019-04-17 11:38:25 - [MESSAGE][PASSED] - Delayed 1 second(s)

2019-04-17 11:38:25 - [TEST_STEP][PASSED] - click: Object: 'Object Repository/test/button__layui-btn' is clicked on

2019-04-17 11:38:25 - [MESSAGE][PASSED] - Object: 'Object Repository/test/button__layui-btn' is clicked on

2019-04-17 11:38:25 - [TEST_STEP][PASSED] - delay: Delayed 1 second(s)

2019-04-17 11:38:26 - [MESSAGE][PASSED] - Delayed 1 second(s)

2019-04-17 11:38:26 - [TEST_STEP][PASSED] - Statement - Try: 列表中搜索到该用户，人员添加成功

2019-04-17 11:38:26 - [TEST_STEP][PASSED] - Statement - a = com.kms.katalon.core.testobject.ObjectRepository.findTestObject(Syetem_settings/User_Manage/Search/td_number1): Finding Test Object with id 'Object Repository/Syetem_settings/User_Manage/Search/td_number1'

2019-04-17 11:38:26 - [TEST_STEP][PASSED] - Statement - data_content = com.kms.katalon.core.webui.keyword.WebUiBuiltInKeywords.getAttribute(com.kms.katalon.core.testobject.ObjectRepository.findTestObject(Syetem_settings/User_Manage/Search/td_number1), "data-content"): Attribute 'data-content' of object 'Object Repository/Syetem_settings/User_Manage/Search/td_number1' is: '测试人员002'

2019-04-17 11:38:26 - [MESSAGE][PASSED] - Attribute 'data-content' of object 'Object Repository/Syetem_settings/User_Manage/Search/td_number1' is: '测试人员002'

2019-04-17 11:38:26 - [TEST_STEP][PASSED] - comment: 测试人员002

2019-04-17 11:38:26 - [TEST_STEP][PASSED] - Statement - If (data_content == username): 列表中搜索到该用户，人员添加成功

2019-04-17 11:38:26 - [TEST_STEP][PASSED] - comment: 列表中搜索到该用户，人员添加成功

2019-04-17 11:38:26 - [TEST_STEP][PASSED] - Start listener action : sampleAfterTestCase: Invoke 'com.kms.katalon.core.annotation.AfterTestCase' method: 'NewTestListener.sampleAfterTestCase(...)' completed.

2019-04-17 11:38:26 - [TEST_STEP][PASSED] - Statement - println(testCaseContext.getTestCaseId()): null

2019-04-17 11:38:26 - [TEST_STEP][PASSED] - Statement - println(testCaseContext.getTestCaseStatus()): Invoke 'com.kms.katalon.core.annotation.AfterTestCase' method: 'NewTestListener.sampleAfterTestCase(...)' completed.]]></system-out>
         <system-err><![CDATA[]]></system-err>
      </testcase>
      <testcase name="Test Cases/002_System_,Manage/001_User_Manage/002_Add_user" classname="Test Cases/002_System_,Manage/001_User_Manage/002_Add_user" status="PASSED">
         <system-out><![CDATA[2019-04-17 11:38:28 - [TEST_CASE][PASSED] - Test Cases/002_System_,Manage/001_User_Manage/002_Add_user: Test Cases/002_System_,Manage/001_User_Manage/002_Add_user

2019-04-17 11:38:28 - [TEST_STEP][PASSED] - Start listener action : sampleBeforeTestCase: Invoke 'com.kms.katalon.core.annotation.BeforeTestCase' method: 'NewTestListener.sampleBeforeTestCase(...)' completed.

2019-04-17 11:38:29 - [TEST_STEP][PASSED] - Statement - println(testCaseContext.getTestCaseId()): null

2019-04-17 11:38:29 - [TEST_STEP][PASSED] - Statement - println(testCaseContext.getTestCaseVariables()): Invoke 'com.kms.katalon.core.annotation.BeforeTestCase' method: 'NewTestListener.sampleBeforeTestCase(...)' completed.

2019-04-17 11:38:29 - [TEST_STEP][NOT_RUN] - callTestCase: NOT_RUN: callTestCase

2019-04-17 11:38:29 - [MESSAGE][NOT_RUN] - NOT_RUN: callTestCase

2019-04-17 11:38:29 - [TEST_STEP][PASSED] - comment: begain to add one new user!

2019-04-17 11:38:29 - [TEST_STEP][PASSED] - click: Object: 'Object Repository/Syetem_settings/User_Manage/a_ new_user' is clicked on

2019-04-17 11:38:29 - [MESSAGE][PASSED] - Object: 'Object Repository/Syetem_settings/User_Manage/a_ new_user' is clicked on

2019-04-17 11:38:29 - [TEST_STEP][PASSED] - delay: Delayed 1 second(s)

2019-04-17 11:38:30 - [MESSAGE][PASSED] - Delayed 1 second(s)

2019-04-17 11:38:30 - [TEST_STEP][PASSED] - delay: Delayed 1 second(s)

2019-04-17 11:38:31 - [MESSAGE][PASSED] - Delayed 1 second(s)

2019-04-17 11:38:31 - [TEST_STEP][PASSED] - click: Object: 'Object Repository/Syetem_settings/User_Manage/user_info/choose_dept' is clicked on

2019-04-17 11:38:31 - [MESSAGE][PASSED] - Object: 'Object Repository/Syetem_settings/User_Manage/user_info/choose_dept' is clicked on

2019-04-17 11:38:31 - [TEST_STEP][PASSED] - delay: Delayed 1 second(s)

2019-04-17 11:38:32 - [MESSAGE][PASSED] - Delayed 1 second(s)

2019-04-17 11:38:32 - [TEST_STEP][PASSED] - click: Object: 'Object Repository/Syetem_settings/User_Manage/user_info/i__TreeNB' is clicked on

2019-04-17 11:38:32 - [MESSAGE][PASSED] - Object: 'Object Repository/Syetem_settings/User_Manage/user_info/i__TreeNB' is clicked on

2019-04-17 11:38:32 - [TEST_STEP][PASSED] - delay: Delayed 1 second(s)

2019-04-17 11:38:33 - [MESSAGE][PASSED] - Delayed 1 second(s)

2019-04-17 11:38:33 - [TEST_STEP][PASSED] - click: Object: 'Object Repository/Syetem_settings/User_Manage/user_info/cite_CQDepart' is clicked on

2019-04-17 11:38:33 - [MESSAGE][PASSED] - Object: 'Object Repository/Syetem_settings/User_Manage/user_info/cite_CQDepart' is clicked on

2019-04-17 11:38:33 - [TEST_STEP][PASSED] - delay: Delayed 1 second(s)

2019-04-17 11:38:34 - [MESSAGE][PASSED] - Delayed 1 second(s)

2019-04-17 11:38:34 - [TEST_STEP][PASSED] - setText: Text 'test003' is set on object 'Object Repository/Syetem_settings/User_Manage/user_info/input_ RealName'

2019-04-17 11:38:34 - [MESSAGE][PASSED] - Text 'test003' is set on object 'Object Repository/Syetem_settings/User_Manage/user_info/input_ RealName'

2019-04-17 11:38:34 - [TEST_STEP][PASSED] - delay: Delayed 1 second(s)

2019-04-17 11:38:35 - [MESSAGE][PASSED] - Delayed 1 second(s)

2019-04-17 11:38:35 - [TEST_STEP][PASSED] - setText: Text 'test' is set on object 'Object Repository/Syetem_settings/User_Manage/user_info/input_position'

2019-04-17 11:38:35 - [MESSAGE][PASSED] - Text 'test' is set on object 'Object Repository/Syetem_settings/User_Manage/user_info/input_position'

2019-04-17 11:38:35 - [TEST_STEP][PASSED] - delay: Delayed 1 second(s)

2019-04-17 11:38:36 - [MESSAGE][PASSED] - Delayed 1 second(s)

2019-04-17 11:38:36 - [TEST_STEP][PASSED] - setText: Text '15263625411' is set on object 'Object Repository/Syetem_settings/User_Manage/user_info/input_mobile'

2019-04-17 11:38:36 - [MESSAGE][PASSED] - Text '15263625411' is set on object 'Object Repository/Syetem_settings/User_Manage/user_info/input_mobile'

2019-04-17 11:38:36 - [TEST_STEP][PASSED] - delay: Delayed 1 second(s)

2019-04-17 11:38:37 - [MESSAGE][PASSED] - Delayed 1 second(s)

2019-04-17 11:38:37 - [TEST_STEP][PASSED] - setText: Text '7425363@qq.com' is set on object 'Object Repository/Syetem_settings/User_Manage/user_info/input_email'

2019-04-17 11:38:38 - [MESSAGE][PASSED] - Text '7425363@qq.com' is set on object 'Object Repository/Syetem_settings/User_Manage/user_info/input_email'

2019-04-17 11:38:38 - [TEST_STEP][PASSED] - delay: Delayed 1 second(s)

2019-04-17 11:38:39 - [MESSAGE][PASSED] - Delayed 1 second(s)

2019-04-17 11:38:39 - [TEST_STEP][PASSED] - click: Object: 'Object Repository/Syetem_settings/User_Manage/user_info/button_ Save' is clicked on

2019-04-17 11:38:39 - [MESSAGE][PASSED] - Object: 'Object Repository/Syetem_settings/User_Manage/user_info/button_ Save' is clicked on

2019-04-17 11:38:39 - [TEST_STEP][PASSED] - delay: Delayed 2 second(s)

2019-04-17 11:38:41 - [MESSAGE][PASSED] - Delayed 2 second(s)

2019-04-17 11:38:41 - [TEST_STEP][PASSED] - setText: Text 'test003' is set on object 'Object Repository/test/input__keyword'

2019-04-17 11:38:41 - [MESSAGE][PASSED] - Text 'test003' is set on object 'Object Repository/test/input__keyword'

2019-04-17 11:38:41 - [TEST_STEP][PASSED] - delay: Delayed 1 second(s)

2019-04-17 11:38:42 - [MESSAGE][PASSED] - Delayed 1 second(s)

2019-04-17 11:38:42 - [TEST_STEP][PASSED] - click: Object: 'Object Repository/test/button__layui-btn' is clicked on

2019-04-17 11:38:42 - [MESSAGE][PASSED] - Object: 'Object Repository/test/button__layui-btn' is clicked on

2019-04-17 11:38:42 - [TEST_STEP][PASSED] - delay: Delayed 1 second(s)

2019-04-17 11:38:43 - [MESSAGE][PASSED] - Delayed 1 second(s)

2019-04-17 11:38:43 - [TEST_STEP][PASSED] - Statement - Try: 列表中搜索到该用户，人员添加成功

2019-04-17 11:38:43 - [TEST_STEP][PASSED] - Statement - a = com.kms.katalon.core.testobject.ObjectRepository.findTestObject(Syetem_settings/User_Manage/Search/td_number1): Finding Test Object with id 'Object Repository/Syetem_settings/User_Manage/Search/td_number1'

2019-04-17 11:38:43 - [TEST_STEP][PASSED] - Statement - data_content = com.kms.katalon.core.webui.keyword.WebUiBuiltInKeywords.getAttribute(com.kms.katalon.core.testobject.ObjectRepository.findTestObject(Syetem_settings/User_Manage/Search/td_number1), "data-content"): Attribute 'data-content' of object 'Object Repository/Syetem_settings/User_Manage/Search/td_number1' is: 'test003'

2019-04-17 11:38:43 - [MESSAGE][PASSED] - Attribute 'data-content' of object 'Object Repository/Syetem_settings/User_Manage/Search/td_number1' is: 'test003'

2019-04-17 11:38:43 - [TEST_STEP][PASSED] - comment: test003

2019-04-17 11:38:43 - [TEST_STEP][PASSED] - Statement - If (data_content == username): 列表中搜索到该用户，人员添加成功

2019-04-17 11:38:43 - [TEST_STEP][PASSED] - comment: 列表中搜索到该用户，人员添加成功

2019-04-17 11:38:43 - [TEST_STEP][PASSED] - Start listener action : sampleAfterTestCase: Invoke 'com.kms.katalon.core.annotation.AfterTestCase' method: 'NewTestListener.sampleAfterTestCase(...)' completed.

2019-04-17 11:38:43 - [TEST_STEP][PASSED] - Statement - println(testCaseContext.getTestCaseId()): null

2019-04-17 11:38:43 - [TEST_STEP][PASSED] - Statement - println(testCaseContext.getTestCaseStatus()): Invoke 'com.kms.katalon.core.annotation.AfterTestCase' method: 'NewTestListener.sampleAfterTestCase(...)' completed.]]></system-out>
         <system-err><![CDATA[]]></system-err>
      </testcase>
      <testcase name="Test Cases/002_System_,Manage/001_User_Manage/002_Add_user" classname="Test Cases/002_System_,Manage/001_User_Manage/002_Add_user" status="PASSED">
         <system-out><![CDATA[2019-04-17 11:38:45 - [TEST_CASE][PASSED] - Test Cases/002_System_,Manage/001_User_Manage/002_Add_user: Test Cases/002_System_,Manage/001_User_Manage/002_Add_user

2019-04-17 11:38:45 - [TEST_STEP][PASSED] - Start listener action : sampleBeforeTestCase: Invoke 'com.kms.katalon.core.annotation.BeforeTestCase' method: 'NewTestListener.sampleBeforeTestCase(...)' completed.

2019-04-17 11:38:45 - [TEST_STEP][PASSED] - Statement - println(testCaseContext.getTestCaseId()): null

2019-04-17 11:38:45 - [TEST_STEP][PASSED] - Statement - println(testCaseContext.getTestCaseVariables()): Invoke 'com.kms.katalon.core.annotation.BeforeTestCase' method: 'NewTestListener.sampleBeforeTestCase(...)' completed.

2019-04-17 11:38:45 - [TEST_STEP][NOT_RUN] - callTestCase: NOT_RUN: callTestCase

2019-04-17 11:38:45 - [MESSAGE][NOT_RUN] - NOT_RUN: callTestCase

2019-04-17 11:38:45 - [TEST_STEP][PASSED] - comment: begain to add one new user!

2019-04-17 11:38:45 - [TEST_STEP][PASSED] - click: Object: 'Object Repository/Syetem_settings/User_Manage/a_ new_user' is clicked on

2019-04-17 11:38:45 - [MESSAGE][PASSED] - Object: 'Object Repository/Syetem_settings/User_Manage/a_ new_user' is clicked on

2019-04-17 11:38:45 - [TEST_STEP][PASSED] - delay: Delayed 1 second(s)

2019-04-17 11:38:46 - [MESSAGE][PASSED] - Delayed 1 second(s)

2019-04-17 11:38:46 - [TEST_STEP][PASSED] - delay: Delayed 1 second(s)

2019-04-17 11:38:47 - [MESSAGE][PASSED] - Delayed 1 second(s)

2019-04-17 11:38:47 - [TEST_STEP][PASSED] - click: Object: 'Object Repository/Syetem_settings/User_Manage/user_info/choose_dept' is clicked on

2019-04-17 11:38:47 - [MESSAGE][PASSED] - Object: 'Object Repository/Syetem_settings/User_Manage/user_info/choose_dept' is clicked on

2019-04-17 11:38:47 - [TEST_STEP][PASSED] - delay: Delayed 1 second(s)

2019-04-17 11:38:48 - [MESSAGE][PASSED] - Delayed 1 second(s)

2019-04-17 11:38:48 - [TEST_STEP][PASSED] - click: Object: 'Object Repository/Syetem_settings/User_Manage/user_info/i__TreeNB' is clicked on

2019-04-17 11:38:48 - [MESSAGE][PASSED] - Object: 'Object Repository/Syetem_settings/User_Manage/user_info/i__TreeNB' is clicked on

2019-04-17 11:38:48 - [TEST_STEP][PASSED] - delay: Delayed 1 second(s)

2019-04-17 11:38:49 - [MESSAGE][PASSED] - Delayed 1 second(s)

2019-04-17 11:38:49 - [TEST_STEP][PASSED] - click: Object: 'Object Repository/Syetem_settings/User_Manage/user_info/cite_CQDepart' is clicked on

2019-04-17 11:38:49 - [MESSAGE][PASSED] - Object: 'Object Repository/Syetem_settings/User_Manage/user_info/cite_CQDepart' is clicked on

2019-04-17 11:38:49 - [TEST_STEP][PASSED] - delay: Delayed 1 second(s)

2019-04-17 11:38:50 - [MESSAGE][PASSED] - Delayed 1 second(s)

2019-04-17 11:38:50 - [TEST_STEP][PASSED] - setText: Text '123456004' is set on object 'Object Repository/Syetem_settings/User_Manage/user_info/input_ RealName'

2019-04-17 11:38:51 - [MESSAGE][PASSED] - Text '123456004' is set on object 'Object Repository/Syetem_settings/User_Manage/user_info/input_ RealName'

2019-04-17 11:38:51 - [TEST_STEP][PASSED] - delay: Delayed 1 second(s)

2019-04-17 11:38:52 - [MESSAGE][PASSED] - Delayed 1 second(s)

2019-04-17 11:38:52 - [TEST_STEP][PASSED] - setText: Text '123456789' is set on object 'Object Repository/Syetem_settings/User_Manage/user_info/input_position'

2019-04-17 11:38:52 - [MESSAGE][PASSED] - Text '123456789' is set on object 'Object Repository/Syetem_settings/User_Manage/user_info/input_position'

2019-04-17 11:38:52 - [TEST_STEP][PASSED] - delay: Delayed 1 second(s)

2019-04-17 11:38:53 - [MESSAGE][PASSED] - Delayed 1 second(s)

2019-04-17 11:38:53 - [TEST_STEP][PASSED] - setText: Text '15263625412' is set on object 'Object Repository/Syetem_settings/User_Manage/user_info/input_mobile'

2019-04-17 11:38:53 - [MESSAGE][PASSED] - Text '15263625412' is set on object 'Object Repository/Syetem_settings/User_Manage/user_info/input_mobile'

2019-04-17 11:38:53 - [TEST_STEP][PASSED] - delay: Delayed 1 second(s)

2019-04-17 11:38:54 - [MESSAGE][PASSED] - Delayed 1 second(s)

2019-04-17 11:38:54 - [TEST_STEP][PASSED] - setText: Text '7425364@qq.com' is set on object 'Object Repository/Syetem_settings/User_Manage/user_info/input_email'

2019-04-17 11:38:54 - [MESSAGE][PASSED] - Text '7425364@qq.com' is set on object 'Object Repository/Syetem_settings/User_Manage/user_info/input_email'

2019-04-17 11:38:54 - [TEST_STEP][PASSED] - delay: Delayed 1 second(s)

2019-04-17 11:38:55 - [MESSAGE][PASSED] - Delayed 1 second(s)

2019-04-17 11:38:55 - [TEST_STEP][PASSED] - click: Object: 'Object Repository/Syetem_settings/User_Manage/user_info/button_ Save' is clicked on

2019-04-17 11:38:55 - [MESSAGE][PASSED] - Object: 'Object Repository/Syetem_settings/User_Manage/user_info/button_ Save' is clicked on

2019-04-17 11:38:55 - [TEST_STEP][PASSED] - delay: Delayed 2 second(s)

2019-04-17 11:38:57 - [MESSAGE][PASSED] - Delayed 2 second(s)

2019-04-17 11:38:57 - [TEST_STEP][PASSED] - setText: Text '123456004' is set on object 'Object Repository/test/input__keyword'

2019-04-17 11:38:58 - [MESSAGE][PASSED] - Text '123456004' is set on object 'Object Repository/test/input__keyword'

2019-04-17 11:38:58 - [TEST_STEP][PASSED] - delay: Delayed 1 second(s)

2019-04-17 11:38:59 - [MESSAGE][PASSED] - Delayed 1 second(s)

2019-04-17 11:38:59 - [TEST_STEP][PASSED] - click: Object: 'Object Repository/test/button__layui-btn' is clicked on

2019-04-17 11:38:59 - [MESSAGE][PASSED] - Object: 'Object Repository/test/button__layui-btn' is clicked on

2019-04-17 11:38:59 - [TEST_STEP][PASSED] - delay: Delayed 1 second(s)

2019-04-17 11:39:00 - [MESSAGE][PASSED] - Delayed 1 second(s)

2019-04-17 11:39:00 - [TEST_STEP][PASSED] - Statement - Try: 列表中搜索到该用户，人员添加成功

2019-04-17 11:39:00 - [TEST_STEP][PASSED] - Statement - a = com.kms.katalon.core.testobject.ObjectRepository.findTestObject(Syetem_settings/User_Manage/Search/td_number1): Finding Test Object with id 'Object Repository/Syetem_settings/User_Manage/Search/td_number1'

2019-04-17 11:39:00 - [TEST_STEP][PASSED] - Statement - data_content = com.kms.katalon.core.webui.keyword.WebUiBuiltInKeywords.getAttribute(com.kms.katalon.core.testobject.ObjectRepository.findTestObject(Syetem_settings/User_Manage/Search/td_number1), "data-content"): Attribute 'data-content' of object 'Object Repository/Syetem_settings/User_Manage/Search/td_number1' is: '123456004'

2019-04-17 11:39:00 - [MESSAGE][PASSED] - Attribute 'data-content' of object 'Object Repository/Syetem_settings/User_Manage/Search/td_number1' is: '123456004'

2019-04-17 11:39:00 - [TEST_STEP][PASSED] - comment: 123456004

2019-04-17 11:39:00 - [TEST_STEP][PASSED] - Statement - If (data_content == username): 列表中搜索到该用户，人员添加成功

2019-04-17 11:39:00 - [TEST_STEP][PASSED] - comment: 列表中搜索到该用户，人员添加成功

2019-04-17 11:39:00 - [TEST_STEP][PASSED] - Start listener action : sampleAfterTestCase: Invoke 'com.kms.katalon.core.annotation.AfterTestCase' method: 'NewTestListener.sampleAfterTestCase(...)' completed.

2019-04-17 11:39:00 - [TEST_STEP][PASSED] - Statement - println(testCaseContext.getTestCaseId()): null

2019-04-17 11:39:00 - [TEST_STEP][PASSED] - Statement - println(testCaseContext.getTestCaseStatus()): Invoke 'com.kms.katalon.core.annotation.AfterTestCase' method: 'NewTestListener.sampleAfterTestCase(...)' completed.]]></system-out>
         <system-err><![CDATA[]]></system-err>
      </testcase>
      <testcase name="Test Cases/002_System_,Manage/001_User_Manage/002_Add_user" classname="Test Cases/002_System_,Manage/001_User_Manage/002_Add_user" status="PASSED">
         <system-out><![CDATA[2019-04-17 11:39:02 - [TEST_CASE][PASSED] - Test Cases/002_System_,Manage/001_User_Manage/002_Add_user: Test Cases/002_System_,Manage/001_User_Manage/002_Add_user

2019-04-17 11:39:02 - [TEST_STEP][PASSED] - Start listener action : sampleBeforeTestCase: Invoke 'com.kms.katalon.core.annotation.BeforeTestCase' method: 'NewTestListener.sampleBeforeTestCase(...)' completed.

2019-04-17 11:39:02 - [TEST_STEP][PASSED] - Statement - println(testCaseContext.getTestCaseId()): null

2019-04-17 11:39:02 - [TEST_STEP][PASSED] - Statement - println(testCaseContext.getTestCaseVariables()): Invoke 'com.kms.katalon.core.annotation.BeforeTestCase' method: 'NewTestListener.sampleBeforeTestCase(...)' completed.

2019-04-17 11:39:02 - [TEST_STEP][NOT_RUN] - callTestCase: NOT_RUN: callTestCase

2019-04-17 11:39:02 - [MESSAGE][NOT_RUN] - NOT_RUN: callTestCase

2019-04-17 11:39:02 - [TEST_STEP][PASSED] - comment: begain to add one new user!

2019-04-17 11:39:02 - [TEST_STEP][PASSED] - click: Object: 'Object Repository/Syetem_settings/User_Manage/a_ new_user' is clicked on

2019-04-17 11:39:02 - [MESSAGE][PASSED] - Object: 'Object Repository/Syetem_settings/User_Manage/a_ new_user' is clicked on

2019-04-17 11:39:02 - [TEST_STEP][PASSED] - delay: Delayed 1 second(s)

2019-04-17 11:39:03 - [MESSAGE][PASSED] - Delayed 1 second(s)

2019-04-17 11:39:03 - [TEST_STEP][PASSED] - delay: Delayed 1 second(s)

2019-04-17 11:39:04 - [MESSAGE][PASSED] - Delayed 1 second(s)

2019-04-17 11:39:04 - [TEST_STEP][PASSED] - click: Object: 'Object Repository/Syetem_settings/User_Manage/user_info/choose_dept' is clicked on

2019-04-17 11:39:04 - [MESSAGE][PASSED] - Object: 'Object Repository/Syetem_settings/User_Manage/user_info/choose_dept' is clicked on

2019-04-17 11:39:04 - [TEST_STEP][PASSED] - delay: Delayed 1 second(s)

2019-04-17 11:39:05 - [MESSAGE][PASSED] - Delayed 1 second(s)

2019-04-17 11:39:05 - [TEST_STEP][PASSED] - click: Object: 'Object Repository/Syetem_settings/User_Manage/user_info/i__TreeNB' is clicked on

2019-04-17 11:39:05 - [MESSAGE][PASSED] - Object: 'Object Repository/Syetem_settings/User_Manage/user_info/i__TreeNB' is clicked on

2019-04-17 11:39:05 - [TEST_STEP][PASSED] - delay: Delayed 1 second(s)

2019-04-17 11:39:06 - [MESSAGE][PASSED] - Delayed 1 second(s)

2019-04-17 11:39:06 - [TEST_STEP][PASSED] - click: Object: 'Object Repository/Syetem_settings/User_Manage/user_info/cite_CQDepart' is clicked on

2019-04-17 11:39:06 - [MESSAGE][PASSED] - Object: 'Object Repository/Syetem_settings/User_Manage/user_info/cite_CQDepart' is clicked on

2019-04-17 11:39:06 - [TEST_STEP][PASSED] - delay: Delayed 1 second(s)

2019-04-17 11:39:07 - [MESSAGE][PASSED] - Delayed 1 second(s)

2019-04-17 11:39:07 - [TEST_STEP][PASSED] - setText: Text '长字符验证长字符验证005' is set on object 'Object Repository/Syetem_settings/User_Manage/user_info/input_ RealName'

2019-04-17 11:39:07 - [MESSAGE][PASSED] - Text '长字符验证长字符验证005' is set on object 'Object Repository/Syetem_settings/User_Manage/user_info/input_ RealName'

2019-04-17 11:39:07 - [TEST_STEP][PASSED] - delay: Delayed 1 second(s)

2019-04-17 11:39:08 - [MESSAGE][PASSED] - Delayed 1 second(s)

2019-04-17 11:39:08 - [TEST_STEP][PASSED] - setText: Text '长字符验证长字符验证长字符验证长字符验证' is set on object 'Object Repository/Syetem_settings/User_Manage/user_info/input_position'

2019-04-17 11:39:09 - [MESSAGE][PASSED] - Text '长字符验证长字符验证长字符验证长字符验证' is set on object 'Object Repository/Syetem_settings/User_Manage/user_info/input_position'

2019-04-17 11:39:09 - [TEST_STEP][PASSED] - delay: Delayed 1 second(s)

2019-04-17 11:39:10 - [MESSAGE][PASSED] - Delayed 1 second(s)

2019-04-17 11:39:10 - [TEST_STEP][PASSED] - setText: Text '15263625413' is set on object 'Object Repository/Syetem_settings/User_Manage/user_info/input_mobile'

2019-04-17 11:39:10 - [MESSAGE][PASSED] - Text '15263625413' is set on object 'Object Repository/Syetem_settings/User_Manage/user_info/input_mobile'

2019-04-17 11:39:10 - [TEST_STEP][PASSED] - delay: Delayed 1 second(s)

2019-04-17 11:39:11 - [MESSAGE][PASSED] - Delayed 1 second(s)

2019-04-17 11:39:11 - [TEST_STEP][PASSED] - setText: Text '7425365@qq.com' is set on object 'Object Repository/Syetem_settings/User_Manage/user_info/input_email'

2019-04-17 11:39:11 - [MESSAGE][PASSED] - Text '7425365@qq.com' is set on object 'Object Repository/Syetem_settings/User_Manage/user_info/input_email'

2019-04-17 11:39:11 - [TEST_STEP][PASSED] - delay: Delayed 1 second(s)

2019-04-17 11:39:12 - [MESSAGE][PASSED] - Delayed 1 second(s)

2019-04-17 11:39:12 - [TEST_STEP][PASSED] - click: Object: 'Object Repository/Syetem_settings/User_Manage/user_info/button_ Save' is clicked on

2019-04-17 11:39:12 - [MESSAGE][PASSED] - Object: 'Object Repository/Syetem_settings/User_Manage/user_info/button_ Save' is clicked on

2019-04-17 11:39:12 - [TEST_STEP][PASSED] - delay: Delayed 2 second(s)

2019-04-17 11:39:14 - [MESSAGE][PASSED] - Delayed 2 second(s)

2019-04-17 11:39:14 - [TEST_STEP][PASSED] - setText: Text '长字符验证长字符验证005' is set on object 'Object Repository/test/input__keyword'

2019-04-17 11:39:14 - [MESSAGE][PASSED] - Text '长字符验证长字符验证005' is set on object 'Object Repository/test/input__keyword'

2019-04-17 11:39:14 - [TEST_STEP][PASSED] - delay: Delayed 1 second(s)

2019-04-17 11:39:15 - [MESSAGE][PASSED] - Delayed 1 second(s)

2019-04-17 11:39:15 - [TEST_STEP][PASSED] - click: Object: 'Object Repository/test/button__layui-btn' is clicked on

2019-04-17 11:39:15 - [MESSAGE][PASSED] - Object: 'Object Repository/test/button__layui-btn' is clicked on

2019-04-17 11:39:15 - [TEST_STEP][PASSED] - delay: Delayed 1 second(s)

2019-04-17 11:39:16 - [MESSAGE][PASSED] - Delayed 1 second(s)

2019-04-17 11:39:16 - [TEST_STEP][PASSED] - Statement - Try: 列表中搜索到该用户，人员添加成功

2019-04-17 11:39:16 - [TEST_STEP][PASSED] - Statement - a = com.kms.katalon.core.testobject.ObjectRepository.findTestObject(Syetem_settings/User_Manage/Search/td_number1): Finding Test Object with id 'Object Repository/Syetem_settings/User_Manage/Search/td_number1'

2019-04-17 11:39:16 - [TEST_STEP][PASSED] - Statement - data_content = com.kms.katalon.core.webui.keyword.WebUiBuiltInKeywords.getAttribute(com.kms.katalon.core.testobject.ObjectRepository.findTestObject(Syetem_settings/User_Manage/Search/td_number1), "data-content"): Attribute 'data-content' of object 'Object Repository/Syetem_settings/User_Manage/Search/td_number1' is: '长字符验证长字符验证005'

2019-04-17 11:39:16 - [MESSAGE][PASSED] - Attribute 'data-content' of object 'Object Repository/Syetem_settings/User_Manage/Search/td_number1' is: '长字符验证长字符验证005'

2019-04-17 11:39:16 - [TEST_STEP][PASSED] - comment: 长字符验证长字符验证005

2019-04-17 11:39:16 - [TEST_STEP][PASSED] - Statement - If (data_content == username): 列表中搜索到该用户，人员添加成功

2019-04-17 11:39:16 - [TEST_STEP][PASSED] - comment: 列表中搜索到该用户，人员添加成功

2019-04-17 11:39:16 - [TEST_STEP][PASSED] - Start listener action : sampleAfterTestCase: Invoke 'com.kms.katalon.core.annotation.AfterTestCase' method: 'NewTestListener.sampleAfterTestCase(...)' completed.

2019-04-17 11:39:16 - [TEST_STEP][PASSED] - Statement - println(testCaseContext.getTestCaseId()): null

2019-04-17 11:39:17 - [TEST_STEP][PASSED] - Statement - println(testCaseContext.getTestCaseStatus()): Invoke 'com.kms.katalon.core.annotation.AfterTestCase' method: 'NewTestListener.sampleAfterTestCase(...)' completed.]]></system-out>
         <system-err><![CDATA[]]></system-err>
      </testcase>
      <testcase name="Test Cases/002_System_,Manage/001_User_Manage/002_Add_user" classname="Test Cases/002_System_,Manage/001_User_Manage/002_Add_user" status="PASSED">
         <system-out><![CDATA[2019-04-17 11:39:19 - [TEST_CASE][PASSED] - Test Cases/002_System_,Manage/001_User_Manage/002_Add_user: Test Cases/002_System_,Manage/001_User_Manage/002_Add_user

2019-04-17 11:39:19 - [TEST_STEP][PASSED] - Start listener action : sampleBeforeTestCase: Invoke 'com.kms.katalon.core.annotation.BeforeTestCase' method: 'NewTestListener.sampleBeforeTestCase(...)' completed.

2019-04-17 11:39:19 - [TEST_STEP][PASSED] - Statement - println(testCaseContext.getTestCaseId()): null

2019-04-17 11:39:19 - [TEST_STEP][PASSED] - Statement - println(testCaseContext.getTestCaseVariables()): Invoke 'com.kms.katalon.core.annotation.BeforeTestCase' method: 'NewTestListener.sampleBeforeTestCase(...)' completed.

2019-04-17 11:39:19 - [TEST_STEP][NOT_RUN] - callTestCase: NOT_RUN: callTestCase

2019-04-17 11:39:19 - [MESSAGE][NOT_RUN] - NOT_RUN: callTestCase

2019-04-17 11:39:19 - [TEST_STEP][PASSED] - comment: begain to add one new user!

2019-04-17 11:39:19 - [TEST_STEP][PASSED] - click: Object: 'Object Repository/Syetem_settings/User_Manage/a_ new_user' is clicked on

2019-04-17 11:39:19 - [MESSAGE][PASSED] - Object: 'Object Repository/Syetem_settings/User_Manage/a_ new_user' is clicked on

2019-04-17 11:39:19 - [TEST_STEP][PASSED] - delay: Delayed 1 second(s)

2019-04-17 11:39:20 - [MESSAGE][PASSED] - Delayed 1 second(s)

2019-04-17 11:39:20 - [TEST_STEP][PASSED] - delay: Delayed 1 second(s)

2019-04-17 11:39:21 - [MESSAGE][PASSED] - Delayed 1 second(s)

2019-04-17 11:39:21 - [TEST_STEP][PASSED] - click: Object: 'Object Repository/Syetem_settings/User_Manage/user_info/choose_dept' is clicked on

2019-04-17 11:39:21 - [MESSAGE][PASSED] - Object: 'Object Repository/Syetem_settings/User_Manage/user_info/choose_dept' is clicked on

2019-04-17 11:39:21 - [TEST_STEP][PASSED] - delay: Delayed 1 second(s)

2019-04-17 11:39:22 - [MESSAGE][PASSED] - Delayed 1 second(s)

2019-04-17 11:39:22 - [TEST_STEP][PASSED] - click: Object: 'Object Repository/Syetem_settings/User_Manage/user_info/i__TreeNB' is clicked on

2019-04-17 11:39:22 - [MESSAGE][PASSED] - Object: 'Object Repository/Syetem_settings/User_Manage/user_info/i__TreeNB' is clicked on

2019-04-17 11:39:22 - [TEST_STEP][PASSED] - delay: Delayed 1 second(s)

2019-04-17 11:39:23 - [MESSAGE][PASSED] - Delayed 1 second(s)

2019-04-17 11:39:23 - [TEST_STEP][PASSED] - click: Object: 'Object Repository/Syetem_settings/User_Manage/user_info/cite_CQDepart' is clicked on

2019-04-17 11:39:23 - [MESSAGE][PASSED] - Object: 'Object Repository/Syetem_settings/User_Manage/user_info/cite_CQDepart' is clicked on

2019-04-17 11:39:23 - [TEST_STEP][PASSED] - delay: Delayed 1 second(s)

2019-04-17 11:39:24 - [MESSAGE][PASSED] - Delayed 1 second(s)

2019-04-17 11:39:24 - [TEST_STEP][PASSED] - setText: Text '测试人员006' is set on object 'Object Repository/Syetem_settings/User_Manage/user_info/input_ RealName'

2019-04-17 11:39:24 - [MESSAGE][PASSED] - Text '测试人员006' is set on object 'Object Repository/Syetem_settings/User_Manage/user_info/input_ RealName'

2019-04-17 11:39:24 - [TEST_STEP][PASSED] - delay: Delayed 1 second(s)

2019-04-17 11:39:25 - [MESSAGE][PASSED] - Delayed 1 second(s)

2019-04-17 11:39:25 - [TEST_STEP][PASSED] - setText: Text '测试岗位1' is set on object 'Object Repository/Syetem_settings/User_Manage/user_info/input_position'

2019-04-17 11:39:25 - [MESSAGE][PASSED] - Text '测试岗位1' is set on object 'Object Repository/Syetem_settings/User_Manage/user_info/input_position'

2019-04-17 11:39:25 - [TEST_STEP][PASSED] - delay: Delayed 1 second(s)

2019-04-17 11:39:26 - [MESSAGE][PASSED] - Delayed 1 second(s)

2019-04-17 11:39:26 - [TEST_STEP][PASSED] - setText: Text '15263625410' is set on object 'Object Repository/Syetem_settings/User_Manage/user_info/input_mobile'

2019-04-17 11:39:26 - [MESSAGE][PASSED] - Text '15263625410' is set on object 'Object Repository/Syetem_settings/User_Manage/user_info/input_mobile'

2019-04-17 11:39:26 - [TEST_STEP][PASSED] - delay: Delayed 1 second(s)

2019-04-17 11:39:27 - [MESSAGE][PASSED] - Delayed 1 second(s)

2019-04-17 11:39:27 - [TEST_STEP][PASSED] - setText: Text '313546465@163.com' is set on object 'Object Repository/Syetem_settings/User_Manage/user_info/input_email'

2019-04-17 11:39:28 - [MESSAGE][PASSED] - Text '313546465@163.com' is set on object 'Object Repository/Syetem_settings/User_Manage/user_info/input_email'

2019-04-17 11:39:28 - [TEST_STEP][PASSED] - delay: Delayed 1 second(s)

2019-04-17 11:39:29 - [MESSAGE][PASSED] - Delayed 1 second(s)

2019-04-17 11:39:29 - [TEST_STEP][PASSED] - click: Object: 'Object Repository/Syetem_settings/User_Manage/user_info/button_ Save' is clicked on

2019-04-17 11:39:29 - [MESSAGE][PASSED] - Object: 'Object Repository/Syetem_settings/User_Manage/user_info/button_ Save' is clicked on

2019-04-17 11:39:29 - [TEST_STEP][PASSED] - delay: Delayed 2 second(s)

2019-04-17 11:39:31 - [MESSAGE][PASSED] - Delayed 2 second(s)

2019-04-17 11:39:31 - [TEST_STEP][PASSED] - setText: Text '测试人员006' is set on object 'Object Repository/test/input__keyword'

2019-04-17 11:39:31 - [MESSAGE][PASSED] - Text '测试人员006' is set on object 'Object Repository/test/input__keyword'

2019-04-17 11:39:31 - [TEST_STEP][PASSED] - delay: Delayed 1 second(s)

2019-04-17 11:39:32 - [MESSAGE][PASSED] - Delayed 1 second(s)

2019-04-17 11:39:32 - [TEST_STEP][PASSED] - click: Object: 'Object Repository/test/button__layui-btn' is clicked on

2019-04-17 11:39:32 - [MESSAGE][PASSED] - Object: 'Object Repository/test/button__layui-btn' is clicked on

2019-04-17 11:39:32 - [TEST_STEP][PASSED] - delay: Delayed 1 second(s)

2019-04-17 11:39:33 - [MESSAGE][PASSED] - Delayed 1 second(s)

2019-04-17 11:39:33 - [TEST_STEP][PASSED] - Statement - Try: 列表中搜索到该用户，人员添加成功

2019-04-17 11:39:33 - [TEST_STEP][PASSED] - Statement - a = com.kms.katalon.core.testobject.ObjectRepository.findTestObject(Syetem_settings/User_Manage/Search/td_number1): Finding Test Object with id 'Object Repository/Syetem_settings/User_Manage/Search/td_number1'

2019-04-17 11:39:33 - [TEST_STEP][PASSED] - Statement - data_content = com.kms.katalon.core.webui.keyword.WebUiBuiltInKeywords.getAttribute(com.kms.katalon.core.testobject.ObjectRepository.findTestObject(Syetem_settings/User_Manage/Search/td_number1), "data-content"): Attribute 'data-content' of object 'Object Repository/Syetem_settings/User_Manage/Search/td_number1' is: '测试人员006'

2019-04-17 11:39:33 - [MESSAGE][PASSED] - Attribute 'data-content' of object 'Object Repository/Syetem_settings/User_Manage/Search/td_number1' is: '测试人员006'

2019-04-17 11:39:33 - [TEST_STEP][PASSED] - comment: 测试人员006

2019-04-17 11:39:33 - [TEST_STEP][PASSED] - Statement - If (data_content == username): 列表中搜索到该用户，人员添加成功

2019-04-17 11:39:33 - [TEST_STEP][PASSED] - comment: 列表中搜索到该用户，人员添加成功

2019-04-17 11:39:33 - [TEST_STEP][PASSED] - Start listener action : sampleAfterTestCase: Invoke 'com.kms.katalon.core.annotation.AfterTestCase' method: 'NewTestListener.sampleAfterTestCase(...)' completed.

2019-04-17 11:39:33 - [TEST_STEP][PASSED] - Statement - println(testCaseContext.getTestCaseId()): null

2019-04-17 11:39:33 - [TEST_STEP][PASSED] - Statement - println(testCaseContext.getTestCaseStatus()): Invoke 'com.kms.katalon.core.annotation.AfterTestCase' method: 'NewTestListener.sampleAfterTestCase(...)' completed.]]></system-out>
         <system-err><![CDATA[]]></system-err>
      </testcase>
      <testcase name="Test Cases/002_System_,Manage/001_User_Manage/002_Add_user" classname="Test Cases/002_System_,Manage/001_User_Manage/002_Add_user" status="PASSED">
         <system-out><![CDATA[2019-04-17 11:39:35 - [TEST_CASE][PASSED] - Test Cases/002_System_,Manage/001_User_Manage/002_Add_user: Test Cases/002_System_,Manage/001_User_Manage/002_Add_user

2019-04-17 11:39:35 - [TEST_STEP][PASSED] - Start listener action : sampleBeforeTestCase: Invoke 'com.kms.katalon.core.annotation.BeforeTestCase' method: 'NewTestListener.sampleBeforeTestCase(...)' completed.

2019-04-17 11:39:35 - [TEST_STEP][PASSED] - Statement - println(testCaseContext.getTestCaseId()): null

2019-04-17 11:39:35 - [TEST_STEP][PASSED] - Statement - println(testCaseContext.getTestCaseVariables()): Invoke 'com.kms.katalon.core.annotation.BeforeTestCase' method: 'NewTestListener.sampleBeforeTestCase(...)' completed.

2019-04-17 11:39:35 - [TEST_STEP][NOT_RUN] - callTestCase: NOT_RUN: callTestCase

2019-04-17 11:39:35 - [MESSAGE][NOT_RUN] - NOT_RUN: callTestCase

2019-04-17 11:39:35 - [TEST_STEP][PASSED] - comment: begain to add one new user!

2019-04-17 11:39:35 - [TEST_STEP][PASSED] - click: Object: 'Object Repository/Syetem_settings/User_Manage/a_ new_user' is clicked on

2019-04-17 11:39:35 - [MESSAGE][PASSED] - Object: 'Object Repository/Syetem_settings/User_Manage/a_ new_user' is clicked on

2019-04-17 11:39:35 - [TEST_STEP][PASSED] - delay: Delayed 1 second(s)

2019-04-17 11:39:36 - [MESSAGE][PASSED] - Delayed 1 second(s)

2019-04-17 11:39:36 - [TEST_STEP][PASSED] - delay: Delayed 1 second(s)

2019-04-17 11:39:37 - [MESSAGE][PASSED] - Delayed 1 second(s)

2019-04-17 11:39:37 - [TEST_STEP][PASSED] - click: Object: 'Object Repository/Syetem_settings/User_Manage/user_info/choose_dept' is clicked on

2019-04-17 11:39:37 - [MESSAGE][PASSED] - Object: 'Object Repository/Syetem_settings/User_Manage/user_info/choose_dept' is clicked on

2019-04-17 11:39:37 - [TEST_STEP][PASSED] - delay: Delayed 1 second(s)

2019-04-17 11:39:38 - [MESSAGE][PASSED] - Delayed 1 second(s)

2019-04-17 11:39:38 - [TEST_STEP][PASSED] - click: Object: 'Object Repository/Syetem_settings/User_Manage/user_info/i__TreeNB' is clicked on

2019-04-17 11:39:38 - [MESSAGE][PASSED] - Object: 'Object Repository/Syetem_settings/User_Manage/user_info/i__TreeNB' is clicked on

2019-04-17 11:39:38 - [TEST_STEP][PASSED] - delay: Delayed 1 second(s)

2019-04-17 11:39:39 - [MESSAGE][PASSED] - Delayed 1 second(s)

2019-04-17 11:39:39 - [TEST_STEP][PASSED] - click: Object: 'Object Repository/Syetem_settings/User_Manage/user_info/cite_CQDepart' is clicked on

2019-04-17 11:39:39 - [MESSAGE][PASSED] - Object: 'Object Repository/Syetem_settings/User_Manage/user_info/cite_CQDepart' is clicked on

2019-04-17 11:39:39 - [TEST_STEP][PASSED] - delay: Delayed 1 second(s)

2019-04-17 11:39:40 - [MESSAGE][PASSED] - Delayed 1 second(s)

2019-04-17 11:39:40 - [TEST_STEP][PASSED] - setText: Text '测试人员007' is set on object 'Object Repository/Syetem_settings/User_Manage/user_info/input_ RealName'

2019-04-17 11:39:41 - [MESSAGE][PASSED] - Text '测试人员007' is set on object 'Object Repository/Syetem_settings/User_Manage/user_info/input_ RealName'

2019-04-17 11:39:41 - [TEST_STEP][PASSED] - delay: Delayed 1 second(s)

2019-04-17 11:39:42 - [MESSAGE][PASSED] - Delayed 1 second(s)

2019-04-17 11:39:42 - [TEST_STEP][PASSED] - setText: Text '测试岗位1' is set on object 'Object Repository/Syetem_settings/User_Manage/user_info/input_position'

2019-04-17 11:39:42 - [MESSAGE][PASSED] - Text '测试岗位1' is set on object 'Object Repository/Syetem_settings/User_Manage/user_info/input_position'

2019-04-17 11:39:42 - [TEST_STEP][PASSED] - delay: Delayed 1 second(s)

2019-04-17 11:39:43 - [MESSAGE][PASSED] - Delayed 1 second(s)

2019-04-17 11:39:43 - [TEST_STEP][PASSED] - setText: Text '15263625410' is set on object 'Object Repository/Syetem_settings/User_Manage/user_info/input_mobile'

2019-04-17 11:39:43 - [MESSAGE][PASSED] - Text '15263625410' is set on object 'Object Repository/Syetem_settings/User_Manage/user_info/input_mobile'

2019-04-17 11:39:43 - [TEST_STEP][PASSED] - delay: Delayed 1 second(s)

2019-04-17 11:39:44 - [MESSAGE][PASSED] - Delayed 1 second(s)

2019-04-17 11:39:44 - [TEST_STEP][PASSED] - setText: Text '45456465@qq.com' is set on object 'Object Repository/Syetem_settings/User_Manage/user_info/input_email'

2019-04-17 11:39:44 - [MESSAGE][PASSED] - Text '45456465@qq.com' is set on object 'Object Repository/Syetem_settings/User_Manage/user_info/input_email'

2019-04-17 11:39:44 - [TEST_STEP][PASSED] - delay: Delayed 1 second(s)

2019-04-17 11:39:45 - [MESSAGE][PASSED] - Delayed 1 second(s)

2019-04-17 11:39:45 - [TEST_STEP][PASSED] - click: Object: 'Object Repository/Syetem_settings/User_Manage/user_info/button_ Save' is clicked on

2019-04-17 11:39:45 - [MESSAGE][PASSED] - Object: 'Object Repository/Syetem_settings/User_Manage/user_info/button_ Save' is clicked on

2019-04-17 11:39:45 - [TEST_STEP][PASSED] - delay: Delayed 2 second(s)

2019-04-17 11:39:47 - [MESSAGE][PASSED] - Delayed 2 second(s)

2019-04-17 11:39:47 - [TEST_STEP][PASSED] - setText: Text '测试人员007' is set on object 'Object Repository/test/input__keyword'

2019-04-17 11:39:47 - [MESSAGE][PASSED] - Text '测试人员007' is set on object 'Object Repository/test/input__keyword'

2019-04-17 11:39:47 - [TEST_STEP][PASSED] - delay: Delayed 1 second(s)

2019-04-17 11:39:48 - [MESSAGE][PASSED] - Delayed 1 second(s)

2019-04-17 11:39:48 - [TEST_STEP][PASSED] - click: Object: 'Object Repository/test/button__layui-btn' is clicked on

2019-04-17 11:39:48 - [MESSAGE][PASSED] - Object: 'Object Repository/test/button__layui-btn' is clicked on

2019-04-17 11:39:48 - [TEST_STEP][PASSED] - delay: Delayed 1 second(s)

2019-04-17 11:39:49 - [MESSAGE][PASSED] - Delayed 1 second(s)

2019-04-17 11:39:49 - [TEST_STEP][PASSED] - Statement - Try: 列表中搜索到该用户，人员添加成功

2019-04-17 11:39:49 - [TEST_STEP][PASSED] - Statement - a = com.kms.katalon.core.testobject.ObjectRepository.findTestObject(Syetem_settings/User_Manage/Search/td_number1): Finding Test Object with id 'Object Repository/Syetem_settings/User_Manage/Search/td_number1'

2019-04-17 11:39:49 - [TEST_STEP][PASSED] - Statement - data_content = com.kms.katalon.core.webui.keyword.WebUiBuiltInKeywords.getAttribute(com.kms.katalon.core.testobject.ObjectRepository.findTestObject(Syetem_settings/User_Manage/Search/td_number1), "data-content"): Attribute 'data-content' of object 'Object Repository/Syetem_settings/User_Manage/Search/td_number1' is: '测试人员007'

2019-04-17 11:39:49 - [MESSAGE][PASSED] - Attribute 'data-content' of object 'Object Repository/Syetem_settings/User_Manage/Search/td_number1' is: '测试人员007'

2019-04-17 11:39:49 - [TEST_STEP][PASSED] - comment: 测试人员007

2019-04-17 11:39:49 - [TEST_STEP][PASSED] - Statement - If (data_content == username): 列表中搜索到该用户，人员添加成功

2019-04-17 11:39:49 - [TEST_STEP][PASSED] - comment: 列表中搜索到该用户，人员添加成功

2019-04-17 11:39:49 - [TEST_STEP][PASSED] - Start listener action : sampleAfterTestCase: Invoke 'com.kms.katalon.core.annotation.AfterTestCase' method: 'NewTestListener.sampleAfterTestCase(...)' completed.

2019-04-17 11:39:49 - [TEST_STEP][PASSED] - Statement - println(testCaseContext.getTestCaseId()): null

2019-04-17 11:39:49 - [TEST_STEP][PASSED] - Statement - println(testCaseContext.getTestCaseStatus()): Invoke 'com.kms.katalon.core.annotation.AfterTestCase' method: 'NewTestListener.sampleAfterTestCase(...)' completed.]]></system-out>
         <system-err><![CDATA[]]></system-err>
      </testcase>
      <testcase name="Test Cases/002_System_,Manage/001_User_Manage/002_Add_user" classname="Test Cases/002_System_,Manage/001_User_Manage/002_Add_user" status="PASSED">
         <system-out><![CDATA[2019-04-17 11:39:52 - [TEST_CASE][PASSED] - Test Cases/002_System_,Manage/001_User_Manage/002_Add_user: Test Cases/002_System_,Manage/001_User_Manage/002_Add_user

2019-04-17 11:39:52 - [TEST_STEP][PASSED] - Start listener action : sampleBeforeTestCase: Invoke 'com.kms.katalon.core.annotation.BeforeTestCase' method: 'NewTestListener.sampleBeforeTestCase(...)' completed.

2019-04-17 11:39:52 - [TEST_STEP][PASSED] - Statement - println(testCaseContext.getTestCaseId()): null

2019-04-17 11:39:52 - [TEST_STEP][PASSED] - Statement - println(testCaseContext.getTestCaseVariables()): Invoke 'com.kms.katalon.core.annotation.BeforeTestCase' method: 'NewTestListener.sampleBeforeTestCase(...)' completed.

2019-04-17 11:39:52 - [TEST_STEP][NOT_RUN] - callTestCase: NOT_RUN: callTestCase

2019-04-17 11:39:52 - [MESSAGE][NOT_RUN] - NOT_RUN: callTestCase

2019-04-17 11:39:52 - [TEST_STEP][PASSED] - comment: begain to add one new user!

2019-04-17 11:39:52 - [TEST_STEP][PASSED] - click: Object: 'Object Repository/Syetem_settings/User_Manage/a_ new_user' is clicked on

2019-04-17 11:39:52 - [MESSAGE][PASSED] - Object: 'Object Repository/Syetem_settings/User_Manage/a_ new_user' is clicked on

2019-04-17 11:39:52 - [TEST_STEP][PASSED] - delay: Delayed 1 second(s)

2019-04-17 11:39:53 - [MESSAGE][PASSED] - Delayed 1 second(s)

2019-04-17 11:39:53 - [TEST_STEP][PASSED] - delay: Delayed 1 second(s)

2019-04-17 11:39:54 - [MESSAGE][PASSED] - Delayed 1 second(s)

2019-04-17 11:39:54 - [TEST_STEP][PASSED] - click: Object: 'Object Repository/Syetem_settings/User_Manage/user_info/choose_dept' is clicked on

2019-04-17 11:39:54 - [MESSAGE][PASSED] - Object: 'Object Repository/Syetem_settings/User_Manage/user_info/choose_dept' is clicked on

2019-04-17 11:39:54 - [TEST_STEP][PASSED] - delay: Delayed 1 second(s)

2019-04-17 11:39:55 - [MESSAGE][PASSED] - Delayed 1 second(s)

2019-04-17 11:39:55 - [TEST_STEP][PASSED] - click: Object: 'Object Repository/Syetem_settings/User_Manage/user_info/i__TreeNB' is clicked on

2019-04-17 11:39:55 - [MESSAGE][PASSED] - Object: 'Object Repository/Syetem_settings/User_Manage/user_info/i__TreeNB' is clicked on

2019-04-17 11:39:55 - [TEST_STEP][PASSED] - delay: Delayed 1 second(s)

2019-04-17 11:39:56 - [MESSAGE][PASSED] - Delayed 1 second(s)

2019-04-17 11:39:56 - [TEST_STEP][PASSED] - click: Object: 'Object Repository/Syetem_settings/User_Manage/user_info/cite_CQDepart' is clicked on

2019-04-17 11:39:56 - [MESSAGE][PASSED] - Object: 'Object Repository/Syetem_settings/User_Manage/user_info/cite_CQDepart' is clicked on

2019-04-17 11:39:56 - [TEST_STEP][PASSED] - delay: Delayed 1 second(s)

2019-04-17 11:39:57 - [MESSAGE][PASSED] - Delayed 1 second(s)

2019-04-17 11:39:57 - [TEST_STEP][PASSED] - setText: Text '测试人员008' is set on object 'Object Repository/Syetem_settings/User_Manage/user_info/input_ RealName'

2019-04-17 11:39:57 - [MESSAGE][PASSED] - Text '测试人员008' is set on object 'Object Repository/Syetem_settings/User_Manage/user_info/input_ RealName'

2019-04-17 11:39:57 - [TEST_STEP][PASSED] - delay: Delayed 1 second(s)

2019-04-17 11:39:58 - [MESSAGE][PASSED] - Delayed 1 second(s)

2019-04-17 11:39:58 - [TEST_STEP][PASSED] - setText: Text '测试岗位1' is set on object 'Object Repository/Syetem_settings/User_Manage/user_info/input_position'

2019-04-17 11:39:58 - [MESSAGE][PASSED] - Text '测试岗位1' is set on object 'Object Repository/Syetem_settings/User_Manage/user_info/input_position'

2019-04-17 11:39:58 - [TEST_STEP][PASSED] - delay: Delayed 1 second(s)

2019-04-17 11:39:59 - [MESSAGE][PASSED] - Delayed 1 second(s)

2019-04-17 11:39:59 - [TEST_STEP][PASSED] - setText: Text '15263625410' is set on object 'Object Repository/Syetem_settings/User_Manage/user_info/input_mobile'

2019-04-17 11:39:59 - [MESSAGE][PASSED] - Text '15263625410' is set on object 'Object Repository/Syetem_settings/User_Manage/user_info/input_mobile'

2019-04-17 11:39:59 - [TEST_STEP][PASSED] - delay: Delayed 1 second(s)

2019-04-17 11:40:00 - [MESSAGE][PASSED] - Delayed 1 second(s)

2019-04-17 11:40:00 - [TEST_STEP][PASSED] - setText: Text '24s54255@outlook.com' is set on object 'Object Repository/Syetem_settings/User_Manage/user_info/input_email'

2019-04-17 11:40:01 - [MESSAGE][PASSED] - Text '24s54255@outlook.com' is set on object 'Object Repository/Syetem_settings/User_Manage/user_info/input_email'

2019-04-17 11:40:01 - [TEST_STEP][PASSED] - delay: Delayed 1 second(s)

2019-04-17 11:40:02 - [MESSAGE][PASSED] - Delayed 1 second(s)

2019-04-17 11:40:02 - [TEST_STEP][PASSED] - click: Object: 'Object Repository/Syetem_settings/User_Manage/user_info/button_ Save' is clicked on

2019-04-17 11:40:02 - [MESSAGE][PASSED] - Object: 'Object Repository/Syetem_settings/User_Manage/user_info/button_ Save' is clicked on

2019-04-17 11:40:02 - [TEST_STEP][PASSED] - delay: Delayed 2 second(s)

2019-04-17 11:40:04 - [MESSAGE][PASSED] - Delayed 2 second(s)

2019-04-17 11:40:04 - [TEST_STEP][PASSED] - setText: Text '测试人员008' is set on object 'Object Repository/test/input__keyword'

2019-04-17 11:40:04 - [MESSAGE][PASSED] - Text '测试人员008' is set on object 'Object Repository/test/input__keyword'

2019-04-17 11:40:04 - [TEST_STEP][PASSED] - delay: Delayed 1 second(s)

2019-04-17 11:40:05 - [MESSAGE][PASSED] - Delayed 1 second(s)

2019-04-17 11:40:05 - [TEST_STEP][PASSED] - click: Object: 'Object Repository/test/button__layui-btn' is clicked on

2019-04-17 11:40:05 - [MESSAGE][PASSED] - Object: 'Object Repository/test/button__layui-btn' is clicked on

2019-04-17 11:40:05 - [TEST_STEP][PASSED] - delay: Delayed 1 second(s)

2019-04-17 11:40:06 - [MESSAGE][PASSED] - Delayed 1 second(s)

2019-04-17 11:40:06 - [TEST_STEP][PASSED] - Statement - Try: 列表中搜索到该用户，人员添加成功

2019-04-17 11:40:06 - [TEST_STEP][PASSED] - Statement - a = com.kms.katalon.core.testobject.ObjectRepository.findTestObject(Syetem_settings/User_Manage/Search/td_number1): Finding Test Object with id 'Object Repository/Syetem_settings/User_Manage/Search/td_number1'

2019-04-17 11:40:06 - [TEST_STEP][PASSED] - Statement - data_content = com.kms.katalon.core.webui.keyword.WebUiBuiltInKeywords.getAttribute(com.kms.katalon.core.testobject.ObjectRepository.findTestObject(Syetem_settings/User_Manage/Search/td_number1), "data-content"): Attribute 'data-content' of object 'Object Repository/Syetem_settings/User_Manage/Search/td_number1' is: '测试人员008'

2019-04-17 11:40:06 - [MESSAGE][PASSED] - Attribute 'data-content' of object 'Object Repository/Syetem_settings/User_Manage/Search/td_number1' is: '测试人员008'

2019-04-17 11:40:06 - [TEST_STEP][PASSED] - comment: 测试人员008

2019-04-17 11:40:06 - [TEST_STEP][PASSED] - Statement - If (data_content == username): 列表中搜索到该用户，人员添加成功

2019-04-17 11:40:06 - [TEST_STEP][PASSED] - comment: 列表中搜索到该用户，人员添加成功

2019-04-17 11:40:06 - [TEST_STEP][PASSED] - Start listener action : sampleAfterTestCase: Invoke 'com.kms.katalon.core.annotation.AfterTestCase' method: 'NewTestListener.sampleAfterTestCase(...)' completed.

2019-04-17 11:40:06 - [TEST_STEP][PASSED] - Statement - println(testCaseContext.getTestCaseId()): null

2019-04-17 11:40:06 - [TEST_STEP][PASSED] - Statement - println(testCaseContext.getTestCaseStatus()): Invoke 'com.kms.katalon.core.annotation.AfterTestCase' method: 'NewTestListener.sampleAfterTestCase(...)' completed.]]></system-out>
         <system-err><![CDATA[]]></system-err>
      </testcase>
      <testcase name="Test Cases/002_System_,Manage/001_User_Manage/002_Add_user" classname="Test Cases/002_System_,Manage/001_User_Manage/002_Add_user" status="PASSED">
         <system-out><![CDATA[2019-04-17 11:40:08 - [TEST_CASE][PASSED] - Test Cases/002_System_,Manage/001_User_Manage/002_Add_user: Test Cases/002_System_,Manage/001_User_Manage/002_Add_user

2019-04-17 11:40:08 - [TEST_STEP][PASSED] - Start listener action : sampleBeforeTestCase: Invoke 'com.kms.katalon.core.annotation.BeforeTestCase' method: 'NewTestListener.sampleBeforeTestCase(...)' completed.

2019-04-17 11:40:08 - [TEST_STEP][PASSED] - Statement - println(testCaseContext.getTestCaseId()): null

2019-04-17 11:40:08 - [TEST_STEP][PASSED] - Statement - println(testCaseContext.getTestCaseVariables()): Invoke 'com.kms.katalon.core.annotation.BeforeTestCase' method: 'NewTestListener.sampleBeforeTestCase(...)' completed.

2019-04-17 11:40:08 - [TEST_STEP][NOT_RUN] - callTestCase: NOT_RUN: callTestCase

2019-04-17 11:40:08 - [MESSAGE][NOT_RUN] - NOT_RUN: callTestCase

2019-04-17 11:40:08 - [TEST_STEP][PASSED] - comment: begain to add one new user!

2019-04-17 11:40:08 - [TEST_STEP][PASSED] - click: Object: 'Object Repository/Syetem_settings/User_Manage/a_ new_user' is clicked on

2019-04-17 11:40:08 - [MESSAGE][PASSED] - Object: 'Object Repository/Syetem_settings/User_Manage/a_ new_user' is clicked on

2019-04-17 11:40:08 - [TEST_STEP][PASSED] - delay: Delayed 1 second(s)

2019-04-17 11:40:09 - [MESSAGE][PASSED] - Delayed 1 second(s)

2019-04-17 11:40:09 - [TEST_STEP][PASSED] - delay: Delayed 1 second(s)

2019-04-17 11:40:10 - [MESSAGE][PASSED] - Delayed 1 second(s)

2019-04-17 11:40:10 - [TEST_STEP][PASSED] - click: Object: 'Object Repository/Syetem_settings/User_Manage/user_info/choose_dept' is clicked on

2019-04-17 11:40:10 - [MESSAGE][PASSED] - Object: 'Object Repository/Syetem_settings/User_Manage/user_info/choose_dept' is clicked on

2019-04-17 11:40:10 - [TEST_STEP][PASSED] - delay: Delayed 1 second(s)

2019-04-17 11:40:11 - [MESSAGE][PASSED] - Delayed 1 second(s)

2019-04-17 11:40:11 - [TEST_STEP][PASSED] - click: Object: 'Object Repository/Syetem_settings/User_Manage/user_info/i__TreeNB' is clicked on

2019-04-17 11:40:11 - [MESSAGE][PASSED] - Object: 'Object Repository/Syetem_settings/User_Manage/user_info/i__TreeNB' is clicked on

2019-04-17 11:40:11 - [TEST_STEP][PASSED] - delay: Delayed 1 second(s)

2019-04-17 11:40:12 - [MESSAGE][PASSED] - Delayed 1 second(s)

2019-04-17 11:40:12 - [TEST_STEP][PASSED] - click: Object: 'Object Repository/Syetem_settings/User_Manage/user_info/cite_CQDepart' is clicked on

2019-04-17 11:40:13 - [MESSAGE][PASSED] - Object: 'Object Repository/Syetem_settings/User_Manage/user_info/cite_CQDepart' is clicked on

2019-04-17 11:40:13 - [TEST_STEP][PASSED] - delay: Delayed 1 second(s)

2019-04-17 11:40:14 - [MESSAGE][PASSED] - Delayed 1 second(s)

2019-04-17 11:40:14 - [TEST_STEP][PASSED] - setText: Text '测试人员009' is set on object 'Object Repository/Syetem_settings/User_Manage/user_info/input_ RealName'

2019-04-17 11:40:14 - [MESSAGE][PASSED] - Text '测试人员009' is set on object 'Object Repository/Syetem_settings/User_Manage/user_info/input_ RealName'

2019-04-17 11:40:14 - [TEST_STEP][PASSED] - delay: Delayed 1 second(s)

2019-04-17 11:40:15 - [MESSAGE][PASSED] - Delayed 1 second(s)

2019-04-17 11:40:15 - [TEST_STEP][PASSED] - setText: Text '测试岗位1' is set on object 'Object Repository/Syetem_settings/User_Manage/user_info/input_position'

2019-04-17 11:40:15 - [MESSAGE][PASSED] - Text '测试岗位1' is set on object 'Object Repository/Syetem_settings/User_Manage/user_info/input_position'

2019-04-17 11:40:15 - [TEST_STEP][PASSED] - delay: Delayed 1 second(s)

2019-04-17 11:40:16 - [MESSAGE][PASSED] - Delayed 1 second(s)

2019-04-17 11:40:16 - [TEST_STEP][PASSED] - setText: Text '15263625410' is set on object 'Object Repository/Syetem_settings/User_Manage/user_info/input_mobile'

2019-04-17 11:40:16 - [MESSAGE][PASSED] - Text '15263625410' is set on object 'Object Repository/Syetem_settings/User_Manage/user_info/input_mobile'

2019-04-17 11:40:16 - [TEST_STEP][PASSED] - delay: Delayed 1 second(s)

2019-04-17 11:40:17 - [MESSAGE][PASSED] - Delayed 1 second(s)

2019-04-17 11:40:17 - [TEST_STEP][PASSED] - setText: Text 'f1224359483w90@gamil.com' is set on object 'Object Repository/Syetem_settings/User_Manage/user_info/input_email'

2019-04-17 11:40:17 - [MESSAGE][PASSED] - Text 'f1224359483w90@gamil.com' is set on object 'Object Repository/Syetem_settings/User_Manage/user_info/input_email'

2019-04-17 11:40:17 - [TEST_STEP][PASSED] - delay: Delayed 1 second(s)

2019-04-17 11:40:18 - [MESSAGE][PASSED] - Delayed 1 second(s)

2019-04-17 11:40:18 - [TEST_STEP][PASSED] - click: Object: 'Object Repository/Syetem_settings/User_Manage/user_info/button_ Save' is clicked on

2019-04-17 11:40:18 - [MESSAGE][PASSED] - Object: 'Object Repository/Syetem_settings/User_Manage/user_info/button_ Save' is clicked on

2019-04-17 11:40:18 - [TEST_STEP][PASSED] - delay: Delayed 2 second(s)

2019-04-17 11:40:20 - [MESSAGE][PASSED] - Delayed 2 second(s)

2019-04-17 11:40:20 - [TEST_STEP][PASSED] - setText: Text '测试人员009' is set on object 'Object Repository/test/input__keyword'

2019-04-17 11:40:20 - [MESSAGE][PASSED] - Text '测试人员009' is set on object 'Object Repository/test/input__keyword'

2019-04-17 11:40:20 - [TEST_STEP][PASSED] - delay: Delayed 1 second(s)

2019-04-17 11:40:21 - [MESSAGE][PASSED] - Delayed 1 second(s)

2019-04-17 11:40:21 - [TEST_STEP][PASSED] - click: Object: 'Object Repository/test/button__layui-btn' is clicked on

2019-04-17 11:40:22 - [MESSAGE][PASSED] - Object: 'Object Repository/test/button__layui-btn' is clicked on

2019-04-17 11:40:22 - [TEST_STEP][PASSED] - delay: Delayed 1 second(s)

2019-04-17 11:40:23 - [MESSAGE][PASSED] - Delayed 1 second(s)

2019-04-17 11:40:23 - [TEST_STEP][PASSED] - Statement - Try: 列表中搜索到该用户，人员添加成功

2019-04-17 11:40:23 - [TEST_STEP][PASSED] - Statement - a = com.kms.katalon.core.testobject.ObjectRepository.findTestObject(Syetem_settings/User_Manage/Search/td_number1): Finding Test Object with id 'Object Repository/Syetem_settings/User_Manage/Search/td_number1'

2019-04-17 11:40:23 - [TEST_STEP][PASSED] - Statement - data_content = com.kms.katalon.core.webui.keyword.WebUiBuiltInKeywords.getAttribute(com.kms.katalon.core.testobject.ObjectRepository.findTestObject(Syetem_settings/User_Manage/Search/td_number1), "data-content"): Attribute 'data-content' of object 'Object Repository/Syetem_settings/User_Manage/Search/td_number1' is: '测试人员009'

2019-04-17 11:40:23 - [MESSAGE][PASSED] - Attribute 'data-content' of object 'Object Repository/Syetem_settings/User_Manage/Search/td_number1' is: '测试人员009'

2019-04-17 11:40:23 - [TEST_STEP][PASSED] - comment: 测试人员009

2019-04-17 11:40:23 - [TEST_STEP][PASSED] - Statement - If (data_content == username): 列表中搜索到该用户，人员添加成功

2019-04-17 11:40:23 - [TEST_STEP][PASSED] - comment: 列表中搜索到该用户，人员添加成功

2019-04-17 11:40:23 - [TEST_STEP][PASSED] - Start listener action : sampleAfterTestCase: Invoke 'com.kms.katalon.core.annotation.AfterTestCase' method: 'NewTestListener.sampleAfterTestCase(...)' completed.

2019-04-17 11:40:23 - [TEST_STEP][PASSED] - Statement - println(testCaseContext.getTestCaseId()): null

2019-04-17 11:40:23 - [TEST_STEP][PASSED] - Statement - println(testCaseContext.getTestCaseStatus()): Invoke 'com.kms.katalon.core.annotation.AfterTestCase' method: 'NewTestListener.sampleAfterTestCase(...)' completed.]]></system-out>
         <system-err><![CDATA[]]></system-err>
      </testcase>
      <testcase name="Test Cases/002_System_,Manage/001_User_Manage/002_Add_user" classname="Test Cases/002_System_,Manage/001_User_Manage/002_Add_user" status="PASSED">
         <system-out><![CDATA[2019-04-17 11:40:25 - [TEST_CASE][PASSED] - Test Cases/002_System_,Manage/001_User_Manage/002_Add_user: Test Cases/002_System_,Manage/001_User_Manage/002_Add_user

2019-04-17 11:40:25 - [TEST_STEP][PASSED] - Start listener action : sampleBeforeTestCase: Invoke 'com.kms.katalon.core.annotation.BeforeTestCase' method: 'NewTestListener.sampleBeforeTestCase(...)' completed.

2019-04-17 11:40:25 - [TEST_STEP][PASSED] - Statement - println(testCaseContext.getTestCaseId()): null

2019-04-17 11:40:25 - [TEST_STEP][PASSED] - Statement - println(testCaseContext.getTestCaseVariables()): Invoke 'com.kms.katalon.core.annotation.BeforeTestCase' method: 'NewTestListener.sampleBeforeTestCase(...)' completed.

2019-04-17 11:40:25 - [TEST_STEP][NOT_RUN] - callTestCase: NOT_RUN: callTestCase

2019-04-17 11:40:25 - [MESSAGE][NOT_RUN] - NOT_RUN: callTestCase

2019-04-17 11:40:25 - [TEST_STEP][PASSED] - comment: begain to add one new user!

2019-04-17 11:40:25 - [TEST_STEP][PASSED] - click: Object: 'Object Repository/Syetem_settings/User_Manage/a_ new_user' is clicked on

2019-04-17 11:40:25 - [MESSAGE][PASSED] - Object: 'Object Repository/Syetem_settings/User_Manage/a_ new_user' is clicked on

2019-04-17 11:40:25 - [TEST_STEP][PASSED] - delay: Delayed 1 second(s)

2019-04-17 11:40:26 - [MESSAGE][PASSED] - Delayed 1 second(s)

2019-04-17 11:40:26 - [TEST_STEP][PASSED] - delay: Delayed 1 second(s)

2019-04-17 11:40:27 - [MESSAGE][PASSED] - Delayed 1 second(s)

2019-04-17 11:40:27 - [TEST_STEP][PASSED] - click: Object: 'Object Repository/Syetem_settings/User_Manage/user_info/choose_dept' is clicked on

2019-04-17 11:40:27 - [MESSAGE][PASSED] - Object: 'Object Repository/Syetem_settings/User_Manage/user_info/choose_dept' is clicked on

2019-04-17 11:40:27 - [TEST_STEP][PASSED] - delay: Delayed 1 second(s)

2019-04-17 11:40:28 - [MESSAGE][PASSED] - Delayed 1 second(s)

2019-04-17 11:40:28 - [TEST_STEP][PASSED] - click: Object: 'Object Repository/Syetem_settings/User_Manage/user_info/i__TreeNB' is clicked on

2019-04-17 11:40:28 - [MESSAGE][PASSED] - Object: 'Object Repository/Syetem_settings/User_Manage/user_info/i__TreeNB' is clicked on

2019-04-17 11:40:28 - [TEST_STEP][PASSED] - delay: Delayed 1 second(s)

2019-04-17 11:40:29 - [MESSAGE][PASSED] - Delayed 1 second(s)

2019-04-17 11:40:29 - [TEST_STEP][PASSED] - click: Object: 'Object Repository/Syetem_settings/User_Manage/user_info/cite_CQDepart' is clicked on

2019-04-17 11:40:29 - [MESSAGE][PASSED] - Object: 'Object Repository/Syetem_settings/User_Manage/user_info/cite_CQDepart' is clicked on

2019-04-17 11:40:29 - [TEST_STEP][PASSED] - delay: Delayed 1 second(s)

2019-04-17 11:40:30 - [MESSAGE][PASSED] - Delayed 1 second(s)

2019-04-17 11:40:30 - [TEST_STEP][PASSED] - setText: Text '！@#￥%……09' is set on object 'Object Repository/Syetem_settings/User_Manage/user_info/input_ RealName'

2019-04-17 11:40:30 - [MESSAGE][PASSED] - Text '！@#￥%……09' is set on object 'Object Repository/Syetem_settings/User_Manage/user_info/input_ RealName'

2019-04-17 11:40:30 - [TEST_STEP][PASSED] - delay: Delayed 1 second(s)

2019-04-17 11:40:31 - [MESSAGE][PASSED] - Delayed 1 second(s)

2019-04-17 11:40:31 - [TEST_STEP][PASSED] - setText: Text '！@#￥%……&*' is set on object 'Object Repository/Syetem_settings/User_Manage/user_info/input_position'

2019-04-17 11:40:31 - [MESSAGE][PASSED] - Text '！@#￥%……&*' is set on object 'Object Repository/Syetem_settings/User_Manage/user_info/input_position'

2019-04-17 11:40:31 - [TEST_STEP][PASSED] - delay: Delayed 1 second(s)

2019-04-17 11:40:32 - [MESSAGE][PASSED] - Delayed 1 second(s)

2019-04-17 11:40:32 - [TEST_STEP][PASSED] - setText: Text '152564564868' is set on object 'Object Repository/Syetem_settings/User_Manage/user_info/input_mobile'

2019-04-17 11:40:33 - [MESSAGE][PASSED] - Text '152564564868' is set on object 'Object Repository/Syetem_settings/User_Manage/user_info/input_mobile'

2019-04-17 11:40:33 - [TEST_STEP][PASSED] - delay: Delayed 1 second(s)

2019-04-17 11:40:34 - [MESSAGE][PASSED] - Delayed 1 second(s)

2019-04-17 11:40:34 - [TEST_STEP][PASSED] - setText: Text '7425365@qq.com' is set on object 'Object Repository/Syetem_settings/User_Manage/user_info/input_email'

2019-04-17 11:40:34 - [MESSAGE][PASSED] - Text '7425365@qq.com' is set on object 'Object Repository/Syetem_settings/User_Manage/user_info/input_email'

2019-04-17 11:40:34 - [TEST_STEP][PASSED] - delay: Delayed 1 second(s)

2019-04-17 11:40:35 - [MESSAGE][PASSED] - Delayed 1 second(s)

2019-04-17 11:40:35 - [TEST_STEP][PASSED] - click: Object: 'Object Repository/Syetem_settings/User_Manage/user_info/button_ Save' is clicked on

2019-04-17 11:40:35 - [MESSAGE][PASSED] - Object: 'Object Repository/Syetem_settings/User_Manage/user_info/button_ Save' is clicked on

2019-04-17 11:40:35 - [TEST_STEP][PASSED] - delay: Delayed 2 second(s)

2019-04-17 11:40:37 - [MESSAGE][PASSED] - Delayed 2 second(s)

2019-04-17 11:40:37 - [TEST_STEP][PASSED] - setText: Text '！@#￥%……09' is set on object 'Object Repository/test/input__keyword'

2019-04-17 11:40:37 - [MESSAGE][PASSED] - Text '！@#￥%……09' is set on object 'Object Repository/test/input__keyword'

2019-04-17 11:40:37 - [TEST_STEP][PASSED] - delay: Delayed 1 second(s)

2019-04-17 11:40:38 - [MESSAGE][PASSED] - Delayed 1 second(s)

2019-04-17 11:40:38 - [TEST_STEP][PASSED] - click: Object: 'Object Repository/test/button__layui-btn' is clicked on

2019-04-17 11:40:38 - [MESSAGE][PASSED] - Object: 'Object Repository/test/button__layui-btn' is clicked on

2019-04-17 11:40:38 - [TEST_STEP][PASSED] - delay: Delayed 1 second(s)

2019-04-17 11:40:39 - [MESSAGE][PASSED] - Delayed 1 second(s)

2019-04-17 11:40:39 - [TEST_STEP][PASSED] - Statement - Try: 列表中搜索到该用户，人员添加成功

2019-04-17 11:40:39 - [TEST_STEP][PASSED] - Statement - a = com.kms.katalon.core.testobject.ObjectRepository.findTestObject(Syetem_settings/User_Manage/Search/td_number1): Finding Test Object with id 'Object Repository/Syetem_settings/User_Manage/Search/td_number1'

2019-04-17 11:40:39 - [TEST_STEP][PASSED] - Statement - data_content = com.kms.katalon.core.webui.keyword.WebUiBuiltInKeywords.getAttribute(com.kms.katalon.core.testobject.ObjectRepository.findTestObject(Syetem_settings/User_Manage/Search/td_number1), "data-content"): Attribute 'data-content' of object 'Object Repository/Syetem_settings/User_Manage/Search/td_number1' is: '！@#￥%……09'

2019-04-17 11:40:39 - [MESSAGE][PASSED] - Attribute 'data-content' of object 'Object Repository/Syetem_settings/User_Manage/Search/td_number1' is: '！@#￥%……09'

2019-04-17 11:40:39 - [TEST_STEP][PASSED] - comment: ！@#￥%……09

2019-04-17 11:40:39 - [TEST_STEP][PASSED] - Statement - If (data_content == username): 列表中搜索到该用户，人员添加成功

2019-04-17 11:40:39 - [TEST_STEP][PASSED] - comment: 列表中搜索到该用户，人员添加成功

2019-04-17 11:40:39 - [TEST_STEP][PASSED] - Start listener action : sampleAfterTestCase: Invoke 'com.kms.katalon.core.annotation.AfterTestCase' method: 'NewTestListener.sampleAfterTestCase(...)' completed.

2019-04-17 11:40:39 - [TEST_STEP][PASSED] - Statement - println(testCaseContext.getTestCaseId()): null

2019-04-17 11:40:39 - [TEST_STEP][PASSED] - Statement - println(testCaseContext.getTestCaseStatus()): Invoke 'com.kms.katalon.core.annotation.AfterTestCase' method: 'NewTestListener.sampleAfterTestCase(...)' completed.]]></system-out>
         <system-err><![CDATA[]]></system-err>
      </testcase>
      <testcase name="Test Cases/002_System_,Manage/001_User_Manage/003_Add_user_uique" classname="Test Cases/002_System_,Manage/001_User_Manage/003_Add_user_uique" status="PASSED">
         <system-out><![CDATA[2019-04-17 11:40:41 - [TEST_CASE][PASSED] - Test Cases/002_System_,Manage/001_User_Manage/003_Add_user_uique: Test Cases/002_System_,Manage/001_User_Manage/003_Add_user_uique

2019-04-17 11:40:41 - [TEST_STEP][PASSED] - Start listener action : sampleBeforeTestCase: Invoke 'com.kms.katalon.core.annotation.BeforeTestCase' method: 'NewTestListener.sampleBeforeTestCase(...)' completed.

2019-04-17 11:40:41 - [TEST_STEP][PASSED] - Statement - println(testCaseContext.getTestCaseId()): null

2019-04-17 11:40:41 - [TEST_STEP][PASSED] - Statement - println(testCaseContext.getTestCaseVariables()): Invoke 'com.kms.katalon.core.annotation.BeforeTestCase' method: 'NewTestListener.sampleBeforeTestCase(...)' completed.

2019-04-17 11:40:42 - [TEST_STEP][NOT_RUN] - callTestCase: NOT_RUN: callTestCase

2019-04-17 11:40:42 - [MESSAGE][NOT_RUN] - NOT_RUN: callTestCase

2019-04-17 11:40:42 - [TEST_STEP][PASSED] - comment: begain to add one new user!

2019-04-17 11:40:42 - [TEST_STEP][PASSED] - click: Object: 'Object Repository/Syetem_settings/User_Manage/a_ new_user' is clicked on

2019-04-17 11:40:42 - [MESSAGE][PASSED] - Object: 'Object Repository/Syetem_settings/User_Manage/a_ new_user' is clicked on

2019-04-17 11:40:42 - [TEST_STEP][PASSED] - delay: Delayed 1 second(s)

2019-04-17 11:40:43 - [MESSAGE][PASSED] - Delayed 1 second(s)

2019-04-17 11:40:43 - [TEST_STEP][PASSED] - click: Object: 'Object Repository/Syetem_settings/User_Manage/user_info/choose_dept' is clicked on

2019-04-17 11:40:43 - [MESSAGE][PASSED] - Object: 'Object Repository/Syetem_settings/User_Manage/user_info/choose_dept' is clicked on

2019-04-17 11:40:43 - [TEST_STEP][PASSED] - delay: Delayed 1 second(s)

2019-04-17 11:40:44 - [MESSAGE][PASSED] - Delayed 1 second(s)

2019-04-17 11:40:44 - [TEST_STEP][PASSED] - click: Object: 'Object Repository/Syetem_settings/User_Manage/user_info/i__TreeNB' is clicked on

2019-04-17 11:40:44 - [MESSAGE][PASSED] - Object: 'Object Repository/Syetem_settings/User_Manage/user_info/i__TreeNB' is clicked on

2019-04-17 11:40:44 - [TEST_STEP][PASSED] - delay: Delayed 1 second(s)

2019-04-17 11:40:45 - [MESSAGE][PASSED] - Delayed 1 second(s)

2019-04-17 11:40:45 - [TEST_STEP][PASSED] - click: Object: 'Object Repository/Syetem_settings/User_Manage/user_info/cite_CQDepart' is clicked on

2019-04-17 11:40:45 - [MESSAGE][PASSED] - Object: 'Object Repository/Syetem_settings/User_Manage/user_info/cite_CQDepart' is clicked on

2019-04-17 11:40:45 - [TEST_STEP][PASSED] - delay: Delayed 1 second(s)

2019-04-17 11:40:46 - [MESSAGE][PASSED] - Delayed 1 second(s)

2019-04-17 11:40:46 - [TEST_STEP][PASSED] - setText: Text '！@#￥%……' is set on object 'Object Repository/Syetem_settings/User_Manage/user_info/input_ RealName'

2019-04-17 11:40:46 - [MESSAGE][PASSED] - Text '！@#￥%……' is set on object 'Object Repository/Syetem_settings/User_Manage/user_info/input_ RealName'

2019-04-17 11:40:46 - [TEST_STEP][PASSED] - delay: Delayed 1 second(s)

2019-04-17 11:40:47 - [MESSAGE][PASSED] - Delayed 1 second(s)

2019-04-17 11:40:47 - [TEST_STEP][PASSED] - setText: Text '！@#￥%……&*' is set on object 'Object Repository/Syetem_settings/User_Manage/user_info/input_position'

2019-04-17 11:40:47 - [MESSAGE][PASSED] - Text '！@#￥%……&*' is set on object 'Object Repository/Syetem_settings/User_Manage/user_info/input_position'

2019-04-17 11:40:47 - [TEST_STEP][PASSED] - delay: Delayed 1 second(s)

2019-04-17 11:40:48 - [MESSAGE][PASSED] - Delayed 1 second(s)

2019-04-17 11:40:48 - [TEST_STEP][PASSED] - setText: Text '！@#￥%……&*' is set on object 'Object Repository/Syetem_settings/User_Manage/user_info/input_mobile'

2019-04-17 11:40:48 - [MESSAGE][PASSED] - Text '！@#￥%……&*' is set on object 'Object Repository/Syetem_settings/User_Manage/user_info/input_mobile'

2019-04-17 11:40:48 - [TEST_STEP][PASSED] - delay: Delayed 1 second(s)

2019-04-17 11:40:49 - [MESSAGE][PASSED] - Delayed 1 second(s)

2019-04-17 11:40:49 - [TEST_STEP][PASSED] - setText: Text '7425365@qq.com' is set on object 'Object Repository/Syetem_settings/User_Manage/user_info/input_email'

2019-04-17 11:40:50 - [MESSAGE][PASSED] - Text '7425365@qq.com' is set on object 'Object Repository/Syetem_settings/User_Manage/user_info/input_email'

2019-04-17 11:40:50 - [TEST_STEP][PASSED] - delay: Delayed 1 second(s)

2019-04-17 11:40:51 - [MESSAGE][PASSED] - Delayed 1 second(s)

2019-04-17 11:40:51 - [TEST_STEP][PASSED] - click: Object: 'Object Repository/Syetem_settings/User_Manage/user_info/button_ Save' is clicked on

2019-04-17 11:40:51 - [MESSAGE][PASSED] - Object: 'Object Repository/Syetem_settings/User_Manage/user_info/button_ Save' is clicked on

2019-04-17 11:40:51 - [TEST_STEP][PASSED] - Statement - If (com.kms.katalon.core.webui.keyword.WebUiBuiltInKeywords.verifyElementPresent(com.kms.katalon.core.testobject.ObjectRepository.findTestObject(Syetem_settings/User_Manage/user_info/tips_save), 10)): Object: 'Object Repository/Syetem_settings/User_Manage/user_info/close_user' is clicked on

2019-04-17 11:40:51 - [MESSAGE][PASSED] - Object 'Object Repository/Syetem_settings/User_Manage/user_info/tips_save' is present

2019-04-17 11:40:51 - [TEST_STEP][PASSED] - comment: 发现不能为空的提示

2019-04-17 11:40:51 - [TEST_STEP][PASSED] - delay: Delayed 1 second(s)

2019-04-17 11:40:52 - [MESSAGE][PASSED] - Delayed 1 second(s)

2019-04-17 11:40:52 - [TEST_STEP][PASSED] - click: Object: 'Object Repository/Syetem_settings/User_Manage/user_info/close_user' is clicked on

2019-04-17 11:40:52 - [MESSAGE][PASSED] - Object: 'Object Repository/Syetem_settings/User_Manage/user_info/close_user' is clicked on

2019-04-17 11:40:52 - [TEST_STEP][PASSED] - delay: Delayed 1 second(s)

2019-04-17 11:40:53 - [MESSAGE][PASSED] - Delayed 1 second(s)

2019-04-17 11:40:53 - [TEST_STEP][PASSED] - click: Object: 'Object Repository/Syetem_settings/User_Manage/a_ new_user' is clicked on

2019-04-17 11:40:53 - [MESSAGE][PASSED] - Object: 'Object Repository/Syetem_settings/User_Manage/a_ new_user' is clicked on

2019-04-17 11:40:53 - [TEST_STEP][PASSED] - delay: Delayed 1 second(s)

2019-04-17 11:40:54 - [MESSAGE][PASSED] - Delayed 1 second(s)

2019-04-17 11:40:54 - [TEST_STEP][PASSED] - click: Object: 'Object Repository/Syetem_settings/User_Manage/user_info/choose_dept' is clicked on

2019-04-17 11:40:54 - [MESSAGE][PASSED] - Object: 'Object Repository/Syetem_settings/User_Manage/user_info/choose_dept' is clicked on

2019-04-17 11:40:54 - [TEST_STEP][PASSED] - delay: Delayed 1 second(s)

2019-04-17 11:40:55 - [MESSAGE][PASSED] - Delayed 1 second(s)

2019-04-17 11:40:55 - [TEST_STEP][PASSED] - click: Object: 'Object Repository/Syetem_settings/User_Manage/user_info/i__TreeNB' is clicked on

2019-04-17 11:40:55 - [MESSAGE][PASSED] - Object: 'Object Repository/Syetem_settings/User_Manage/user_info/i__TreeNB' is clicked on

2019-04-17 11:40:55 - [TEST_STEP][PASSED] - delay: Delayed 1 second(s)

2019-04-17 11:40:56 - [MESSAGE][PASSED] - Delayed 1 second(s)

2019-04-17 11:40:56 - [TEST_STEP][PASSED] - click: Object: 'Object Repository/Syetem_settings/User_Manage/user_info/cite_CQDepart' is clicked on

2019-04-17 11:40:56 - [MESSAGE][PASSED] - Object: 'Object Repository/Syetem_settings/User_Manage/user_info/cite_CQDepart' is clicked on

2019-04-17 11:40:56 - [TEST_STEP][PASSED] - delay: Delayed 1 second(s)

2019-04-17 11:40:57 - [MESSAGE][PASSED] - Delayed 1 second(s)

2019-04-17 11:40:57 - [TEST_STEP][PASSED] - setText: Text '验证邮箱格式' is set on object 'Object Repository/Syetem_settings/User_Manage/user_info/input_ RealName'

2019-04-17 11:40:57 - [MESSAGE][PASSED] - Text '验证邮箱格式' is set on object 'Object Repository/Syetem_settings/User_Manage/user_info/input_ RealName'

2019-04-17 11:40:57 - [TEST_STEP][PASSED] - delay: Delayed 1 second(s)

2019-04-17 11:40:58 - [MESSAGE][PASSED] - Delayed 1 second(s)

2019-04-17 11:40:58 - [TEST_STEP][PASSED] - setText: Text '测试' is set on object 'Object Repository/Syetem_settings/User_Manage/user_info/input_position'

2019-04-17 11:40:58 - [MESSAGE][PASSED] - Text '测试' is set on object 'Object Repository/Syetem_settings/User_Manage/user_info/input_position'

2019-04-17 11:40:58 - [TEST_STEP][PASSED] - delay: Delayed 1 second(s)

2019-04-17 11:40:59 - [MESSAGE][PASSED] - Delayed 1 second(s)

2019-04-17 11:40:59 - [TEST_STEP][PASSED] - setText: Text '15263625413' is set on object 'Object Repository/Syetem_settings/User_Manage/user_info/input_mobile'

2019-04-17 11:41:00 - [MESSAGE][PASSED] - Text '15263625413' is set on object 'Object Repository/Syetem_settings/User_Manage/user_info/input_mobile'

2019-04-17 11:41:00 - [TEST_STEP][PASSED] - delay: Delayed 1 second(s)

2019-04-17 11:41:01 - [MESSAGE][PASSED] - Delayed 1 second(s)

2019-04-17 11:41:01 - [TEST_STEP][PASSED] - setText: Text '！#￥%……&*' is set on object 'Object Repository/Syetem_settings/User_Manage/user_info/input_email'

2019-04-17 11:41:01 - [MESSAGE][PASSED] - Text '！#￥%……&*' is set on object 'Object Repository/Syetem_settings/User_Manage/user_info/input_email'

2019-04-17 11:41:01 - [TEST_STEP][PASSED] - click: Object: 'Object Repository/Syetem_settings/User_Manage/user_info/button_ Save' is clicked on

2019-04-17 11:41:01 - [MESSAGE][PASSED] - Object: 'Object Repository/Syetem_settings/User_Manage/user_info/button_ Save' is clicked on

2019-04-17 11:41:01 - [TEST_STEP][PASSED] - Statement - If (com.kms.katalon.core.webui.keyword.WebUiBuiltInKeywords.verifyElementPresent(com.kms.katalon.core.testobject.ObjectRepository.findTestObject(Syetem_settings/User_Manage/user_info/save_email), 10)): Object: 'Object Repository/Syetem_settings/User_Manage/user_info/close_user' is clicked on

2019-04-17 11:41:01 - [MESSAGE][PASSED] - Object 'Object Repository/Syetem_settings/User_Manage/user_info/save_email' is present

2019-04-17 11:41:01 - [TEST_STEP][PASSED] - comment: 发现邮件格式不对的提示

2019-04-17 11:41:01 - [TEST_STEP][PASSED] - delay: Delayed 1 second(s)

2019-04-17 11:41:02 - [MESSAGE][PASSED] - Delayed 1 second(s)

2019-04-17 11:41:02 - [TEST_STEP][PASSED] - click: Object: 'Object Repository/Syetem_settings/User_Manage/user_info/close_user' is clicked on

2019-04-17 11:41:02 - [MESSAGE][PASSED] - Object: 'Object Repository/Syetem_settings/User_Manage/user_info/close_user' is clicked on

2019-04-17 11:41:02 - [TEST_STEP][PASSED] - Start listener action : sampleAfterTestCase: Invoke 'com.kms.katalon.core.annotation.AfterTestCase' method: 'NewTestListener.sampleAfterTestCase(...)' completed.

2019-04-17 11:41:02 - [TEST_STEP][PASSED] - Statement - println(testCaseContext.getTestCaseId()): null

2019-04-17 11:41:02 - [TEST_STEP][PASSED] - Statement - println(testCaseContext.getTestCaseStatus()): Invoke 'com.kms.katalon.core.annotation.AfterTestCase' method: 'NewTestListener.sampleAfterTestCase(...)' completed.]]></system-out>
         <system-err><![CDATA[]]></system-err>
      </testcase>
      <testcase name="Test Cases/002_System_,Manage/001_User_Manage/003_Add_user_uique" classname="Test Cases/002_System_,Manage/001_User_Manage/003_Add_user_uique" status="PASSED">
         <system-out><![CDATA[2019-04-17 11:41:04 - [TEST_CASE][PASSED] - Test Cases/002_System_,Manage/001_User_Manage/003_Add_user_uique: Test Cases/002_System_,Manage/001_User_Manage/003_Add_user_uique

2019-04-17 11:41:04 - [TEST_STEP][PASSED] - Start listener action : sampleBeforeTestCase: Invoke 'com.kms.katalon.core.annotation.BeforeTestCase' method: 'NewTestListener.sampleBeforeTestCase(...)' completed.

2019-04-17 11:41:04 - [TEST_STEP][PASSED] - Statement - println(testCaseContext.getTestCaseId()): null

2019-04-17 11:41:04 - [TEST_STEP][PASSED] - Statement - println(testCaseContext.getTestCaseVariables()): Invoke 'com.kms.katalon.core.annotation.BeforeTestCase' method: 'NewTestListener.sampleBeforeTestCase(...)' completed.

2019-04-17 11:41:04 - [TEST_STEP][NOT_RUN] - callTestCase: NOT_RUN: callTestCase

2019-04-17 11:41:04 - [MESSAGE][NOT_RUN] - NOT_RUN: callTestCase

2019-04-17 11:41:04 - [TEST_STEP][PASSED] - comment: begain to add one new user!

2019-04-17 11:41:04 - [TEST_STEP][PASSED] - click: Object: 'Object Repository/Syetem_settings/User_Manage/a_ new_user' is clicked on

2019-04-17 11:41:04 - [MESSAGE][PASSED] - Object: 'Object Repository/Syetem_settings/User_Manage/a_ new_user' is clicked on

2019-04-17 11:41:04 - [TEST_STEP][PASSED] - delay: Delayed 1 second(s)

2019-04-17 11:41:05 - [MESSAGE][PASSED] - Delayed 1 second(s)

2019-04-17 11:41:05 - [TEST_STEP][PASSED] - click: Object: 'Object Repository/Syetem_settings/User_Manage/user_info/choose_dept' is clicked on

2019-04-17 11:41:06 - [MESSAGE][PASSED] - Object: 'Object Repository/Syetem_settings/User_Manage/user_info/choose_dept' is clicked on

2019-04-17 11:41:06 - [TEST_STEP][PASSED] - delay: Delayed 1 second(s)

2019-04-17 11:41:07 - [MESSAGE][PASSED] - Delayed 1 second(s)

2019-04-17 11:41:07 - [TEST_STEP][PASSED] - click: Object: 'Object Repository/Syetem_settings/User_Manage/user_info/i__TreeNB' is clicked on

2019-04-17 11:41:07 - [MESSAGE][PASSED] - Object: 'Object Repository/Syetem_settings/User_Manage/user_info/i__TreeNB' is clicked on

2019-04-17 11:41:07 - [TEST_STEP][PASSED] - delay: Delayed 1 second(s)

2019-04-17 11:41:08 - [MESSAGE][PASSED] - Delayed 1 second(s)

2019-04-17 11:41:08 - [TEST_STEP][PASSED] - click: Object: 'Object Repository/Syetem_settings/User_Manage/user_info/cite_CQDepart' is clicked on

2019-04-17 11:41:08 - [MESSAGE][PASSED] - Object: 'Object Repository/Syetem_settings/User_Manage/user_info/cite_CQDepart' is clicked on

2019-04-17 11:41:08 - [TEST_STEP][PASSED] - delay: Delayed 1 second(s)

2019-04-17 11:41:09 - [MESSAGE][PASSED] - Delayed 1 second(s)

2019-04-17 11:41:09 - [TEST_STEP][PASSED] - setText: Text '' is set on object 'Object Repository/Syetem_settings/User_Manage/user_info/input_ RealName'

2019-04-17 11:41:09 - [MESSAGE][PASSED] - Text '' is set on object 'Object Repository/Syetem_settings/User_Manage/user_info/input_ RealName'

2019-04-17 11:41:09 - [TEST_STEP][PASSED] - delay: Delayed 1 second(s)

2019-04-17 11:41:10 - [MESSAGE][PASSED] - Delayed 1 second(s)

2019-04-17 11:41:10 - [TEST_STEP][PASSED] - setText: Text '' is set on object 'Object Repository/Syetem_settings/User_Manage/user_info/input_position'

2019-04-17 11:41:10 - [MESSAGE][PASSED] - Text '' is set on object 'Object Repository/Syetem_settings/User_Manage/user_info/input_position'

2019-04-17 11:41:10 - [TEST_STEP][PASSED] - delay: Delayed 1 second(s)

2019-04-17 11:41:11 - [MESSAGE][PASSED] - Delayed 1 second(s)

2019-04-17 11:41:11 - [TEST_STEP][PASSED] - setText: Text '' is set on object 'Object Repository/Syetem_settings/User_Manage/user_info/input_mobile'

2019-04-17 11:41:11 - [MESSAGE][PASSED] - Text '' is set on object 'Object Repository/Syetem_settings/User_Manage/user_info/input_mobile'

2019-04-17 11:41:11 - [TEST_STEP][PASSED] - delay: Delayed 1 second(s)

2019-04-17 11:41:12 - [MESSAGE][PASSED] - Delayed 1 second(s)

2019-04-17 11:41:12 - [TEST_STEP][PASSED] - setText: Text '' is set on object 'Object Repository/Syetem_settings/User_Manage/user_info/input_email'

2019-04-17 11:41:12 - [MESSAGE][PASSED] - Text '' is set on object 'Object Repository/Syetem_settings/User_Manage/user_info/input_email'

2019-04-17 11:41:12 - [TEST_STEP][PASSED] - delay: Delayed 1 second(s)

2019-04-17 11:41:13 - [MESSAGE][PASSED] - Delayed 1 second(s)

2019-04-17 11:41:13 - [TEST_STEP][PASSED] - click: Object: 'Object Repository/Syetem_settings/User_Manage/user_info/button_ Save' is clicked on

2019-04-17 11:41:13 - [MESSAGE][PASSED] - Object: 'Object Repository/Syetem_settings/User_Manage/user_info/button_ Save' is clicked on

2019-04-17 11:41:13 - [TEST_STEP][PASSED] - Statement - If (com.kms.katalon.core.webui.keyword.WebUiBuiltInKeywords.verifyElementPresent(com.kms.katalon.core.testobject.ObjectRepository.findTestObject(Syetem_settings/User_Manage/user_info/tips_save), 10)): Object: 'Object Repository/Syetem_settings/User_Manage/user_info/close_user' is clicked on

2019-04-17 11:41:13 - [MESSAGE][PASSED] - Object 'Object Repository/Syetem_settings/User_Manage/user_info/tips_save' is present

2019-04-17 11:41:13 - [TEST_STEP][PASSED] - comment: 发现不能为空的提示

2019-04-17 11:41:13 - [TEST_STEP][PASSED] - delay: Delayed 1 second(s)

2019-04-17 11:41:14 - [MESSAGE][PASSED] - Delayed 1 second(s)

2019-04-17 11:41:14 - [TEST_STEP][PASSED] - click: Object: 'Object Repository/Syetem_settings/User_Manage/user_info/close_user' is clicked on

2019-04-17 11:41:14 - [MESSAGE][PASSED] - Object: 'Object Repository/Syetem_settings/User_Manage/user_info/close_user' is clicked on

2019-04-17 11:41:14 - [TEST_STEP][PASSED] - delay: Delayed 1 second(s)

2019-04-17 11:41:15 - [MESSAGE][PASSED] - Delayed 1 second(s)

2019-04-17 11:41:15 - [TEST_STEP][PASSED] - click: Object: 'Object Repository/Syetem_settings/User_Manage/a_ new_user' is clicked on

2019-04-17 11:41:16 - [MESSAGE][PASSED] - Object: 'Object Repository/Syetem_settings/User_Manage/a_ new_user' is clicked on

2019-04-17 11:41:16 - [TEST_STEP][PASSED] - delay: Delayed 1 second(s)

2019-04-17 11:41:17 - [MESSAGE][PASSED] - Delayed 1 second(s)

2019-04-17 11:41:17 - [TEST_STEP][PASSED] - click: Object: 'Object Repository/Syetem_settings/User_Manage/user_info/choose_dept' is clicked on

2019-04-17 11:41:17 - [MESSAGE][PASSED] - Object: 'Object Repository/Syetem_settings/User_Manage/user_info/choose_dept' is clicked on

2019-04-17 11:41:17 - [TEST_STEP][PASSED] - delay: Delayed 1 second(s)

2019-04-17 11:41:18 - [MESSAGE][PASSED] - Delayed 1 second(s)

2019-04-17 11:41:18 - [TEST_STEP][PASSED] - click: Object: 'Object Repository/Syetem_settings/User_Manage/user_info/i__TreeNB' is clicked on

2019-04-17 11:41:18 - [MESSAGE][PASSED] - Object: 'Object Repository/Syetem_settings/User_Manage/user_info/i__TreeNB' is clicked on

2019-04-17 11:41:18 - [TEST_STEP][PASSED] - delay: Delayed 1 second(s)

2019-04-17 11:41:19 - [MESSAGE][PASSED] - Delayed 1 second(s)

2019-04-17 11:41:19 - [TEST_STEP][PASSED] - click: Object: 'Object Repository/Syetem_settings/User_Manage/user_info/cite_CQDepart' is clicked on

2019-04-17 11:41:19 - [MESSAGE][PASSED] - Object: 'Object Repository/Syetem_settings/User_Manage/user_info/cite_CQDepart' is clicked on

2019-04-17 11:41:19 - [TEST_STEP][PASSED] - delay: Delayed 1 second(s)

2019-04-17 11:41:20 - [MESSAGE][PASSED] - Delayed 1 second(s)

2019-04-17 11:41:20 - [TEST_STEP][PASSED] - setText: Text '验证邮箱格式' is set on object 'Object Repository/Syetem_settings/User_Manage/user_info/input_ RealName'

2019-04-17 11:41:20 - [MESSAGE][PASSED] - Text '验证邮箱格式' is set on object 'Object Repository/Syetem_settings/User_Manage/user_info/input_ RealName'

2019-04-17 11:41:20 - [TEST_STEP][PASSED] - delay: Delayed 1 second(s)

2019-04-17 11:41:21 - [MESSAGE][PASSED] - Delayed 1 second(s)

2019-04-17 11:41:21 - [TEST_STEP][PASSED] - setText: Text '测试' is set on object 'Object Repository/Syetem_settings/User_Manage/user_info/input_position'

2019-04-17 11:41:21 - [MESSAGE][PASSED] - Text '测试' is set on object 'Object Repository/Syetem_settings/User_Manage/user_info/input_position'

2019-04-17 11:41:21 - [TEST_STEP][PASSED] - delay: Delayed 1 second(s)

2019-04-17 11:41:22 - [MESSAGE][PASSED] - Delayed 1 second(s)

2019-04-17 11:41:22 - [TEST_STEP][PASSED] - setText: Text '15263625413' is set on object 'Object Repository/Syetem_settings/User_Manage/user_info/input_mobile'

2019-04-17 11:41:23 - [MESSAGE][PASSED] - Text '15263625413' is set on object 'Object Repository/Syetem_settings/User_Manage/user_info/input_mobile'

2019-04-17 11:41:23 - [TEST_STEP][PASSED] - delay: Delayed 1 second(s)

2019-04-17 11:41:24 - [MESSAGE][PASSED] - Delayed 1 second(s)

2019-04-17 11:41:24 - [TEST_STEP][PASSED] - setText: Text '12434365' is set on object 'Object Repository/Syetem_settings/User_Manage/user_info/input_email'

2019-04-17 11:41:24 - [MESSAGE][PASSED] - Text '12434365' is set on object 'Object Repository/Syetem_settings/User_Manage/user_info/input_email'

2019-04-17 11:41:24 - [TEST_STEP][PASSED] - click: Object: 'Object Repository/Syetem_settings/User_Manage/user_info/button_ Save' is clicked on

2019-04-17 11:41:24 - [MESSAGE][PASSED] - Object: 'Object Repository/Syetem_settings/User_Manage/user_info/button_ Save' is clicked on

2019-04-17 11:41:24 - [TEST_STEP][PASSED] - Statement - If (com.kms.katalon.core.webui.keyword.WebUiBuiltInKeywords.verifyElementPresent(com.kms.katalon.core.testobject.ObjectRepository.findTestObject(Syetem_settings/User_Manage/user_info/save_email), 10)): Object: 'Object Repository/Syetem_settings/User_Manage/user_info/close_user' is clicked on

2019-04-17 11:41:24 - [MESSAGE][PASSED] - Object 'Object Repository/Syetem_settings/User_Manage/user_info/save_email' is present

2019-04-17 11:41:24 - [TEST_STEP][PASSED] - comment: 发现邮件格式不对的提示

2019-04-17 11:41:24 - [TEST_STEP][PASSED] - delay: Delayed 1 second(s)

2019-04-17 11:41:25 - [MESSAGE][PASSED] - Delayed 1 second(s)

2019-04-17 11:41:25 - [TEST_STEP][PASSED] - click: Object: 'Object Repository/Syetem_settings/User_Manage/user_info/close_user' is clicked on

2019-04-17 11:41:25 - [MESSAGE][PASSED] - Object: 'Object Repository/Syetem_settings/User_Manage/user_info/close_user' is clicked on

2019-04-17 11:41:25 - [TEST_STEP][PASSED] - Start listener action : sampleAfterTestCase: Invoke 'com.kms.katalon.core.annotation.AfterTestCase' method: 'NewTestListener.sampleAfterTestCase(...)' completed.

2019-04-17 11:41:25 - [TEST_STEP][PASSED] - Statement - println(testCaseContext.getTestCaseId()): null

2019-04-17 11:41:25 - [TEST_STEP][PASSED] - Statement - println(testCaseContext.getTestCaseStatus()): Invoke 'com.kms.katalon.core.annotation.AfterTestCase' method: 'NewTestListener.sampleAfterTestCase(...)' completed.]]></system-out>
         <system-err><![CDATA[]]></system-err>
      </testcase>
      <testcase name="Test Cases/002_System_,Manage/001_User_Manage/003_Add_user_uique" classname="Test Cases/002_System_,Manage/001_User_Manage/003_Add_user_uique" status="PASSED">
         <system-out><![CDATA[2019-04-17 11:41:27 - [TEST_CASE][PASSED] - Test Cases/002_System_,Manage/001_User_Manage/003_Add_user_uique: Test Cases/002_System_,Manage/001_User_Manage/003_Add_user_uique

2019-04-17 11:41:27 - [TEST_STEP][PASSED] - Start listener action : sampleBeforeTestCase: Invoke 'com.kms.katalon.core.annotation.BeforeTestCase' method: 'NewTestListener.sampleBeforeTestCase(...)' completed.

2019-04-17 11:41:27 - [TEST_STEP][PASSED] - Statement - println(testCaseContext.getTestCaseId()): null

2019-04-17 11:41:27 - [TEST_STEP][PASSED] - Statement - println(testCaseContext.getTestCaseVariables()): Invoke 'com.kms.katalon.core.annotation.BeforeTestCase' method: 'NewTestListener.sampleBeforeTestCase(...)' completed.

2019-04-17 11:41:27 - [TEST_STEP][NOT_RUN] - callTestCase: NOT_RUN: callTestCase

2019-04-17 11:41:27 - [MESSAGE][NOT_RUN] - NOT_RUN: callTestCase

2019-04-17 11:41:27 - [TEST_STEP][PASSED] - comment: begain to add one new user!

2019-04-17 11:41:27 - [TEST_STEP][PASSED] - click: Object: 'Object Repository/Syetem_settings/User_Manage/a_ new_user' is clicked on

2019-04-17 11:41:27 - [MESSAGE][PASSED] - Object: 'Object Repository/Syetem_settings/User_Manage/a_ new_user' is clicked on

2019-04-17 11:41:27 - [TEST_STEP][PASSED] - delay: Delayed 1 second(s)

2019-04-17 11:41:28 - [MESSAGE][PASSED] - Delayed 1 second(s)

2019-04-17 11:41:28 - [TEST_STEP][PASSED] - click: Object: 'Object Repository/Syetem_settings/User_Manage/user_info/choose_dept' is clicked on

2019-04-17 11:41:28 - [MESSAGE][PASSED] - Object: 'Object Repository/Syetem_settings/User_Manage/user_info/choose_dept' is clicked on

2019-04-17 11:41:28 - [TEST_STEP][PASSED] - delay: Delayed 1 second(s)

2019-04-17 11:41:29 - [MESSAGE][PASSED] - Delayed 1 second(s)

2019-04-17 11:41:29 - [TEST_STEP][PASSED] - click: Object: 'Object Repository/Syetem_settings/User_Manage/user_info/i__TreeNB' is clicked on

2019-04-17 11:41:29 - [MESSAGE][PASSED] - Object: 'Object Repository/Syetem_settings/User_Manage/user_info/i__TreeNB' is clicked on

2019-04-17 11:41:29 - [TEST_STEP][PASSED] - delay: Delayed 1 second(s)

2019-04-17 11:41:30 - [MESSAGE][PASSED] - Delayed 1 second(s)

2019-04-17 11:41:30 - [TEST_STEP][PASSED] - click: Object: 'Object Repository/Syetem_settings/User_Manage/user_info/cite_CQDepart' is clicked on

2019-04-17 11:41:31 - [MESSAGE][PASSED] - Object: 'Object Repository/Syetem_settings/User_Manage/user_info/cite_CQDepart' is clicked on

2019-04-17 11:41:31 - [TEST_STEP][PASSED] - delay: Delayed 1 second(s)

2019-04-17 11:41:32 - [MESSAGE][PASSED] - Delayed 1 second(s)

2019-04-17 11:41:32 - [TEST_STEP][PASSED] - setText: Text '' is set on object 'Object Repository/Syetem_settings/User_Manage/user_info/input_ RealName'

2019-04-17 11:41:32 - [MESSAGE][PASSED] - Text '' is set on object 'Object Repository/Syetem_settings/User_Manage/user_info/input_ RealName'

2019-04-17 11:41:32 - [TEST_STEP][PASSED] - delay: Delayed 1 second(s)

2019-04-17 11:41:33 - [MESSAGE][PASSED] - Delayed 1 second(s)

2019-04-17 11:41:33 - [TEST_STEP][PASSED] - setText: Text '测试岗位6' is set on object 'Object Repository/Syetem_settings/User_Manage/user_info/input_position'

2019-04-17 11:41:33 - [MESSAGE][PASSED] - Text '测试岗位6' is set on object 'Object Repository/Syetem_settings/User_Manage/user_info/input_position'

2019-04-17 11:41:33 - [TEST_STEP][PASSED] - delay: Delayed 1 second(s)

2019-04-17 11:41:34 - [MESSAGE][PASSED] - Delayed 1 second(s)

2019-04-17 11:41:34 - [TEST_STEP][PASSED] - setText: Text '15263625415' is set on object 'Object Repository/Syetem_settings/User_Manage/user_info/input_mobile'

2019-04-17 11:41:34 - [MESSAGE][PASSED] - Text '15263625415' is set on object 'Object Repository/Syetem_settings/User_Manage/user_info/input_mobile'

2019-04-17 11:41:34 - [TEST_STEP][PASSED] - delay: Delayed 1 second(s)

2019-04-17 11:41:35 - [MESSAGE][PASSED] - Delayed 1 second(s)

2019-04-17 11:41:35 - [TEST_STEP][PASSED] - setText: Text '7425365@qq.com' is set on object 'Object Repository/Syetem_settings/User_Manage/user_info/input_email'

2019-04-17 11:41:35 - [MESSAGE][PASSED] - Text '7425365@qq.com' is set on object 'Object Repository/Syetem_settings/User_Manage/user_info/input_email'

2019-04-17 11:41:35 - [TEST_STEP][PASSED] - delay: Delayed 1 second(s)

2019-04-17 11:41:36 - [MESSAGE][PASSED] - Delayed 1 second(s)

2019-04-17 11:41:36 - [TEST_STEP][PASSED] - click: Object: 'Object Repository/Syetem_settings/User_Manage/user_info/button_ Save' is clicked on

2019-04-17 11:41:36 - [MESSAGE][PASSED] - Object: 'Object Repository/Syetem_settings/User_Manage/user_info/button_ Save' is clicked on

2019-04-17 11:41:36 - [TEST_STEP][PASSED] - Statement - If (com.kms.katalon.core.webui.keyword.WebUiBuiltInKeywords.verifyElementPresent(com.kms.katalon.core.testobject.ObjectRepository.findTestObject(Syetem_settings/User_Manage/user_info/tips_save), 10)): Object: 'Object Repository/Syetem_settings/User_Manage/user_info/close_user' is clicked on

2019-04-17 11:41:36 - [MESSAGE][PASSED] - Object 'Object Repository/Syetem_settings/User_Manage/user_info/tips_save' is present

2019-04-17 11:41:36 - [TEST_STEP][PASSED] - comment: 发现不能为空的提示

2019-04-17 11:41:36 - [TEST_STEP][PASSED] - delay: Delayed 1 second(s)

2019-04-17 11:41:37 - [MESSAGE][PASSED] - Delayed 1 second(s)

2019-04-17 11:41:37 - [TEST_STEP][PASSED] - click: Object: 'Object Repository/Syetem_settings/User_Manage/user_info/close_user' is clicked on

2019-04-17 11:41:37 - [MESSAGE][PASSED] - Object: 'Object Repository/Syetem_settings/User_Manage/user_info/close_user' is clicked on

2019-04-17 11:41:37 - [TEST_STEP][PASSED] - delay: Delayed 1 second(s)

2019-04-17 11:41:38 - [MESSAGE][PASSED] - Delayed 1 second(s)

2019-04-17 11:41:38 - [TEST_STEP][PASSED] - click: Object: 'Object Repository/Syetem_settings/User_Manage/a_ new_user' is clicked on

2019-04-17 11:41:38 - [MESSAGE][PASSED] - Object: 'Object Repository/Syetem_settings/User_Manage/a_ new_user' is clicked on

2019-04-17 11:41:38 - [TEST_STEP][PASSED] - delay: Delayed 1 second(s)

2019-04-17 11:41:39 - [MESSAGE][PASSED] - Delayed 1 second(s)

2019-04-17 11:41:39 - [TEST_STEP][PASSED] - click: Object: 'Object Repository/Syetem_settings/User_Manage/user_info/choose_dept' is clicked on

2019-04-17 11:41:40 - [MESSAGE][PASSED] - Object: 'Object Repository/Syetem_settings/User_Manage/user_info/choose_dept' is clicked on

2019-04-17 11:41:40 - [TEST_STEP][PASSED] - delay: Delayed 1 second(s)

2019-04-17 11:41:41 - [MESSAGE][PASSED] - Delayed 1 second(s)

2019-04-17 11:41:41 - [TEST_STEP][PASSED] - click: Object: 'Object Repository/Syetem_settings/User_Manage/user_info/i__TreeNB' is clicked on

2019-04-17 11:41:41 - [MESSAGE][PASSED] - Object: 'Object Repository/Syetem_settings/User_Manage/user_info/i__TreeNB' is clicked on

2019-04-17 11:41:41 - [TEST_STEP][PASSED] - delay: Delayed 1 second(s)

2019-04-17 11:41:42 - [MESSAGE][PASSED] - Delayed 1 second(s)

2019-04-17 11:41:42 - [TEST_STEP][PASSED] - click: Object: 'Object Repository/Syetem_settings/User_Manage/user_info/cite_CQDepart' is clicked on

2019-04-17 11:41:42 - [MESSAGE][PASSED] - Object: 'Object Repository/Syetem_settings/User_Manage/user_info/cite_CQDepart' is clicked on

2019-04-17 11:41:42 - [TEST_STEP][PASSED] - delay: Delayed 1 second(s)

2019-04-17 11:41:43 - [MESSAGE][PASSED] - Delayed 1 second(s)

2019-04-17 11:41:43 - [TEST_STEP][PASSED] - setText: Text '验证邮箱格式' is set on object 'Object Repository/Syetem_settings/User_Manage/user_info/input_ RealName'

2019-04-17 11:41:43 - [MESSAGE][PASSED] - Text '验证邮箱格式' is set on object 'Object Repository/Syetem_settings/User_Manage/user_info/input_ RealName'

2019-04-17 11:41:43 - [TEST_STEP][PASSED] - delay: Delayed 1 second(s)

2019-04-17 11:41:44 - [MESSAGE][PASSED] - Delayed 1 second(s)

2019-04-17 11:41:44 - [TEST_STEP][PASSED] - setText: Text '测试' is set on object 'Object Repository/Syetem_settings/User_Manage/user_info/input_position'

2019-04-17 11:41:44 - [MESSAGE][PASSED] - Text '测试' is set on object 'Object Repository/Syetem_settings/User_Manage/user_info/input_position'

2019-04-17 11:41:44 - [TEST_STEP][PASSED] - delay: Delayed 1 second(s)

2019-04-17 11:41:45 - [MESSAGE][PASSED] - Delayed 1 second(s)

2019-04-17 11:41:45 - [TEST_STEP][PASSED] - setText: Text '15263625413' is set on object 'Object Repository/Syetem_settings/User_Manage/user_info/input_mobile'

2019-04-17 11:41:45 - [MESSAGE][PASSED] - Text '15263625413' is set on object 'Object Repository/Syetem_settings/User_Manage/user_info/input_mobile'

2019-04-17 11:41:45 - [TEST_STEP][PASSED] - delay: Delayed 1 second(s)

2019-04-17 11:41:46 - [MESSAGE][PASSED] - Delayed 1 second(s)

2019-04-17 11:41:46 - [TEST_STEP][PASSED] - setText: Text '3214243@' is set on object 'Object Repository/Syetem_settings/User_Manage/user_info/input_email'

2019-04-17 11:41:46 - [MESSAGE][PASSED] - Text '3214243@' is set on object 'Object Repository/Syetem_settings/User_Manage/user_info/input_email'

2019-04-17 11:41:46 - [TEST_STEP][PASSED] - click: Object: 'Object Repository/Syetem_settings/User_Manage/user_info/button_ Save' is clicked on

2019-04-17 11:41:46 - [MESSAGE][PASSED] - Object: 'Object Repository/Syetem_settings/User_Manage/user_info/button_ Save' is clicked on

2019-04-17 11:41:46 - [TEST_STEP][PASSED] - Statement - If (com.kms.katalon.core.webui.keyword.WebUiBuiltInKeywords.verifyElementPresent(com.kms.katalon.core.testobject.ObjectRepository.findTestObject(Syetem_settings/User_Manage/user_info/save_email), 10)): Object: 'Object Repository/Syetem_settings/User_Manage/user_info/close_user' is clicked on

2019-04-17 11:41:47 - [MESSAGE][PASSED] - Object 'Object Repository/Syetem_settings/User_Manage/user_info/save_email' is present

2019-04-17 11:41:47 - [TEST_STEP][PASSED] - comment: 发现邮件格式不对的提示

2019-04-17 11:41:47 - [TEST_STEP][PASSED] - delay: Delayed 1 second(s)

2019-04-17 11:41:48 - [MESSAGE][PASSED] - Delayed 1 second(s)

2019-04-17 11:41:48 - [TEST_STEP][PASSED] - click: Object: 'Object Repository/Syetem_settings/User_Manage/user_info/close_user' is clicked on

2019-04-17 11:41:48 - [MESSAGE][PASSED] - Object: 'Object Repository/Syetem_settings/User_Manage/user_info/close_user' is clicked on

2019-04-17 11:41:48 - [TEST_STEP][PASSED] - Start listener action : sampleAfterTestCase: Invoke 'com.kms.katalon.core.annotation.AfterTestCase' method: 'NewTestListener.sampleAfterTestCase(...)' completed.

2019-04-17 11:41:48 - [TEST_STEP][PASSED] - Statement - println(testCaseContext.getTestCaseId()): null

2019-04-17 11:41:48 - [TEST_STEP][PASSED] - Statement - println(testCaseContext.getTestCaseStatus()): Invoke 'com.kms.katalon.core.annotation.AfterTestCase' method: 'NewTestListener.sampleAfterTestCase(...)' completed.]]></system-out>
         <system-err><![CDATA[]]></system-err>
      </testcase>
      <testcase name="Test Cases/002_System_,Manage/001_User_Manage/003_Add_user_uique" classname="Test Cases/002_System_,Manage/001_User_Manage/003_Add_user_uique" status="PASSED">
         <system-out><![CDATA[2019-04-17 11:41:50 - [TEST_CASE][PASSED] - Test Cases/002_System_,Manage/001_User_Manage/003_Add_user_uique: Test Cases/002_System_,Manage/001_User_Manage/003_Add_user_uique

2019-04-17 11:41:50 - [TEST_STEP][PASSED] - Start listener action : sampleBeforeTestCase: Invoke 'com.kms.katalon.core.annotation.BeforeTestCase' method: 'NewTestListener.sampleBeforeTestCase(...)' completed.

2019-04-17 11:41:50 - [TEST_STEP][PASSED] - Statement - println(testCaseContext.getTestCaseId()): null

2019-04-17 11:41:50 - [TEST_STEP][PASSED] - Statement - println(testCaseContext.getTestCaseVariables()): Invoke 'com.kms.katalon.core.annotation.BeforeTestCase' method: 'NewTestListener.sampleBeforeTestCase(...)' completed.

2019-04-17 11:41:50 - [TEST_STEP][NOT_RUN] - callTestCase: NOT_RUN: callTestCase

2019-04-17 11:41:50 - [MESSAGE][NOT_RUN] - NOT_RUN: callTestCase

2019-04-17 11:41:50 - [TEST_STEP][PASSED] - comment: begain to add one new user!

2019-04-17 11:41:50 - [TEST_STEP][PASSED] - click: Object: 'Object Repository/Syetem_settings/User_Manage/a_ new_user' is clicked on

2019-04-17 11:41:50 - [MESSAGE][PASSED] - Object: 'Object Repository/Syetem_settings/User_Manage/a_ new_user' is clicked on

2019-04-17 11:41:50 - [TEST_STEP][PASSED] - delay: Delayed 1 second(s)

2019-04-17 11:41:51 - [MESSAGE][PASSED] - Delayed 1 second(s)

2019-04-17 11:41:51 - [TEST_STEP][PASSED] - click: Object: 'Object Repository/Syetem_settings/User_Manage/user_info/choose_dept' is clicked on

2019-04-17 11:41:51 - [MESSAGE][PASSED] - Object: 'Object Repository/Syetem_settings/User_Manage/user_info/choose_dept' is clicked on

2019-04-17 11:41:51 - [TEST_STEP][PASSED] - delay: Delayed 1 second(s)

2019-04-17 11:41:52 - [MESSAGE][PASSED] - Delayed 1 second(s)

2019-04-17 11:41:52 - [TEST_STEP][PASSED] - click: Object: 'Object Repository/Syetem_settings/User_Manage/user_info/i__TreeNB' is clicked on

2019-04-17 11:41:52 - [MESSAGE][PASSED] - Object: 'Object Repository/Syetem_settings/User_Manage/user_info/i__TreeNB' is clicked on

2019-04-17 11:41:52 - [TEST_STEP][PASSED] - delay: Delayed 1 second(s)

2019-04-17 11:41:53 - [MESSAGE][PASSED] - Delayed 1 second(s)

2019-04-17 11:41:53 - [TEST_STEP][PASSED] - click: Object: 'Object Repository/Syetem_settings/User_Manage/user_info/cite_CQDepart' is clicked on

2019-04-17 11:41:53 - [MESSAGE][PASSED] - Object: 'Object Repository/Syetem_settings/User_Manage/user_info/cite_CQDepart' is clicked on

2019-04-17 11:41:53 - [TEST_STEP][PASSED] - delay: Delayed 1 second(s)

2019-04-17 11:41:54 - [MESSAGE][PASSED] - Delayed 1 second(s)

2019-04-17 11:41:54 - [TEST_STEP][PASSED] - setText: Text '测试人员7' is set on object 'Object Repository/Syetem_settings/User_Manage/user_info/input_ RealName'

2019-04-17 11:41:54 - [MESSAGE][PASSED] - Text '测试人员7' is set on object 'Object Repository/Syetem_settings/User_Manage/user_info/input_ RealName'

2019-04-17 11:41:54 - [TEST_STEP][PASSED] - delay: Delayed 1 second(s)

2019-04-17 11:41:55 - [MESSAGE][PASSED] - Delayed 1 second(s)

2019-04-17 11:41:55 - [TEST_STEP][PASSED] - setText: Text '' is set on object 'Object Repository/Syetem_settings/User_Manage/user_info/input_position'

2019-04-17 11:41:55 - [MESSAGE][PASSED] - Text '' is set on object 'Object Repository/Syetem_settings/User_Manage/user_info/input_position'

2019-04-17 11:41:55 - [TEST_STEP][PASSED] - delay: Delayed 1 second(s)

2019-04-17 11:41:56 - [MESSAGE][PASSED] - Delayed 1 second(s)

2019-04-17 11:41:56 - [TEST_STEP][PASSED] - setText: Text '15263625416' is set on object 'Object Repository/Syetem_settings/User_Manage/user_info/input_mobile'

2019-04-17 11:41:57 - [MESSAGE][PASSED] - Text '15263625416' is set on object 'Object Repository/Syetem_settings/User_Manage/user_info/input_mobile'

2019-04-17 11:41:57 - [TEST_STEP][PASSED] - delay: Delayed 1 second(s)

2019-04-17 11:41:58 - [MESSAGE][PASSED] - Delayed 1 second(s)

2019-04-17 11:41:58 - [TEST_STEP][PASSED] - setText: Text '7425368@qq.com' is set on object 'Object Repository/Syetem_settings/User_Manage/user_info/input_email'

2019-04-17 11:41:58 - [MESSAGE][PASSED] - Text '7425368@qq.com' is set on object 'Object Repository/Syetem_settings/User_Manage/user_info/input_email'

2019-04-17 11:41:58 - [TEST_STEP][PASSED] - delay: Delayed 1 second(s)

2019-04-17 11:41:59 - [MESSAGE][PASSED] - Delayed 1 second(s)

2019-04-17 11:41:59 - [TEST_STEP][PASSED] - click: Object: 'Object Repository/Syetem_settings/User_Manage/user_info/button_ Save' is clicked on

2019-04-17 11:41:59 - [MESSAGE][PASSED] - Object: 'Object Repository/Syetem_settings/User_Manage/user_info/button_ Save' is clicked on

2019-04-17 11:41:59 - [TEST_STEP][PASSED] - Statement - If (com.kms.katalon.core.webui.keyword.WebUiBuiltInKeywords.verifyElementPresent(com.kms.katalon.core.testobject.ObjectRepository.findTestObject(Syetem_settings/User_Manage/user_info/tips_save), 10)): Object: 'Object Repository/Syetem_settings/User_Manage/user_info/close_user' is clicked on

2019-04-17 11:41:59 - [MESSAGE][PASSED] - Object 'Object Repository/Syetem_settings/User_Manage/user_info/tips_save' is present

2019-04-17 11:41:59 - [TEST_STEP][PASSED] - comment: 发现不能为空的提示

2019-04-17 11:41:59 - [TEST_STEP][PASSED] - delay: Delayed 1 second(s)

2019-04-17 11:42:00 - [MESSAGE][PASSED] - Delayed 1 second(s)

2019-04-17 11:42:00 - [TEST_STEP][PASSED] - click: Object: 'Object Repository/Syetem_settings/User_Manage/user_info/close_user' is clicked on

2019-04-17 11:42:00 - [MESSAGE][PASSED] - Object: 'Object Repository/Syetem_settings/User_Manage/user_info/close_user' is clicked on

2019-04-17 11:42:00 - [TEST_STEP][PASSED] - delay: Delayed 1 second(s)

2019-04-17 11:42:01 - [MESSAGE][PASSED] - Delayed 1 second(s)

2019-04-17 11:42:01 - [TEST_STEP][PASSED] - click: Object: 'Object Repository/Syetem_settings/User_Manage/a_ new_user' is clicked on

2019-04-17 11:42:01 - [MESSAGE][PASSED] - Object: 'Object Repository/Syetem_settings/User_Manage/a_ new_user' is clicked on

2019-04-17 11:42:01 - [TEST_STEP][PASSED] - delay: Delayed 1 second(s)

2019-04-17 11:42:02 - [MESSAGE][PASSED] - Delayed 1 second(s)

2019-04-17 11:42:02 - [TEST_STEP][PASSED] - click: Object: 'Object Repository/Syetem_settings/User_Manage/user_info/choose_dept' is clicked on

2019-04-17 11:42:02 - [MESSAGE][PASSED] - Object: 'Object Repository/Syetem_settings/User_Manage/user_info/choose_dept' is clicked on

2019-04-17 11:42:02 - [TEST_STEP][PASSED] - delay: Delayed 1 second(s)

2019-04-17 11:42:03 - [MESSAGE][PASSED] - Delayed 1 second(s)

2019-04-17 11:42:03 - [TEST_STEP][PASSED] - click: Object: 'Object Repository/Syetem_settings/User_Manage/user_info/i__TreeNB' is clicked on

2019-04-17 11:42:03 - [MESSAGE][PASSED] - Object: 'Object Repository/Syetem_settings/User_Manage/user_info/i__TreeNB' is clicked on

2019-04-17 11:42:03 - [TEST_STEP][PASSED] - delay: Delayed 1 second(s)

2019-04-17 11:42:04 - [MESSAGE][PASSED] - Delayed 1 second(s)

2019-04-17 11:42:04 - [TEST_STEP][PASSED] - click: Object: 'Object Repository/Syetem_settings/User_Manage/user_info/cite_CQDepart' is clicked on

2019-04-17 11:42:04 - [MESSAGE][PASSED] - Object: 'Object Repository/Syetem_settings/User_Manage/user_info/cite_CQDepart' is clicked on

2019-04-17 11:42:04 - [TEST_STEP][PASSED] - delay: Delayed 1 second(s)

2019-04-17 11:42:05 - [MESSAGE][PASSED] - Delayed 1 second(s)

2019-04-17 11:42:05 - [TEST_STEP][PASSED] - setText: Text '验证邮箱格式' is set on object 'Object Repository/Syetem_settings/User_Manage/user_info/input_ RealName'

2019-04-17 11:42:05 - [MESSAGE][PASSED] - Text '验证邮箱格式' is set on object 'Object Repository/Syetem_settings/User_Manage/user_info/input_ RealName'

2019-04-17 11:42:05 - [TEST_STEP][PASSED] - delay: Delayed 1 second(s)

2019-04-17 11:42:06 - [MESSAGE][PASSED] - Delayed 1 second(s)

2019-04-17 11:42:06 - [TEST_STEP][PASSED] - setText: Text '测试' is set on object 'Object Repository/Syetem_settings/User_Manage/user_info/input_position'

2019-04-17 11:42:07 - [MESSAGE][PASSED] - Text '测试' is set on object 'Object Repository/Syetem_settings/User_Manage/user_info/input_position'

2019-04-17 11:42:07 - [TEST_STEP][PASSED] - delay: Delayed 1 second(s)

2019-04-17 11:42:08 - [MESSAGE][PASSED] - Delayed 1 second(s)

2019-04-17 11:42:08 - [TEST_STEP][PASSED] - setText: Text '15263625413' is set on object 'Object Repository/Syetem_settings/User_Manage/user_info/input_mobile'

2019-04-17 11:42:08 - [MESSAGE][PASSED] - Text '15263625413' is set on object 'Object Repository/Syetem_settings/User_Manage/user_info/input_mobile'

2019-04-17 11:42:08 - [TEST_STEP][PASSED] - delay: Delayed 1 second(s)

2019-04-17 11:42:09 - [MESSAGE][PASSED] - Delayed 1 second(s)

2019-04-17 11:42:09 - [TEST_STEP][PASSED] - setText: Text '@fststgrst' is set on object 'Object Repository/Syetem_settings/User_Manage/user_info/input_email'

2019-04-17 11:42:09 - [MESSAGE][PASSED] - Text '@fststgrst' is set on object 'Object Repository/Syetem_settings/User_Manage/user_info/input_email'

2019-04-17 11:42:09 - [TEST_STEP][PASSED] - click: Object: 'Object Repository/Syetem_settings/User_Manage/user_info/button_ Save' is clicked on

2019-04-17 11:42:09 - [MESSAGE][PASSED] - Object: 'Object Repository/Syetem_settings/User_Manage/user_info/button_ Save' is clicked on

2019-04-17 11:42:09 - [TEST_STEP][PASSED] - Statement - If (com.kms.katalon.core.webui.keyword.WebUiBuiltInKeywords.verifyElementPresent(com.kms.katalon.core.testobject.ObjectRepository.findTestObject(Syetem_settings/User_Manage/user_info/save_email), 10)): Object: 'Object Repository/Syetem_settings/User_Manage/user_info/close_user' is clicked on

2019-04-17 11:42:09 - [MESSAGE][PASSED] - Object 'Object Repository/Syetem_settings/User_Manage/user_info/save_email' is present

2019-04-17 11:42:09 - [TEST_STEP][PASSED] - comment: 发现邮件格式不对的提示

2019-04-17 11:42:09 - [TEST_STEP][PASSED] - delay: Delayed 1 second(s)

2019-04-17 11:42:10 - [MESSAGE][PASSED] - Delayed 1 second(s)

2019-04-17 11:42:10 - [TEST_STEP][PASSED] - click: Object: 'Object Repository/Syetem_settings/User_Manage/user_info/close_user' is clicked on

2019-04-17 11:42:10 - [MESSAGE][PASSED] - Object: 'Object Repository/Syetem_settings/User_Manage/user_info/close_user' is clicked on

2019-04-17 11:42:10 - [TEST_STEP][PASSED] - Start listener action : sampleAfterTestCase: Invoke 'com.kms.katalon.core.annotation.AfterTestCase' method: 'NewTestListener.sampleAfterTestCase(...)' completed.

2019-04-17 11:42:10 - [TEST_STEP][PASSED] - Statement - println(testCaseContext.getTestCaseId()): null

2019-04-17 11:42:10 - [TEST_STEP][PASSED] - Statement - println(testCaseContext.getTestCaseStatus()): Invoke 'com.kms.katalon.core.annotation.AfterTestCase' method: 'NewTestListener.sampleAfterTestCase(...)' completed.]]></system-out>
         <system-err><![CDATA[]]></system-err>
      </testcase>
      <testcase name="Test Cases/002_System_,Manage/001_User_Manage/003_Add_user_uique" classname="Test Cases/002_System_,Manage/001_User_Manage/003_Add_user_uique" status="PASSED">
         <system-out><![CDATA[2019-04-17 11:42:12 - [TEST_CASE][PASSED] - Test Cases/002_System_,Manage/001_User_Manage/003_Add_user_uique: Test Cases/002_System_,Manage/001_User_Manage/003_Add_user_uique

2019-04-17 11:42:12 - [TEST_STEP][PASSED] - Start listener action : sampleBeforeTestCase: Invoke 'com.kms.katalon.core.annotation.BeforeTestCase' method: 'NewTestListener.sampleBeforeTestCase(...)' completed.

2019-04-17 11:42:12 - [TEST_STEP][PASSED] - Statement - println(testCaseContext.getTestCaseId()): null

2019-04-17 11:42:12 - [TEST_STEP][PASSED] - Statement - println(testCaseContext.getTestCaseVariables()): Invoke 'com.kms.katalon.core.annotation.BeforeTestCase' method: 'NewTestListener.sampleBeforeTestCase(...)' completed.

2019-04-17 11:42:12 - [TEST_STEP][NOT_RUN] - callTestCase: NOT_RUN: callTestCase

2019-04-17 11:42:12 - [MESSAGE][NOT_RUN] - NOT_RUN: callTestCase

2019-04-17 11:42:12 - [TEST_STEP][PASSED] - comment: begain to add one new user!

2019-04-17 11:42:12 - [TEST_STEP][PASSED] - click: Object: 'Object Repository/Syetem_settings/User_Manage/a_ new_user' is clicked on

2019-04-17 11:42:12 - [MESSAGE][PASSED] - Object: 'Object Repository/Syetem_settings/User_Manage/a_ new_user' is clicked on

2019-04-17 11:42:12 - [TEST_STEP][PASSED] - delay: Delayed 1 second(s)

2019-04-17 11:42:13 - [MESSAGE][PASSED] - Delayed 1 second(s)

2019-04-17 11:42:13 - [TEST_STEP][PASSED] - click: Object: 'Object Repository/Syetem_settings/User_Manage/user_info/choose_dept' is clicked on

2019-04-17 11:42:13 - [MESSAGE][PASSED] - Object: 'Object Repository/Syetem_settings/User_Manage/user_info/choose_dept' is clicked on

2019-04-17 11:42:13 - [TEST_STEP][PASSED] - delay: Delayed 1 second(s)

2019-04-17 11:42:14 - [MESSAGE][PASSED] - Delayed 1 second(s)

2019-04-17 11:42:14 - [TEST_STEP][PASSED] - click: Object: 'Object Repository/Syetem_settings/User_Manage/user_info/i__TreeNB' is clicked on

2019-04-17 11:42:15 - [MESSAGE][PASSED] - Object: 'Object Repository/Syetem_settings/User_Manage/user_info/i__TreeNB' is clicked on

2019-04-17 11:42:15 - [TEST_STEP][PASSED] - delay: Delayed 1 second(s)

2019-04-17 11:42:16 - [MESSAGE][PASSED] - Delayed 1 second(s)

2019-04-17 11:42:16 - [TEST_STEP][PASSED] - click: Object: 'Object Repository/Syetem_settings/User_Manage/user_info/cite_CQDepart' is clicked on

2019-04-17 11:42:16 - [MESSAGE][PASSED] - Object: 'Object Repository/Syetem_settings/User_Manage/user_info/cite_CQDepart' is clicked on

2019-04-17 11:42:16 - [TEST_STEP][PASSED] - delay: Delayed 1 second(s)

2019-04-17 11:42:17 - [MESSAGE][PASSED] - Delayed 1 second(s)

2019-04-17 11:42:17 - [TEST_STEP][PASSED] - setText: Text '测试人员8' is set on object 'Object Repository/Syetem_settings/User_Manage/user_info/input_ RealName'

2019-04-17 11:42:17 - [MESSAGE][PASSED] - Text '测试人员8' is set on object 'Object Repository/Syetem_settings/User_Manage/user_info/input_ RealName'

2019-04-17 11:42:17 - [TEST_STEP][PASSED] - delay: Delayed 1 second(s)

2019-04-17 11:42:18 - [MESSAGE][PASSED] - Delayed 1 second(s)

2019-04-17 11:42:18 - [TEST_STEP][PASSED] - setText: Text '测试岗位8' is set on object 'Object Repository/Syetem_settings/User_Manage/user_info/input_position'

2019-04-17 11:42:18 - [MESSAGE][PASSED] - Text '测试岗位8' is set on object 'Object Repository/Syetem_settings/User_Manage/user_info/input_position'

2019-04-17 11:42:18 - [TEST_STEP][PASSED] - delay: Delayed 1 second(s)

2019-04-17 11:42:19 - [MESSAGE][PASSED] - Delayed 1 second(s)

2019-04-17 11:42:19 - [TEST_STEP][PASSED] - setText: Text '' is set on object 'Object Repository/Syetem_settings/User_Manage/user_info/input_mobile'

2019-04-17 11:42:19 - [MESSAGE][PASSED] - Text '' is set on object 'Object Repository/Syetem_settings/User_Manage/user_info/input_mobile'

2019-04-17 11:42:19 - [TEST_STEP][PASSED] - delay: Delayed 1 second(s)

2019-04-17 11:42:20 - [MESSAGE][PASSED] - Delayed 1 second(s)

2019-04-17 11:42:20 - [TEST_STEP][PASSED] - setText: Text '7425368@qq.com' is set on object 'Object Repository/Syetem_settings/User_Manage/user_info/input_email'

2019-04-17 11:42:20 - [MESSAGE][PASSED] - Text '7425368@qq.com' is set on object 'Object Repository/Syetem_settings/User_Manage/user_info/input_email'

2019-04-17 11:42:20 - [TEST_STEP][PASSED] - delay: Delayed 1 second(s)

2019-04-17 11:42:21 - [MESSAGE][PASSED] - Delayed 1 second(s)

2019-04-17 11:42:21 - [TEST_STEP][PASSED] - click: Object: 'Object Repository/Syetem_settings/User_Manage/user_info/button_ Save' is clicked on

2019-04-17 11:42:21 - [MESSAGE][PASSED] - Object: 'Object Repository/Syetem_settings/User_Manage/user_info/button_ Save' is clicked on

2019-04-17 11:42:21 - [TEST_STEP][PASSED] - Statement - If (com.kms.katalon.core.webui.keyword.WebUiBuiltInKeywords.verifyElementPresent(com.kms.katalon.core.testobject.ObjectRepository.findTestObject(Syetem_settings/User_Manage/user_info/tips_save), 10)): Object: 'Object Repository/Syetem_settings/User_Manage/user_info/close_user' is clicked on

2019-04-17 11:42:21 - [MESSAGE][PASSED] - Object 'Object Repository/Syetem_settings/User_Manage/user_info/tips_save' is present

2019-04-17 11:42:21 - [TEST_STEP][PASSED] - comment: 发现不能为空的提示

2019-04-17 11:42:21 - [TEST_STEP][PASSED] - delay: Delayed 1 second(s)

2019-04-17 11:42:22 - [MESSAGE][PASSED] - Delayed 1 second(s)

2019-04-17 11:42:22 - [TEST_STEP][PASSED] - click: Object: 'Object Repository/Syetem_settings/User_Manage/user_info/close_user' is clicked on

2019-04-17 11:42:22 - [MESSAGE][PASSED] - Object: 'Object Repository/Syetem_settings/User_Manage/user_info/close_user' is clicked on

2019-04-17 11:42:22 - [TEST_STEP][PASSED] - delay: Delayed 1 second(s)

2019-04-17 11:42:23 - [MESSAGE][PASSED] - Delayed 1 second(s)

2019-04-17 11:42:23 - [TEST_STEP][PASSED] - click: Object: 'Object Repository/Syetem_settings/User_Manage/a_ new_user' is clicked on

2019-04-17 11:42:24 - [MESSAGE][PASSED] - Object: 'Object Repository/Syetem_settings/User_Manage/a_ new_user' is clicked on

2019-04-17 11:42:24 - [TEST_STEP][PASSED] - delay: Delayed 1 second(s)

2019-04-17 11:42:25 - [MESSAGE][PASSED] - Delayed 1 second(s)

2019-04-17 11:42:25 - [TEST_STEP][PASSED] - click: Object: 'Object Repository/Syetem_settings/User_Manage/user_info/choose_dept' is clicked on

2019-04-17 11:42:25 - [MESSAGE][PASSED] - Object: 'Object Repository/Syetem_settings/User_Manage/user_info/choose_dept' is clicked on

2019-04-17 11:42:25 - [TEST_STEP][PASSED] - delay: Delayed 1 second(s)

2019-04-17 11:42:26 - [MESSAGE][PASSED] - Delayed 1 second(s)

2019-04-17 11:42:26 - [TEST_STEP][PASSED] - click: Object: 'Object Repository/Syetem_settings/User_Manage/user_info/i__TreeNB' is clicked on

2019-04-17 11:42:26 - [MESSAGE][PASSED] - Object: 'Object Repository/Syetem_settings/User_Manage/user_info/i__TreeNB' is clicked on

2019-04-17 11:42:26 - [TEST_STEP][PASSED] - delay: Delayed 1 second(s)

2019-04-17 11:42:27 - [MESSAGE][PASSED] - Delayed 1 second(s)

2019-04-17 11:42:27 - [TEST_STEP][PASSED] - click: Object: 'Object Repository/Syetem_settings/User_Manage/user_info/cite_CQDepart' is clicked on

2019-04-17 11:42:27 - [MESSAGE][PASSED] - Object: 'Object Repository/Syetem_settings/User_Manage/user_info/cite_CQDepart' is clicked on

2019-04-17 11:42:27 - [TEST_STEP][PASSED] - delay: Delayed 1 second(s)

2019-04-17 11:42:28 - [MESSAGE][PASSED] - Delayed 1 second(s)

2019-04-17 11:42:28 - [TEST_STEP][PASSED] - setText: Text '验证邮箱格式' is set on object 'Object Repository/Syetem_settings/User_Manage/user_info/input_ RealName'

2019-04-17 11:42:28 - [MESSAGE][PASSED] - Text '验证邮箱格式' is set on object 'Object Repository/Syetem_settings/User_Manage/user_info/input_ RealName'

2019-04-17 11:42:28 - [TEST_STEP][PASSED] - delay: Delayed 1 second(s)

2019-04-17 11:42:29 - [MESSAGE][PASSED] - Delayed 1 second(s)

2019-04-17 11:42:29 - [TEST_STEP][PASSED] - setText: Text '测试' is set on object 'Object Repository/Syetem_settings/User_Manage/user_info/input_position'

2019-04-17 11:42:29 - [MESSAGE][PASSED] - Text '测试' is set on object 'Object Repository/Syetem_settings/User_Manage/user_info/input_position'

2019-04-17 11:42:29 - [TEST_STEP][PASSED] - delay: Delayed 1 second(s)

2019-04-17 11:42:30 - [MESSAGE][PASSED] - Delayed 1 second(s)

2019-04-17 11:42:30 - [TEST_STEP][PASSED] - setText: Text '15263625413' is set on object 'Object Repository/Syetem_settings/User_Manage/user_info/input_mobile'

2019-04-17 11:42:30 - [MESSAGE][PASSED] - Text '15263625413' is set on object 'Object Repository/Syetem_settings/User_Manage/user_info/input_mobile'

2019-04-17 11:42:30 - [TEST_STEP][PASSED] - delay: Delayed 1 second(s)

2019-04-17 11:42:31 - [MESSAGE][PASSED] - Delayed 1 second(s)

2019-04-17 11:42:31 - [TEST_STEP][PASSED] - setText: Text '@163.com' is set on object 'Object Repository/Syetem_settings/User_Manage/user_info/input_email'

2019-04-17 11:42:31 - [MESSAGE][PASSED] - Text '@163.com' is set on object 'Object Repository/Syetem_settings/User_Manage/user_info/input_email'

2019-04-17 11:42:31 - [TEST_STEP][PASSED] - click: Object: 'Object Repository/Syetem_settings/User_Manage/user_info/button_ Save' is clicked on

2019-04-17 11:42:32 - [MESSAGE][PASSED] - Object: 'Object Repository/Syetem_settings/User_Manage/user_info/button_ Save' is clicked on

2019-04-17 11:42:32 - [TEST_STEP][PASSED] - Statement - If (com.kms.katalon.core.webui.keyword.WebUiBuiltInKeywords.verifyElementPresent(com.kms.katalon.core.testobject.ObjectRepository.findTestObject(Syetem_settings/User_Manage/user_info/save_email), 10)): Object: 'Object Repository/Syetem_settings/User_Manage/user_info/close_user' is clicked on

2019-04-17 11:42:32 - [MESSAGE][PASSED] - Object 'Object Repository/Syetem_settings/User_Manage/user_info/save_email' is present

2019-04-17 11:42:32 - [TEST_STEP][PASSED] - comment: 发现邮件格式不对的提示

2019-04-17 11:42:32 - [TEST_STEP][PASSED] - delay: Delayed 1 second(s)

2019-04-17 11:42:33 - [MESSAGE][PASSED] - Delayed 1 second(s)

2019-04-17 11:42:33 - [TEST_STEP][PASSED] - click: Object: 'Object Repository/Syetem_settings/User_Manage/user_info/close_user' is clicked on

2019-04-17 11:42:33 - [MESSAGE][PASSED] - Object: 'Object Repository/Syetem_settings/User_Manage/user_info/close_user' is clicked on

2019-04-17 11:42:33 - [TEST_STEP][PASSED] - Start listener action : sampleAfterTestCase: Invoke 'com.kms.katalon.core.annotation.AfterTestCase' method: 'NewTestListener.sampleAfterTestCase(...)' completed.

2019-04-17 11:42:33 - [TEST_STEP][PASSED] - Statement - println(testCaseContext.getTestCaseId()): null

2019-04-17 11:42:33 - [TEST_STEP][PASSED] - Statement - println(testCaseContext.getTestCaseStatus()): Invoke 'com.kms.katalon.core.annotation.AfterTestCase' method: 'NewTestListener.sampleAfterTestCase(...)' completed.]]></system-out>
         <system-err><![CDATA[]]></system-err>
      </testcase>
      <testcase name="Test Cases/002_System_,Manage/001_User_Manage/009_check_userEditpage" classname="Test Cases/002_System_,Manage/001_User_Manage/009_check_userEditpage" status="FAILED">
         <failure type="FAILED" message="(Stack trace: com.kms.katalon.core.exception.StepFailedException: Unable to click on object 'Object Repository/Syetem_settings/User_Manage/a_user_manage' (Root cause: org.openqa.selenium.ElementNotVisibleException: element not visible
  (Session info: headless chrome=73.0.3683.75)
  (Driver info: chromedriver=2.35.528161 (5b82f2d2aae0ca24b877009200ced9065a772e73),platform=Windows NT 6.1.7601 SP1 x86_64) (WARNING: The server did not provide any stacktrace information)
Command duration or timeout: 0 milliseconds
Build info: version: '3.7.1', revision: '8a0099a', time: '2017-11-06T21:07:36.161Z'
System info: host: 'BF-20170623WSST', ip: '192.168.10.86', os.name: 'Windows 7', os.arch: 'amd64', os.version: '6.1', java.version: '1.8.0_181'
Driver info: com.kms.katalon.selenium.driver.CChromeDriver
Capabilities {acceptInsecureCerts: false, acceptSslCerts: false, applicationCacheEnabled: false, browserConnectionEnabled: false, browserName: chrome, chrome: {chromedriverVersion: 2.35.528161 (5b82f2d2aae0ca..., userDataDir: C:\Users\ADMINI~1\AppData\L...}, cssSelectorsEnabled: true, databaseEnabled: false, handlesAlerts: true, hasTouchScreen: false, javascriptEnabled: true, locationContextEnabled: true, mobileEmulationEnabled: false, nativeEvents: true, networkConnectionEnabled: false, pageLoadStrategy: normal, platform: XP, platformName: XP, rotatable: false, setWindowRect: true, takesHeapSnapshot: true, takesScreenshot: true, unexpectedAlertBehaviour: , unhandledPromptBehavior: , version: 73.0.3683.75, webStorageEnabled: true}
Session ID: ecbfab57194731940f9b5dbca6c50beb)
	at com.kms.katalon.core.keyword.internal.KeywordMain.stepFailed(KeywordMain.groovy:36)
	at com.kms.katalon.core.webui.keyword.internal.WebUIKeywordMain.stepFailed(WebUIKeywordMain.groovy:65)
	at com.kms.katalon.core.webui.keyword.internal.WebUIKeywordMain.runKeyword(WebUIKeywordMain.groovy:27)
	at com.kms.katalon.core.webui.keyword.builtin.ClickKeyword.click(ClickKeyword.groovy:86)
	at com.kms.katalon.core.webui.keyword.builtin.ClickKeyword.execute(ClickKeyword.groovy:67)
	at com.kms.katalon.core.keyword.internal.KeywordExecutor.executeKeywordForPlatform(KeywordExecutor.groovy:53)
	at com.kms.katalon.core.webui.keyword.WebUiBuiltInKeywords.click(WebUiBuiltInKeywords.groovy:616)
	at com.kms.katalon.core.webui.keyword.WebUiBuiltInKeywords$click$4.call(Unknown Source)
	at Script1555325328873.run(Script1555325328873.groovy:25)
	at com.kms.katalon.core.main.ScriptEngine.run(ScriptEngine.java:183)
	at com.kms.katalon.core.main.ScriptEngine.runScriptAsRawText(ScriptEngine.java:108)
	at com.kms.katalon.core.main.TestCaseExecutor.runScript(TestCaseExecutor.java:294)
	at com.kms.katalon.core.main.TestCaseExecutor.doExecute(TestCaseExecutor.java:285)
	at com.kms.katalon.core.main.TestCaseExecutor.processExecutionPhase(TestCaseExecutor.java:264)
	at com.kms.katalon.core.main.TestCaseExecutor.accessMainPhase(TestCaseExecutor.java:256)
	at com.kms.katalon.core.main.TestCaseExecutor.execute(TestCaseExecutor.java:200)
	at com.kms.katalon.core.main.TestCaseMain.runTestCase(TestCaseMain.java:99)
	at com.kms.katalon.core.keyword.builtin.CallTestCaseKeyword$_callTestCase_closure1.doCall(CallTestCaseKeyword.groovy:60)
	at com.kms.katalon.core.keyword.builtin.CallTestCaseKeyword$_callTestCase_closure1.call(CallTestCaseKeyword.groovy)
	at com.kms.katalon.core.keyword.internal.KeywordMain.runKeyword(KeywordMain.groovy:54)
	at com.kms.katalon.core.keyword.builtin.CallTestCaseKeyword.callTestCase(CallTestCaseKeyword.groovy:81)
	at com.kms.katalon.core.keyword.builtin.CallTestCaseKeyword.execute(CallTestCaseKeyword.groovy:45)
	at com.kms.katalon.core.keyword.internal.KeywordExecutor.executeKeywordForPlatform(KeywordExecutor.groovy:53)
	at com.kms.katalon.core.keyword.BuiltinKeywords.callTestCase(BuiltinKeywords.groovy:334)
	at sun.reflect.NativeMethodAccessorImpl.invoke0(Native Method)
	at sun.reflect.NativeMethodAccessorImpl.invoke(NativeMethodAccessorImpl.java:62)
	at sun.reflect.DelegatingMethodAccessorImpl.invoke(DelegatingMethodAccessorImpl.java:43)
	at java.lang.reflect.Method.invoke(Method.java:498)
	at org.codehaus.groovy.reflection.CachedMethod.invoke(CachedMethod.java:93)
	at groovy.lang.MetaMethod.doMethodInvoke(MetaMethod.java:325)
	at groovy.lang.MetaClassImpl.invokeStaticMethod(MetaClassImpl.java:1469)
	at org.codehaus.groovy.runtime.callsite.StaticMetaClassSite.call(StaticMetaClassSite.java:53)
	at org.codehaus.groovy.runtime.callsite.CallSiteArray.defaultCall(CallSiteArray.java:48)
	at org.codehaus.groovy.runtime.callsite.AbstractCallSite.call(AbstractCallSite.java:113)
	at org.codehaus.groovy.runtime.callsite.AbstractCallSite.call(AbstractCallSite.java:141)
	at Script1555402638307.run(Script1555402638307.groovy:27)
	at com.kms.katalon.core.main.ScriptEngine.run(ScriptEngine.java:183)
	at com.kms.katalon.core.main.ScriptEngine.runScriptAsRawText(ScriptEngine.java:108)
	at com.kms.katalon.core.main.TestCaseExecutor.runScript(TestCaseExecutor.java:294)
	at com.kms.katalon.core.main.TestCaseExecutor.doExecute(TestCaseExecutor.java:285)
	at com.kms.katalon.core.main.TestCaseExecutor.processExecutionPhase(TestCaseExecutor.java:264)
	at com.kms.katalon.core.main.TestCaseExecutor.accessMainPhase(TestCaseExecutor.java:256)
	at com.kms.katalon.core.main.TestCaseExecutor.execute(TestCaseExecutor.java:200)
	at com.kms.katalon.core.main.TestSuiteExecutor.accessTestCaseMainPhase(TestSuiteExecutor.java:129)
	at com.kms.katalon.core.main.TestSuiteExecutor.accessTestSuiteMainPhase(TestSuiteExecutor.java:112)
	at com.kms.katalon.core.main.TestSuiteExecutor.execute(TestSuiteExecutor.java:81)
	at com.kms.katalon.core.main.TestCaseMain.startTestSuite(TestCaseMain.java:142)
	at com.kms.katalon.core.main.TestCaseMain$startTestSuite$0.call(Unknown Source)
	at org.codehaus.groovy.runtime.callsite.CallSiteArray.defaultCall(CallSiteArray.java:48)
	at org.codehaus.groovy.runtime.callsite.AbstractCallSite.call(AbstractCallSite.java:113)
	at org.codehaus.groovy.runtime.callsite.AbstractCallSite.call(AbstractCallSite.java:141)
	at TempTestSuite1555472249208.run(TempTestSuite1555472249208.groovy:36)
	at groovy.lang.GroovyShell.runScriptOrMainOrTestOrRunnable(GroovyShell.java:263)
	at groovy.lang.GroovyShell.run(GroovyShell.java:518)
	at groovy.lang.GroovyShell.run(GroovyShell.java:507)
	at groovy.ui.GroovyMain.processOnce(GroovyMain.java:653)
	at groovy.ui.GroovyMain.run(GroovyMain.java:384)
	at groovy.ui.GroovyMain.process(GroovyMain.java:370)
	at groovy.ui.GroovyMain.processArgs(GroovyMain.java:129)
	at groovy.ui.GroovyMain.main(GroovyMain.java:109)
	at sun.reflect.NativeMethodAccessorImpl.invoke0(Native Method)
	at sun.reflect.NativeMethodAccessorImpl.invoke(NativeMethodAccessorImpl.java:62)
	at sun.reflect.DelegatingMethodAccessorImpl.invoke(DelegatingMethodAccessorImpl.java:43)
	at java.lang.reflect.Method.invoke(Method.java:498)
	at org.codehaus.groovy.tools.GroovyStarter.rootLoader(GroovyStarter.java:109)
	at org.codehaus.groovy.tools.GroovyStarter.main(GroovyStarter.java:131)
)"/>
         <system-out><![CDATA[2019-04-17 11:42:35 - [TEST_CASE][FAILED] - Test Cases/002_System_,Manage/001_User_Manage/009_check_userEditpage: Test Cases/002_System_,Manage/001_User_Manage/009_check_userEditpage FAILED because (of) (Stack trace: com.kms.katalon.core.exception.StepFailedException: Unable to click on object 'Object Repository/Syetem_settings/User_Manage/a_user_manage' (Root cause: org.openqa.selenium.ElementNotVisibleException: element not visible
  (Session info: headless chrome=73.0.3683.75)
  (Driver info: chromedriver=2.35.528161 (5b82f2d2aae0ca24b877009200ced9065a772e73),platform=Windows NT 6.1.7601 SP1 x86_64) (WARNING: The server did not provide any stacktrace information)
Command duration or timeout: 0 milliseconds
Build info: version: '3.7.1', revision: '8a0099a', time: '2017-11-06T21:07:36.161Z'
System info: host: 'BF-20170623WSST', ip: '192.168.10.86', os.name: 'Windows 7', os.arch: 'amd64', os.version: '6.1', java.version: '1.8.0_181'
Driver info: com.kms.katalon.selenium.driver.CChromeDriver
Capabilities {acceptInsecureCerts: false, acceptSslCerts: false, applicationCacheEnabled: false, browserConnectionEnabled: false, browserName: chrome, chrome: {chromedriverVersion: 2.35.528161 (5b82f2d2aae0ca..., userDataDir: C:\Users\ADMINI~1\AppData\L...}, cssSelectorsEnabled: true, databaseEnabled: false, handlesAlerts: true, hasTouchScreen: false, javascriptEnabled: true, locationContextEnabled: true, mobileEmulationEnabled: false, nativeEvents: true, networkConnectionEnabled: false, pageLoadStrategy: normal, platform: XP, platformName: XP, rotatable: false, setWindowRect: true, takesHeapSnapshot: true, takesScreenshot: true, unexpectedAlertBehaviour: , unhandledPromptBehavior: , version: 73.0.3683.75, webStorageEnabled: true}
Session ID: ecbfab57194731940f9b5dbca6c50beb)
	at com.kms.katalon.core.keyword.internal.KeywordMain.stepFailed(KeywordMain.groovy:36)
	at com.kms.katalon.core.webui.keyword.internal.WebUIKeywordMain.stepFailed(WebUIKeywordMain.groovy:65)
	at com.kms.katalon.core.webui.keyword.internal.WebUIKeywordMain.runKeyword(WebUIKeywordMain.groovy:27)
	at com.kms.katalon.core.webui.keyword.builtin.ClickKeyword.click(ClickKeyword.groovy:86)
	at com.kms.katalon.core.webui.keyword.builtin.ClickKeyword.execute(ClickKeyword.groovy:67)
	at com.kms.katalon.core.keyword.internal.KeywordExecutor.executeKeywordForPlatform(KeywordExecutor.groovy:53)
	at com.kms.katalon.core.webui.keyword.WebUiBuiltInKeywords.click(WebUiBuiltInKeywords.groovy:616)
	at com.kms.katalon.core.webui.keyword.WebUiBuiltInKeywords$click$4.call(Unknown Source)
	at Script1555325328873.run(Script1555325328873.groovy:25)
	at com.kms.katalon.core.main.ScriptEngine.run(ScriptEngine.java:183)
	at com.kms.katalon.core.main.ScriptEngine.runScriptAsRawText(ScriptEngine.java:108)
	at com.kms.katalon.core.main.TestCaseExecutor.runScript(TestCaseExecutor.java:294)
	at com.kms.katalon.core.main.TestCaseExecutor.doExecute(TestCaseExecutor.java:285)
	at com.kms.katalon.core.main.TestCaseExecutor.processExecutionPhase(TestCaseExecutor.java:264)
	at com.kms.katalon.core.main.TestCaseExecutor.accessMainPhase(TestCaseExecutor.java:256)
	at com.kms.katalon.core.main.TestCaseExecutor.execute(TestCaseExecutor.java:200)
	at com.kms.katalon.core.main.TestCaseMain.runTestCase(TestCaseMain.java:99)
	at com.kms.katalon.core.keyword.builtin.CallTestCaseKeyword$_callTestCase_closure1.doCall(CallTestCaseKeyword.groovy:60)
	at com.kms.katalon.core.keyword.builtin.CallTestCaseKeyword$_callTestCase_closure1.call(CallTestCaseKeyword.groovy)
	at com.kms.katalon.core.keyword.internal.KeywordMain.runKeyword(KeywordMain.groovy:54)
	at com.kms.katalon.core.keyword.builtin.CallTestCaseKeyword.callTestCase(CallTestCaseKeyword.groovy:81)
	at com.kms.katalon.core.keyword.builtin.CallTestCaseKeyword.execute(CallTestCaseKeyword.groovy:45)
	at com.kms.katalon.core.keyword.internal.KeywordExecutor.executeKeywordForPlatform(KeywordExecutor.groovy:53)
	at com.kms.katalon.core.keyword.BuiltinKeywords.callTestCase(BuiltinKeywords.groovy:334)
	at sun.reflect.NativeMethodAccessorImpl.invoke0(Native Method)
	at sun.reflect.NativeMethodAccessorImpl.invoke(NativeMethodAccessorImpl.java:62)
	at sun.reflect.DelegatingMethodAccessorImpl.invoke(DelegatingMethodAccessorImpl.java:43)
	at java.lang.reflect.Method.invoke(Method.java:498)
	at org.codehaus.groovy.reflection.CachedMethod.invoke(CachedMethod.java:93)
	at groovy.lang.MetaMethod.doMethodInvoke(MetaMethod.java:325)
	at groovy.lang.MetaClassImpl.invokeStaticMethod(MetaClassImpl.java:1469)
	at org.codehaus.groovy.runtime.callsite.StaticMetaClassSite.call(StaticMetaClassSite.java:53)
	at org.codehaus.groovy.runtime.callsite.CallSiteArray.defaultCall(CallSiteArray.java:48)
	at org.codehaus.groovy.runtime.callsite.AbstractCallSite.call(AbstractCallSite.java:113)
	at org.codehaus.groovy.runtime.callsite.AbstractCallSite.call(AbstractCallSite.java:141)
	at Script1555402638307.run(Script1555402638307.groovy:27)
	at com.kms.katalon.core.main.ScriptEngine.run(ScriptEngine.java:183)
	at com.kms.katalon.core.main.ScriptEngine.runScriptAsRawText(ScriptEngine.java:108)
	at com.kms.katalon.core.main.TestCaseExecutor.runScript(TestCaseExecutor.java:294)
	at com.kms.katalon.core.main.TestCaseExecutor.doExecute(TestCaseExecutor.java:285)
	at com.kms.katalon.core.main.TestCaseExecutor.processExecutionPhase(TestCaseExecutor.java:264)
	at com.kms.katalon.core.main.TestCaseExecutor.accessMainPhase(TestCaseExecutor.java:256)
	at com.kms.katalon.core.main.TestCaseExecutor.execute(TestCaseExecutor.java:200)
	at com.kms.katalon.core.main.TestSuiteExecutor.accessTestCaseMainPhase(TestSuiteExecutor.java:129)
	at com.kms.katalon.core.main.TestSuiteExecutor.accessTestSuiteMainPhase(TestSuiteExecutor.java:112)
	at com.kms.katalon.core.main.TestSuiteExecutor.execute(TestSuiteExecutor.java:81)
	at com.kms.katalon.core.main.TestCaseMain.startTestSuite(TestCaseMain.java:142)
	at com.kms.katalon.core.main.TestCaseMain$startTestSuite$0.call(Unknown Source)
	at org.codehaus.groovy.runtime.callsite.CallSiteArray.defaultCall(CallSiteArray.java:48)
	at org.codehaus.groovy.runtime.callsite.AbstractCallSite.call(AbstractCallSite.java:113)
	at org.codehaus.groovy.runtime.callsite.AbstractCallSite.call(AbstractCallSite.java:141)
	at TempTestSuite1555472249208.run(TempTestSuite1555472249208.groovy:36)
	at groovy.lang.GroovyShell.runScriptOrMainOrTestOrRunnable(GroovyShell.java:263)
	at groovy.lang.GroovyShell.run(GroovyShell.java:518)
	at groovy.lang.GroovyShell.run(GroovyShell.java:507)
	at groovy.ui.GroovyMain.processOnce(GroovyMain.java:653)
	at groovy.ui.GroovyMain.run(GroovyMain.java:384)
	at groovy.ui.GroovyMain.process(GroovyMain.java:370)
	at groovy.ui.GroovyMain.processArgs(GroovyMain.java:129)
	at groovy.ui.GroovyMain.main(GroovyMain.java:109)
	at sun.reflect.NativeMethodAccessorImpl.invoke0(Native Method)
	at sun.reflect.NativeMethodAccessorImpl.invoke(NativeMethodAccessorImpl.java:62)
	at sun.reflect.DelegatingMethodAccessorImpl.invoke(DelegatingMethodAccessorImpl.java:43)
	at java.lang.reflect.Method.invoke(Method.java:498)
	at org.codehaus.groovy.tools.GroovyStarter.rootLoader(GroovyStarter.java:109)
	at org.codehaus.groovy.tools.GroovyStarter.main(GroovyStarter.java:131)
)

2019-04-17 11:42:35 - [TEST_STEP][PASSED] - Start listener action : sampleBeforeTestCase: Invoke 'com.kms.katalon.core.annotation.BeforeTestCase' method: 'NewTestListener.sampleBeforeTestCase(...)' completed.

2019-04-17 11:42:35 - [TEST_STEP][PASSED] - Statement - println(testCaseContext.getTestCaseId()): null

2019-04-17 11:42:35 - [TEST_STEP][PASSED] - Statement - println(testCaseContext.getTestCaseVariables()): Invoke 'com.kms.katalon.core.annotation.BeforeTestCase' method: 'NewTestListener.sampleBeforeTestCase(...)' completed.

2019-04-17 11:42:35 - [TEST_STEP][FAILED] - callTestCase: Unable to call Test Case with id 'Test Cases/002_System_,Manage/001_User_Manage/001_Enter_User' (Root cause: Call Test Case 'Test Cases/002_System_,Manage/001_User_Manage/001_Enter_User' failed)

2019-04-17 11:42:35 - [TEST_CASE][FAILED] - Test Cases/002_System_,Manage/001_User_Manage/001_Enter_User: Test Cases/002_System_,Manage/001_User_Manage/001_Enter_User FAILED because (of) (Stack trace: com.kms.katalon.core.exception.StepFailedException: Unable to click on object 'Object Repository/Syetem_settings/User_Manage/a_user_manage' (Root cause: org.openqa.selenium.ElementNotVisibleException: element not visible
  (Session info: headless chrome=73.0.3683.75)
  (Driver info: chromedriver=2.35.528161 (5b82f2d2aae0ca24b877009200ced9065a772e73),platform=Windows NT 6.1.7601 SP1 x86_64) (WARNING: The server did not provide any stacktrace information)
Command duration or timeout: 0 milliseconds
Build info: version: '3.7.1', revision: '8a0099a', time: '2017-11-06T21:07:36.161Z'
System info: host: 'BF-20170623WSST', ip: '192.168.10.86', os.name: 'Windows 7', os.arch: 'amd64', os.version: '6.1', java.version: '1.8.0_181'
Driver info: com.kms.katalon.selenium.driver.CChromeDriver
Capabilities {acceptInsecureCerts: false, acceptSslCerts: false, applicationCacheEnabled: false, browserConnectionEnabled: false, browserName: chrome, chrome: {chromedriverVersion: 2.35.528161 (5b82f2d2aae0ca..., userDataDir: C:\Users\ADMINI~1\AppData\L...}, cssSelectorsEnabled: true, databaseEnabled: false, handlesAlerts: true, hasTouchScreen: false, javascriptEnabled: true, locationContextEnabled: true, mobileEmulationEnabled: false, nativeEvents: true, networkConnectionEnabled: false, pageLoadStrategy: normal, platform: XP, platformName: XP, rotatable: false, setWindowRect: true, takesHeapSnapshot: true, takesScreenshot: true, unexpectedAlertBehaviour: , unhandledPromptBehavior: , version: 73.0.3683.75, webStorageEnabled: true}
Session ID: ecbfab57194731940f9b5dbca6c50beb)
	at com.kms.katalon.core.keyword.internal.KeywordMain.stepFailed(KeywordMain.groovy:36)
	at com.kms.katalon.core.webui.keyword.internal.WebUIKeywordMain.stepFailed(WebUIKeywordMain.groovy:65)
	at com.kms.katalon.core.webui.keyword.internal.WebUIKeywordMain.runKeyword(WebUIKeywordMain.groovy:27)
	at com.kms.katalon.core.webui.keyword.builtin.ClickKeyword.click(ClickKeyword.groovy:86)
	at com.kms.katalon.core.webui.keyword.builtin.ClickKeyword.execute(ClickKeyword.groovy:67)
	at com.kms.katalon.core.keyword.internal.KeywordExecutor.executeKeywordForPlatform(KeywordExecutor.groovy:53)
	at com.kms.katalon.core.webui.keyword.WebUiBuiltInKeywords.click(WebUiBuiltInKeywords.groovy:616)
	at com.kms.katalon.core.webui.keyword.WebUiBuiltInKeywords$click$4.call(Unknown Source)
	at Script1555325328873.run(Script1555325328873.groovy:25)
	at com.kms.katalon.core.main.ScriptEngine.run(ScriptEngine.java:183)
	at com.kms.katalon.core.main.ScriptEngine.runScriptAsRawText(ScriptEngine.java:108)
	at com.kms.katalon.core.main.TestCaseExecutor.runScript(TestCaseExecutor.java:294)
	at com.kms.katalon.core.main.TestCaseExecutor.doExecute(TestCaseExecutor.java:285)
	at com.kms.katalon.core.main.TestCaseExecutor.processExecutionPhase(TestCaseExecutor.java:264)
	at com.kms.katalon.core.main.TestCaseExecutor.accessMainPhase(TestCaseExecutor.java:256)
	at com.kms.katalon.core.main.TestCaseExecutor.execute(TestCaseExecutor.java:200)
	at com.kms.katalon.core.main.TestCaseMain.runTestCase(TestCaseMain.java:99)
	at com.kms.katalon.core.keyword.builtin.CallTestCaseKeyword$_callTestCase_closure1.doCall(CallTestCaseKeyword.groovy:60)
	at com.kms.katalon.core.keyword.builtin.CallTestCaseKeyword$_callTestCase_closure1.call(CallTestCaseKeyword.groovy)
	at com.kms.katalon.core.keyword.internal.KeywordMain.runKeyword(KeywordMain.groovy:54)
	at com.kms.katalon.core.keyword.builtin.CallTestCaseKeyword.callTestCase(CallTestCaseKeyword.groovy:81)
	at com.kms.katalon.core.keyword.builtin.CallTestCaseKeyword.execute(CallTestCaseKeyword.groovy:45)
	at com.kms.katalon.core.keyword.internal.KeywordExecutor.executeKeywordForPlatform(KeywordExecutor.groovy:53)
	at com.kms.katalon.core.keyword.BuiltinKeywords.callTestCase(BuiltinKeywords.groovy:334)
	at sun.reflect.NativeMethodAccessorImpl.invoke0(Native Method)
	at sun.reflect.NativeMethodAccessorImpl.invoke(NativeMethodAccessorImpl.java:62)
	at sun.reflect.DelegatingMethodAccessorImpl.invoke(DelegatingMethodAccessorImpl.java:43)
	at java.lang.reflect.Method.invoke(Method.java:498)
	at org.codehaus.groovy.reflection.CachedMethod.invoke(CachedMethod.java:93)
	at groovy.lang.MetaMethod.doMethodInvoke(MetaMethod.java:325)
	at groovy.lang.MetaClassImpl.invokeStaticMethod(MetaClassImpl.java:1469)
	at org.codehaus.groovy.runtime.callsite.StaticMetaClassSite.call(StaticMetaClassSite.java:53)
	at org.codehaus.groovy.runtime.callsite.CallSiteArray.defaultCall(CallSiteArray.java:48)
	at org.codehaus.groovy.runtime.callsite.AbstractCallSite.call(AbstractCallSite.java:113)
	at org.codehaus.groovy.runtime.callsite.AbstractCallSite.call(AbstractCallSite.java:141)
	at Script1555402638307.run(Script1555402638307.groovy:27)
	at com.kms.katalon.core.main.ScriptEngine.run(ScriptEngine.java:183)
	at com.kms.katalon.core.main.ScriptEngine.runScriptAsRawText(ScriptEngine.java:108)
	at com.kms.katalon.core.main.TestCaseExecutor.runScript(TestCaseExecutor.java:294)
	at com.kms.katalon.core.main.TestCaseExecutor.doExecute(TestCaseExecutor.java:285)
	at com.kms.katalon.core.main.TestCaseExecutor.processExecutionPhase(TestCaseExecutor.java:264)
	at com.kms.katalon.core.main.TestCaseExecutor.accessMainPhase(TestCaseExecutor.java:256)
	at com.kms.katalon.core.main.TestCaseExecutor.execute(TestCaseExecutor.java:200)
	at com.kms.katalon.core.main.TestSuiteExecutor.accessTestCaseMainPhase(TestSuiteExecutor.java:129)
	at com.kms.katalon.core.main.TestSuiteExecutor.accessTestSuiteMainPhase(TestSuiteExecutor.java:112)
	at com.kms.katalon.core.main.TestSuiteExecutor.execute(TestSuiteExecutor.java:81)
	at com.kms.katalon.core.main.TestCaseMain.startTestSuite(TestCaseMain.java:142)
	at com.kms.katalon.core.main.TestCaseMain$startTestSuite$0.call(Unknown Source)
	at org.codehaus.groovy.runtime.callsite.CallSiteArray.defaultCall(CallSiteArray.java:48)
	at org.codehaus.groovy.runtime.callsite.AbstractCallSite.call(AbstractCallSite.java:113)
	at org.codehaus.groovy.runtime.callsite.AbstractCallSite.call(AbstractCallSite.java:141)
	at TempTestSuite1555472249208.run(TempTestSuite1555472249208.groovy:36)
	at groovy.lang.GroovyShell.runScriptOrMainOrTestOrRunnable(GroovyShell.java:263)
	at groovy.lang.GroovyShell.run(GroovyShell.java:518)
	at groovy.lang.GroovyShell.run(GroovyShell.java:507)
	at groovy.ui.GroovyMain.processOnce(GroovyMain.java:653)
	at groovy.ui.GroovyMain.run(GroovyMain.java:384)
	at groovy.ui.GroovyMain.process(GroovyMain.java:370)
	at groovy.ui.GroovyMain.processArgs(GroovyMain.java:129)
	at groovy.ui.GroovyMain.main(GroovyMain.java:109)
	at sun.reflect.NativeMethodAccessorImpl.invoke0(Native Method)
	at sun.reflect.NativeMethodAccessorImpl.invoke(NativeMethodAccessorImpl.java:62)
	at sun.reflect.DelegatingMethodAccessorImpl.invoke(DelegatingMethodAccessorImpl.java:43)
	at java.lang.reflect.Method.invoke(Method.java:498)
	at org.codehaus.groovy.tools.GroovyStarter.rootLoader(GroovyStarter.java:109)
	at org.codehaus.groovy.tools.GroovyStarter.main(GroovyStarter.java:131)
)

2019-04-17 11:42:35 - [TEST_STEP][NOT_RUN] - callTestCase: NOT_RUN: callTestCase

2019-04-17 11:42:35 - [MESSAGE][NOT_RUN] - NOT_RUN: callTestCase

2019-04-17 11:42:35 - [TEST_STEP][PASSED] - delay: Delayed 1 second(s)

2019-04-17 11:42:36 - [MESSAGE][PASSED] - Delayed 1 second(s)

2019-04-17 11:42:36 - [TEST_STEP][PASSED] - click: Object: 'Object Repository/Syetem_settings/User_Manage/a_systemsetings' is clicked on

2019-04-17 11:42:36 - [MESSAGE][PASSED] - Object: 'Object Repository/Syetem_settings/User_Manage/a_systemsetings' is clicked on

2019-04-17 11:42:36 - [TEST_STEP][PASSED] - delay: Delayed 1 second(s)

2019-04-17 11:42:37 - [MESSAGE][PASSED] - Delayed 1 second(s)

2019-04-17 11:42:37 - [TEST_STEP][FAILED] - click: Unable to click on object 'Object Repository/Syetem_settings/User_Manage/a_user_manage' (Root cause: org.openqa.selenium.ElementNotVisibleException: element not visible
  (Session info: headless chrome=73.0.3683.75)
  (Driver info: chromedriver=2.35.528161 (5b82f2d2aae0ca24b877009200ced9065a772e73),platform=Windows NT 6.1.7601 SP1 x86_64) (WARNING: The server did not provide any stacktrace information)
Command duration or timeout: 0 milliseconds
Build info: version: '3.7.1', revision: '8a0099a', time: '2017-11-06T21:07:36.161Z'
System info: host: 'BF-20170623WSST', ip: '192.168.10.86', os.name: 'Windows 7', os.arch: 'amd64', os.version: '6.1', java.version: '1.8.0_181'
Driver info: com.kms.katalon.selenium.driver.CChromeDriver
Capabilities {acceptInsecureCerts: false, acceptSslCerts: false, applicationCacheEnabled: false, browserConnectionEnabled: false, browserName: chrome, chrome: {chromedriverVersion: 2.35.528161 (5b82f2d2aae0ca..., userDataDir: C:\Users\ADMINI~1\AppData\L...}, cssSelectorsEnabled: true, databaseEnabled: false, handlesAlerts: true, hasTouchScreen: false, javascriptEnabled: true, locationContextEnabled: true, mobileEmulationEnabled: false, nativeEvents: true, networkConnectionEnabled: false, pageLoadStrategy: normal, platform: XP, platformName: XP, rotatable: false, setWindowRect: true, takesHeapSnapshot: true, takesScreenshot: true, unexpectedAlertBehaviour: , unhandledPromptBehavior: , version: 73.0.3683.75, webStorageEnabled: true}
Session ID: ecbfab57194731940f9b5dbca6c50beb)

2019-04-17 11:42:38 - [MESSAGE][FAILED] - Unable to click on object 'Object Repository/Syetem_settings/User_Manage/a_user_manage' (Root cause: org.openqa.selenium.ElementNotVisibleException: element not visible
  (Session info: headless chrome=73.0.3683.75)
  (Driver info: chromedriver=2.35.528161 (5b82f2d2aae0ca24b877009200ced9065a772e73),platform=Windows NT 6.1.7601 SP1 x86_64) (WARNING: The server did not provide any stacktrace information)
Command duration or timeout: 0 milliseconds
Build info: version: '3.7.1', revision: '8a0099a', time: '2017-11-06T21:07:36.161Z'
System info: host: 'BF-20170623WSST', ip: '192.168.10.86', os.name: 'Windows 7', os.arch: 'amd64', os.version: '6.1', java.version: '1.8.0_181'
Driver info: com.kms.katalon.selenium.driver.CChromeDriver
Capabilities {acceptInsecureCerts: false, acceptSslCerts: false, applicationCacheEnabled: false, browserConnectionEnabled: false, browserName: chrome, chrome: {chromedriverVersion: 2.35.528161 (5b82f2d2aae0ca..., userDataDir: C:\Users\ADMINI~1\AppData\L...}, cssSelectorsEnabled: true, databaseEnabled: false, handlesAlerts: true, hasTouchScreen: false, javascriptEnabled: true, locationContextEnabled: true, mobileEmulationEnabled: false, nativeEvents: true, networkConnectionEnabled: false, pageLoadStrategy: normal, platform: XP, platformName: XP, rotatable: false, setWindowRect: true, takesHeapSnapshot: true, takesScreenshot: true, unexpectedAlertBehaviour: , unhandledPromptBehavior: , version: 73.0.3683.75, webStorageEnabled: true}
Session ID: ecbfab57194731940f9b5dbca6c50beb)
[[ATTACHMENT|G:\\Auto_Learning\\katalon\\katalon_project\\katalon_project\\T2M_Manage\\T2M_Manage\\Reports\\User Manage\\staff manage\\20190417_113729\\1555472557782.png]]

2019-04-17 11:42:38 - [MESSAGE][FAILED] - Unable to call Test Case with id 'Test Cases/002_System_,Manage/001_User_Manage/001_Enter_User' (Root cause: Call Test Case 'Test Cases/002_System_,Manage/001_User_Manage/001_Enter_User' failed)

2019-04-17 11:42:38 - [TEST_STEP][PASSED] - Start listener action : sampleAfterTestCase: Invoke 'com.kms.katalon.core.annotation.AfterTestCase' method: 'NewTestListener.sampleAfterTestCase(...)' completed.

2019-04-17 11:42:38 - [TEST_STEP][PASSED] - Statement - println(testCaseContext.getTestCaseId()): null

2019-04-17 11:42:38 - [TEST_STEP][PASSED] - Statement - println(testCaseContext.getTestCaseStatus()): Invoke 'com.kms.katalon.core.annotation.AfterTestCase' method: 'NewTestListener.sampleAfterTestCase(...)' completed.]]></system-out>
         <system-err><![CDATA[2019-04-17 11:42:35 - [TEST_CASE][FAILED] - Test Cases/002_System_,Manage/001_User_Manage/009_check_userEditpage: Test Cases/002_System_,Manage/001_User_Manage/009_check_userEditpage FAILED because (of) (Stack trace: com.kms.katalon.core.exception.StepFailedException: Unable to click on object 'Object Repository/Syetem_settings/User_Manage/a_user_manage' (Root cause: org.openqa.selenium.ElementNotVisibleException: element not visible
  (Session info: headless chrome=73.0.3683.75)
  (Driver info: chromedriver=2.35.528161 (5b82f2d2aae0ca24b877009200ced9065a772e73),platform=Windows NT 6.1.7601 SP1 x86_64) (WARNING: The server did not provide any stacktrace information)
Command duration or timeout: 0 milliseconds
Build info: version: '3.7.1', revision: '8a0099a', time: '2017-11-06T21:07:36.161Z'
System info: host: 'BF-20170623WSST', ip: '192.168.10.86', os.name: 'Windows 7', os.arch: 'amd64', os.version: '6.1', java.version: '1.8.0_181'
Driver info: com.kms.katalon.selenium.driver.CChromeDriver
Capabilities {acceptInsecureCerts: false, acceptSslCerts: false, applicationCacheEnabled: false, browserConnectionEnabled: false, browserName: chrome, chrome: {chromedriverVersion: 2.35.528161 (5b82f2d2aae0ca..., userDataDir: C:\Users\ADMINI~1\AppData\L...}, cssSelectorsEnabled: true, databaseEnabled: false, handlesAlerts: true, hasTouchScreen: false, javascriptEnabled: true, locationContextEnabled: true, mobileEmulationEnabled: false, nativeEvents: true, networkConnectionEnabled: false, pageLoadStrategy: normal, platform: XP, platformName: XP, rotatable: false, setWindowRect: true, takesHeapSnapshot: true, takesScreenshot: true, unexpectedAlertBehaviour: , unhandledPromptBehavior: , version: 73.0.3683.75, webStorageEnabled: true}
Session ID: ecbfab57194731940f9b5dbca6c50beb)
	at com.kms.katalon.core.keyword.internal.KeywordMain.stepFailed(KeywordMain.groovy:36)
	at com.kms.katalon.core.webui.keyword.internal.WebUIKeywordMain.stepFailed(WebUIKeywordMain.groovy:65)
	at com.kms.katalon.core.webui.keyword.internal.WebUIKeywordMain.runKeyword(WebUIKeywordMain.groovy:27)
	at com.kms.katalon.core.webui.keyword.builtin.ClickKeyword.click(ClickKeyword.groovy:86)
	at com.kms.katalon.core.webui.keyword.builtin.ClickKeyword.execute(ClickKeyword.groovy:67)
	at com.kms.katalon.core.keyword.internal.KeywordExecutor.executeKeywordForPlatform(KeywordExecutor.groovy:53)
	at com.kms.katalon.core.webui.keyword.WebUiBuiltInKeywords.click(WebUiBuiltInKeywords.groovy:616)
	at com.kms.katalon.core.webui.keyword.WebUiBuiltInKeywords$click$4.call(Unknown Source)
	at Script1555325328873.run(Script1555325328873.groovy:25)
	at com.kms.katalon.core.main.ScriptEngine.run(ScriptEngine.java:183)
	at com.kms.katalon.core.main.ScriptEngine.runScriptAsRawText(ScriptEngine.java:108)
	at com.kms.katalon.core.main.TestCaseExecutor.runScript(TestCaseExecutor.java:294)
	at com.kms.katalon.core.main.TestCaseExecutor.doExecute(TestCaseExecutor.java:285)
	at com.kms.katalon.core.main.TestCaseExecutor.processExecutionPhase(TestCaseExecutor.java:264)
	at com.kms.katalon.core.main.TestCaseExecutor.accessMainPhase(TestCaseExecutor.java:256)
	at com.kms.katalon.core.main.TestCaseExecutor.execute(TestCaseExecutor.java:200)
	at com.kms.katalon.core.main.TestCaseMain.runTestCase(TestCaseMain.java:99)
	at com.kms.katalon.core.keyword.builtin.CallTestCaseKeyword$_callTestCase_closure1.doCall(CallTestCaseKeyword.groovy:60)
	at com.kms.katalon.core.keyword.builtin.CallTestCaseKeyword$_callTestCase_closure1.call(CallTestCaseKeyword.groovy)
	at com.kms.katalon.core.keyword.internal.KeywordMain.runKeyword(KeywordMain.groovy:54)
	at com.kms.katalon.core.keyword.builtin.CallTestCaseKeyword.callTestCase(CallTestCaseKeyword.groovy:81)
	at com.kms.katalon.core.keyword.builtin.CallTestCaseKeyword.execute(CallTestCaseKeyword.groovy:45)
	at com.kms.katalon.core.keyword.internal.KeywordExecutor.executeKeywordForPlatform(KeywordExecutor.groovy:53)
	at com.kms.katalon.core.keyword.BuiltinKeywords.callTestCase(BuiltinKeywords.groovy:334)
	at sun.reflect.NativeMethodAccessorImpl.invoke0(Native Method)
	at sun.reflect.NativeMethodAccessorImpl.invoke(NativeMethodAccessorImpl.java:62)
	at sun.reflect.DelegatingMethodAccessorImpl.invoke(DelegatingMethodAccessorImpl.java:43)
	at java.lang.reflect.Method.invoke(Method.java:498)
	at org.codehaus.groovy.reflection.CachedMethod.invoke(CachedMethod.java:93)
	at groovy.lang.MetaMethod.doMethodInvoke(MetaMethod.java:325)
	at groovy.lang.MetaClassImpl.invokeStaticMethod(MetaClassImpl.java:1469)
	at org.codehaus.groovy.runtime.callsite.StaticMetaClassSite.call(StaticMetaClassSite.java:53)
	at org.codehaus.groovy.runtime.callsite.CallSiteArray.defaultCall(CallSiteArray.java:48)
	at org.codehaus.groovy.runtime.callsite.AbstractCallSite.call(AbstractCallSite.java:113)
	at org.codehaus.groovy.runtime.callsite.AbstractCallSite.call(AbstractCallSite.java:141)
	at Script1555402638307.run(Script1555402638307.groovy:27)
	at com.kms.katalon.core.main.ScriptEngine.run(ScriptEngine.java:183)
	at com.kms.katalon.core.main.ScriptEngine.runScriptAsRawText(ScriptEngine.java:108)
	at com.kms.katalon.core.main.TestCaseExecutor.runScript(TestCaseExecutor.java:294)
	at com.kms.katalon.core.main.TestCaseExecutor.doExecute(TestCaseExecutor.java:285)
	at com.kms.katalon.core.main.TestCaseExecutor.processExecutionPhase(TestCaseExecutor.java:264)
	at com.kms.katalon.core.main.TestCaseExecutor.accessMainPhase(TestCaseExecutor.java:256)
	at com.kms.katalon.core.main.TestCaseExecutor.execute(TestCaseExecutor.java:200)
	at com.kms.katalon.core.main.TestSuiteExecutor.accessTestCaseMainPhase(TestSuiteExecutor.java:129)
	at com.kms.katalon.core.main.TestSuiteExecutor.accessTestSuiteMainPhase(TestSuiteExecutor.java:112)
	at com.kms.katalon.core.main.TestSuiteExecutor.execute(TestSuiteExecutor.java:81)
	at com.kms.katalon.core.main.TestCaseMain.startTestSuite(TestCaseMain.java:142)
	at com.kms.katalon.core.main.TestCaseMain$startTestSuite$0.call(Unknown Source)
	at org.codehaus.groovy.runtime.callsite.CallSiteArray.defaultCall(CallSiteArray.java:48)
	at org.codehaus.groovy.runtime.callsite.AbstractCallSite.call(AbstractCallSite.java:113)
	at org.codehaus.groovy.runtime.callsite.AbstractCallSite.call(AbstractCallSite.java:141)
	at TempTestSuite1555472249208.run(TempTestSuite1555472249208.groovy:36)
	at groovy.lang.GroovyShell.runScriptOrMainOrTestOrRunnable(GroovyShell.java:263)
	at groovy.lang.GroovyShell.run(GroovyShell.java:518)
	at groovy.lang.GroovyShell.run(GroovyShell.java:507)
	at groovy.ui.GroovyMain.processOnce(GroovyMain.java:653)
	at groovy.ui.GroovyMain.run(GroovyMain.java:384)
	at groovy.ui.GroovyMain.process(GroovyMain.java:370)
	at groovy.ui.GroovyMain.processArgs(GroovyMain.java:129)
	at groovy.ui.GroovyMain.main(GroovyMain.java:109)
	at sun.reflect.NativeMethodAccessorImpl.invoke0(Native Method)
	at sun.reflect.NativeMethodAccessorImpl.invoke(NativeMethodAccessorImpl.java:62)
	at sun.reflect.DelegatingMethodAccessorImpl.invoke(DelegatingMethodAccessorImpl.java:43)
	at java.lang.reflect.Method.invoke(Method.java:498)
	at org.codehaus.groovy.tools.GroovyStarter.rootLoader(GroovyStarter.java:109)
	at org.codehaus.groovy.tools.GroovyStarter.main(GroovyStarter.java:131)
)]]></system-err>
      </testcase>
      <testcase name="Test Cases/002_System_,Manage/001_User_Manage/010_Edit_User_error" classname="Test Cases/002_System_,Manage/001_User_Manage/010_Edit_User_error" status="PASSED">
         <system-out><![CDATA[2019-04-17 11:42:40 - [TEST_CASE][PASSED] - Test Cases/002_System_,Manage/001_User_Manage/010_Edit_User_error: Test Cases/002_System_,Manage/001_User_Manage/010_Edit_User_error

2019-04-17 11:42:40 - [TEST_STEP][PASSED] - Start listener action : sampleBeforeTestCase: Invoke 'com.kms.katalon.core.annotation.BeforeTestCase' method: 'NewTestListener.sampleBeforeTestCase(...)' completed.

2019-04-17 11:42:40 - [TEST_STEP][PASSED] - Statement - println(testCaseContext.getTestCaseId()): null

2019-04-17 11:42:40 - [TEST_STEP][PASSED] - Statement - println(testCaseContext.getTestCaseVariables()): Invoke 'com.kms.katalon.core.annotation.BeforeTestCase' method: 'NewTestListener.sampleBeforeTestCase(...)' completed.

2019-04-17 11:42:40 - [TEST_STEP][PASSED] - callTestCase: Call Test Case 'Test Cases/002_System_,Manage/001_User_Manage/001_Enter_User' successfully

2019-04-17 11:42:40 - [TEST_CASE][PASSED] - Test Cases/002_System_,Manage/001_User_Manage/001_Enter_User: Test Cases/002_System_,Manage/001_User_Manage/001_Enter_User

2019-04-17 11:42:40 - [TEST_STEP][NOT_RUN] - callTestCase: NOT_RUN: callTestCase

2019-04-17 11:42:40 - [MESSAGE][NOT_RUN] - NOT_RUN: callTestCase

2019-04-17 11:42:40 - [TEST_STEP][PASSED] - delay: Delayed 1 second(s)

2019-04-17 11:42:41 - [MESSAGE][PASSED] - Delayed 1 second(s)

2019-04-17 11:42:41 - [TEST_STEP][PASSED] - click: Object: 'Object Repository/Syetem_settings/User_Manage/a_systemsetings' is clicked on

2019-04-17 11:42:41 - [MESSAGE][PASSED] - Object: 'Object Repository/Syetem_settings/User_Manage/a_systemsetings' is clicked on

2019-04-17 11:42:41 - [TEST_STEP][PASSED] - delay: Delayed 1 second(s)

2019-04-17 11:42:42 - [MESSAGE][PASSED] - Delayed 1 second(s)

2019-04-17 11:42:42 - [TEST_STEP][PASSED] - click: Object: 'Object Repository/Syetem_settings/User_Manage/a_user_manage' is clicked on

2019-04-17 11:42:42 - [MESSAGE][PASSED] - Object: 'Object Repository/Syetem_settings/User_Manage/a_user_manage' is clicked on

2019-04-17 11:42:42 - [TEST_STEP][PASSED] - delay: Delayed 1 second(s)

2019-04-17 11:42:43 - [MESSAGE][PASSED] - Delayed 1 second(s)

2019-04-17 11:42:43 - [TEST_STEP][PASSED] - Statement - verify_user = com.kms.katalon.core.webui.keyword.WebUiBuiltInKeywords.verifyElementPresent(com.kms.katalon.core.testobject.ObjectRepository.findTestObject(Syetem_settings/User_Manage/cite_usertable), 0): Object 'Object Repository/Syetem_settings/User_Manage/cite_usertable' is present

2019-04-17 11:42:43 - [MESSAGE][WARNING] - Timeout '0' is invalid. Using default page load timeout: '30'

2019-04-17 11:42:43 - [MESSAGE][PASSED] - Object 'Object Repository/Syetem_settings/User_Manage/cite_usertable' is present

2019-04-17 11:42:43 - [TEST_STEP][PASSED] - Statement - If (verify_user): Enter the Successfully entered the people management page

2019-04-17 11:42:43 - [TEST_STEP][PASSED] - comment: Enter the Successfully entered the people management page

2019-04-17 11:42:43 - [MESSAGE][PASSED] - Call Test Case 'Test Cases/002_System_,Manage/001_User_Manage/001_Enter_User' successfully

2019-04-17 11:42:43 - [TEST_STEP][PASSED] - maximizeWindow: Current window maximized

2019-04-17 11:42:45 - [MESSAGE][PASSED] - Current window maximized

2019-04-17 11:42:45 - [TEST_STEP][PASSED] - setText: Text '可以的' is set on object 'Object Repository/test/input__keyword'

2019-04-17 11:42:45 - [MESSAGE][PASSED] - Text '可以的' is set on object 'Object Repository/test/input__keyword'

2019-04-17 11:42:45 - [TEST_STEP][PASSED] - delay: Delayed 1 second(s)

2019-04-17 11:42:46 - [MESSAGE][PASSED] - Delayed 1 second(s)

2019-04-17 11:42:46 - [TEST_STEP][PASSED] - click: Object: 'Object Repository/test/button__layui-btn' is clicked on

2019-04-17 11:42:46 - [MESSAGE][PASSED] - Object: 'Object Repository/test/button__layui-btn' is clicked on

2019-04-17 11:42:46 - [TEST_STEP][PASSED] - delay: Delayed 1 second(s)

2019-04-17 11:42:47 - [MESSAGE][PASSED] - Delayed 1 second(s)

2019-04-17 11:42:47 - [TEST_STEP][PASSED] - click: Object: 'Object Repository/Syetem_settings/User_Manage/Edit_user_info/edit_first' is clicked on

2019-04-17 11:42:47 - [MESSAGE][PASSED] - Object: 'Object Repository/Syetem_settings/User_Manage/Edit_user_info/edit_first' is clicked on

2019-04-17 11:42:47 - [TEST_STEP][PASSED] - delay: Delayed 2 second(s)

2019-04-17 11:42:49 - [MESSAGE][PASSED] - Delayed 2 second(s)

2019-04-17 11:42:49 - [TEST_STEP][PASSED] - setText: Text '！@#￥%……' is set on object 'Object Repository/Syetem_settings/User_Manage/Edit_user_info/input_ realname'

2019-04-17 11:42:49 - [MESSAGE][PASSED] - Text '！@#￥%……' is set on object 'Object Repository/Syetem_settings/User_Manage/Edit_user_info/input_ realname'

2019-04-17 11:42:49 - [TEST_STEP][PASSED] - delay: Delayed 1 second(s)

2019-04-17 11:42:50 - [MESSAGE][PASSED] - Delayed 1 second(s)

2019-04-17 11:42:50 - [TEST_STEP][PASSED] - setText: Text '！@#￥%……&*' is set on object 'Object Repository/Syetem_settings/User_Manage/Edit_user_info/input_position'

2019-04-17 11:42:50 - [MESSAGE][PASSED] - Text '！@#￥%……&*' is set on object 'Object Repository/Syetem_settings/User_Manage/Edit_user_info/input_position'

2019-04-17 11:42:50 - [TEST_STEP][PASSED] - delay: Delayed 1 second(s)

2019-04-17 11:42:51 - [MESSAGE][PASSED] - Delayed 1 second(s)

2019-04-17 11:42:51 - [TEST_STEP][PASSED] - setText: Text '！@#￥%……&*' is set on object 'Object Repository/Syetem_settings/User_Manage/Edit_user_info/input__mobile'

2019-04-17 11:42:52 - [MESSAGE][PASSED] - Text '！@#￥%……&*' is set on object 'Object Repository/Syetem_settings/User_Manage/Edit_user_info/input__mobile'

2019-04-17 11:42:52 - [TEST_STEP][PASSED] - delay: Delayed 1 second(s)

2019-04-17 11:42:53 - [MESSAGE][PASSED] - Delayed 1 second(s)

2019-04-17 11:42:53 - [TEST_STEP][PASSED] - setText: Text '7425365@qq.com' is set on object 'Object Repository/Syetem_settings/User_Manage/Edit_user_info/input_email'

2019-04-17 11:42:53 - [MESSAGE][PASSED] - Text '7425365@qq.com' is set on object 'Object Repository/Syetem_settings/User_Manage/Edit_user_info/input_email'

2019-04-17 11:42:53 - [TEST_STEP][PASSED] - delay: Delayed 1 second(s)

2019-04-17 11:42:54 - [MESSAGE][PASSED] - Delayed 1 second(s)

2019-04-17 11:42:54 - [TEST_STEP][PASSED] - click: Object: 'Object Repository/Syetem_settings/User_Manage/Edit_user_info/button_Saveedit' is clicked on

2019-04-17 11:42:54 - [MESSAGE][PASSED] - Object: 'Object Repository/Syetem_settings/User_Manage/Edit_user_info/button_Saveedit' is clicked on

2019-04-17 11:42:54 - [TEST_STEP][PASSED] - Statement - If (com.kms.katalon.core.webui.keyword.WebUiBuiltInKeywords.verifyElementPresent(com.kms.katalon.core.testobject.ObjectRepository.findTestObject(Syetem_settings/User_Manage/user_info/tips_save), 10)): Object: 'Object Repository/Syetem_settings/User_Manage/user_info/close_user' is clicked on

2019-04-17 11:42:54 - [MESSAGE][PASSED] - Object 'Object Repository/Syetem_settings/User_Manage/user_info/tips_save' is present

2019-04-17 11:42:54 - [TEST_STEP][PASSED] - comment: 发现不能为空的提示

2019-04-17 11:42:54 - [TEST_STEP][PASSED] - delay: Delayed 1 second(s)

2019-04-17 11:42:55 - [MESSAGE][PASSED] - Delayed 1 second(s)

2019-04-17 11:42:55 - [TEST_STEP][PASSED] - click: Object: 'Object Repository/Syetem_settings/User_Manage/user_info/close_user' is clicked on

2019-04-17 11:42:55 - [MESSAGE][PASSED] - Object: 'Object Repository/Syetem_settings/User_Manage/user_info/close_user' is clicked on

2019-04-17 11:42:55 - [TEST_STEP][PASSED] - delay: Delayed 1 second(s)

2019-04-17 11:42:56 - [MESSAGE][PASSED] - Delayed 1 second(s)

2019-04-17 11:42:56 - [TEST_STEP][PASSED] - click: Object: 'Object Repository/Syetem_settings/User_Manage/a_ new_user' is clicked on

2019-04-17 11:42:56 - [MESSAGE][PASSED] - Object: 'Object Repository/Syetem_settings/User_Manage/a_ new_user' is clicked on

2019-04-17 11:42:56 - [TEST_STEP][PASSED] - delay: Delayed 1 second(s)

2019-04-17 11:42:57 - [MESSAGE][PASSED] - Delayed 1 second(s)

2019-04-17 11:42:57 - [TEST_STEP][PASSED] - click: Object: 'Object Repository/Syetem_settings/User_Manage/user_info/choose_dept' is clicked on

2019-04-17 11:42:57 - [MESSAGE][PASSED] - Object: 'Object Repository/Syetem_settings/User_Manage/user_info/choose_dept' is clicked on

2019-04-17 11:42:57 - [TEST_STEP][PASSED] - delay: Delayed 1 second(s)

2019-04-17 11:42:58 - [MESSAGE][PASSED] - Delayed 1 second(s)

2019-04-17 11:42:58 - [TEST_STEP][PASSED] - click: Object: 'Object Repository/Syetem_settings/User_Manage/user_info/i__TreeNB' is clicked on

2019-04-17 11:42:58 - [MESSAGE][PASSED] - Object: 'Object Repository/Syetem_settings/User_Manage/user_info/i__TreeNB' is clicked on

2019-04-17 11:42:58 - [TEST_STEP][PASSED] - delay: Delayed 1 second(s)

2019-04-17 11:42:59 - [MESSAGE][PASSED] - Delayed 1 second(s)

2019-04-17 11:42:59 - [TEST_STEP][PASSED] - click: Object: 'Object Repository/Syetem_settings/User_Manage/user_info/cite_CQDepart' is clicked on

2019-04-17 11:43:00 - [MESSAGE][PASSED] - Object: 'Object Repository/Syetem_settings/User_Manage/user_info/cite_CQDepart' is clicked on

2019-04-17 11:43:00 - [TEST_STEP][PASSED] - delay: Delayed 1 second(s)

2019-04-17 11:43:01 - [MESSAGE][PASSED] - Delayed 1 second(s)

2019-04-17 11:43:01 - [TEST_STEP][PASSED] - setText: Text '验证邮箱格式' is set on object 'Object Repository/Syetem_settings/User_Manage/user_info/input_ RealName'

2019-04-17 11:43:01 - [MESSAGE][PASSED] - Text '验证邮箱格式' is set on object 'Object Repository/Syetem_settings/User_Manage/user_info/input_ RealName'

2019-04-17 11:43:01 - [TEST_STEP][PASSED] - delay: Delayed 1 second(s)

2019-04-17 11:43:02 - [MESSAGE][PASSED] - Delayed 1 second(s)

2019-04-17 11:43:02 - [TEST_STEP][PASSED] - setText: Text '测试' is set on object 'Object Repository/Syetem_settings/User_Manage/user_info/input_position'

2019-04-17 11:43:02 - [MESSAGE][PASSED] - Text '测试' is set on object 'Object Repository/Syetem_settings/User_Manage/user_info/input_position'

2019-04-17 11:43:02 - [TEST_STEP][PASSED] - delay: Delayed 1 second(s)

2019-04-17 11:43:03 - [MESSAGE][PASSED] - Delayed 1 second(s)

2019-04-17 11:43:03 - [TEST_STEP][PASSED] - setText: Text '15263625413' is set on object 'Object Repository/Syetem_settings/User_Manage/user_info/input_mobile'

2019-04-17 11:43:03 - [MESSAGE][PASSED] - Text '15263625413' is set on object 'Object Repository/Syetem_settings/User_Manage/user_info/input_mobile'

2019-04-17 11:43:03 - [TEST_STEP][PASSED] - delay: Delayed 1 second(s)

2019-04-17 11:43:04 - [MESSAGE][PASSED] - Delayed 1 second(s)

2019-04-17 11:43:04 - [TEST_STEP][PASSED] - setText: Text '！#￥%……&*' is set on object 'Object Repository/Syetem_settings/User_Manage/user_info/input_email'

2019-04-17 11:43:04 - [MESSAGE][PASSED] - Text '！#￥%……&*' is set on object 'Object Repository/Syetem_settings/User_Manage/user_info/input_email'

2019-04-17 11:43:04 - [TEST_STEP][PASSED] - click: Object: 'Object Repository/Syetem_settings/User_Manage/user_info/button_ Save' is clicked on

2019-04-17 11:43:04 - [MESSAGE][PASSED] - Object: 'Object Repository/Syetem_settings/User_Manage/user_info/button_ Save' is clicked on

2019-04-17 11:43:04 - [TEST_STEP][PASSED] - Statement - If (com.kms.katalon.core.webui.keyword.WebUiBuiltInKeywords.verifyElementPresent(com.kms.katalon.core.testobject.ObjectRepository.findTestObject(Syetem_settings/User_Manage/user_info/save_email), 10)): Object: 'Object Repository/Syetem_settings/User_Manage/user_info/close_user' is clicked on

2019-04-17 11:43:04 - [MESSAGE][PASSED] - Object 'Object Repository/Syetem_settings/User_Manage/user_info/save_email' is present

2019-04-17 11:43:04 - [TEST_STEP][PASSED] - comment: 发现邮件格式不对的提示

2019-04-17 11:43:04 - [TEST_STEP][PASSED] - delay: Delayed 1 second(s)

2019-04-17 11:43:05 - [MESSAGE][PASSED] - Delayed 1 second(s)

2019-04-17 11:43:05 - [TEST_STEP][PASSED] - click: Object: 'Object Repository/Syetem_settings/User_Manage/user_info/close_user' is clicked on

2019-04-17 11:43:05 - [MESSAGE][PASSED] - Object: 'Object Repository/Syetem_settings/User_Manage/user_info/close_user' is clicked on

2019-04-17 11:43:05 - [TEST_STEP][PASSED] - Start listener action : sampleAfterTestCase: Invoke 'com.kms.katalon.core.annotation.AfterTestCase' method: 'NewTestListener.sampleAfterTestCase(...)' completed.

2019-04-17 11:43:05 - [TEST_STEP][PASSED] - Statement - println(testCaseContext.getTestCaseId()): null

2019-04-17 11:43:05 - [TEST_STEP][PASSED] - Statement - println(testCaseContext.getTestCaseStatus()): Invoke 'com.kms.katalon.core.annotation.AfterTestCase' method: 'NewTestListener.sampleAfterTestCase(...)' completed.]]></system-out>
         <system-err><![CDATA[]]></system-err>
      </testcase>
      <testcase name="Test Cases/002_System_,Manage/001_User_Manage/010_Edit_User_error" classname="Test Cases/002_System_,Manage/001_User_Manage/010_Edit_User_error" status="FAILED">
         <failure type="FAILED" message="(Stack trace: com.kms.katalon.core.exception.StepFailedException: Unable to click on object 'Object Repository/Syetem_settings/User_Manage/a_user_manage' (Root cause: org.openqa.selenium.ElementNotVisibleException: element not visible
  (Session info: headless chrome=73.0.3683.75)
  (Driver info: chromedriver=2.35.528161 (5b82f2d2aae0ca24b877009200ced9065a772e73),platform=Windows NT 6.1.7601 SP1 x86_64) (WARNING: The server did not provide any stacktrace information)
Command duration or timeout: 0 milliseconds
Build info: version: '3.7.1', revision: '8a0099a', time: '2017-11-06T21:07:36.161Z'
System info: host: 'BF-20170623WSST', ip: '192.168.10.86', os.name: 'Windows 7', os.arch: 'amd64', os.version: '6.1', java.version: '1.8.0_181'
Driver info: com.kms.katalon.selenium.driver.CChromeDriver
Capabilities {acceptInsecureCerts: false, acceptSslCerts: false, applicationCacheEnabled: false, browserConnectionEnabled: false, browserName: chrome, chrome: {chromedriverVersion: 2.35.528161 (5b82f2d2aae0ca..., userDataDir: C:\Users\ADMINI~1\AppData\L...}, cssSelectorsEnabled: true, databaseEnabled: false, handlesAlerts: true, hasTouchScreen: false, javascriptEnabled: true, locationContextEnabled: true, mobileEmulationEnabled: false, nativeEvents: true, networkConnectionEnabled: false, pageLoadStrategy: normal, platform: XP, platformName: XP, rotatable: false, setWindowRect: true, takesHeapSnapshot: true, takesScreenshot: true, unexpectedAlertBehaviour: , unhandledPromptBehavior: , version: 73.0.3683.75, webStorageEnabled: true}
Session ID: ecbfab57194731940f9b5dbca6c50beb)
	at com.kms.katalon.core.keyword.internal.KeywordMain.stepFailed(KeywordMain.groovy:36)
	at com.kms.katalon.core.webui.keyword.internal.WebUIKeywordMain.stepFailed(WebUIKeywordMain.groovy:65)
	at com.kms.katalon.core.webui.keyword.internal.WebUIKeywordMain.runKeyword(WebUIKeywordMain.groovy:27)
	at com.kms.katalon.core.webui.keyword.builtin.ClickKeyword.click(ClickKeyword.groovy:86)
	at com.kms.katalon.core.webui.keyword.builtin.ClickKeyword.execute(ClickKeyword.groovy:67)
	at com.kms.katalon.core.keyword.internal.KeywordExecutor.executeKeywordForPlatform(KeywordExecutor.groovy:53)
	at com.kms.katalon.core.webui.keyword.WebUiBuiltInKeywords.click(WebUiBuiltInKeywords.groovy:616)
	at com.kms.katalon.core.webui.keyword.WebUiBuiltInKeywords$click$4.call(Unknown Source)
	at Script1555325328873.run(Script1555325328873.groovy:25)
	at com.kms.katalon.core.main.ScriptEngine.run(ScriptEngine.java:183)
	at com.kms.katalon.core.main.ScriptEngine.runScriptAsRawText(ScriptEngine.java:108)
	at com.kms.katalon.core.main.TestCaseExecutor.runScript(TestCaseExecutor.java:294)
	at com.kms.katalon.core.main.TestCaseExecutor.doExecute(TestCaseExecutor.java:285)
	at com.kms.katalon.core.main.TestCaseExecutor.processExecutionPhase(TestCaseExecutor.java:264)
	at com.kms.katalon.core.main.TestCaseExecutor.accessMainPhase(TestCaseExecutor.java:256)
	at com.kms.katalon.core.main.TestCaseExecutor.execute(TestCaseExecutor.java:200)
	at com.kms.katalon.core.main.TestCaseMain.runTestCase(TestCaseMain.java:99)
	at com.kms.katalon.core.keyword.builtin.CallTestCaseKeyword$_callTestCase_closure1.doCall(CallTestCaseKeyword.groovy:60)
	at com.kms.katalon.core.keyword.builtin.CallTestCaseKeyword$_callTestCase_closure1.call(CallTestCaseKeyword.groovy)
	at com.kms.katalon.core.keyword.internal.KeywordMain.runKeyword(KeywordMain.groovy:54)
	at com.kms.katalon.core.keyword.builtin.CallTestCaseKeyword.callTestCase(CallTestCaseKeyword.groovy:81)
	at com.kms.katalon.core.keyword.builtin.CallTestCaseKeyword.execute(CallTestCaseKeyword.groovy:45)
	at com.kms.katalon.core.keyword.internal.KeywordExecutor.executeKeywordForPlatform(KeywordExecutor.groovy:53)
	at com.kms.katalon.core.keyword.BuiltinKeywords.callTestCase(BuiltinKeywords.groovy:334)
	at sun.reflect.NativeMethodAccessorImpl.invoke0(Native Method)
	at sun.reflect.NativeMethodAccessorImpl.invoke(NativeMethodAccessorImpl.java:62)
	at sun.reflect.DelegatingMethodAccessorImpl.invoke(DelegatingMethodAccessorImpl.java:43)
	at java.lang.reflect.Method.invoke(Method.java:498)
	at org.codehaus.groovy.reflection.CachedMethod.invoke(CachedMethod.java:93)
	at groovy.lang.MetaMethod.doMethodInvoke(MetaMethod.java:325)
	at groovy.lang.MetaClassImpl.invokeStaticMethod(MetaClassImpl.java:1469)
	at org.codehaus.groovy.runtime.callsite.StaticMetaClassSite.call(StaticMetaClassSite.java:53)
	at org.codehaus.groovy.runtime.callsite.AbstractCallSite.call(AbstractCallSite.java:141)
	at Script1555403928934.run(Script1555403928934.groovy:27)
	at com.kms.katalon.core.main.ScriptEngine.run(ScriptEngine.java:183)
	at com.kms.katalon.core.main.ScriptEngine.runScriptAsRawText(ScriptEngine.java:108)
	at com.kms.katalon.core.main.TestCaseExecutor.runScript(TestCaseExecutor.java:294)
	at com.kms.katalon.core.main.TestCaseExecutor.doExecute(TestCaseExecutor.java:285)
	at com.kms.katalon.core.main.TestCaseExecutor.processExecutionPhase(TestCaseExecutor.java:264)
	at com.kms.katalon.core.main.TestCaseExecutor.accessMainPhase(TestCaseExecutor.java:256)
	at com.kms.katalon.core.main.TestCaseExecutor.execute(TestCaseExecutor.java:200)
	at com.kms.katalon.core.main.TestSuiteExecutor.accessTestCaseMainPhase(TestSuiteExecutor.java:129)
	at com.kms.katalon.core.main.TestSuiteExecutor.accessTestSuiteMainPhase(TestSuiteExecutor.java:112)
	at com.kms.katalon.core.main.TestSuiteExecutor.execute(TestSuiteExecutor.java:81)
	at com.kms.katalon.core.main.TestCaseMain.startTestSuite(TestCaseMain.java:142)
	at com.kms.katalon.core.main.TestCaseMain$startTestSuite$0.call(Unknown Source)
	at org.codehaus.groovy.runtime.callsite.CallSiteArray.defaultCall(CallSiteArray.java:48)
	at org.codehaus.groovy.runtime.callsite.AbstractCallSite.call(AbstractCallSite.java:113)
	at org.codehaus.groovy.runtime.callsite.AbstractCallSite.call(AbstractCallSite.java:141)
	at TempTestSuite1555472249208.run(TempTestSuite1555472249208.groovy:36)
	at groovy.lang.GroovyShell.runScriptOrMainOrTestOrRunnable(GroovyShell.java:263)
	at groovy.lang.GroovyShell.run(GroovyShell.java:518)
	at groovy.lang.GroovyShell.run(GroovyShell.java:507)
	at groovy.ui.GroovyMain.processOnce(GroovyMain.java:653)
	at groovy.ui.GroovyMain.run(GroovyMain.java:384)
	at groovy.ui.GroovyMain.process(GroovyMain.java:370)
	at groovy.ui.GroovyMain.processArgs(GroovyMain.java:129)
	at groovy.ui.GroovyMain.main(GroovyMain.java:109)
	at sun.reflect.NativeMethodAccessorImpl.invoke0(Native Method)
	at sun.reflect.NativeMethodAccessorImpl.invoke(NativeMethodAccessorImpl.java:62)
	at sun.reflect.DelegatingMethodAccessorImpl.invoke(DelegatingMethodAccessorImpl.java:43)
	at java.lang.reflect.Method.invoke(Method.java:498)
	at org.codehaus.groovy.tools.GroovyStarter.rootLoader(GroovyStarter.java:109)
	at org.codehaus.groovy.tools.GroovyStarter.main(GroovyStarter.java:131)
)"/>
         <system-out><![CDATA[2019-04-17 11:43:07 - [TEST_CASE][FAILED] - Test Cases/002_System_,Manage/001_User_Manage/010_Edit_User_error: Test Cases/002_System_,Manage/001_User_Manage/010_Edit_User_error FAILED because (of) (Stack trace: com.kms.katalon.core.exception.StepFailedException: Unable to click on object 'Object Repository/Syetem_settings/User_Manage/a_user_manage' (Root cause: org.openqa.selenium.ElementNotVisibleException: element not visible
  (Session info: headless chrome=73.0.3683.75)
  (Driver info: chromedriver=2.35.528161 (5b82f2d2aae0ca24b877009200ced9065a772e73),platform=Windows NT 6.1.7601 SP1 x86_64) (WARNING: The server did not provide any stacktrace information)
Command duration or timeout: 0 milliseconds
Build info: version: '3.7.1', revision: '8a0099a', time: '2017-11-06T21:07:36.161Z'
System info: host: 'BF-20170623WSST', ip: '192.168.10.86', os.name: 'Windows 7', os.arch: 'amd64', os.version: '6.1', java.version: '1.8.0_181'
Driver info: com.kms.katalon.selenium.driver.CChromeDriver
Capabilities {acceptInsecureCerts: false, acceptSslCerts: false, applicationCacheEnabled: false, browserConnectionEnabled: false, browserName: chrome, chrome: {chromedriverVersion: 2.35.528161 (5b82f2d2aae0ca..., userDataDir: C:\Users\ADMINI~1\AppData\L...}, cssSelectorsEnabled: true, databaseEnabled: false, handlesAlerts: true, hasTouchScreen: false, javascriptEnabled: true, locationContextEnabled: true, mobileEmulationEnabled: false, nativeEvents: true, networkConnectionEnabled: false, pageLoadStrategy: normal, platform: XP, platformName: XP, rotatable: false, setWindowRect: true, takesHeapSnapshot: true, takesScreenshot: true, unexpectedAlertBehaviour: , unhandledPromptBehavior: , version: 73.0.3683.75, webStorageEnabled: true}
Session ID: ecbfab57194731940f9b5dbca6c50beb)
	at com.kms.katalon.core.keyword.internal.KeywordMain.stepFailed(KeywordMain.groovy:36)
	at com.kms.katalon.core.webui.keyword.internal.WebUIKeywordMain.stepFailed(WebUIKeywordMain.groovy:65)
	at com.kms.katalon.core.webui.keyword.internal.WebUIKeywordMain.runKeyword(WebUIKeywordMain.groovy:27)
	at com.kms.katalon.core.webui.keyword.builtin.ClickKeyword.click(ClickKeyword.groovy:86)
	at com.kms.katalon.core.webui.keyword.builtin.ClickKeyword.execute(ClickKeyword.groovy:67)
	at com.kms.katalon.core.keyword.internal.KeywordExecutor.executeKeywordForPlatform(KeywordExecutor.groovy:53)
	at com.kms.katalon.core.webui.keyword.WebUiBuiltInKeywords.click(WebUiBuiltInKeywords.groovy:616)
	at com.kms.katalon.core.webui.keyword.WebUiBuiltInKeywords$click$4.call(Unknown Source)
	at Script1555325328873.run(Script1555325328873.groovy:25)
	at com.kms.katalon.core.main.ScriptEngine.run(ScriptEngine.java:183)
	at com.kms.katalon.core.main.ScriptEngine.runScriptAsRawText(ScriptEngine.java:108)
	at com.kms.katalon.core.main.TestCaseExecutor.runScript(TestCaseExecutor.java:294)
	at com.kms.katalon.core.main.TestCaseExecutor.doExecute(TestCaseExecutor.java:285)
	at com.kms.katalon.core.main.TestCaseExecutor.processExecutionPhase(TestCaseExecutor.java:264)
	at com.kms.katalon.core.main.TestCaseExecutor.accessMainPhase(TestCaseExecutor.java:256)
	at com.kms.katalon.core.main.TestCaseExecutor.execute(TestCaseExecutor.java:200)
	at com.kms.katalon.core.main.TestCaseMain.runTestCase(TestCaseMain.java:99)
	at com.kms.katalon.core.keyword.builtin.CallTestCaseKeyword$_callTestCase_closure1.doCall(CallTestCaseKeyword.groovy:60)
	at com.kms.katalon.core.keyword.builtin.CallTestCaseKeyword$_callTestCase_closure1.call(CallTestCaseKeyword.groovy)
	at com.kms.katalon.core.keyword.internal.KeywordMain.runKeyword(KeywordMain.groovy:54)
	at com.kms.katalon.core.keyword.builtin.CallTestCaseKeyword.callTestCase(CallTestCaseKeyword.groovy:81)
	at com.kms.katalon.core.keyword.builtin.CallTestCaseKeyword.execute(CallTestCaseKeyword.groovy:45)
	at com.kms.katalon.core.keyword.internal.KeywordExecutor.executeKeywordForPlatform(KeywordExecutor.groovy:53)
	at com.kms.katalon.core.keyword.BuiltinKeywords.callTestCase(BuiltinKeywords.groovy:334)
	at sun.reflect.NativeMethodAccessorImpl.invoke0(Native Method)
	at sun.reflect.NativeMethodAccessorImpl.invoke(NativeMethodAccessorImpl.java:62)
	at sun.reflect.DelegatingMethodAccessorImpl.invoke(DelegatingMethodAccessorImpl.java:43)
	at java.lang.reflect.Method.invoke(Method.java:498)
	at org.codehaus.groovy.reflection.CachedMethod.invoke(CachedMethod.java:93)
	at groovy.lang.MetaMethod.doMethodInvoke(MetaMethod.java:325)
	at groovy.lang.MetaClassImpl.invokeStaticMethod(MetaClassImpl.java:1469)
	at org.codehaus.groovy.runtime.callsite.StaticMetaClassSite.call(StaticMetaClassSite.java:53)
	at org.codehaus.groovy.runtime.callsite.AbstractCallSite.call(AbstractCallSite.java:141)
	at Script1555403928934.run(Script1555403928934.groovy:27)
	at com.kms.katalon.core.main.ScriptEngine.run(ScriptEngine.java:183)
	at com.kms.katalon.core.main.ScriptEngine.runScriptAsRawText(ScriptEngine.java:108)
	at com.kms.katalon.core.main.TestCaseExecutor.runScript(TestCaseExecutor.java:294)
	at com.kms.katalon.core.main.TestCaseExecutor.doExecute(TestCaseExecutor.java:285)
	at com.kms.katalon.core.main.TestCaseExecutor.processExecutionPhase(TestCaseExecutor.java:264)
	at com.kms.katalon.core.main.TestCaseExecutor.accessMainPhase(TestCaseExecutor.java:256)
	at com.kms.katalon.core.main.TestCaseExecutor.execute(TestCaseExecutor.java:200)
	at com.kms.katalon.core.main.TestSuiteExecutor.accessTestCaseMainPhase(TestSuiteExecutor.java:129)
	at com.kms.katalon.core.main.TestSuiteExecutor.accessTestSuiteMainPhase(TestSuiteExecutor.java:112)
	at com.kms.katalon.core.main.TestSuiteExecutor.execute(TestSuiteExecutor.java:81)
	at com.kms.katalon.core.main.TestCaseMain.startTestSuite(TestCaseMain.java:142)
	at com.kms.katalon.core.main.TestCaseMain$startTestSuite$0.call(Unknown Source)
	at org.codehaus.groovy.runtime.callsite.CallSiteArray.defaultCall(CallSiteArray.java:48)
	at org.codehaus.groovy.runtime.callsite.AbstractCallSite.call(AbstractCallSite.java:113)
	at org.codehaus.groovy.runtime.callsite.AbstractCallSite.call(AbstractCallSite.java:141)
	at TempTestSuite1555472249208.run(TempTestSuite1555472249208.groovy:36)
	at groovy.lang.GroovyShell.runScriptOrMainOrTestOrRunnable(GroovyShell.java:263)
	at groovy.lang.GroovyShell.run(GroovyShell.java:518)
	at groovy.lang.GroovyShell.run(GroovyShell.java:507)
	at groovy.ui.GroovyMain.processOnce(GroovyMain.java:653)
	at groovy.ui.GroovyMain.run(GroovyMain.java:384)
	at groovy.ui.GroovyMain.process(GroovyMain.java:370)
	at groovy.ui.GroovyMain.processArgs(GroovyMain.java:129)
	at groovy.ui.GroovyMain.main(GroovyMain.java:109)
	at sun.reflect.NativeMethodAccessorImpl.invoke0(Native Method)
	at sun.reflect.NativeMethodAccessorImpl.invoke(NativeMethodAccessorImpl.java:62)
	at sun.reflect.DelegatingMethodAccessorImpl.invoke(DelegatingMethodAccessorImpl.java:43)
	at java.lang.reflect.Method.invoke(Method.java:498)
	at org.codehaus.groovy.tools.GroovyStarter.rootLoader(GroovyStarter.java:109)
	at org.codehaus.groovy.tools.GroovyStarter.main(GroovyStarter.java:131)
)

2019-04-17 11:43:07 - [TEST_STEP][PASSED] - Start listener action : sampleBeforeTestCase: Invoke 'com.kms.katalon.core.annotation.BeforeTestCase' method: 'NewTestListener.sampleBeforeTestCase(...)' completed.

2019-04-17 11:43:07 - [TEST_STEP][PASSED] - Statement - println(testCaseContext.getTestCaseId()): null

2019-04-17 11:43:07 - [TEST_STEP][PASSED] - Statement - println(testCaseContext.getTestCaseVariables()): Invoke 'com.kms.katalon.core.annotation.BeforeTestCase' method: 'NewTestListener.sampleBeforeTestCase(...)' completed.

2019-04-17 11:43:07 - [TEST_STEP][FAILED] - callTestCase: Unable to call Test Case with id 'Test Cases/002_System_,Manage/001_User_Manage/001_Enter_User' (Root cause: Call Test Case 'Test Cases/002_System_,Manage/001_User_Manage/001_Enter_User' failed)

2019-04-17 11:43:07 - [TEST_CASE][FAILED] - Test Cases/002_System_,Manage/001_User_Manage/001_Enter_User: Test Cases/002_System_,Manage/001_User_Manage/001_Enter_User FAILED because (of) (Stack trace: com.kms.katalon.core.exception.StepFailedException: Unable to click on object 'Object Repository/Syetem_settings/User_Manage/a_user_manage' (Root cause: org.openqa.selenium.ElementNotVisibleException: element not visible
  (Session info: headless chrome=73.0.3683.75)
  (Driver info: chromedriver=2.35.528161 (5b82f2d2aae0ca24b877009200ced9065a772e73),platform=Windows NT 6.1.7601 SP1 x86_64) (WARNING: The server did not provide any stacktrace information)
Command duration or timeout: 0 milliseconds
Build info: version: '3.7.1', revision: '8a0099a', time: '2017-11-06T21:07:36.161Z'
System info: host: 'BF-20170623WSST', ip: '192.168.10.86', os.name: 'Windows 7', os.arch: 'amd64', os.version: '6.1', java.version: '1.8.0_181'
Driver info: com.kms.katalon.selenium.driver.CChromeDriver
Capabilities {acceptInsecureCerts: false, acceptSslCerts: false, applicationCacheEnabled: false, browserConnectionEnabled: false, browserName: chrome, chrome: {chromedriverVersion: 2.35.528161 (5b82f2d2aae0ca..., userDataDir: C:\Users\ADMINI~1\AppData\L...}, cssSelectorsEnabled: true, databaseEnabled: false, handlesAlerts: true, hasTouchScreen: false, javascriptEnabled: true, locationContextEnabled: true, mobileEmulationEnabled: false, nativeEvents: true, networkConnectionEnabled: false, pageLoadStrategy: normal, platform: XP, platformName: XP, rotatable: false, setWindowRect: true, takesHeapSnapshot: true, takesScreenshot: true, unexpectedAlertBehaviour: , unhandledPromptBehavior: , version: 73.0.3683.75, webStorageEnabled: true}
Session ID: ecbfab57194731940f9b5dbca6c50beb)
	at com.kms.katalon.core.keyword.internal.KeywordMain.stepFailed(KeywordMain.groovy:36)
	at com.kms.katalon.core.webui.keyword.internal.WebUIKeywordMain.stepFailed(WebUIKeywordMain.groovy:65)
	at com.kms.katalon.core.webui.keyword.internal.WebUIKeywordMain.runKeyword(WebUIKeywordMain.groovy:27)
	at com.kms.katalon.core.webui.keyword.builtin.ClickKeyword.click(ClickKeyword.groovy:86)
	at com.kms.katalon.core.webui.keyword.builtin.ClickKeyword.execute(ClickKeyword.groovy:67)
	at com.kms.katalon.core.keyword.internal.KeywordExecutor.executeKeywordForPlatform(KeywordExecutor.groovy:53)
	at com.kms.katalon.core.webui.keyword.WebUiBuiltInKeywords.click(WebUiBuiltInKeywords.groovy:616)
	at com.kms.katalon.core.webui.keyword.WebUiBuiltInKeywords$click$4.call(Unknown Source)
	at Script1555325328873.run(Script1555325328873.groovy:25)
	at com.kms.katalon.core.main.ScriptEngine.run(ScriptEngine.java:183)
	at com.kms.katalon.core.main.ScriptEngine.runScriptAsRawText(ScriptEngine.java:108)
	at com.kms.katalon.core.main.TestCaseExecutor.runScript(TestCaseExecutor.java:294)
	at com.kms.katalon.core.main.TestCaseExecutor.doExecute(TestCaseExecutor.java:285)
	at com.kms.katalon.core.main.TestCaseExecutor.processExecutionPhase(TestCaseExecutor.java:264)
	at com.kms.katalon.core.main.TestCaseExecutor.accessMainPhase(TestCaseExecutor.java:256)
	at com.kms.katalon.core.main.TestCaseExecutor.execute(TestCaseExecutor.java:200)
	at com.kms.katalon.core.main.TestCaseMain.runTestCase(TestCaseMain.java:99)
	at com.kms.katalon.core.keyword.builtin.CallTestCaseKeyword$_callTestCase_closure1.doCall(CallTestCaseKeyword.groovy:60)
	at com.kms.katalon.core.keyword.builtin.CallTestCaseKeyword$_callTestCase_closure1.call(CallTestCaseKeyword.groovy)
	at com.kms.katalon.core.keyword.internal.KeywordMain.runKeyword(KeywordMain.groovy:54)
	at com.kms.katalon.core.keyword.builtin.CallTestCaseKeyword.callTestCase(CallTestCaseKeyword.groovy:81)
	at com.kms.katalon.core.keyword.builtin.CallTestCaseKeyword.execute(CallTestCaseKeyword.groovy:45)
	at com.kms.katalon.core.keyword.internal.KeywordExecutor.executeKeywordForPlatform(KeywordExecutor.groovy:53)
	at com.kms.katalon.core.keyword.BuiltinKeywords.callTestCase(BuiltinKeywords.groovy:334)
	at sun.reflect.NativeMethodAccessorImpl.invoke0(Native Method)
	at sun.reflect.NativeMethodAccessorImpl.invoke(NativeMethodAccessorImpl.java:62)
	at sun.reflect.DelegatingMethodAccessorImpl.invoke(DelegatingMethodAccessorImpl.java:43)
	at java.lang.reflect.Method.invoke(Method.java:498)
	at org.codehaus.groovy.reflection.CachedMethod.invoke(CachedMethod.java:93)
	at groovy.lang.MetaMethod.doMethodInvoke(MetaMethod.java:325)
	at groovy.lang.MetaClassImpl.invokeStaticMethod(MetaClassImpl.java:1469)
	at org.codehaus.groovy.runtime.callsite.StaticMetaClassSite.call(StaticMetaClassSite.java:53)
	at org.codehaus.groovy.runtime.callsite.AbstractCallSite.call(AbstractCallSite.java:141)
	at Script1555403928934.run(Script1555403928934.groovy:27)
	at com.kms.katalon.core.main.ScriptEngine.run(ScriptEngine.java:183)
	at com.kms.katalon.core.main.ScriptEngine.runScriptAsRawText(ScriptEngine.java:108)
	at com.kms.katalon.core.main.TestCaseExecutor.runScript(TestCaseExecutor.java:294)
	at com.kms.katalon.core.main.TestCaseExecutor.doExecute(TestCaseExecutor.java:285)
	at com.kms.katalon.core.main.TestCaseExecutor.processExecutionPhase(TestCaseExecutor.java:264)
	at com.kms.katalon.core.main.TestCaseExecutor.accessMainPhase(TestCaseExecutor.java:256)
	at com.kms.katalon.core.main.TestCaseExecutor.execute(TestCaseExecutor.java:200)
	at com.kms.katalon.core.main.TestSuiteExecutor.accessTestCaseMainPhase(TestSuiteExecutor.java:129)
	at com.kms.katalon.core.main.TestSuiteExecutor.accessTestSuiteMainPhase(TestSuiteExecutor.java:112)
	at com.kms.katalon.core.main.TestSuiteExecutor.execute(TestSuiteExecutor.java:81)
	at com.kms.katalon.core.main.TestCaseMain.startTestSuite(TestCaseMain.java:142)
	at com.kms.katalon.core.main.TestCaseMain$startTestSuite$0.call(Unknown Source)
	at org.codehaus.groovy.runtime.callsite.CallSiteArray.defaultCall(CallSiteArray.java:48)
	at org.codehaus.groovy.runtime.callsite.AbstractCallSite.call(AbstractCallSite.java:113)
	at org.codehaus.groovy.runtime.callsite.AbstractCallSite.call(AbstractCallSite.java:141)
	at TempTestSuite1555472249208.run(TempTestSuite1555472249208.groovy:36)
	at groovy.lang.GroovyShell.runScriptOrMainOrTestOrRunnable(GroovyShell.java:263)
	at groovy.lang.GroovyShell.run(GroovyShell.java:518)
	at groovy.lang.GroovyShell.run(GroovyShell.java:507)
	at groovy.ui.GroovyMain.processOnce(GroovyMain.java:653)
	at groovy.ui.GroovyMain.run(GroovyMain.java:384)
	at groovy.ui.GroovyMain.process(GroovyMain.java:370)
	at groovy.ui.GroovyMain.processArgs(GroovyMain.java:129)
	at groovy.ui.GroovyMain.main(GroovyMain.java:109)
	at sun.reflect.NativeMethodAccessorImpl.invoke0(Native Method)
	at sun.reflect.NativeMethodAccessorImpl.invoke(NativeMethodAccessorImpl.java:62)
	at sun.reflect.DelegatingMethodAccessorImpl.invoke(DelegatingMethodAccessorImpl.java:43)
	at java.lang.reflect.Method.invoke(Method.java:498)
	at org.codehaus.groovy.tools.GroovyStarter.rootLoader(GroovyStarter.java:109)
	at org.codehaus.groovy.tools.GroovyStarter.main(GroovyStarter.java:131)
)

2019-04-17 11:43:07 - [TEST_STEP][NOT_RUN] - callTestCase: NOT_RUN: callTestCase

2019-04-17 11:43:07 - [MESSAGE][NOT_RUN] - NOT_RUN: callTestCase

2019-04-17 11:43:07 - [TEST_STEP][PASSED] - delay: Delayed 1 second(s)

2019-04-17 11:43:08 - [MESSAGE][PASSED] - Delayed 1 second(s)

2019-04-17 11:43:08 - [TEST_STEP][PASSED] - click: Object: 'Object Repository/Syetem_settings/User_Manage/a_systemsetings' is clicked on

2019-04-17 11:43:08 - [MESSAGE][PASSED] - Object: 'Object Repository/Syetem_settings/User_Manage/a_systemsetings' is clicked on

2019-04-17 11:43:08 - [TEST_STEP][PASSED] - delay: Delayed 1 second(s)

2019-04-17 11:43:09 - [MESSAGE][PASSED] - Delayed 1 second(s)

2019-04-17 11:43:09 - [TEST_STEP][FAILED] - click: Unable to click on object 'Object Repository/Syetem_settings/User_Manage/a_user_manage' (Root cause: org.openqa.selenium.ElementNotVisibleException: element not visible
  (Session info: headless chrome=73.0.3683.75)
  (Driver info: chromedriver=2.35.528161 (5b82f2d2aae0ca24b877009200ced9065a772e73),platform=Windows NT 6.1.7601 SP1 x86_64) (WARNING: The server did not provide any stacktrace information)
Command duration or timeout: 0 milliseconds
Build info: version: '3.7.1', revision: '8a0099a', time: '2017-11-06T21:07:36.161Z'
System info: host: 'BF-20170623WSST', ip: '192.168.10.86', os.name: 'Windows 7', os.arch: 'amd64', os.version: '6.1', java.version: '1.8.0_181'
Driver info: com.kms.katalon.selenium.driver.CChromeDriver
Capabilities {acceptInsecureCerts: false, acceptSslCerts: false, applicationCacheEnabled: false, browserConnectionEnabled: false, browserName: chrome, chrome: {chromedriverVersion: 2.35.528161 (5b82f2d2aae0ca..., userDataDir: C:\Users\ADMINI~1\AppData\L...}, cssSelectorsEnabled: true, databaseEnabled: false, handlesAlerts: true, hasTouchScreen: false, javascriptEnabled: true, locationContextEnabled: true, mobileEmulationEnabled: false, nativeEvents: true, networkConnectionEnabled: false, pageLoadStrategy: normal, platform: XP, platformName: XP, rotatable: false, setWindowRect: true, takesHeapSnapshot: true, takesScreenshot: true, unexpectedAlertBehaviour: , unhandledPromptBehavior: , version: 73.0.3683.75, webStorageEnabled: true}
Session ID: ecbfab57194731940f9b5dbca6c50beb)

2019-04-17 11:43:10 - [MESSAGE][FAILED] - Unable to click on object 'Object Repository/Syetem_settings/User_Manage/a_user_manage' (Root cause: org.openqa.selenium.ElementNotVisibleException: element not visible
  (Session info: headless chrome=73.0.3683.75)
  (Driver info: chromedriver=2.35.528161 (5b82f2d2aae0ca24b877009200ced9065a772e73),platform=Windows NT 6.1.7601 SP1 x86_64) (WARNING: The server did not provide any stacktrace information)
Command duration or timeout: 0 milliseconds
Build info: version: '3.7.1', revision: '8a0099a', time: '2017-11-06T21:07:36.161Z'
System info: host: 'BF-20170623WSST', ip: '192.168.10.86', os.name: 'Windows 7', os.arch: 'amd64', os.version: '6.1', java.version: '1.8.0_181'
Driver info: com.kms.katalon.selenium.driver.CChromeDriver
Capabilities {acceptInsecureCerts: false, acceptSslCerts: false, applicationCacheEnabled: false, browserConnectionEnabled: false, browserName: chrome, chrome: {chromedriverVersion: 2.35.528161 (5b82f2d2aae0ca..., userDataDir: C:\Users\ADMINI~1\AppData\L...}, cssSelectorsEnabled: true, databaseEnabled: false, handlesAlerts: true, hasTouchScreen: false, javascriptEnabled: true, locationContextEnabled: true, mobileEmulationEnabled: false, nativeEvents: true, networkConnectionEnabled: false, pageLoadStrategy: normal, platform: XP, platformName: XP, rotatable: false, setWindowRect: true, takesHeapSnapshot: true, takesScreenshot: true, unexpectedAlertBehaviour: , unhandledPromptBehavior: , version: 73.0.3683.75, webStorageEnabled: true}
Session ID: ecbfab57194731940f9b5dbca6c50beb)
[[ATTACHMENT|G:\\Auto_Learning\\katalon\\katalon_project\\katalon_project\\T2M_Manage\\T2M_Manage\\Reports\\User Manage\\staff manage\\20190417_113729\\1555472589990.png]]

2019-04-17 11:43:10 - [MESSAGE][FAILED] - Unable to call Test Case with id 'Test Cases/002_System_,Manage/001_User_Manage/001_Enter_User' (Root cause: Call Test Case 'Test Cases/002_System_,Manage/001_User_Manage/001_Enter_User' failed)

2019-04-17 11:43:10 - [TEST_STEP][PASSED] - Start listener action : sampleAfterTestCase: Invoke 'com.kms.katalon.core.annotation.AfterTestCase' method: 'NewTestListener.sampleAfterTestCase(...)' completed.

2019-04-17 11:43:10 - [TEST_STEP][PASSED] - Statement - println(testCaseContext.getTestCaseId()): null

2019-04-17 11:43:10 - [TEST_STEP][PASSED] - Statement - println(testCaseContext.getTestCaseStatus()): Invoke 'com.kms.katalon.core.annotation.AfterTestCase' method: 'NewTestListener.sampleAfterTestCase(...)' completed.]]></system-out>
         <system-err><![CDATA[2019-04-17 11:43:07 - [TEST_CASE][FAILED] - Test Cases/002_System_,Manage/001_User_Manage/010_Edit_User_error: Test Cases/002_System_,Manage/001_User_Manage/010_Edit_User_error FAILED because (of) (Stack trace: com.kms.katalon.core.exception.StepFailedException: Unable to click on object 'Object Repository/Syetem_settings/User_Manage/a_user_manage' (Root cause: org.openqa.selenium.ElementNotVisibleException: element not visible
  (Session info: headless chrome=73.0.3683.75)
  (Driver info: chromedriver=2.35.528161 (5b82f2d2aae0ca24b877009200ced9065a772e73),platform=Windows NT 6.1.7601 SP1 x86_64) (WARNING: The server did not provide any stacktrace information)
Command duration or timeout: 0 milliseconds
Build info: version: '3.7.1', revision: '8a0099a', time: '2017-11-06T21:07:36.161Z'
System info: host: 'BF-20170623WSST', ip: '192.168.10.86', os.name: 'Windows 7', os.arch: 'amd64', os.version: '6.1', java.version: '1.8.0_181'
Driver info: com.kms.katalon.selenium.driver.CChromeDriver
Capabilities {acceptInsecureCerts: false, acceptSslCerts: false, applicationCacheEnabled: false, browserConnectionEnabled: false, browserName: chrome, chrome: {chromedriverVersion: 2.35.528161 (5b82f2d2aae0ca..., userDataDir: C:\Users\ADMINI~1\AppData\L...}, cssSelectorsEnabled: true, databaseEnabled: false, handlesAlerts: true, hasTouchScreen: false, javascriptEnabled: true, locationContextEnabled: true, mobileEmulationEnabled: false, nativeEvents: true, networkConnectionEnabled: false, pageLoadStrategy: normal, platform: XP, platformName: XP, rotatable: false, setWindowRect: true, takesHeapSnapshot: true, takesScreenshot: true, unexpectedAlertBehaviour: , unhandledPromptBehavior: , version: 73.0.3683.75, webStorageEnabled: true}
Session ID: ecbfab57194731940f9b5dbca6c50beb)
	at com.kms.katalon.core.keyword.internal.KeywordMain.stepFailed(KeywordMain.groovy:36)
	at com.kms.katalon.core.webui.keyword.internal.WebUIKeywordMain.stepFailed(WebUIKeywordMain.groovy:65)
	at com.kms.katalon.core.webui.keyword.internal.WebUIKeywordMain.runKeyword(WebUIKeywordMain.groovy:27)
	at com.kms.katalon.core.webui.keyword.builtin.ClickKeyword.click(ClickKeyword.groovy:86)
	at com.kms.katalon.core.webui.keyword.builtin.ClickKeyword.execute(ClickKeyword.groovy:67)
	at com.kms.katalon.core.keyword.internal.KeywordExecutor.executeKeywordForPlatform(KeywordExecutor.groovy:53)
	at com.kms.katalon.core.webui.keyword.WebUiBuiltInKeywords.click(WebUiBuiltInKeywords.groovy:616)
	at com.kms.katalon.core.webui.keyword.WebUiBuiltInKeywords$click$4.call(Unknown Source)
	at Script1555325328873.run(Script1555325328873.groovy:25)
	at com.kms.katalon.core.main.ScriptEngine.run(ScriptEngine.java:183)
	at com.kms.katalon.core.main.ScriptEngine.runScriptAsRawText(ScriptEngine.java:108)
	at com.kms.katalon.core.main.TestCaseExecutor.runScript(TestCaseExecutor.java:294)
	at com.kms.katalon.core.main.TestCaseExecutor.doExecute(TestCaseExecutor.java:285)
	at com.kms.katalon.core.main.TestCaseExecutor.processExecutionPhase(TestCaseExecutor.java:264)
	at com.kms.katalon.core.main.TestCaseExecutor.accessMainPhase(TestCaseExecutor.java:256)
	at com.kms.katalon.core.main.TestCaseExecutor.execute(TestCaseExecutor.java:200)
	at com.kms.katalon.core.main.TestCaseMain.runTestCase(TestCaseMain.java:99)
	at com.kms.katalon.core.keyword.builtin.CallTestCaseKeyword$_callTestCase_closure1.doCall(CallTestCaseKeyword.groovy:60)
	at com.kms.katalon.core.keyword.builtin.CallTestCaseKeyword$_callTestCase_closure1.call(CallTestCaseKeyword.groovy)
	at com.kms.katalon.core.keyword.internal.KeywordMain.runKeyword(KeywordMain.groovy:54)
	at com.kms.katalon.core.keyword.builtin.CallTestCaseKeyword.callTestCase(CallTestCaseKeyword.groovy:81)
	at com.kms.katalon.core.keyword.builtin.CallTestCaseKeyword.execute(CallTestCaseKeyword.groovy:45)
	at com.kms.katalon.core.keyword.internal.KeywordExecutor.executeKeywordForPlatform(KeywordExecutor.groovy:53)
	at com.kms.katalon.core.keyword.BuiltinKeywords.callTestCase(BuiltinKeywords.groovy:334)
	at sun.reflect.NativeMethodAccessorImpl.invoke0(Native Method)
	at sun.reflect.NativeMethodAccessorImpl.invoke(NativeMethodAccessorImpl.java:62)
	at sun.reflect.DelegatingMethodAccessorImpl.invoke(DelegatingMethodAccessorImpl.java:43)
	at java.lang.reflect.Method.invoke(Method.java:498)
	at org.codehaus.groovy.reflection.CachedMethod.invoke(CachedMethod.java:93)
	at groovy.lang.MetaMethod.doMethodInvoke(MetaMethod.java:325)
	at groovy.lang.MetaClassImpl.invokeStaticMethod(MetaClassImpl.java:1469)
	at org.codehaus.groovy.runtime.callsite.StaticMetaClassSite.call(StaticMetaClassSite.java:53)
	at org.codehaus.groovy.runtime.callsite.AbstractCallSite.call(AbstractCallSite.java:141)
	at Script1555403928934.run(Script1555403928934.groovy:27)
	at com.kms.katalon.core.main.ScriptEngine.run(ScriptEngine.java:183)
	at com.kms.katalon.core.main.ScriptEngine.runScriptAsRawText(ScriptEngine.java:108)
	at com.kms.katalon.core.main.TestCaseExecutor.runScript(TestCaseExecutor.java:294)
	at com.kms.katalon.core.main.TestCaseExecutor.doExecute(TestCaseExecutor.java:285)
	at com.kms.katalon.core.main.TestCaseExecutor.processExecutionPhase(TestCaseExecutor.java:264)
	at com.kms.katalon.core.main.TestCaseExecutor.accessMainPhase(TestCaseExecutor.java:256)
	at com.kms.katalon.core.main.TestCaseExecutor.execute(TestCaseExecutor.java:200)
	at com.kms.katalon.core.main.TestSuiteExecutor.accessTestCaseMainPhase(TestSuiteExecutor.java:129)
	at com.kms.katalon.core.main.TestSuiteExecutor.accessTestSuiteMainPhase(TestSuiteExecutor.java:112)
	at com.kms.katalon.core.main.TestSuiteExecutor.execute(TestSuiteExecutor.java:81)
	at com.kms.katalon.core.main.TestCaseMain.startTestSuite(TestCaseMain.java:142)
	at com.kms.katalon.core.main.TestCaseMain$startTestSuite$0.call(Unknown Source)
	at org.codehaus.groovy.runtime.callsite.CallSiteArray.defaultCall(CallSiteArray.java:48)
	at org.codehaus.groovy.runtime.callsite.AbstractCallSite.call(AbstractCallSite.java:113)
	at org.codehaus.groovy.runtime.callsite.AbstractCallSite.call(AbstractCallSite.java:141)
	at TempTestSuite1555472249208.run(TempTestSuite1555472249208.groovy:36)
	at groovy.lang.GroovyShell.runScriptOrMainOrTestOrRunnable(GroovyShell.java:263)
	at groovy.lang.GroovyShell.run(GroovyShell.java:518)
	at groovy.lang.GroovyShell.run(GroovyShell.java:507)
	at groovy.ui.GroovyMain.processOnce(GroovyMain.java:653)
	at groovy.ui.GroovyMain.run(GroovyMain.java:384)
	at groovy.ui.GroovyMain.process(GroovyMain.java:370)
	at groovy.ui.GroovyMain.processArgs(GroovyMain.java:129)
	at groovy.ui.GroovyMain.main(GroovyMain.java:109)
	at sun.reflect.NativeMethodAccessorImpl.invoke0(Native Method)
	at sun.reflect.NativeMethodAccessorImpl.invoke(NativeMethodAccessorImpl.java:62)
	at sun.reflect.DelegatingMethodAccessorImpl.invoke(DelegatingMethodAccessorImpl.java:43)
	at java.lang.reflect.Method.invoke(Method.java:498)
	at org.codehaus.groovy.tools.GroovyStarter.rootLoader(GroovyStarter.java:109)
	at org.codehaus.groovy.tools.GroovyStarter.main(GroovyStarter.java:131)
)]]></system-err>
      </testcase>
      <testcase name="Test Cases/002_System_,Manage/001_User_Manage/010_Edit_User_error" classname="Test Cases/002_System_,Manage/001_User_Manage/010_Edit_User_error" status="PASSED">
         <system-out><![CDATA[2019-04-17 11:43:12 - [TEST_CASE][PASSED] - Test Cases/002_System_,Manage/001_User_Manage/010_Edit_User_error: Test Cases/002_System_,Manage/001_User_Manage/010_Edit_User_error

2019-04-17 11:43:12 - [TEST_STEP][PASSED] - Start listener action : sampleBeforeTestCase: Invoke 'com.kms.katalon.core.annotation.BeforeTestCase' method: 'NewTestListener.sampleBeforeTestCase(...)' completed.

2019-04-17 11:43:12 - [TEST_STEP][PASSED] - Statement - println(testCaseContext.getTestCaseId()): null

2019-04-17 11:43:12 - [TEST_STEP][PASSED] - Statement - println(testCaseContext.getTestCaseVariables()): Invoke 'com.kms.katalon.core.annotation.BeforeTestCase' method: 'NewTestListener.sampleBeforeTestCase(...)' completed.

2019-04-17 11:43:12 - [TEST_STEP][PASSED] - callTestCase: Call Test Case 'Test Cases/002_System_,Manage/001_User_Manage/001_Enter_User' successfully

2019-04-17 11:43:12 - [TEST_CASE][PASSED] - Test Cases/002_System_,Manage/001_User_Manage/001_Enter_User: Test Cases/002_System_,Manage/001_User_Manage/001_Enter_User

2019-04-17 11:43:12 - [TEST_STEP][NOT_RUN] - callTestCase: NOT_RUN: callTestCase

2019-04-17 11:43:12 - [MESSAGE][NOT_RUN] - NOT_RUN: callTestCase

2019-04-17 11:43:12 - [TEST_STEP][PASSED] - delay: Delayed 1 second(s)

2019-04-17 11:43:13 - [MESSAGE][PASSED] - Delayed 1 second(s)

2019-04-17 11:43:13 - [TEST_STEP][PASSED] - click: Object: 'Object Repository/Syetem_settings/User_Manage/a_systemsetings' is clicked on

2019-04-17 11:43:13 - [MESSAGE][PASSED] - Object: 'Object Repository/Syetem_settings/User_Manage/a_systemsetings' is clicked on

2019-04-17 11:43:13 - [TEST_STEP][PASSED] - delay: Delayed 1 second(s)

2019-04-17 11:43:14 - [MESSAGE][PASSED] - Delayed 1 second(s)

2019-04-17 11:43:14 - [TEST_STEP][PASSED] - click: Object: 'Object Repository/Syetem_settings/User_Manage/a_user_manage' is clicked on

2019-04-17 11:43:14 - [MESSAGE][PASSED] - Object: 'Object Repository/Syetem_settings/User_Manage/a_user_manage' is clicked on

2019-04-17 11:43:14 - [TEST_STEP][PASSED] - delay: Delayed 1 second(s)

2019-04-17 11:43:15 - [MESSAGE][PASSED] - Delayed 1 second(s)

2019-04-17 11:43:15 - [TEST_STEP][PASSED] - Statement - verify_user = com.kms.katalon.core.webui.keyword.WebUiBuiltInKeywords.verifyElementPresent(com.kms.katalon.core.testobject.ObjectRepository.findTestObject(Syetem_settings/User_Manage/cite_usertable), 0): Object 'Object Repository/Syetem_settings/User_Manage/cite_usertable' is present

2019-04-17 11:43:15 - [MESSAGE][WARNING] - Timeout '0' is invalid. Using default page load timeout: '30'

2019-04-17 11:43:15 - [MESSAGE][PASSED] - Object 'Object Repository/Syetem_settings/User_Manage/cite_usertable' is present

2019-04-17 11:43:15 - [TEST_STEP][PASSED] - Statement - If (verify_user): Enter the Successfully entered the people management page

2019-04-17 11:43:15 - [TEST_STEP][PASSED] - comment: Enter the Successfully entered the people management page

2019-04-17 11:43:15 - [MESSAGE][PASSED] - Call Test Case 'Test Cases/002_System_,Manage/001_User_Manage/001_Enter_User' successfully

2019-04-17 11:43:15 - [TEST_STEP][PASSED] - maximizeWindow: Current window maximized

2019-04-17 11:43:15 - [MESSAGE][PASSED] - Current window maximized

2019-04-17 11:43:15 - [TEST_STEP][PASSED] - setText: Text '可以的' is set on object 'Object Repository/test/input__keyword'

2019-04-17 11:43:15 - [MESSAGE][PASSED] - Text '可以的' is set on object 'Object Repository/test/input__keyword'

2019-04-17 11:43:15 - [TEST_STEP][PASSED] - delay: Delayed 1 second(s)

2019-04-17 11:43:16 - [MESSAGE][PASSED] - Delayed 1 second(s)

2019-04-17 11:43:16 - [TEST_STEP][PASSED] - click: Object: 'Object Repository/test/button__layui-btn' is clicked on

2019-04-17 11:43:17 - [MESSAGE][PASSED] - Object: 'Object Repository/test/button__layui-btn' is clicked on

2019-04-17 11:43:17 - [TEST_STEP][PASSED] - delay: Delayed 1 second(s)

2019-04-17 11:43:18 - [MESSAGE][PASSED] - Delayed 1 second(s)

2019-04-17 11:43:18 - [TEST_STEP][PASSED] - click: Object: 'Object Repository/Syetem_settings/User_Manage/Edit_user_info/edit_first' is clicked on

2019-04-17 11:43:18 - [MESSAGE][PASSED] - Object: 'Object Repository/Syetem_settings/User_Manage/Edit_user_info/edit_first' is clicked on

2019-04-17 11:43:18 - [TEST_STEP][PASSED] - delay: Delayed 2 second(s)

2019-04-17 11:43:20 - [MESSAGE][PASSED] - Delayed 2 second(s)

2019-04-17 11:43:20 - [TEST_STEP][PASSED] - setText: Text '' is set on object 'Object Repository/Syetem_settings/User_Manage/Edit_user_info/input_ realname'

2019-04-17 11:43:20 - [MESSAGE][PASSED] - Text '' is set on object 'Object Repository/Syetem_settings/User_Manage/Edit_user_info/input_ realname'

2019-04-17 11:43:20 - [TEST_STEP][PASSED] - delay: Delayed 1 second(s)

2019-04-17 11:43:21 - [MESSAGE][PASSED] - Delayed 1 second(s)

2019-04-17 11:43:21 - [TEST_STEP][PASSED] - setText: Text '测试岗位6' is set on object 'Object Repository/Syetem_settings/User_Manage/Edit_user_info/input_position'

2019-04-17 11:43:21 - [MESSAGE][PASSED] - Text '测试岗位6' is set on object 'Object Repository/Syetem_settings/User_Manage/Edit_user_info/input_position'

2019-04-17 11:43:21 - [TEST_STEP][PASSED] - delay: Delayed 1 second(s)

2019-04-17 11:43:22 - [MESSAGE][PASSED] - Delayed 1 second(s)

2019-04-17 11:43:22 - [TEST_STEP][PASSED] - setText: Text '15263625415' is set on object 'Object Repository/Syetem_settings/User_Manage/Edit_user_info/input__mobile'

2019-04-17 11:43:22 - [MESSAGE][PASSED] - Text '15263625415' is set on object 'Object Repository/Syetem_settings/User_Manage/Edit_user_info/input__mobile'

2019-04-17 11:43:22 - [TEST_STEP][PASSED] - delay: Delayed 1 second(s)

2019-04-17 11:43:23 - [MESSAGE][PASSED] - Delayed 1 second(s)

2019-04-17 11:43:23 - [TEST_STEP][PASSED] - setText: Text '7425365@qq.com' is set on object 'Object Repository/Syetem_settings/User_Manage/Edit_user_info/input_email'

2019-04-17 11:43:23 - [MESSAGE][PASSED] - Text '7425365@qq.com' is set on object 'Object Repository/Syetem_settings/User_Manage/Edit_user_info/input_email'

2019-04-17 11:43:23 - [TEST_STEP][PASSED] - delay: Delayed 1 second(s)

2019-04-17 11:43:24 - [MESSAGE][PASSED] - Delayed 1 second(s)

2019-04-17 11:43:24 - [TEST_STEP][PASSED] - click: Object: 'Object Repository/Syetem_settings/User_Manage/Edit_user_info/button_Saveedit' is clicked on

2019-04-17 11:43:24 - [MESSAGE][PASSED] - Object: 'Object Repository/Syetem_settings/User_Manage/Edit_user_info/button_Saveedit' is clicked on

2019-04-17 11:43:24 - [TEST_STEP][PASSED] - Statement - If (com.kms.katalon.core.webui.keyword.WebUiBuiltInKeywords.verifyElementPresent(com.kms.katalon.core.testobject.ObjectRepository.findTestObject(Syetem_settings/User_Manage/user_info/tips_save), 10)): Object: 'Object Repository/Syetem_settings/User_Manage/user_info/close_user' is clicked on

2019-04-17 11:43:24 - [MESSAGE][PASSED] - Object 'Object Repository/Syetem_settings/User_Manage/user_info/tips_save' is present

2019-04-17 11:43:24 - [TEST_STEP][PASSED] - comment: 发现不能为空的提示

2019-04-17 11:43:24 - [TEST_STEP][PASSED] - delay: Delayed 1 second(s)

2019-04-17 11:43:25 - [MESSAGE][PASSED] - Delayed 1 second(s)

2019-04-17 11:43:25 - [TEST_STEP][PASSED] - click: Object: 'Object Repository/Syetem_settings/User_Manage/user_info/close_user' is clicked on

2019-04-17 11:43:26 - [MESSAGE][PASSED] - Object: 'Object Repository/Syetem_settings/User_Manage/user_info/close_user' is clicked on

2019-04-17 11:43:26 - [TEST_STEP][PASSED] - delay: Delayed 1 second(s)

2019-04-17 11:43:27 - [MESSAGE][PASSED] - Delayed 1 second(s)

2019-04-17 11:43:27 - [TEST_STEP][PASSED] - click: Object: 'Object Repository/Syetem_settings/User_Manage/a_ new_user' is clicked on

2019-04-17 11:43:27 - [MESSAGE][PASSED] - Object: 'Object Repository/Syetem_settings/User_Manage/a_ new_user' is clicked on

2019-04-17 11:43:27 - [TEST_STEP][PASSED] - delay: Delayed 1 second(s)

2019-04-17 11:43:28 - [MESSAGE][PASSED] - Delayed 1 second(s)

2019-04-17 11:43:28 - [TEST_STEP][PASSED] - click: Object: 'Object Repository/Syetem_settings/User_Manage/user_info/choose_dept' is clicked on

2019-04-17 11:43:28 - [MESSAGE][PASSED] - Object: 'Object Repository/Syetem_settings/User_Manage/user_info/choose_dept' is clicked on

2019-04-17 11:43:28 - [TEST_STEP][PASSED] - delay: Delayed 1 second(s)

2019-04-17 11:43:29 - [MESSAGE][PASSED] - Delayed 1 second(s)

2019-04-17 11:43:29 - [TEST_STEP][PASSED] - click: Object: 'Object Repository/Syetem_settings/User_Manage/user_info/i__TreeNB' is clicked on

2019-04-17 11:43:29 - [MESSAGE][PASSED] - Object: 'Object Repository/Syetem_settings/User_Manage/user_info/i__TreeNB' is clicked on

2019-04-17 11:43:29 - [TEST_STEP][PASSED] - delay: Delayed 1 second(s)

2019-04-17 11:43:30 - [MESSAGE][PASSED] - Delayed 1 second(s)

2019-04-17 11:43:30 - [TEST_STEP][PASSED] - click: Object: 'Object Repository/Syetem_settings/User_Manage/user_info/cite_CQDepart' is clicked on

2019-04-17 11:43:30 - [MESSAGE][PASSED] - Object: 'Object Repository/Syetem_settings/User_Manage/user_info/cite_CQDepart' is clicked on

2019-04-17 11:43:30 - [TEST_STEP][PASSED] - delay: Delayed 1 second(s)

2019-04-17 11:43:31 - [MESSAGE][PASSED] - Delayed 1 second(s)

2019-04-17 11:43:31 - [TEST_STEP][PASSED] - setText: Text '验证邮箱格式' is set on object 'Object Repository/Syetem_settings/User_Manage/user_info/input_ RealName'

2019-04-17 11:43:31 - [MESSAGE][PASSED] - Text '验证邮箱格式' is set on object 'Object Repository/Syetem_settings/User_Manage/user_info/input_ RealName'

2019-04-17 11:43:31 - [TEST_STEP][PASSED] - delay: Delayed 1 second(s)

2019-04-17 11:43:32 - [MESSAGE][PASSED] - Delayed 1 second(s)

2019-04-17 11:43:32 - [TEST_STEP][PASSED] - setText: Text '测试' is set on object 'Object Repository/Syetem_settings/User_Manage/user_info/input_position'

2019-04-17 11:43:32 - [MESSAGE][PASSED] - Text '测试' is set on object 'Object Repository/Syetem_settings/User_Manage/user_info/input_position'

2019-04-17 11:43:32 - [TEST_STEP][PASSED] - delay: Delayed 1 second(s)

2019-04-17 11:43:33 - [MESSAGE][PASSED] - Delayed 1 second(s)

2019-04-17 11:43:33 - [TEST_STEP][PASSED] - setText: Text '15263625413' is set on object 'Object Repository/Syetem_settings/User_Manage/user_info/input_mobile'

2019-04-17 11:43:33 - [MESSAGE][PASSED] - Text '15263625413' is set on object 'Object Repository/Syetem_settings/User_Manage/user_info/input_mobile'

2019-04-17 11:43:33 - [TEST_STEP][PASSED] - delay: Delayed 1 second(s)

2019-04-17 11:43:34 - [MESSAGE][PASSED] - Delayed 1 second(s)

2019-04-17 11:43:34 - [TEST_STEP][PASSED] - setText: Text '3214243@' is set on object 'Object Repository/Syetem_settings/User_Manage/user_info/input_email'

2019-04-17 11:43:34 - [MESSAGE][PASSED] - Text '3214243@' is set on object 'Object Repository/Syetem_settings/User_Manage/user_info/input_email'

2019-04-17 11:43:34 - [TEST_STEP][PASSED] - click: Object: 'Object Repository/Syetem_settings/User_Manage/user_info/button_ Save' is clicked on

2019-04-17 11:43:35 - [MESSAGE][PASSED] - Object: 'Object Repository/Syetem_settings/User_Manage/user_info/button_ Save' is clicked on

2019-04-17 11:43:35 - [TEST_STEP][PASSED] - Statement - If (com.kms.katalon.core.webui.keyword.WebUiBuiltInKeywords.verifyElementPresent(com.kms.katalon.core.testobject.ObjectRepository.findTestObject(Syetem_settings/User_Manage/user_info/save_email), 10)): Object: 'Object Repository/Syetem_settings/User_Manage/user_info/close_user' is clicked on

2019-04-17 11:43:35 - [MESSAGE][PASSED] - Object 'Object Repository/Syetem_settings/User_Manage/user_info/save_email' is present

2019-04-17 11:43:35 - [TEST_STEP][PASSED] - comment: 发现邮件格式不对的提示

2019-04-17 11:43:35 - [TEST_STEP][PASSED] - delay: Delayed 1 second(s)

2019-04-17 11:43:36 - [MESSAGE][PASSED] - Delayed 1 second(s)

2019-04-17 11:43:36 - [TEST_STEP][PASSED] - click: Object: 'Object Repository/Syetem_settings/User_Manage/user_info/close_user' is clicked on

2019-04-17 11:43:36 - [MESSAGE][PASSED] - Object: 'Object Repository/Syetem_settings/User_Manage/user_info/close_user' is clicked on

2019-04-17 11:43:36 - [TEST_STEP][PASSED] - Start listener action : sampleAfterTestCase: Invoke 'com.kms.katalon.core.annotation.AfterTestCase' method: 'NewTestListener.sampleAfterTestCase(...)' completed.

2019-04-17 11:43:36 - [TEST_STEP][PASSED] - Statement - println(testCaseContext.getTestCaseId()): null

2019-04-17 11:43:36 - [TEST_STEP][PASSED] - Statement - println(testCaseContext.getTestCaseStatus()): Invoke 'com.kms.katalon.core.annotation.AfterTestCase' method: 'NewTestListener.sampleAfterTestCase(...)' completed.]]></system-out>
         <system-err><![CDATA[]]></system-err>
      </testcase>
      <testcase name="Test Cases/002_System_,Manage/001_User_Manage/010_Edit_User_error" classname="Test Cases/002_System_,Manage/001_User_Manage/010_Edit_User_error" status="FAILED">
         <failure type="FAILED" message="(Stack trace: com.kms.katalon.core.exception.StepFailedException: Unable to click on object 'Object Repository/Syetem_settings/User_Manage/a_user_manage' (Root cause: org.openqa.selenium.ElementNotVisibleException: element not visible
  (Session info: headless chrome=73.0.3683.75)
  (Driver info: chromedriver=2.35.528161 (5b82f2d2aae0ca24b877009200ced9065a772e73),platform=Windows NT 6.1.7601 SP1 x86_64) (WARNING: The server did not provide any stacktrace information)
Command duration or timeout: 0 milliseconds
Build info: version: '3.7.1', revision: '8a0099a', time: '2017-11-06T21:07:36.161Z'
System info: host: 'BF-20170623WSST', ip: '192.168.10.86', os.name: 'Windows 7', os.arch: 'amd64', os.version: '6.1', java.version: '1.8.0_181'
Driver info: com.kms.katalon.selenium.driver.CChromeDriver
Capabilities {acceptInsecureCerts: false, acceptSslCerts: false, applicationCacheEnabled: false, browserConnectionEnabled: false, browserName: chrome, chrome: {chromedriverVersion: 2.35.528161 (5b82f2d2aae0ca..., userDataDir: C:\Users\ADMINI~1\AppData\L...}, cssSelectorsEnabled: true, databaseEnabled: false, handlesAlerts: true, hasTouchScreen: false, javascriptEnabled: true, locationContextEnabled: true, mobileEmulationEnabled: false, nativeEvents: true, networkConnectionEnabled: false, pageLoadStrategy: normal, platform: XP, platformName: XP, rotatable: false, setWindowRect: true, takesHeapSnapshot: true, takesScreenshot: true, unexpectedAlertBehaviour: , unhandledPromptBehavior: , version: 73.0.3683.75, webStorageEnabled: true}
Session ID: ecbfab57194731940f9b5dbca6c50beb)
	at com.kms.katalon.core.keyword.internal.KeywordMain.stepFailed(KeywordMain.groovy:36)
	at com.kms.katalon.core.webui.keyword.internal.WebUIKeywordMain.stepFailed(WebUIKeywordMain.groovy:65)
	at com.kms.katalon.core.webui.keyword.internal.WebUIKeywordMain.runKeyword(WebUIKeywordMain.groovy:27)
	at com.kms.katalon.core.webui.keyword.builtin.ClickKeyword.click(ClickKeyword.groovy:86)
	at com.kms.katalon.core.webui.keyword.builtin.ClickKeyword.execute(ClickKeyword.groovy:67)
	at com.kms.katalon.core.keyword.internal.KeywordExecutor.executeKeywordForPlatform(KeywordExecutor.groovy:53)
	at com.kms.katalon.core.webui.keyword.WebUiBuiltInKeywords.click(WebUiBuiltInKeywords.groovy:616)
	at com.kms.katalon.core.webui.keyword.WebUiBuiltInKeywords$click$4.call(Unknown Source)
	at Script1555325328873.run(Script1555325328873.groovy:25)
	at com.kms.katalon.core.main.ScriptEngine.run(ScriptEngine.java:183)
	at com.kms.katalon.core.main.ScriptEngine.runScriptAsRawText(ScriptEngine.java:108)
	at com.kms.katalon.core.main.TestCaseExecutor.runScript(TestCaseExecutor.java:294)
	at com.kms.katalon.core.main.TestCaseExecutor.doExecute(TestCaseExecutor.java:285)
	at com.kms.katalon.core.main.TestCaseExecutor.processExecutionPhase(TestCaseExecutor.java:264)
	at com.kms.katalon.core.main.TestCaseExecutor.accessMainPhase(TestCaseExecutor.java:256)
	at com.kms.katalon.core.main.TestCaseExecutor.execute(TestCaseExecutor.java:200)
	at com.kms.katalon.core.main.TestCaseMain.runTestCase(TestCaseMain.java:99)
	at com.kms.katalon.core.keyword.builtin.CallTestCaseKeyword$_callTestCase_closure1.doCall(CallTestCaseKeyword.groovy:60)
	at com.kms.katalon.core.keyword.builtin.CallTestCaseKeyword$_callTestCase_closure1.call(CallTestCaseKeyword.groovy)
	at com.kms.katalon.core.keyword.internal.KeywordMain.runKeyword(KeywordMain.groovy:54)
	at com.kms.katalon.core.keyword.builtin.CallTestCaseKeyword.callTestCase(CallTestCaseKeyword.groovy:81)
	at com.kms.katalon.core.keyword.builtin.CallTestCaseKeyword.execute(CallTestCaseKeyword.groovy:45)
	at com.kms.katalon.core.keyword.internal.KeywordExecutor.executeKeywordForPlatform(KeywordExecutor.groovy:53)
	at com.kms.katalon.core.keyword.BuiltinKeywords.callTestCase(BuiltinKeywords.groovy:334)
	at sun.reflect.NativeMethodAccessorImpl.invoke0(Native Method)
	at sun.reflect.NativeMethodAccessorImpl.invoke(NativeMethodAccessorImpl.java:62)
	at sun.reflect.DelegatingMethodAccessorImpl.invoke(DelegatingMethodAccessorImpl.java:43)
	at java.lang.reflect.Method.invoke(Method.java:498)
	at org.codehaus.groovy.reflection.CachedMethod.invoke(CachedMethod.java:93)
	at groovy.lang.MetaMethod.doMethodInvoke(MetaMethod.java:325)
	at groovy.lang.MetaClassImpl.invokeStaticMethod(MetaClassImpl.java:1469)
	at org.codehaus.groovy.runtime.callsite.StaticMetaClassSite.call(StaticMetaClassSite.java:53)
	at org.codehaus.groovy.runtime.callsite.AbstractCallSite.call(AbstractCallSite.java:141)
	at Script1555403928934.run(Script1555403928934.groovy:27)
	at com.kms.katalon.core.main.ScriptEngine.run(ScriptEngine.java:183)
	at com.kms.katalon.core.main.ScriptEngine.runScriptAsRawText(ScriptEngine.java:108)
	at com.kms.katalon.core.main.TestCaseExecutor.runScript(TestCaseExecutor.java:294)
	at com.kms.katalon.core.main.TestCaseExecutor.doExecute(TestCaseExecutor.java:285)
	at com.kms.katalon.core.main.TestCaseExecutor.processExecutionPhase(TestCaseExecutor.java:264)
	at com.kms.katalon.core.main.TestCaseExecutor.accessMainPhase(TestCaseExecutor.java:256)
	at com.kms.katalon.core.main.TestCaseExecutor.execute(TestCaseExecutor.java:200)
	at com.kms.katalon.core.main.TestSuiteExecutor.accessTestCaseMainPhase(TestSuiteExecutor.java:129)
	at com.kms.katalon.core.main.TestSuiteExecutor.accessTestSuiteMainPhase(TestSuiteExecutor.java:112)
	at com.kms.katalon.core.main.TestSuiteExecutor.execute(TestSuiteExecutor.java:81)
	at com.kms.katalon.core.main.TestCaseMain.startTestSuite(TestCaseMain.java:142)
	at com.kms.katalon.core.main.TestCaseMain$startTestSuite$0.call(Unknown Source)
	at org.codehaus.groovy.runtime.callsite.CallSiteArray.defaultCall(CallSiteArray.java:48)
	at org.codehaus.groovy.runtime.callsite.AbstractCallSite.call(AbstractCallSite.java:113)
	at org.codehaus.groovy.runtime.callsite.AbstractCallSite.call(AbstractCallSite.java:141)
	at TempTestSuite1555472249208.run(TempTestSuite1555472249208.groovy:36)
	at groovy.lang.GroovyShell.runScriptOrMainOrTestOrRunnable(GroovyShell.java:263)
	at groovy.lang.GroovyShell.run(GroovyShell.java:518)
	at groovy.lang.GroovyShell.run(GroovyShell.java:507)
	at groovy.ui.GroovyMain.processOnce(GroovyMain.java:653)
	at groovy.ui.GroovyMain.run(GroovyMain.java:384)
	at groovy.ui.GroovyMain.process(GroovyMain.java:370)
	at groovy.ui.GroovyMain.processArgs(GroovyMain.java:129)
	at groovy.ui.GroovyMain.main(GroovyMain.java:109)
	at sun.reflect.NativeMethodAccessorImpl.invoke0(Native Method)
	at sun.reflect.NativeMethodAccessorImpl.invoke(NativeMethodAccessorImpl.java:62)
	at sun.reflect.DelegatingMethodAccessorImpl.invoke(DelegatingMethodAccessorImpl.java:43)
	at java.lang.reflect.Method.invoke(Method.java:498)
	at org.codehaus.groovy.tools.GroovyStarter.rootLoader(GroovyStarter.java:109)
	at org.codehaus.groovy.tools.GroovyStarter.main(GroovyStarter.java:131)
)"/>
         <system-out><![CDATA[2019-04-17 11:43:38 - [TEST_CASE][FAILED] - Test Cases/002_System_,Manage/001_User_Manage/010_Edit_User_error: Test Cases/002_System_,Manage/001_User_Manage/010_Edit_User_error FAILED because (of) (Stack trace: com.kms.katalon.core.exception.StepFailedException: Unable to click on object 'Object Repository/Syetem_settings/User_Manage/a_user_manage' (Root cause: org.openqa.selenium.ElementNotVisibleException: element not visible
  (Session info: headless chrome=73.0.3683.75)
  (Driver info: chromedriver=2.35.528161 (5b82f2d2aae0ca24b877009200ced9065a772e73),platform=Windows NT 6.1.7601 SP1 x86_64) (WARNING: The server did not provide any stacktrace information)
Command duration or timeout: 0 milliseconds
Build info: version: '3.7.1', revision: '8a0099a', time: '2017-11-06T21:07:36.161Z'
System info: host: 'BF-20170623WSST', ip: '192.168.10.86', os.name: 'Windows 7', os.arch: 'amd64', os.version: '6.1', java.version: '1.8.0_181'
Driver info: com.kms.katalon.selenium.driver.CChromeDriver
Capabilities {acceptInsecureCerts: false, acceptSslCerts: false, applicationCacheEnabled: false, browserConnectionEnabled: false, browserName: chrome, chrome: {chromedriverVersion: 2.35.528161 (5b82f2d2aae0ca..., userDataDir: C:\Users\ADMINI~1\AppData\L...}, cssSelectorsEnabled: true, databaseEnabled: false, handlesAlerts: true, hasTouchScreen: false, javascriptEnabled: true, locationContextEnabled: true, mobileEmulationEnabled: false, nativeEvents: true, networkConnectionEnabled: false, pageLoadStrategy: normal, platform: XP, platformName: XP, rotatable: false, setWindowRect: true, takesHeapSnapshot: true, takesScreenshot: true, unexpectedAlertBehaviour: , unhandledPromptBehavior: , version: 73.0.3683.75, webStorageEnabled: true}
Session ID: ecbfab57194731940f9b5dbca6c50beb)
	at com.kms.katalon.core.keyword.internal.KeywordMain.stepFailed(KeywordMain.groovy:36)
	at com.kms.katalon.core.webui.keyword.internal.WebUIKeywordMain.stepFailed(WebUIKeywordMain.groovy:65)
	at com.kms.katalon.core.webui.keyword.internal.WebUIKeywordMain.runKeyword(WebUIKeywordMain.groovy:27)
	at com.kms.katalon.core.webui.keyword.builtin.ClickKeyword.click(ClickKeyword.groovy:86)
	at com.kms.katalon.core.webui.keyword.builtin.ClickKeyword.execute(ClickKeyword.groovy:67)
	at com.kms.katalon.core.keyword.internal.KeywordExecutor.executeKeywordForPlatform(KeywordExecutor.groovy:53)
	at com.kms.katalon.core.webui.keyword.WebUiBuiltInKeywords.click(WebUiBuiltInKeywords.groovy:616)
	at com.kms.katalon.core.webui.keyword.WebUiBuiltInKeywords$click$4.call(Unknown Source)
	at Script1555325328873.run(Script1555325328873.groovy:25)
	at com.kms.katalon.core.main.ScriptEngine.run(ScriptEngine.java:183)
	at com.kms.katalon.core.main.ScriptEngine.runScriptAsRawText(ScriptEngine.java:108)
	at com.kms.katalon.core.main.TestCaseExecutor.runScript(TestCaseExecutor.java:294)
	at com.kms.katalon.core.main.TestCaseExecutor.doExecute(TestCaseExecutor.java:285)
	at com.kms.katalon.core.main.TestCaseExecutor.processExecutionPhase(TestCaseExecutor.java:264)
	at com.kms.katalon.core.main.TestCaseExecutor.accessMainPhase(TestCaseExecutor.java:256)
	at com.kms.katalon.core.main.TestCaseExecutor.execute(TestCaseExecutor.java:200)
	at com.kms.katalon.core.main.TestCaseMain.runTestCase(TestCaseMain.java:99)
	at com.kms.katalon.core.keyword.builtin.CallTestCaseKeyword$_callTestCase_closure1.doCall(CallTestCaseKeyword.groovy:60)
	at com.kms.katalon.core.keyword.builtin.CallTestCaseKeyword$_callTestCase_closure1.call(CallTestCaseKeyword.groovy)
	at com.kms.katalon.core.keyword.internal.KeywordMain.runKeyword(KeywordMain.groovy:54)
	at com.kms.katalon.core.keyword.builtin.CallTestCaseKeyword.callTestCase(CallTestCaseKeyword.groovy:81)
	at com.kms.katalon.core.keyword.builtin.CallTestCaseKeyword.execute(CallTestCaseKeyword.groovy:45)
	at com.kms.katalon.core.keyword.internal.KeywordExecutor.executeKeywordForPlatform(KeywordExecutor.groovy:53)
	at com.kms.katalon.core.keyword.BuiltinKeywords.callTestCase(BuiltinKeywords.groovy:334)
	at sun.reflect.NativeMethodAccessorImpl.invoke0(Native Method)
	at sun.reflect.NativeMethodAccessorImpl.invoke(NativeMethodAccessorImpl.java:62)
	at sun.reflect.DelegatingMethodAccessorImpl.invoke(DelegatingMethodAccessorImpl.java:43)
	at java.lang.reflect.Method.invoke(Method.java:498)
	at org.codehaus.groovy.reflection.CachedMethod.invoke(CachedMethod.java:93)
	at groovy.lang.MetaMethod.doMethodInvoke(MetaMethod.java:325)
	at groovy.lang.MetaClassImpl.invokeStaticMethod(MetaClassImpl.java:1469)
	at org.codehaus.groovy.runtime.callsite.StaticMetaClassSite.call(StaticMetaClassSite.java:53)
	at org.codehaus.groovy.runtime.callsite.AbstractCallSite.call(AbstractCallSite.java:141)
	at Script1555403928934.run(Script1555403928934.groovy:27)
	at com.kms.katalon.core.main.ScriptEngine.run(ScriptEngine.java:183)
	at com.kms.katalon.core.main.ScriptEngine.runScriptAsRawText(ScriptEngine.java:108)
	at com.kms.katalon.core.main.TestCaseExecutor.runScript(TestCaseExecutor.java:294)
	at com.kms.katalon.core.main.TestCaseExecutor.doExecute(TestCaseExecutor.java:285)
	at com.kms.katalon.core.main.TestCaseExecutor.processExecutionPhase(TestCaseExecutor.java:264)
	at com.kms.katalon.core.main.TestCaseExecutor.accessMainPhase(TestCaseExecutor.java:256)
	at com.kms.katalon.core.main.TestCaseExecutor.execute(TestCaseExecutor.java:200)
	at com.kms.katalon.core.main.TestSuiteExecutor.accessTestCaseMainPhase(TestSuiteExecutor.java:129)
	at com.kms.katalon.core.main.TestSuiteExecutor.accessTestSuiteMainPhase(TestSuiteExecutor.java:112)
	at com.kms.katalon.core.main.TestSuiteExecutor.execute(TestSuiteExecutor.java:81)
	at com.kms.katalon.core.main.TestCaseMain.startTestSuite(TestCaseMain.java:142)
	at com.kms.katalon.core.main.TestCaseMain$startTestSuite$0.call(Unknown Source)
	at org.codehaus.groovy.runtime.callsite.CallSiteArray.defaultCall(CallSiteArray.java:48)
	at org.codehaus.groovy.runtime.callsite.AbstractCallSite.call(AbstractCallSite.java:113)
	at org.codehaus.groovy.runtime.callsite.AbstractCallSite.call(AbstractCallSite.java:141)
	at TempTestSuite1555472249208.run(TempTestSuite1555472249208.groovy:36)
	at groovy.lang.GroovyShell.runScriptOrMainOrTestOrRunnable(GroovyShell.java:263)
	at groovy.lang.GroovyShell.run(GroovyShell.java:518)
	at groovy.lang.GroovyShell.run(GroovyShell.java:507)
	at groovy.ui.GroovyMain.processOnce(GroovyMain.java:653)
	at groovy.ui.GroovyMain.run(GroovyMain.java:384)
	at groovy.ui.GroovyMain.process(GroovyMain.java:370)
	at groovy.ui.GroovyMain.processArgs(GroovyMain.java:129)
	at groovy.ui.GroovyMain.main(GroovyMain.java:109)
	at sun.reflect.NativeMethodAccessorImpl.invoke0(Native Method)
	at sun.reflect.NativeMethodAccessorImpl.invoke(NativeMethodAccessorImpl.java:62)
	at sun.reflect.DelegatingMethodAccessorImpl.invoke(DelegatingMethodAccessorImpl.java:43)
	at java.lang.reflect.Method.invoke(Method.java:498)
	at org.codehaus.groovy.tools.GroovyStarter.rootLoader(GroovyStarter.java:109)
	at org.codehaus.groovy.tools.GroovyStarter.main(GroovyStarter.java:131)
)

2019-04-17 11:43:38 - [TEST_STEP][PASSED] - Start listener action : sampleBeforeTestCase: Invoke 'com.kms.katalon.core.annotation.BeforeTestCase' method: 'NewTestListener.sampleBeforeTestCase(...)' completed.

2019-04-17 11:43:38 - [TEST_STEP][PASSED] - Statement - println(testCaseContext.getTestCaseId()): null

2019-04-17 11:43:38 - [TEST_STEP][PASSED] - Statement - println(testCaseContext.getTestCaseVariables()): Invoke 'com.kms.katalon.core.annotation.BeforeTestCase' method: 'NewTestListener.sampleBeforeTestCase(...)' completed.

2019-04-17 11:43:38 - [TEST_STEP][FAILED] - callTestCase: Unable to call Test Case with id 'Test Cases/002_System_,Manage/001_User_Manage/001_Enter_User' (Root cause: Call Test Case 'Test Cases/002_System_,Manage/001_User_Manage/001_Enter_User' failed)

2019-04-17 11:43:38 - [TEST_CASE][FAILED] - Test Cases/002_System_,Manage/001_User_Manage/001_Enter_User: Test Cases/002_System_,Manage/001_User_Manage/001_Enter_User FAILED because (of) (Stack trace: com.kms.katalon.core.exception.StepFailedException: Unable to click on object 'Object Repository/Syetem_settings/User_Manage/a_user_manage' (Root cause: org.openqa.selenium.ElementNotVisibleException: element not visible
  (Session info: headless chrome=73.0.3683.75)
  (Driver info: chromedriver=2.35.528161 (5b82f2d2aae0ca24b877009200ced9065a772e73),platform=Windows NT 6.1.7601 SP1 x86_64) (WARNING: The server did not provide any stacktrace information)
Command duration or timeout: 0 milliseconds
Build info: version: '3.7.1', revision: '8a0099a', time: '2017-11-06T21:07:36.161Z'
System info: host: 'BF-20170623WSST', ip: '192.168.10.86', os.name: 'Windows 7', os.arch: 'amd64', os.version: '6.1', java.version: '1.8.0_181'
Driver info: com.kms.katalon.selenium.driver.CChromeDriver
Capabilities {acceptInsecureCerts: false, acceptSslCerts: false, applicationCacheEnabled: false, browserConnectionEnabled: false, browserName: chrome, chrome: {chromedriverVersion: 2.35.528161 (5b82f2d2aae0ca..., userDataDir: C:\Users\ADMINI~1\AppData\L...}, cssSelectorsEnabled: true, databaseEnabled: false, handlesAlerts: true, hasTouchScreen: false, javascriptEnabled: true, locationContextEnabled: true, mobileEmulationEnabled: false, nativeEvents: true, networkConnectionEnabled: false, pageLoadStrategy: normal, platform: XP, platformName: XP, rotatable: false, setWindowRect: true, takesHeapSnapshot: true, takesScreenshot: true, unexpectedAlertBehaviour: , unhandledPromptBehavior: , version: 73.0.3683.75, webStorageEnabled: true}
Session ID: ecbfab57194731940f9b5dbca6c50beb)
	at com.kms.katalon.core.keyword.internal.KeywordMain.stepFailed(KeywordMain.groovy:36)
	at com.kms.katalon.core.webui.keyword.internal.WebUIKeywordMain.stepFailed(WebUIKeywordMain.groovy:65)
	at com.kms.katalon.core.webui.keyword.internal.WebUIKeywordMain.runKeyword(WebUIKeywordMain.groovy:27)
	at com.kms.katalon.core.webui.keyword.builtin.ClickKeyword.click(ClickKeyword.groovy:86)
	at com.kms.katalon.core.webui.keyword.builtin.ClickKeyword.execute(ClickKeyword.groovy:67)
	at com.kms.katalon.core.keyword.internal.KeywordExecutor.executeKeywordForPlatform(KeywordExecutor.groovy:53)
	at com.kms.katalon.core.webui.keyword.WebUiBuiltInKeywords.click(WebUiBuiltInKeywords.groovy:616)
	at com.kms.katalon.core.webui.keyword.WebUiBuiltInKeywords$click$4.call(Unknown Source)
	at Script1555325328873.run(Script1555325328873.groovy:25)
	at com.kms.katalon.core.main.ScriptEngine.run(ScriptEngine.java:183)
	at com.kms.katalon.core.main.ScriptEngine.runScriptAsRawText(ScriptEngine.java:108)
	at com.kms.katalon.core.main.TestCaseExecutor.runScript(TestCaseExecutor.java:294)
	at com.kms.katalon.core.main.TestCaseExecutor.doExecute(TestCaseExecutor.java:285)
	at com.kms.katalon.core.main.TestCaseExecutor.processExecutionPhase(TestCaseExecutor.java:264)
	at com.kms.katalon.core.main.TestCaseExecutor.accessMainPhase(TestCaseExecutor.java:256)
	at com.kms.katalon.core.main.TestCaseExecutor.execute(TestCaseExecutor.java:200)
	at com.kms.katalon.core.main.TestCaseMain.runTestCase(TestCaseMain.java:99)
	at com.kms.katalon.core.keyword.builtin.CallTestCaseKeyword$_callTestCase_closure1.doCall(CallTestCaseKeyword.groovy:60)
	at com.kms.katalon.core.keyword.builtin.CallTestCaseKeyword$_callTestCase_closure1.call(CallTestCaseKeyword.groovy)
	at com.kms.katalon.core.keyword.internal.KeywordMain.runKeyword(KeywordMain.groovy:54)
	at com.kms.katalon.core.keyword.builtin.CallTestCaseKeyword.callTestCase(CallTestCaseKeyword.groovy:81)
	at com.kms.katalon.core.keyword.builtin.CallTestCaseKeyword.execute(CallTestCaseKeyword.groovy:45)
	at com.kms.katalon.core.keyword.internal.KeywordExecutor.executeKeywordForPlatform(KeywordExecutor.groovy:53)
	at com.kms.katalon.core.keyword.BuiltinKeywords.callTestCase(BuiltinKeywords.groovy:334)
	at sun.reflect.NativeMethodAccessorImpl.invoke0(Native Method)
	at sun.reflect.NativeMethodAccessorImpl.invoke(NativeMethodAccessorImpl.java:62)
	at sun.reflect.DelegatingMethodAccessorImpl.invoke(DelegatingMethodAccessorImpl.java:43)
	at java.lang.reflect.Method.invoke(Method.java:498)
	at org.codehaus.groovy.reflection.CachedMethod.invoke(CachedMethod.java:93)
	at groovy.lang.MetaMethod.doMethodInvoke(MetaMethod.java:325)
	at groovy.lang.MetaClassImpl.invokeStaticMethod(MetaClassImpl.java:1469)
	at org.codehaus.groovy.runtime.callsite.StaticMetaClassSite.call(StaticMetaClassSite.java:53)
	at org.codehaus.groovy.runtime.callsite.AbstractCallSite.call(AbstractCallSite.java:141)
	at Script1555403928934.run(Script1555403928934.groovy:27)
	at com.kms.katalon.core.main.ScriptEngine.run(ScriptEngine.java:183)
	at com.kms.katalon.core.main.ScriptEngine.runScriptAsRawText(ScriptEngine.java:108)
	at com.kms.katalon.core.main.TestCaseExecutor.runScript(TestCaseExecutor.java:294)
	at com.kms.katalon.core.main.TestCaseExecutor.doExecute(TestCaseExecutor.java:285)
	at com.kms.katalon.core.main.TestCaseExecutor.processExecutionPhase(TestCaseExecutor.java:264)
	at com.kms.katalon.core.main.TestCaseExecutor.accessMainPhase(TestCaseExecutor.java:256)
	at com.kms.katalon.core.main.TestCaseExecutor.execute(TestCaseExecutor.java:200)
	at com.kms.katalon.core.main.TestSuiteExecutor.accessTestCaseMainPhase(TestSuiteExecutor.java:129)
	at com.kms.katalon.core.main.TestSuiteExecutor.accessTestSuiteMainPhase(TestSuiteExecutor.java:112)
	at com.kms.katalon.core.main.TestSuiteExecutor.execute(TestSuiteExecutor.java:81)
	at com.kms.katalon.core.main.TestCaseMain.startTestSuite(TestCaseMain.java:142)
	at com.kms.katalon.core.main.TestCaseMain$startTestSuite$0.call(Unknown Source)
	at org.codehaus.groovy.runtime.callsite.CallSiteArray.defaultCall(CallSiteArray.java:48)
	at org.codehaus.groovy.runtime.callsite.AbstractCallSite.call(AbstractCallSite.java:113)
	at org.codehaus.groovy.runtime.callsite.AbstractCallSite.call(AbstractCallSite.java:141)
	at TempTestSuite1555472249208.run(TempTestSuite1555472249208.groovy:36)
	at groovy.lang.GroovyShell.runScriptOrMainOrTestOrRunnable(GroovyShell.java:263)
	at groovy.lang.GroovyShell.run(GroovyShell.java:518)
	at groovy.lang.GroovyShell.run(GroovyShell.java:507)
	at groovy.ui.GroovyMain.processOnce(GroovyMain.java:653)
	at groovy.ui.GroovyMain.run(GroovyMain.java:384)
	at groovy.ui.GroovyMain.process(GroovyMain.java:370)
	at groovy.ui.GroovyMain.processArgs(GroovyMain.java:129)
	at groovy.ui.GroovyMain.main(GroovyMain.java:109)
	at sun.reflect.NativeMethodAccessorImpl.invoke0(Native Method)
	at sun.reflect.NativeMethodAccessorImpl.invoke(NativeMethodAccessorImpl.java:62)
	at sun.reflect.DelegatingMethodAccessorImpl.invoke(DelegatingMethodAccessorImpl.java:43)
	at java.lang.reflect.Method.invoke(Method.java:498)
	at org.codehaus.groovy.tools.GroovyStarter.rootLoader(GroovyStarter.java:109)
	at org.codehaus.groovy.tools.GroovyStarter.main(GroovyStarter.java:131)
)

2019-04-17 11:43:38 - [TEST_STEP][NOT_RUN] - callTestCase: NOT_RUN: callTestCase

2019-04-17 11:43:38 - [MESSAGE][NOT_RUN] - NOT_RUN: callTestCase

2019-04-17 11:43:38 - [TEST_STEP][PASSED] - delay: Delayed 1 second(s)

2019-04-17 11:43:39 - [MESSAGE][PASSED] - Delayed 1 second(s)

2019-04-17 11:43:39 - [TEST_STEP][PASSED] - click: Object: 'Object Repository/Syetem_settings/User_Manage/a_systemsetings' is clicked on

2019-04-17 11:43:39 - [MESSAGE][PASSED] - Object: 'Object Repository/Syetem_settings/User_Manage/a_systemsetings' is clicked on

2019-04-17 11:43:39 - [TEST_STEP][PASSED] - delay: Delayed 1 second(s)

2019-04-17 11:43:40 - [MESSAGE][PASSED] - Delayed 1 second(s)

2019-04-17 11:43:40 - [TEST_STEP][FAILED] - click: Unable to click on object 'Object Repository/Syetem_settings/User_Manage/a_user_manage' (Root cause: org.openqa.selenium.ElementNotVisibleException: element not visible
  (Session info: headless chrome=73.0.3683.75)
  (Driver info: chromedriver=2.35.528161 (5b82f2d2aae0ca24b877009200ced9065a772e73),platform=Windows NT 6.1.7601 SP1 x86_64) (WARNING: The server did not provide any stacktrace information)
Command duration or timeout: 0 milliseconds
Build info: version: '3.7.1', revision: '8a0099a', time: '2017-11-06T21:07:36.161Z'
System info: host: 'BF-20170623WSST', ip: '192.168.10.86', os.name: 'Windows 7', os.arch: 'amd64', os.version: '6.1', java.version: '1.8.0_181'
Driver info: com.kms.katalon.selenium.driver.CChromeDriver
Capabilities {acceptInsecureCerts: false, acceptSslCerts: false, applicationCacheEnabled: false, browserConnectionEnabled: false, browserName: chrome, chrome: {chromedriverVersion: 2.35.528161 (5b82f2d2aae0ca..., userDataDir: C:\Users\ADMINI~1\AppData\L...}, cssSelectorsEnabled: true, databaseEnabled: false, handlesAlerts: true, hasTouchScreen: false, javascriptEnabled: true, locationContextEnabled: true, mobileEmulationEnabled: false, nativeEvents: true, networkConnectionEnabled: false, pageLoadStrategy: normal, platform: XP, platformName: XP, rotatable: false, setWindowRect: true, takesHeapSnapshot: true, takesScreenshot: true, unexpectedAlertBehaviour: , unhandledPromptBehavior: , version: 73.0.3683.75, webStorageEnabled: true}
Session ID: ecbfab57194731940f9b5dbca6c50beb)

2019-04-17 11:43:40 - [MESSAGE][FAILED] - Unable to click on object 'Object Repository/Syetem_settings/User_Manage/a_user_manage' (Root cause: org.openqa.selenium.ElementNotVisibleException: element not visible
  (Session info: headless chrome=73.0.3683.75)
  (Driver info: chromedriver=2.35.528161 (5b82f2d2aae0ca24b877009200ced9065a772e73),platform=Windows NT 6.1.7601 SP1 x86_64) (WARNING: The server did not provide any stacktrace information)
Command duration or timeout: 0 milliseconds
Build info: version: '3.7.1', revision: '8a0099a', time: '2017-11-06T21:07:36.161Z'
System info: host: 'BF-20170623WSST', ip: '192.168.10.86', os.name: 'Windows 7', os.arch: 'amd64', os.version: '6.1', java.version: '1.8.0_181'
Driver info: com.kms.katalon.selenium.driver.CChromeDriver
Capabilities {acceptInsecureCerts: false, acceptSslCerts: false, applicationCacheEnabled: false, browserConnectionEnabled: false, browserName: chrome, chrome: {chromedriverVersion: 2.35.528161 (5b82f2d2aae0ca..., userDataDir: C:\Users\ADMINI~1\AppData\L...}, cssSelectorsEnabled: true, databaseEnabled: false, handlesAlerts: true, hasTouchScreen: false, javascriptEnabled: true, locationContextEnabled: true, mobileEmulationEnabled: false, nativeEvents: true, networkConnectionEnabled: false, pageLoadStrategy: normal, platform: XP, platformName: XP, rotatable: false, setWindowRect: true, takesHeapSnapshot: true, takesScreenshot: true, unexpectedAlertBehaviour: , unhandledPromptBehavior: , version: 73.0.3683.75, webStorageEnabled: true}
Session ID: ecbfab57194731940f9b5dbca6c50beb)
[[ATTACHMENT|G:\\Auto_Learning\\katalon\\katalon_project\\katalon_project\\T2M_Manage\\T2M_Manage\\Reports\\User Manage\\staff manage\\20190417_113729\\1555472620512.png]]

2019-04-17 11:43:40 - [MESSAGE][FAILED] - Unable to call Test Case with id 'Test Cases/002_System_,Manage/001_User_Manage/001_Enter_User' (Root cause: Call Test Case 'Test Cases/002_System_,Manage/001_User_Manage/001_Enter_User' failed)

2019-04-17 11:43:40 - [TEST_STEP][PASSED] - Start listener action : sampleAfterTestCase: Invoke 'com.kms.katalon.core.annotation.AfterTestCase' method: 'NewTestListener.sampleAfterTestCase(...)' completed.

2019-04-17 11:43:40 - [TEST_STEP][PASSED] - Statement - println(testCaseContext.getTestCaseId()): null

2019-04-17 11:43:40 - [TEST_STEP][PASSED] - Statement - println(testCaseContext.getTestCaseStatus()): Invoke 'com.kms.katalon.core.annotation.AfterTestCase' method: 'NewTestListener.sampleAfterTestCase(...)' completed.]]></system-out>
         <system-err><![CDATA[2019-04-17 11:43:38 - [TEST_CASE][FAILED] - Test Cases/002_System_,Manage/001_User_Manage/010_Edit_User_error: Test Cases/002_System_,Manage/001_User_Manage/010_Edit_User_error FAILED because (of) (Stack trace: com.kms.katalon.core.exception.StepFailedException: Unable to click on object 'Object Repository/Syetem_settings/User_Manage/a_user_manage' (Root cause: org.openqa.selenium.ElementNotVisibleException: element not visible
  (Session info: headless chrome=73.0.3683.75)
  (Driver info: chromedriver=2.35.528161 (5b82f2d2aae0ca24b877009200ced9065a772e73),platform=Windows NT 6.1.7601 SP1 x86_64) (WARNING: The server did not provide any stacktrace information)
Command duration or timeout: 0 milliseconds
Build info: version: '3.7.1', revision: '8a0099a', time: '2017-11-06T21:07:36.161Z'
System info: host: 'BF-20170623WSST', ip: '192.168.10.86', os.name: 'Windows 7', os.arch: 'amd64', os.version: '6.1', java.version: '1.8.0_181'
Driver info: com.kms.katalon.selenium.driver.CChromeDriver
Capabilities {acceptInsecureCerts: false, acceptSslCerts: false, applicationCacheEnabled: false, browserConnectionEnabled: false, browserName: chrome, chrome: {chromedriverVersion: 2.35.528161 (5b82f2d2aae0ca..., userDataDir: C:\Users\ADMINI~1\AppData\L...}, cssSelectorsEnabled: true, databaseEnabled: false, handlesAlerts: true, hasTouchScreen: false, javascriptEnabled: true, locationContextEnabled: true, mobileEmulationEnabled: false, nativeEvents: true, networkConnectionEnabled: false, pageLoadStrategy: normal, platform: XP, platformName: XP, rotatable: false, setWindowRect: true, takesHeapSnapshot: true, takesScreenshot: true, unexpectedAlertBehaviour: , unhandledPromptBehavior: , version: 73.0.3683.75, webStorageEnabled: true}
Session ID: ecbfab57194731940f9b5dbca6c50beb)
	at com.kms.katalon.core.keyword.internal.KeywordMain.stepFailed(KeywordMain.groovy:36)
	at com.kms.katalon.core.webui.keyword.internal.WebUIKeywordMain.stepFailed(WebUIKeywordMain.groovy:65)
	at com.kms.katalon.core.webui.keyword.internal.WebUIKeywordMain.runKeyword(WebUIKeywordMain.groovy:27)
	at com.kms.katalon.core.webui.keyword.builtin.ClickKeyword.click(ClickKeyword.groovy:86)
	at com.kms.katalon.core.webui.keyword.builtin.ClickKeyword.execute(ClickKeyword.groovy:67)
	at com.kms.katalon.core.keyword.internal.KeywordExecutor.executeKeywordForPlatform(KeywordExecutor.groovy:53)
	at com.kms.katalon.core.webui.keyword.WebUiBuiltInKeywords.click(WebUiBuiltInKeywords.groovy:616)
	at com.kms.katalon.core.webui.keyword.WebUiBuiltInKeywords$click$4.call(Unknown Source)
	at Script1555325328873.run(Script1555325328873.groovy:25)
	at com.kms.katalon.core.main.ScriptEngine.run(ScriptEngine.java:183)
	at com.kms.katalon.core.main.ScriptEngine.runScriptAsRawText(ScriptEngine.java:108)
	at com.kms.katalon.core.main.TestCaseExecutor.runScript(TestCaseExecutor.java:294)
	at com.kms.katalon.core.main.TestCaseExecutor.doExecute(TestCaseExecutor.java:285)
	at com.kms.katalon.core.main.TestCaseExecutor.processExecutionPhase(TestCaseExecutor.java:264)
	at com.kms.katalon.core.main.TestCaseExecutor.accessMainPhase(TestCaseExecutor.java:256)
	at com.kms.katalon.core.main.TestCaseExecutor.execute(TestCaseExecutor.java:200)
	at com.kms.katalon.core.main.TestCaseMain.runTestCase(TestCaseMain.java:99)
	at com.kms.katalon.core.keyword.builtin.CallTestCaseKeyword$_callTestCase_closure1.doCall(CallTestCaseKeyword.groovy:60)
	at com.kms.katalon.core.keyword.builtin.CallTestCaseKeyword$_callTestCase_closure1.call(CallTestCaseKeyword.groovy)
	at com.kms.katalon.core.keyword.internal.KeywordMain.runKeyword(KeywordMain.groovy:54)
	at com.kms.katalon.core.keyword.builtin.CallTestCaseKeyword.callTestCase(CallTestCaseKeyword.groovy:81)
	at com.kms.katalon.core.keyword.builtin.CallTestCaseKeyword.execute(CallTestCaseKeyword.groovy:45)
	at com.kms.katalon.core.keyword.internal.KeywordExecutor.executeKeywordForPlatform(KeywordExecutor.groovy:53)
	at com.kms.katalon.core.keyword.BuiltinKeywords.callTestCase(BuiltinKeywords.groovy:334)
	at sun.reflect.NativeMethodAccessorImpl.invoke0(Native Method)
	at sun.reflect.NativeMethodAccessorImpl.invoke(NativeMethodAccessorImpl.java:62)
	at sun.reflect.DelegatingMethodAccessorImpl.invoke(DelegatingMethodAccessorImpl.java:43)
	at java.lang.reflect.Method.invoke(Method.java:498)
	at org.codehaus.groovy.reflection.CachedMethod.invoke(CachedMethod.java:93)
	at groovy.lang.MetaMethod.doMethodInvoke(MetaMethod.java:325)
	at groovy.lang.MetaClassImpl.invokeStaticMethod(MetaClassImpl.java:1469)
	at org.codehaus.groovy.runtime.callsite.StaticMetaClassSite.call(StaticMetaClassSite.java:53)
	at org.codehaus.groovy.runtime.callsite.AbstractCallSite.call(AbstractCallSite.java:141)
	at Script1555403928934.run(Script1555403928934.groovy:27)
	at com.kms.katalon.core.main.ScriptEngine.run(ScriptEngine.java:183)
	at com.kms.katalon.core.main.ScriptEngine.runScriptAsRawText(ScriptEngine.java:108)
	at com.kms.katalon.core.main.TestCaseExecutor.runScript(TestCaseExecutor.java:294)
	at com.kms.katalon.core.main.TestCaseExecutor.doExecute(TestCaseExecutor.java:285)
	at com.kms.katalon.core.main.TestCaseExecutor.processExecutionPhase(TestCaseExecutor.java:264)
	at com.kms.katalon.core.main.TestCaseExecutor.accessMainPhase(TestCaseExecutor.java:256)
	at com.kms.katalon.core.main.TestCaseExecutor.execute(TestCaseExecutor.java:200)
	at com.kms.katalon.core.main.TestSuiteExecutor.accessTestCaseMainPhase(TestSuiteExecutor.java:129)
	at com.kms.katalon.core.main.TestSuiteExecutor.accessTestSuiteMainPhase(TestSuiteExecutor.java:112)
	at com.kms.katalon.core.main.TestSuiteExecutor.execute(TestSuiteExecutor.java:81)
	at com.kms.katalon.core.main.TestCaseMain.startTestSuite(TestCaseMain.java:142)
	at com.kms.katalon.core.main.TestCaseMain$startTestSuite$0.call(Unknown Source)
	at org.codehaus.groovy.runtime.callsite.CallSiteArray.defaultCall(CallSiteArray.java:48)
	at org.codehaus.groovy.runtime.callsite.AbstractCallSite.call(AbstractCallSite.java:113)
	at org.codehaus.groovy.runtime.callsite.AbstractCallSite.call(AbstractCallSite.java:141)
	at TempTestSuite1555472249208.run(TempTestSuite1555472249208.groovy:36)
	at groovy.lang.GroovyShell.runScriptOrMainOrTestOrRunnable(GroovyShell.java:263)
	at groovy.lang.GroovyShell.run(GroovyShell.java:518)
	at groovy.lang.GroovyShell.run(GroovyShell.java:507)
	at groovy.ui.GroovyMain.processOnce(GroovyMain.java:653)
	at groovy.ui.GroovyMain.run(GroovyMain.java:384)
	at groovy.ui.GroovyMain.process(GroovyMain.java:370)
	at groovy.ui.GroovyMain.processArgs(GroovyMain.java:129)
	at groovy.ui.GroovyMain.main(GroovyMain.java:109)
	at sun.reflect.NativeMethodAccessorImpl.invoke0(Native Method)
	at sun.reflect.NativeMethodAccessorImpl.invoke(NativeMethodAccessorImpl.java:62)
	at sun.reflect.DelegatingMethodAccessorImpl.invoke(DelegatingMethodAccessorImpl.java:43)
	at java.lang.reflect.Method.invoke(Method.java:498)
	at org.codehaus.groovy.tools.GroovyStarter.rootLoader(GroovyStarter.java:109)
	at org.codehaus.groovy.tools.GroovyStarter.main(GroovyStarter.java:131)
)]]></system-err>
      </testcase>
      <testcase name="Test Cases/002_System_,Manage/001_User_Manage/010_Edit_User_error" classname="Test Cases/002_System_,Manage/001_User_Manage/010_Edit_User_error" status="PASSED">
         <system-out><![CDATA[2019-04-17 11:43:42 - [TEST_CASE][PASSED] - Test Cases/002_System_,Manage/001_User_Manage/010_Edit_User_error: Test Cases/002_System_,Manage/001_User_Manage/010_Edit_User_error

2019-04-17 11:43:42 - [TEST_STEP][PASSED] - Start listener action : sampleBeforeTestCase: Invoke 'com.kms.katalon.core.annotation.BeforeTestCase' method: 'NewTestListener.sampleBeforeTestCase(...)' completed.

2019-04-17 11:43:42 - [TEST_STEP][PASSED] - Statement - println(testCaseContext.getTestCaseId()): null

2019-04-17 11:43:42 - [TEST_STEP][PASSED] - Statement - println(testCaseContext.getTestCaseVariables()): Invoke 'com.kms.katalon.core.annotation.BeforeTestCase' method: 'NewTestListener.sampleBeforeTestCase(...)' completed.

2019-04-17 11:43:42 - [TEST_STEP][PASSED] - callTestCase: Call Test Case 'Test Cases/002_System_,Manage/001_User_Manage/001_Enter_User' successfully

2019-04-17 11:43:42 - [TEST_CASE][PASSED] - Test Cases/002_System_,Manage/001_User_Manage/001_Enter_User: Test Cases/002_System_,Manage/001_User_Manage/001_Enter_User

2019-04-17 11:43:42 - [TEST_STEP][NOT_RUN] - callTestCase: NOT_RUN: callTestCase

2019-04-17 11:43:42 - [MESSAGE][NOT_RUN] - NOT_RUN: callTestCase

2019-04-17 11:43:42 - [TEST_STEP][PASSED] - delay: Delayed 1 second(s)

2019-04-17 11:43:43 - [MESSAGE][PASSED] - Delayed 1 second(s)

2019-04-17 11:43:43 - [TEST_STEP][PASSED] - click: Object: 'Object Repository/Syetem_settings/User_Manage/a_systemsetings' is clicked on

2019-04-17 11:43:43 - [MESSAGE][PASSED] - Object: 'Object Repository/Syetem_settings/User_Manage/a_systemsetings' is clicked on

2019-04-17 11:43:43 - [TEST_STEP][PASSED] - delay: Delayed 1 second(s)

2019-04-17 11:43:44 - [MESSAGE][PASSED] - Delayed 1 second(s)

2019-04-17 11:43:44 - [TEST_STEP][PASSED] - click: Object: 'Object Repository/Syetem_settings/User_Manage/a_user_manage' is clicked on

2019-04-17 11:43:46 - [MESSAGE][PASSED] - Object: 'Object Repository/Syetem_settings/User_Manage/a_user_manage' is clicked on

2019-04-17 11:43:46 - [TEST_STEP][PASSED] - delay: Delayed 1 second(s)

2019-04-17 11:43:47 - [MESSAGE][PASSED] - Delayed 1 second(s)

2019-04-17 11:43:47 - [TEST_STEP][PASSED] - Statement - verify_user = com.kms.katalon.core.webui.keyword.WebUiBuiltInKeywords.verifyElementPresent(com.kms.katalon.core.testobject.ObjectRepository.findTestObject(Syetem_settings/User_Manage/cite_usertable), 0): Object 'Object Repository/Syetem_settings/User_Manage/cite_usertable' is present

2019-04-17 11:43:47 - [MESSAGE][WARNING] - Timeout '0' is invalid. Using default page load timeout: '30'

2019-04-17 11:43:47 - [MESSAGE][PASSED] - Object 'Object Repository/Syetem_settings/User_Manage/cite_usertable' is present

2019-04-17 11:43:47 - [TEST_STEP][PASSED] - Statement - If (verify_user): Enter the Successfully entered the people management page

2019-04-17 11:43:47 - [TEST_STEP][PASSED] - comment: Enter the Successfully entered the people management page

2019-04-17 11:43:47 - [MESSAGE][PASSED] - Call Test Case 'Test Cases/002_System_,Manage/001_User_Manage/001_Enter_User' successfully

2019-04-17 11:43:47 - [TEST_STEP][PASSED] - maximizeWindow: Current window maximized

2019-04-17 11:43:47 - [MESSAGE][PASSED] - Current window maximized

2019-04-17 11:43:47 - [TEST_STEP][PASSED] - setText: Text '可以的' is set on object 'Object Repository/test/input__keyword'

2019-04-17 11:43:47 - [MESSAGE][PASSED] - Text '可以的' is set on object 'Object Repository/test/input__keyword'

2019-04-17 11:43:47 - [TEST_STEP][PASSED] - delay: Delayed 1 second(s)

2019-04-17 11:43:48 - [MESSAGE][PASSED] - Delayed 1 second(s)

2019-04-17 11:43:48 - [TEST_STEP][PASSED] - click: Object: 'Object Repository/test/button__layui-btn' is clicked on

2019-04-17 11:43:48 - [MESSAGE][PASSED] - Object: 'Object Repository/test/button__layui-btn' is clicked on

2019-04-17 11:43:48 - [TEST_STEP][PASSED] - delay: Delayed 1 second(s)

2019-04-17 11:43:49 - [MESSAGE][PASSED] - Delayed 1 second(s)

2019-04-17 11:43:49 - [TEST_STEP][PASSED] - click: Object: 'Object Repository/Syetem_settings/User_Manage/Edit_user_info/edit_first' is clicked on

2019-04-17 11:43:49 - [MESSAGE][PASSED] - Object: 'Object Repository/Syetem_settings/User_Manage/Edit_user_info/edit_first' is clicked on

2019-04-17 11:43:49 - [TEST_STEP][PASSED] - delay: Delayed 2 second(s)

2019-04-17 11:43:51 - [MESSAGE][PASSED] - Delayed 2 second(s)

2019-04-17 11:43:51 - [TEST_STEP][PASSED] - setText: Text '测试人员8' is set on object 'Object Repository/Syetem_settings/User_Manage/Edit_user_info/input_ realname'

2019-04-17 11:43:51 - [MESSAGE][PASSED] - Text '测试人员8' is set on object 'Object Repository/Syetem_settings/User_Manage/Edit_user_info/input_ realname'

2019-04-17 11:43:51 - [TEST_STEP][PASSED] - delay: Delayed 1 second(s)

2019-04-17 11:43:52 - [MESSAGE][PASSED] - Delayed 1 second(s)

2019-04-17 11:43:52 - [TEST_STEP][PASSED] - setText: Text '测试岗位8' is set on object 'Object Repository/Syetem_settings/User_Manage/Edit_user_info/input_position'

2019-04-17 11:43:52 - [MESSAGE][PASSED] - Text '测试岗位8' is set on object 'Object Repository/Syetem_settings/User_Manage/Edit_user_info/input_position'

2019-04-17 11:43:52 - [TEST_STEP][PASSED] - delay: Delayed 1 second(s)

2019-04-17 11:43:53 - [MESSAGE][PASSED] - Delayed 1 second(s)

2019-04-17 11:43:53 - [TEST_STEP][PASSED] - setText: Text '' is set on object 'Object Repository/Syetem_settings/User_Manage/Edit_user_info/input__mobile'

2019-04-17 11:43:53 - [MESSAGE][PASSED] - Text '' is set on object 'Object Repository/Syetem_settings/User_Manage/Edit_user_info/input__mobile'

2019-04-17 11:43:53 - [TEST_STEP][PASSED] - delay: Delayed 1 second(s)

2019-04-17 11:43:54 - [MESSAGE][PASSED] - Delayed 1 second(s)

2019-04-17 11:43:54 - [TEST_STEP][PASSED] - setText: Text '7425368@qq.com' is set on object 'Object Repository/Syetem_settings/User_Manage/Edit_user_info/input_email'

2019-04-17 11:43:55 - [MESSAGE][PASSED] - Text '7425368@qq.com' is set on object 'Object Repository/Syetem_settings/User_Manage/Edit_user_info/input_email'

2019-04-17 11:43:55 - [TEST_STEP][PASSED] - delay: Delayed 1 second(s)

2019-04-17 11:43:56 - [MESSAGE][PASSED] - Delayed 1 second(s)

2019-04-17 11:43:56 - [TEST_STEP][PASSED] - click: Object: 'Object Repository/Syetem_settings/User_Manage/Edit_user_info/button_Saveedit' is clicked on

2019-04-17 11:43:56 - [MESSAGE][PASSED] - Object: 'Object Repository/Syetem_settings/User_Manage/Edit_user_info/button_Saveedit' is clicked on

2019-04-17 11:43:56 - [TEST_STEP][PASSED] - Statement - If (com.kms.katalon.core.webui.keyword.WebUiBuiltInKeywords.verifyElementPresent(com.kms.katalon.core.testobject.ObjectRepository.findTestObject(Syetem_settings/User_Manage/user_info/tips_save), 10)): Object: 'Object Repository/Syetem_settings/User_Manage/user_info/close_user' is clicked on

2019-04-17 11:43:56 - [MESSAGE][PASSED] - Object 'Object Repository/Syetem_settings/User_Manage/user_info/tips_save' is present

2019-04-17 11:43:56 - [TEST_STEP][PASSED] - comment: 发现不能为空的提示

2019-04-17 11:43:56 - [TEST_STEP][PASSED] - delay: Delayed 1 second(s)

2019-04-17 11:43:57 - [MESSAGE][PASSED] - Delayed 1 second(s)

2019-04-17 11:43:57 - [TEST_STEP][PASSED] - click: Object: 'Object Repository/Syetem_settings/User_Manage/user_info/close_user' is clicked on

2019-04-17 11:43:57 - [MESSAGE][PASSED] - Object: 'Object Repository/Syetem_settings/User_Manage/user_info/close_user' is clicked on

2019-04-17 11:43:57 - [TEST_STEP][PASSED] - delay: Delayed 1 second(s)

2019-04-17 11:43:58 - [MESSAGE][PASSED] - Delayed 1 second(s)

2019-04-17 11:43:58 - [TEST_STEP][PASSED] - click: Object: 'Object Repository/Syetem_settings/User_Manage/a_ new_user' is clicked on

2019-04-17 11:43:58 - [MESSAGE][PASSED] - Object: 'Object Repository/Syetem_settings/User_Manage/a_ new_user' is clicked on

2019-04-17 11:43:58 - [TEST_STEP][PASSED] - delay: Delayed 1 second(s)

2019-04-17 11:43:59 - [MESSAGE][PASSED] - Delayed 1 second(s)

2019-04-17 11:43:59 - [TEST_STEP][PASSED] - click: Object: 'Object Repository/Syetem_settings/User_Manage/user_info/choose_dept' is clicked on

2019-04-17 11:43:59 - [MESSAGE][PASSED] - Object: 'Object Repository/Syetem_settings/User_Manage/user_info/choose_dept' is clicked on

2019-04-17 11:43:59 - [TEST_STEP][PASSED] - delay: Delayed 1 second(s)

2019-04-17 11:44:00 - [MESSAGE][PASSED] - Delayed 1 second(s)

2019-04-17 11:44:00 - [TEST_STEP][PASSED] - click: Object: 'Object Repository/Syetem_settings/User_Manage/user_info/i__TreeNB' is clicked on

2019-04-17 11:44:00 - [MESSAGE][PASSED] - Object: 'Object Repository/Syetem_settings/User_Manage/user_info/i__TreeNB' is clicked on

2019-04-17 11:44:00 - [TEST_STEP][PASSED] - delay: Delayed 1 second(s)

2019-04-17 11:44:01 - [MESSAGE][PASSED] - Delayed 1 second(s)

2019-04-17 11:44:01 - [TEST_STEP][PASSED] - click: Object: 'Object Repository/Syetem_settings/User_Manage/user_info/cite_CQDepart' is clicked on

2019-04-17 11:44:01 - [MESSAGE][PASSED] - Object: 'Object Repository/Syetem_settings/User_Manage/user_info/cite_CQDepart' is clicked on

2019-04-17 11:44:01 - [TEST_STEP][PASSED] - delay: Delayed 1 second(s)

2019-04-17 11:44:02 - [MESSAGE][PASSED] - Delayed 1 second(s)

2019-04-17 11:44:02 - [TEST_STEP][PASSED] - setText: Text '验证邮箱格式' is set on object 'Object Repository/Syetem_settings/User_Manage/user_info/input_ RealName'

2019-04-17 11:44:02 - [MESSAGE][PASSED] - Text '验证邮箱格式' is set on object 'Object Repository/Syetem_settings/User_Manage/user_info/input_ RealName'

2019-04-17 11:44:02 - [TEST_STEP][PASSED] - delay: Delayed 1 second(s)

2019-04-17 11:44:03 - [MESSAGE][PASSED] - Delayed 1 second(s)

2019-04-17 11:44:03 - [TEST_STEP][PASSED] - setText: Text '测试' is set on object 'Object Repository/Syetem_settings/User_Manage/user_info/input_position'

2019-04-17 11:44:03 - [MESSAGE][PASSED] - Text '测试' is set on object 'Object Repository/Syetem_settings/User_Manage/user_info/input_position'

2019-04-17 11:44:03 - [TEST_STEP][PASSED] - delay: Delayed 1 second(s)

2019-04-17 11:44:04 - [MESSAGE][PASSED] - Delayed 1 second(s)

2019-04-17 11:44:04 - [TEST_STEP][PASSED] - setText: Text '15263625413' is set on object 'Object Repository/Syetem_settings/User_Manage/user_info/input_mobile'

2019-04-17 11:44:05 - [MESSAGE][PASSED] - Text '15263625413' is set on object 'Object Repository/Syetem_settings/User_Manage/user_info/input_mobile'

2019-04-17 11:44:05 - [TEST_STEP][PASSED] - delay: Delayed 1 second(s)

2019-04-17 11:44:06 - [MESSAGE][PASSED] - Delayed 1 second(s)

2019-04-17 11:44:06 - [TEST_STEP][PASSED] - setText: Text '@163.com' is set on object 'Object Repository/Syetem_settings/User_Manage/user_info/input_email'

2019-04-17 11:44:06 - [MESSAGE][PASSED] - Text '@163.com' is set on object 'Object Repository/Syetem_settings/User_Manage/user_info/input_email'

2019-04-17 11:44:06 - [TEST_STEP][PASSED] - click: Object: 'Object Repository/Syetem_settings/User_Manage/user_info/button_ Save' is clicked on

2019-04-17 11:44:06 - [MESSAGE][PASSED] - Object: 'Object Repository/Syetem_settings/User_Manage/user_info/button_ Save' is clicked on

2019-04-17 11:44:06 - [TEST_STEP][PASSED] - Statement - If (com.kms.katalon.core.webui.keyword.WebUiBuiltInKeywords.verifyElementPresent(com.kms.katalon.core.testobject.ObjectRepository.findTestObject(Syetem_settings/User_Manage/user_info/save_email), 10)): Object: 'Object Repository/Syetem_settings/User_Manage/user_info/close_user' is clicked on

2019-04-17 11:44:06 - [MESSAGE][PASSED] - Object 'Object Repository/Syetem_settings/User_Manage/user_info/save_email' is present

2019-04-17 11:44:06 - [TEST_STEP][PASSED] - comment: 发现邮件格式不对的提示

2019-04-17 11:44:06 - [TEST_STEP][PASSED] - delay: Delayed 1 second(s)

2019-04-17 11:44:07 - [MESSAGE][PASSED] - Delayed 1 second(s)

2019-04-17 11:44:07 - [TEST_STEP][PASSED] - click: Object: 'Object Repository/Syetem_settings/User_Manage/user_info/close_user' is clicked on

2019-04-17 11:44:07 - [MESSAGE][PASSED] - Object: 'Object Repository/Syetem_settings/User_Manage/user_info/close_user' is clicked on

2019-04-17 11:44:07 - [TEST_STEP][PASSED] - Start listener action : sampleAfterTestCase: Invoke 'com.kms.katalon.core.annotation.AfterTestCase' method: 'NewTestListener.sampleAfterTestCase(...)' completed.

2019-04-17 11:44:07 - [TEST_STEP][PASSED] - Statement - println(testCaseContext.getTestCaseId()): null

2019-04-17 11:44:07 - [TEST_STEP][PASSED] - Statement - println(testCaseContext.getTestCaseStatus()): Invoke 'com.kms.katalon.core.annotation.AfterTestCase' method: 'NewTestListener.sampleAfterTestCase(...)' completed.]]></system-out>
         <system-err><![CDATA[]]></system-err>
      </testcase>
      <testcase name="Test Cases/002_System_,Manage/001_User_Manage/011_edit_user_normal" classname="Test Cases/002_System_,Manage/001_User_Manage/011_edit_user_normal" status="FAILED">
         <failure type="FAILED" message="(Stack trace: com.kms.katalon.core.exception.StepFailedException: Unable to click on object 'Object Repository/Syetem_settings/User_Manage/a_user_manage' (Root cause: org.openqa.selenium.ElementNotVisibleException: element not visible
  (Session info: headless chrome=73.0.3683.75)
  (Driver info: chromedriver=2.35.528161 (5b82f2d2aae0ca24b877009200ced9065a772e73),platform=Windows NT 6.1.7601 SP1 x86_64) (WARNING: The server did not provide any stacktrace information)
Command duration or timeout: 0 milliseconds
Build info: version: '3.7.1', revision: '8a0099a', time: '2017-11-06T21:07:36.161Z'
System info: host: 'BF-20170623WSST', ip: '192.168.10.86', os.name: 'Windows 7', os.arch: 'amd64', os.version: '6.1', java.version: '1.8.0_181'
Driver info: com.kms.katalon.selenium.driver.CChromeDriver
Capabilities {acceptInsecureCerts: false, acceptSslCerts: false, applicationCacheEnabled: false, browserConnectionEnabled: false, browserName: chrome, chrome: {chromedriverVersion: 2.35.528161 (5b82f2d2aae0ca..., userDataDir: C:\Users\ADMINI~1\AppData\L...}, cssSelectorsEnabled: true, databaseEnabled: false, handlesAlerts: true, hasTouchScreen: false, javascriptEnabled: true, locationContextEnabled: true, mobileEmulationEnabled: false, nativeEvents: true, networkConnectionEnabled: false, pageLoadStrategy: normal, platform: XP, platformName: XP, rotatable: false, setWindowRect: true, takesHeapSnapshot: true, takesScreenshot: true, unexpectedAlertBehaviour: , unhandledPromptBehavior: , version: 73.0.3683.75, webStorageEnabled: true}
Session ID: ecbfab57194731940f9b5dbca6c50beb)
	at com.kms.katalon.core.keyword.internal.KeywordMain.stepFailed(KeywordMain.groovy:36)
	at com.kms.katalon.core.webui.keyword.internal.WebUIKeywordMain.stepFailed(WebUIKeywordMain.groovy:65)
	at com.kms.katalon.core.webui.keyword.internal.WebUIKeywordMain.runKeyword(WebUIKeywordMain.groovy:27)
	at com.kms.katalon.core.webui.keyword.builtin.ClickKeyword.click(ClickKeyword.groovy:86)
	at com.kms.katalon.core.webui.keyword.builtin.ClickKeyword.execute(ClickKeyword.groovy:67)
	at com.kms.katalon.core.keyword.internal.KeywordExecutor.executeKeywordForPlatform(KeywordExecutor.groovy:53)
	at com.kms.katalon.core.webui.keyword.WebUiBuiltInKeywords.click(WebUiBuiltInKeywords.groovy:616)
	at com.kms.katalon.core.webui.keyword.WebUiBuiltInKeywords$click$4.call(Unknown Source)
	at Script1555325328873.run(Script1555325328873.groovy:25)
	at com.kms.katalon.core.main.ScriptEngine.run(ScriptEngine.java:183)
	at com.kms.katalon.core.main.ScriptEngine.runScriptAsRawText(ScriptEngine.java:108)
	at com.kms.katalon.core.main.TestCaseExecutor.runScript(TestCaseExecutor.java:294)
	at com.kms.katalon.core.main.TestCaseExecutor.doExecute(TestCaseExecutor.java:285)
	at com.kms.katalon.core.main.TestCaseExecutor.processExecutionPhase(TestCaseExecutor.java:264)
	at com.kms.katalon.core.main.TestCaseExecutor.accessMainPhase(TestCaseExecutor.java:256)
	at com.kms.katalon.core.main.TestCaseExecutor.execute(TestCaseExecutor.java:200)
	at com.kms.katalon.core.main.TestCaseMain.runTestCase(TestCaseMain.java:99)
	at com.kms.katalon.core.keyword.builtin.CallTestCaseKeyword$_callTestCase_closure1.doCall(CallTestCaseKeyword.groovy:60)
	at com.kms.katalon.core.keyword.builtin.CallTestCaseKeyword$_callTestCase_closure1.call(CallTestCaseKeyword.groovy)
	at com.kms.katalon.core.keyword.internal.KeywordMain.runKeyword(KeywordMain.groovy:54)
	at com.kms.katalon.core.keyword.builtin.CallTestCaseKeyword.callTestCase(CallTestCaseKeyword.groovy:81)
	at com.kms.katalon.core.keyword.builtin.CallTestCaseKeyword.execute(CallTestCaseKeyword.groovy:45)
	at com.kms.katalon.core.keyword.internal.KeywordExecutor.executeKeywordForPlatform(KeywordExecutor.groovy:53)
	at com.kms.katalon.core.keyword.BuiltinKeywords.callTestCase(BuiltinKeywords.groovy:334)
	at sun.reflect.NativeMethodAccessorImpl.invoke0(Native Method)
	at sun.reflect.NativeMethodAccessorImpl.invoke(NativeMethodAccessorImpl.java:62)
	at sun.reflect.DelegatingMethodAccessorImpl.invoke(DelegatingMethodAccessorImpl.java:43)
	at java.lang.reflect.Method.invoke(Method.java:498)
	at org.codehaus.groovy.reflection.CachedMethod.invoke(CachedMethod.java:93)
	at groovy.lang.MetaMethod.doMethodInvoke(MetaMethod.java:325)
	at groovy.lang.MetaClassImpl.invokeStaticMethod(MetaClassImpl.java:1469)
	at org.codehaus.groovy.runtime.callsite.StaticMetaClassSite.call(StaticMetaClassSite.java:53)
	at org.codehaus.groovy.runtime.callsite.CallSiteArray.defaultCall(CallSiteArray.java:48)
	at org.codehaus.groovy.runtime.callsite.AbstractCallSite.call(AbstractCallSite.java:113)
	at org.codehaus.groovy.runtime.callsite.AbstractCallSite.call(AbstractCallSite.java:141)
	at Script1555406402089.run(Script1555406402089.groovy:17)
	at com.kms.katalon.core.main.ScriptEngine.run(ScriptEngine.java:183)
	at com.kms.katalon.core.main.ScriptEngine.runScriptAsRawText(ScriptEngine.java:108)
	at com.kms.katalon.core.main.TestCaseExecutor.runScript(TestCaseExecutor.java:294)
	at com.kms.katalon.core.main.TestCaseExecutor.doExecute(TestCaseExecutor.java:285)
	at com.kms.katalon.core.main.TestCaseExecutor.processExecutionPhase(TestCaseExecutor.java:264)
	at com.kms.katalon.core.main.TestCaseExecutor.accessMainPhase(TestCaseExecutor.java:256)
	at com.kms.katalon.core.main.TestCaseExecutor.execute(TestCaseExecutor.java:200)
	at com.kms.katalon.core.main.TestSuiteExecutor.accessTestCaseMainPhase(TestSuiteExecutor.java:129)
	at com.kms.katalon.core.main.TestSuiteExecutor.accessTestSuiteMainPhase(TestSuiteExecutor.java:112)
	at com.kms.katalon.core.main.TestSuiteExecutor.execute(TestSuiteExecutor.java:81)
	at com.kms.katalon.core.main.TestCaseMain.startTestSuite(TestCaseMain.java:142)
	at com.kms.katalon.core.main.TestCaseMain$startTestSuite$0.call(Unknown Source)
	at org.codehaus.groovy.runtime.callsite.CallSiteArray.defaultCall(CallSiteArray.java:48)
	at org.codehaus.groovy.runtime.callsite.AbstractCallSite.call(AbstractCallSite.java:113)
	at org.codehaus.groovy.runtime.callsite.AbstractCallSite.call(AbstractCallSite.java:141)
	at TempTestSuite1555472249208.run(TempTestSuite1555472249208.groovy:36)
	at groovy.lang.GroovyShell.runScriptOrMainOrTestOrRunnable(GroovyShell.java:263)
	at groovy.lang.GroovyShell.run(GroovyShell.java:518)
	at groovy.lang.GroovyShell.run(GroovyShell.java:507)
	at groovy.ui.GroovyMain.processOnce(GroovyMain.java:653)
	at groovy.ui.GroovyMain.run(GroovyMain.java:384)
	at groovy.ui.GroovyMain.process(GroovyMain.java:370)
	at groovy.ui.GroovyMain.processArgs(GroovyMain.java:129)
	at groovy.ui.GroovyMain.main(GroovyMain.java:109)
	at sun.reflect.NativeMethodAccessorImpl.invoke0(Native Method)
	at sun.reflect.NativeMethodAccessorImpl.invoke(NativeMethodAccessorImpl.java:62)
	at sun.reflect.DelegatingMethodAccessorImpl.invoke(DelegatingMethodAccessorImpl.java:43)
	at java.lang.reflect.Method.invoke(Method.java:498)
	at org.codehaus.groovy.tools.GroovyStarter.rootLoader(GroovyStarter.java:109)
	at org.codehaus.groovy.tools.GroovyStarter.main(GroovyStarter.java:131)
)"/>
         <system-out><![CDATA[2019-04-17 11:44:09 - [TEST_CASE][FAILED] - Test Cases/002_System_,Manage/001_User_Manage/011_edit_user_normal: Test Cases/002_System_,Manage/001_User_Manage/011_edit_user_normal FAILED because (of) (Stack trace: com.kms.katalon.core.exception.StepFailedException: Unable to click on object 'Object Repository/Syetem_settings/User_Manage/a_user_manage' (Root cause: org.openqa.selenium.ElementNotVisibleException: element not visible
  (Session info: headless chrome=73.0.3683.75)
  (Driver info: chromedriver=2.35.528161 (5b82f2d2aae0ca24b877009200ced9065a772e73),platform=Windows NT 6.1.7601 SP1 x86_64) (WARNING: The server did not provide any stacktrace information)
Command duration or timeout: 0 milliseconds
Build info: version: '3.7.1', revision: '8a0099a', time: '2017-11-06T21:07:36.161Z'
System info: host: 'BF-20170623WSST', ip: '192.168.10.86', os.name: 'Windows 7', os.arch: 'amd64', os.version: '6.1', java.version: '1.8.0_181'
Driver info: com.kms.katalon.selenium.driver.CChromeDriver
Capabilities {acceptInsecureCerts: false, acceptSslCerts: false, applicationCacheEnabled: false, browserConnectionEnabled: false, browserName: chrome, chrome: {chromedriverVersion: 2.35.528161 (5b82f2d2aae0ca..., userDataDir: C:\Users\ADMINI~1\AppData\L...}, cssSelectorsEnabled: true, databaseEnabled: false, handlesAlerts: true, hasTouchScreen: false, javascriptEnabled: true, locationContextEnabled: true, mobileEmulationEnabled: false, nativeEvents: true, networkConnectionEnabled: false, pageLoadStrategy: normal, platform: XP, platformName: XP, rotatable: false, setWindowRect: true, takesHeapSnapshot: true, takesScreenshot: true, unexpectedAlertBehaviour: , unhandledPromptBehavior: , version: 73.0.3683.75, webStorageEnabled: true}
Session ID: ecbfab57194731940f9b5dbca6c50beb)
	at com.kms.katalon.core.keyword.internal.KeywordMain.stepFailed(KeywordMain.groovy:36)
	at com.kms.katalon.core.webui.keyword.internal.WebUIKeywordMain.stepFailed(WebUIKeywordMain.groovy:65)
	at com.kms.katalon.core.webui.keyword.internal.WebUIKeywordMain.runKeyword(WebUIKeywordMain.groovy:27)
	at com.kms.katalon.core.webui.keyword.builtin.ClickKeyword.click(ClickKeyword.groovy:86)
	at com.kms.katalon.core.webui.keyword.builtin.ClickKeyword.execute(ClickKeyword.groovy:67)
	at com.kms.katalon.core.keyword.internal.KeywordExecutor.executeKeywordForPlatform(KeywordExecutor.groovy:53)
	at com.kms.katalon.core.webui.keyword.WebUiBuiltInKeywords.click(WebUiBuiltInKeywords.groovy:616)
	at com.kms.katalon.core.webui.keyword.WebUiBuiltInKeywords$click$4.call(Unknown Source)
	at Script1555325328873.run(Script1555325328873.groovy:25)
	at com.kms.katalon.core.main.ScriptEngine.run(ScriptEngine.java:183)
	at com.kms.katalon.core.main.ScriptEngine.runScriptAsRawText(ScriptEngine.java:108)
	at com.kms.katalon.core.main.TestCaseExecutor.runScript(TestCaseExecutor.java:294)
	at com.kms.katalon.core.main.TestCaseExecutor.doExecute(TestCaseExecutor.java:285)
	at com.kms.katalon.core.main.TestCaseExecutor.processExecutionPhase(TestCaseExecutor.java:264)
	at com.kms.katalon.core.main.TestCaseExecutor.accessMainPhase(TestCaseExecutor.java:256)
	at com.kms.katalon.core.main.TestCaseExecutor.execute(TestCaseExecutor.java:200)
	at com.kms.katalon.core.main.TestCaseMain.runTestCase(TestCaseMain.java:99)
	at com.kms.katalon.core.keyword.builtin.CallTestCaseKeyword$_callTestCase_closure1.doCall(CallTestCaseKeyword.groovy:60)
	at com.kms.katalon.core.keyword.builtin.CallTestCaseKeyword$_callTestCase_closure1.call(CallTestCaseKeyword.groovy)
	at com.kms.katalon.core.keyword.internal.KeywordMain.runKeyword(KeywordMain.groovy:54)
	at com.kms.katalon.core.keyword.builtin.CallTestCaseKeyword.callTestCase(CallTestCaseKeyword.groovy:81)
	at com.kms.katalon.core.keyword.builtin.CallTestCaseKeyword.execute(CallTestCaseKeyword.groovy:45)
	at com.kms.katalon.core.keyword.internal.KeywordExecutor.executeKeywordForPlatform(KeywordExecutor.groovy:53)
	at com.kms.katalon.core.keyword.BuiltinKeywords.callTestCase(BuiltinKeywords.groovy:334)
	at sun.reflect.NativeMethodAccessorImpl.invoke0(Native Method)
	at sun.reflect.NativeMethodAccessorImpl.invoke(NativeMethodAccessorImpl.java:62)
	at sun.reflect.DelegatingMethodAccessorImpl.invoke(DelegatingMethodAccessorImpl.java:43)
	at java.lang.reflect.Method.invoke(Method.java:498)
	at org.codehaus.groovy.reflection.CachedMethod.invoke(CachedMethod.java:93)
	at groovy.lang.MetaMethod.doMethodInvoke(MetaMethod.java:325)
	at groovy.lang.MetaClassImpl.invokeStaticMethod(MetaClassImpl.java:1469)
	at org.codehaus.groovy.runtime.callsite.StaticMetaClassSite.call(StaticMetaClassSite.java:53)
	at org.codehaus.groovy.runtime.callsite.CallSiteArray.defaultCall(CallSiteArray.java:48)
	at org.codehaus.groovy.runtime.callsite.AbstractCallSite.call(AbstractCallSite.java:113)
	at org.codehaus.groovy.runtime.callsite.AbstractCallSite.call(AbstractCallSite.java:141)
	at Script1555406402089.run(Script1555406402089.groovy:17)
	at com.kms.katalon.core.main.ScriptEngine.run(ScriptEngine.java:183)
	at com.kms.katalon.core.main.ScriptEngine.runScriptAsRawText(ScriptEngine.java:108)
	at com.kms.katalon.core.main.TestCaseExecutor.runScript(TestCaseExecutor.java:294)
	at com.kms.katalon.core.main.TestCaseExecutor.doExecute(TestCaseExecutor.java:285)
	at com.kms.katalon.core.main.TestCaseExecutor.processExecutionPhase(TestCaseExecutor.java:264)
	at com.kms.katalon.core.main.TestCaseExecutor.accessMainPhase(TestCaseExecutor.java:256)
	at com.kms.katalon.core.main.TestCaseExecutor.execute(TestCaseExecutor.java:200)
	at com.kms.katalon.core.main.TestSuiteExecutor.accessTestCaseMainPhase(TestSuiteExecutor.java:129)
	at com.kms.katalon.core.main.TestSuiteExecutor.accessTestSuiteMainPhase(TestSuiteExecutor.java:112)
	at com.kms.katalon.core.main.TestSuiteExecutor.execute(TestSuiteExecutor.java:81)
	at com.kms.katalon.core.main.TestCaseMain.startTestSuite(TestCaseMain.java:142)
	at com.kms.katalon.core.main.TestCaseMain$startTestSuite$0.call(Unknown Source)
	at org.codehaus.groovy.runtime.callsite.CallSiteArray.defaultCall(CallSiteArray.java:48)
	at org.codehaus.groovy.runtime.callsite.AbstractCallSite.call(AbstractCallSite.java:113)
	at org.codehaus.groovy.runtime.callsite.AbstractCallSite.call(AbstractCallSite.java:141)
	at TempTestSuite1555472249208.run(TempTestSuite1555472249208.groovy:36)
	at groovy.lang.GroovyShell.runScriptOrMainOrTestOrRunnable(GroovyShell.java:263)
	at groovy.lang.GroovyShell.run(GroovyShell.java:518)
	at groovy.lang.GroovyShell.run(GroovyShell.java:507)
	at groovy.ui.GroovyMain.processOnce(GroovyMain.java:653)
	at groovy.ui.GroovyMain.run(GroovyMain.java:384)
	at groovy.ui.GroovyMain.process(GroovyMain.java:370)
	at groovy.ui.GroovyMain.processArgs(GroovyMain.java:129)
	at groovy.ui.GroovyMain.main(GroovyMain.java:109)
	at sun.reflect.NativeMethodAccessorImpl.invoke0(Native Method)
	at sun.reflect.NativeMethodAccessorImpl.invoke(NativeMethodAccessorImpl.java:62)
	at sun.reflect.DelegatingMethodAccessorImpl.invoke(DelegatingMethodAccessorImpl.java:43)
	at java.lang.reflect.Method.invoke(Method.java:498)
	at org.codehaus.groovy.tools.GroovyStarter.rootLoader(GroovyStarter.java:109)
	at org.codehaus.groovy.tools.GroovyStarter.main(GroovyStarter.java:131)
)

2019-04-17 11:44:09 - [TEST_STEP][PASSED] - Start listener action : sampleBeforeTestCase: Invoke 'com.kms.katalon.core.annotation.BeforeTestCase' method: 'NewTestListener.sampleBeforeTestCase(...)' completed.

2019-04-17 11:44:09 - [TEST_STEP][PASSED] - Statement - println(testCaseContext.getTestCaseId()): null

2019-04-17 11:44:09 - [TEST_STEP][PASSED] - Statement - println(testCaseContext.getTestCaseVariables()): Invoke 'com.kms.katalon.core.annotation.BeforeTestCase' method: 'NewTestListener.sampleBeforeTestCase(...)' completed.

2019-04-17 11:44:09 - [TEST_STEP][FAILED] - callTestCase: Unable to call Test Case with id 'Test Cases/002_System_,Manage/001_User_Manage/001_Enter_User' (Root cause: Call Test Case 'Test Cases/002_System_,Manage/001_User_Manage/001_Enter_User' failed)

2019-04-17 11:44:09 - [TEST_CASE][FAILED] - Test Cases/002_System_,Manage/001_User_Manage/001_Enter_User: Test Cases/002_System_,Manage/001_User_Manage/001_Enter_User FAILED because (of) (Stack trace: com.kms.katalon.core.exception.StepFailedException: Unable to click on object 'Object Repository/Syetem_settings/User_Manage/a_user_manage' (Root cause: org.openqa.selenium.ElementNotVisibleException: element not visible
  (Session info: headless chrome=73.0.3683.75)
  (Driver info: chromedriver=2.35.528161 (5b82f2d2aae0ca24b877009200ced9065a772e73),platform=Windows NT 6.1.7601 SP1 x86_64) (WARNING: The server did not provide any stacktrace information)
Command duration or timeout: 0 milliseconds
Build info: version: '3.7.1', revision: '8a0099a', time: '2017-11-06T21:07:36.161Z'
System info: host: 'BF-20170623WSST', ip: '192.168.10.86', os.name: 'Windows 7', os.arch: 'amd64', os.version: '6.1', java.version: '1.8.0_181'
Driver info: com.kms.katalon.selenium.driver.CChromeDriver
Capabilities {acceptInsecureCerts: false, acceptSslCerts: false, applicationCacheEnabled: false, browserConnectionEnabled: false, browserName: chrome, chrome: {chromedriverVersion: 2.35.528161 (5b82f2d2aae0ca..., userDataDir: C:\Users\ADMINI~1\AppData\L...}, cssSelectorsEnabled: true, databaseEnabled: false, handlesAlerts: true, hasTouchScreen: false, javascriptEnabled: true, locationContextEnabled: true, mobileEmulationEnabled: false, nativeEvents: true, networkConnectionEnabled: false, pageLoadStrategy: normal, platform: XP, platformName: XP, rotatable: false, setWindowRect: true, takesHeapSnapshot: true, takesScreenshot: true, unexpectedAlertBehaviour: , unhandledPromptBehavior: , version: 73.0.3683.75, webStorageEnabled: true}
Session ID: ecbfab57194731940f9b5dbca6c50beb)
	at com.kms.katalon.core.keyword.internal.KeywordMain.stepFailed(KeywordMain.groovy:36)
	at com.kms.katalon.core.webui.keyword.internal.WebUIKeywordMain.stepFailed(WebUIKeywordMain.groovy:65)
	at com.kms.katalon.core.webui.keyword.internal.WebUIKeywordMain.runKeyword(WebUIKeywordMain.groovy:27)
	at com.kms.katalon.core.webui.keyword.builtin.ClickKeyword.click(ClickKeyword.groovy:86)
	at com.kms.katalon.core.webui.keyword.builtin.ClickKeyword.execute(ClickKeyword.groovy:67)
	at com.kms.katalon.core.keyword.internal.KeywordExecutor.executeKeywordForPlatform(KeywordExecutor.groovy:53)
	at com.kms.katalon.core.webui.keyword.WebUiBuiltInKeywords.click(WebUiBuiltInKeywords.groovy:616)
	at com.kms.katalon.core.webui.keyword.WebUiBuiltInKeywords$click$4.call(Unknown Source)
	at Script1555325328873.run(Script1555325328873.groovy:25)
	at com.kms.katalon.core.main.ScriptEngine.run(ScriptEngine.java:183)
	at com.kms.katalon.core.main.ScriptEngine.runScriptAsRawText(ScriptEngine.java:108)
	at com.kms.katalon.core.main.TestCaseExecutor.runScript(TestCaseExecutor.java:294)
	at com.kms.katalon.core.main.TestCaseExecutor.doExecute(TestCaseExecutor.java:285)
	at com.kms.katalon.core.main.TestCaseExecutor.processExecutionPhase(TestCaseExecutor.java:264)
	at com.kms.katalon.core.main.TestCaseExecutor.accessMainPhase(TestCaseExecutor.java:256)
	at com.kms.katalon.core.main.TestCaseExecutor.execute(TestCaseExecutor.java:200)
	at com.kms.katalon.core.main.TestCaseMain.runTestCase(TestCaseMain.java:99)
	at com.kms.katalon.core.keyword.builtin.CallTestCaseKeyword$_callTestCase_closure1.doCall(CallTestCaseKeyword.groovy:60)
	at com.kms.katalon.core.keyword.builtin.CallTestCaseKeyword$_callTestCase_closure1.call(CallTestCaseKeyword.groovy)
	at com.kms.katalon.core.keyword.internal.KeywordMain.runKeyword(KeywordMain.groovy:54)
	at com.kms.katalon.core.keyword.builtin.CallTestCaseKeyword.callTestCase(CallTestCaseKeyword.groovy:81)
	at com.kms.katalon.core.keyword.builtin.CallTestCaseKeyword.execute(CallTestCaseKeyword.groovy:45)
	at com.kms.katalon.core.keyword.internal.KeywordExecutor.executeKeywordForPlatform(KeywordExecutor.groovy:53)
	at com.kms.katalon.core.keyword.BuiltinKeywords.callTestCase(BuiltinKeywords.groovy:334)
	at sun.reflect.NativeMethodAccessorImpl.invoke0(Native Method)
	at sun.reflect.NativeMethodAccessorImpl.invoke(NativeMethodAccessorImpl.java:62)
	at sun.reflect.DelegatingMethodAccessorImpl.invoke(DelegatingMethodAccessorImpl.java:43)
	at java.lang.reflect.Method.invoke(Method.java:498)
	at org.codehaus.groovy.reflection.CachedMethod.invoke(CachedMethod.java:93)
	at groovy.lang.MetaMethod.doMethodInvoke(MetaMethod.java:325)
	at groovy.lang.MetaClassImpl.invokeStaticMethod(MetaClassImpl.java:1469)
	at org.codehaus.groovy.runtime.callsite.StaticMetaClassSite.call(StaticMetaClassSite.java:53)
	at org.codehaus.groovy.runtime.callsite.CallSiteArray.defaultCall(CallSiteArray.java:48)
	at org.codehaus.groovy.runtime.callsite.AbstractCallSite.call(AbstractCallSite.java:113)
	at org.codehaus.groovy.runtime.callsite.AbstractCallSite.call(AbstractCallSite.java:141)
	at Script1555406402089.run(Script1555406402089.groovy:17)
	at com.kms.katalon.core.main.ScriptEngine.run(ScriptEngine.java:183)
	at com.kms.katalon.core.main.ScriptEngine.runScriptAsRawText(ScriptEngine.java:108)
	at com.kms.katalon.core.main.TestCaseExecutor.runScript(TestCaseExecutor.java:294)
	at com.kms.katalon.core.main.TestCaseExecutor.doExecute(TestCaseExecutor.java:285)
	at com.kms.katalon.core.main.TestCaseExecutor.processExecutionPhase(TestCaseExecutor.java:264)
	at com.kms.katalon.core.main.TestCaseExecutor.accessMainPhase(TestCaseExecutor.java:256)
	at com.kms.katalon.core.main.TestCaseExecutor.execute(TestCaseExecutor.java:200)
	at com.kms.katalon.core.main.TestSuiteExecutor.accessTestCaseMainPhase(TestSuiteExecutor.java:129)
	at com.kms.katalon.core.main.TestSuiteExecutor.accessTestSuiteMainPhase(TestSuiteExecutor.java:112)
	at com.kms.katalon.core.main.TestSuiteExecutor.execute(TestSuiteExecutor.java:81)
	at com.kms.katalon.core.main.TestCaseMain.startTestSuite(TestCaseMain.java:142)
	at com.kms.katalon.core.main.TestCaseMain$startTestSuite$0.call(Unknown Source)
	at org.codehaus.groovy.runtime.callsite.CallSiteArray.defaultCall(CallSiteArray.java:48)
	at org.codehaus.groovy.runtime.callsite.AbstractCallSite.call(AbstractCallSite.java:113)
	at org.codehaus.groovy.runtime.callsite.AbstractCallSite.call(AbstractCallSite.java:141)
	at TempTestSuite1555472249208.run(TempTestSuite1555472249208.groovy:36)
	at groovy.lang.GroovyShell.runScriptOrMainOrTestOrRunnable(GroovyShell.java:263)
	at groovy.lang.GroovyShell.run(GroovyShell.java:518)
	at groovy.lang.GroovyShell.run(GroovyShell.java:507)
	at groovy.ui.GroovyMain.processOnce(GroovyMain.java:653)
	at groovy.ui.GroovyMain.run(GroovyMain.java:384)
	at groovy.ui.GroovyMain.process(GroovyMain.java:370)
	at groovy.ui.GroovyMain.processArgs(GroovyMain.java:129)
	at groovy.ui.GroovyMain.main(GroovyMain.java:109)
	at sun.reflect.NativeMethodAccessorImpl.invoke0(Native Method)
	at sun.reflect.NativeMethodAccessorImpl.invoke(NativeMethodAccessorImpl.java:62)
	at sun.reflect.DelegatingMethodAccessorImpl.invoke(DelegatingMethodAccessorImpl.java:43)
	at java.lang.reflect.Method.invoke(Method.java:498)
	at org.codehaus.groovy.tools.GroovyStarter.rootLoader(GroovyStarter.java:109)
	at org.codehaus.groovy.tools.GroovyStarter.main(GroovyStarter.java:131)
)

2019-04-17 11:44:09 - [TEST_STEP][NOT_RUN] - callTestCase: NOT_RUN: callTestCase

2019-04-17 11:44:09 - [MESSAGE][NOT_RUN] - NOT_RUN: callTestCase

2019-04-17 11:44:09 - [TEST_STEP][PASSED] - delay: Delayed 1 second(s)

2019-04-17 11:44:10 - [MESSAGE][PASSED] - Delayed 1 second(s)

2019-04-17 11:44:10 - [TEST_STEP][PASSED] - click: Object: 'Object Repository/Syetem_settings/User_Manage/a_systemsetings' is clicked on

2019-04-17 11:44:10 - [MESSAGE][PASSED] - Object: 'Object Repository/Syetem_settings/User_Manage/a_systemsetings' is clicked on

2019-04-17 11:44:10 - [TEST_STEP][PASSED] - delay: Delayed 1 second(s)

2019-04-17 11:44:11 - [MESSAGE][PASSED] - Delayed 1 second(s)

2019-04-17 11:44:11 - [TEST_STEP][FAILED] - click: Unable to click on object 'Object Repository/Syetem_settings/User_Manage/a_user_manage' (Root cause: org.openqa.selenium.ElementNotVisibleException: element not visible
  (Session info: headless chrome=73.0.3683.75)
  (Driver info: chromedriver=2.35.528161 (5b82f2d2aae0ca24b877009200ced9065a772e73),platform=Windows NT 6.1.7601 SP1 x86_64) (WARNING: The server did not provide any stacktrace information)
Command duration or timeout: 0 milliseconds
Build info: version: '3.7.1', revision: '8a0099a', time: '2017-11-06T21:07:36.161Z'
System info: host: 'BF-20170623WSST', ip: '192.168.10.86', os.name: 'Windows 7', os.arch: 'amd64', os.version: '6.1', java.version: '1.8.0_181'
Driver info: com.kms.katalon.selenium.driver.CChromeDriver
Capabilities {acceptInsecureCerts: false, acceptSslCerts: false, applicationCacheEnabled: false, browserConnectionEnabled: false, browserName: chrome, chrome: {chromedriverVersion: 2.35.528161 (5b82f2d2aae0ca..., userDataDir: C:\Users\ADMINI~1\AppData\L...}, cssSelectorsEnabled: true, databaseEnabled: false, handlesAlerts: true, hasTouchScreen: false, javascriptEnabled: true, locationContextEnabled: true, mobileEmulationEnabled: false, nativeEvents: true, networkConnectionEnabled: false, pageLoadStrategy: normal, platform: XP, platformName: XP, rotatable: false, setWindowRect: true, takesHeapSnapshot: true, takesScreenshot: true, unexpectedAlertBehaviour: , unhandledPromptBehavior: , version: 73.0.3683.75, webStorageEnabled: true}
Session ID: ecbfab57194731940f9b5dbca6c50beb)

2019-04-17 11:44:12 - [MESSAGE][FAILED] - Unable to click on object 'Object Repository/Syetem_settings/User_Manage/a_user_manage' (Root cause: org.openqa.selenium.ElementNotVisibleException: element not visible
  (Session info: headless chrome=73.0.3683.75)
  (Driver info: chromedriver=2.35.528161 (5b82f2d2aae0ca24b877009200ced9065a772e73),platform=Windows NT 6.1.7601 SP1 x86_64) (WARNING: The server did not provide any stacktrace information)
Command duration or timeout: 0 milliseconds
Build info: version: '3.7.1', revision: '8a0099a', time: '2017-11-06T21:07:36.161Z'
System info: host: 'BF-20170623WSST', ip: '192.168.10.86', os.name: 'Windows 7', os.arch: 'amd64', os.version: '6.1', java.version: '1.8.0_181'
Driver info: com.kms.katalon.selenium.driver.CChromeDriver
Capabilities {acceptInsecureCerts: false, acceptSslCerts: false, applicationCacheEnabled: false, browserConnectionEnabled: false, browserName: chrome, chrome: {chromedriverVersion: 2.35.528161 (5b82f2d2aae0ca..., userDataDir: C:\Users\ADMINI~1\AppData\L...}, cssSelectorsEnabled: true, databaseEnabled: false, handlesAlerts: true, hasTouchScreen: false, javascriptEnabled: true, locationContextEnabled: true, mobileEmulationEnabled: false, nativeEvents: true, networkConnectionEnabled: false, pageLoadStrategy: normal, platform: XP, platformName: XP, rotatable: false, setWindowRect: true, takesHeapSnapshot: true, takesScreenshot: true, unexpectedAlertBehaviour: , unhandledPromptBehavior: , version: 73.0.3683.75, webStorageEnabled: true}
Session ID: ecbfab57194731940f9b5dbca6c50beb)
[[ATTACHMENT|G:\\Auto_Learning\\katalon\\katalon_project\\katalon_project\\T2M_Manage\\T2M_Manage\\Reports\\User Manage\\staff manage\\20190417_113729\\1555472651950.png]]

2019-04-17 11:44:12 - [MESSAGE][FAILED] - Unable to call Test Case with id 'Test Cases/002_System_,Manage/001_User_Manage/001_Enter_User' (Root cause: Call Test Case 'Test Cases/002_System_,Manage/001_User_Manage/001_Enter_User' failed)

2019-04-17 11:44:12 - [TEST_STEP][PASSED] - Start listener action : sampleAfterTestCase: Invoke 'com.kms.katalon.core.annotation.AfterTestCase' method: 'NewTestListener.sampleAfterTestCase(...)' completed.

2019-04-17 11:44:12 - [TEST_STEP][PASSED] - Statement - println(testCaseContext.getTestCaseId()): null

2019-04-17 11:44:12 - [TEST_STEP][PASSED] - Statement - println(testCaseContext.getTestCaseStatus()): Invoke 'com.kms.katalon.core.annotation.AfterTestCase' method: 'NewTestListener.sampleAfterTestCase(...)' completed.]]></system-out>
         <system-err><![CDATA[2019-04-17 11:44:09 - [TEST_CASE][FAILED] - Test Cases/002_System_,Manage/001_User_Manage/011_edit_user_normal: Test Cases/002_System_,Manage/001_User_Manage/011_edit_user_normal FAILED because (of) (Stack trace: com.kms.katalon.core.exception.StepFailedException: Unable to click on object 'Object Repository/Syetem_settings/User_Manage/a_user_manage' (Root cause: org.openqa.selenium.ElementNotVisibleException: element not visible
  (Session info: headless chrome=73.0.3683.75)
  (Driver info: chromedriver=2.35.528161 (5b82f2d2aae0ca24b877009200ced9065a772e73),platform=Windows NT 6.1.7601 SP1 x86_64) (WARNING: The server did not provide any stacktrace information)
Command duration or timeout: 0 milliseconds
Build info: version: '3.7.1', revision: '8a0099a', time: '2017-11-06T21:07:36.161Z'
System info: host: 'BF-20170623WSST', ip: '192.168.10.86', os.name: 'Windows 7', os.arch: 'amd64', os.version: '6.1', java.version: '1.8.0_181'
Driver info: com.kms.katalon.selenium.driver.CChromeDriver
Capabilities {acceptInsecureCerts: false, acceptSslCerts: false, applicationCacheEnabled: false, browserConnectionEnabled: false, browserName: chrome, chrome: {chromedriverVersion: 2.35.528161 (5b82f2d2aae0ca..., userDataDir: C:\Users\ADMINI~1\AppData\L...}, cssSelectorsEnabled: true, databaseEnabled: false, handlesAlerts: true, hasTouchScreen: false, javascriptEnabled: true, locationContextEnabled: true, mobileEmulationEnabled: false, nativeEvents: true, networkConnectionEnabled: false, pageLoadStrategy: normal, platform: XP, platformName: XP, rotatable: false, setWindowRect: true, takesHeapSnapshot: true, takesScreenshot: true, unexpectedAlertBehaviour: , unhandledPromptBehavior: , version: 73.0.3683.75, webStorageEnabled: true}
Session ID: ecbfab57194731940f9b5dbca6c50beb)
	at com.kms.katalon.core.keyword.internal.KeywordMain.stepFailed(KeywordMain.groovy:36)
	at com.kms.katalon.core.webui.keyword.internal.WebUIKeywordMain.stepFailed(WebUIKeywordMain.groovy:65)
	at com.kms.katalon.core.webui.keyword.internal.WebUIKeywordMain.runKeyword(WebUIKeywordMain.groovy:27)
	at com.kms.katalon.core.webui.keyword.builtin.ClickKeyword.click(ClickKeyword.groovy:86)
	at com.kms.katalon.core.webui.keyword.builtin.ClickKeyword.execute(ClickKeyword.groovy:67)
	at com.kms.katalon.core.keyword.internal.KeywordExecutor.executeKeywordForPlatform(KeywordExecutor.groovy:53)
	at com.kms.katalon.core.webui.keyword.WebUiBuiltInKeywords.click(WebUiBuiltInKeywords.groovy:616)
	at com.kms.katalon.core.webui.keyword.WebUiBuiltInKeywords$click$4.call(Unknown Source)
	at Script1555325328873.run(Script1555325328873.groovy:25)
	at com.kms.katalon.core.main.ScriptEngine.run(ScriptEngine.java:183)
	at com.kms.katalon.core.main.ScriptEngine.runScriptAsRawText(ScriptEngine.java:108)
	at com.kms.katalon.core.main.TestCaseExecutor.runScript(TestCaseExecutor.java:294)
	at com.kms.katalon.core.main.TestCaseExecutor.doExecute(TestCaseExecutor.java:285)
	at com.kms.katalon.core.main.TestCaseExecutor.processExecutionPhase(TestCaseExecutor.java:264)
	at com.kms.katalon.core.main.TestCaseExecutor.accessMainPhase(TestCaseExecutor.java:256)
	at com.kms.katalon.core.main.TestCaseExecutor.execute(TestCaseExecutor.java:200)
	at com.kms.katalon.core.main.TestCaseMain.runTestCase(TestCaseMain.java:99)
	at com.kms.katalon.core.keyword.builtin.CallTestCaseKeyword$_callTestCase_closure1.doCall(CallTestCaseKeyword.groovy:60)
	at com.kms.katalon.core.keyword.builtin.CallTestCaseKeyword$_callTestCase_closure1.call(CallTestCaseKeyword.groovy)
	at com.kms.katalon.core.keyword.internal.KeywordMain.runKeyword(KeywordMain.groovy:54)
	at com.kms.katalon.core.keyword.builtin.CallTestCaseKeyword.callTestCase(CallTestCaseKeyword.groovy:81)
	at com.kms.katalon.core.keyword.builtin.CallTestCaseKeyword.execute(CallTestCaseKeyword.groovy:45)
	at com.kms.katalon.core.keyword.internal.KeywordExecutor.executeKeywordForPlatform(KeywordExecutor.groovy:53)
	at com.kms.katalon.core.keyword.BuiltinKeywords.callTestCase(BuiltinKeywords.groovy:334)
	at sun.reflect.NativeMethodAccessorImpl.invoke0(Native Method)
	at sun.reflect.NativeMethodAccessorImpl.invoke(NativeMethodAccessorImpl.java:62)
	at sun.reflect.DelegatingMethodAccessorImpl.invoke(DelegatingMethodAccessorImpl.java:43)
	at java.lang.reflect.Method.invoke(Method.java:498)
	at org.codehaus.groovy.reflection.CachedMethod.invoke(CachedMethod.java:93)
	at groovy.lang.MetaMethod.doMethodInvoke(MetaMethod.java:325)
	at groovy.lang.MetaClassImpl.invokeStaticMethod(MetaClassImpl.java:1469)
	at org.codehaus.groovy.runtime.callsite.StaticMetaClassSite.call(StaticMetaClassSite.java:53)
	at org.codehaus.groovy.runtime.callsite.CallSiteArray.defaultCall(CallSiteArray.java:48)
	at org.codehaus.groovy.runtime.callsite.AbstractCallSite.call(AbstractCallSite.java:113)
	at org.codehaus.groovy.runtime.callsite.AbstractCallSite.call(AbstractCallSite.java:141)
	at Script1555406402089.run(Script1555406402089.groovy:17)
	at com.kms.katalon.core.main.ScriptEngine.run(ScriptEngine.java:183)
	at com.kms.katalon.core.main.ScriptEngine.runScriptAsRawText(ScriptEngine.java:108)
	at com.kms.katalon.core.main.TestCaseExecutor.runScript(TestCaseExecutor.java:294)
	at com.kms.katalon.core.main.TestCaseExecutor.doExecute(TestCaseExecutor.java:285)
	at com.kms.katalon.core.main.TestCaseExecutor.processExecutionPhase(TestCaseExecutor.java:264)
	at com.kms.katalon.core.main.TestCaseExecutor.accessMainPhase(TestCaseExecutor.java:256)
	at com.kms.katalon.core.main.TestCaseExecutor.execute(TestCaseExecutor.java:200)
	at com.kms.katalon.core.main.TestSuiteExecutor.accessTestCaseMainPhase(TestSuiteExecutor.java:129)
	at com.kms.katalon.core.main.TestSuiteExecutor.accessTestSuiteMainPhase(TestSuiteExecutor.java:112)
	at com.kms.katalon.core.main.TestSuiteExecutor.execute(TestSuiteExecutor.java:81)
	at com.kms.katalon.core.main.TestCaseMain.startTestSuite(TestCaseMain.java:142)
	at com.kms.katalon.core.main.TestCaseMain$startTestSuite$0.call(Unknown Source)
	at org.codehaus.groovy.runtime.callsite.CallSiteArray.defaultCall(CallSiteArray.java:48)
	at org.codehaus.groovy.runtime.callsite.AbstractCallSite.call(AbstractCallSite.java:113)
	at org.codehaus.groovy.runtime.callsite.AbstractCallSite.call(AbstractCallSite.java:141)
	at TempTestSuite1555472249208.run(TempTestSuite1555472249208.groovy:36)
	at groovy.lang.GroovyShell.runScriptOrMainOrTestOrRunnable(GroovyShell.java:263)
	at groovy.lang.GroovyShell.run(GroovyShell.java:518)
	at groovy.lang.GroovyShell.run(GroovyShell.java:507)
	at groovy.ui.GroovyMain.processOnce(GroovyMain.java:653)
	at groovy.ui.GroovyMain.run(GroovyMain.java:384)
	at groovy.ui.GroovyMain.process(GroovyMain.java:370)
	at groovy.ui.GroovyMain.processArgs(GroovyMain.java:129)
	at groovy.ui.GroovyMain.main(GroovyMain.java:109)
	at sun.reflect.NativeMethodAccessorImpl.invoke0(Native Method)
	at sun.reflect.NativeMethodAccessorImpl.invoke(NativeMethodAccessorImpl.java:62)
	at sun.reflect.DelegatingMethodAccessorImpl.invoke(DelegatingMethodAccessorImpl.java:43)
	at java.lang.reflect.Method.invoke(Method.java:498)
	at org.codehaus.groovy.tools.GroovyStarter.rootLoader(GroovyStarter.java:109)
	at org.codehaus.groovy.tools.GroovyStarter.main(GroovyStarter.java:131)
)]]></system-err>
      </testcase>
      <testcase name="Test Cases/002_System_,Manage/001_User_Manage/011_edit_user_normal" classname="Test Cases/002_System_,Manage/001_User_Manage/011_edit_user_normal" status="PASSED">
         <system-out><![CDATA[2019-04-17 11:44:14 - [TEST_CASE][PASSED] - Test Cases/002_System_,Manage/001_User_Manage/011_edit_user_normal: Test Cases/002_System_,Manage/001_User_Manage/011_edit_user_normal

2019-04-17 11:44:14 - [TEST_STEP][PASSED] - Start listener action : sampleBeforeTestCase: Invoke 'com.kms.katalon.core.annotation.BeforeTestCase' method: 'NewTestListener.sampleBeforeTestCase(...)' completed.

2019-04-17 11:44:14 - [TEST_STEP][PASSED] - Statement - println(testCaseContext.getTestCaseId()): null

2019-04-17 11:44:14 - [TEST_STEP][PASSED] - Statement - println(testCaseContext.getTestCaseVariables()): Invoke 'com.kms.katalon.core.annotation.BeforeTestCase' method: 'NewTestListener.sampleBeforeTestCase(...)' completed.

2019-04-17 11:44:14 - [TEST_STEP][PASSED] - callTestCase: Call Test Case 'Test Cases/002_System_,Manage/001_User_Manage/001_Enter_User' successfully

2019-04-17 11:44:14 - [TEST_CASE][PASSED] - Test Cases/002_System_,Manage/001_User_Manage/001_Enter_User: Test Cases/002_System_,Manage/001_User_Manage/001_Enter_User

2019-04-17 11:44:14 - [TEST_STEP][NOT_RUN] - callTestCase: NOT_RUN: callTestCase

2019-04-17 11:44:14 - [MESSAGE][NOT_RUN] - NOT_RUN: callTestCase

2019-04-17 11:44:14 - [TEST_STEP][PASSED] - delay: Delayed 1 second(s)

2019-04-17 11:44:15 - [MESSAGE][PASSED] - Delayed 1 second(s)

2019-04-17 11:44:15 - [TEST_STEP][PASSED] - click: Object: 'Object Repository/Syetem_settings/User_Manage/a_systemsetings' is clicked on

2019-04-17 11:44:15 - [MESSAGE][PASSED] - Object: 'Object Repository/Syetem_settings/User_Manage/a_systemsetings' is clicked on

2019-04-17 11:44:15 - [TEST_STEP][PASSED] - delay: Delayed 1 second(s)

2019-04-17 11:44:16 - [MESSAGE][PASSED] - Delayed 1 second(s)

2019-04-17 11:44:16 - [TEST_STEP][PASSED] - click: Object: 'Object Repository/Syetem_settings/User_Manage/a_user_manage' is clicked on

2019-04-17 11:44:16 - [MESSAGE][PASSED] - Object: 'Object Repository/Syetem_settings/User_Manage/a_user_manage' is clicked on

2019-04-17 11:44:16 - [TEST_STEP][PASSED] - delay: Delayed 1 second(s)

2019-04-17 11:44:17 - [MESSAGE][PASSED] - Delayed 1 second(s)

2019-04-17 11:44:17 - [TEST_STEP][PASSED] - Statement - verify_user = com.kms.katalon.core.webui.keyword.WebUiBuiltInKeywords.verifyElementPresent(com.kms.katalon.core.testobject.ObjectRepository.findTestObject(Syetem_settings/User_Manage/cite_usertable), 0): Object 'Object Repository/Syetem_settings/User_Manage/cite_usertable' is present

2019-04-17 11:44:17 - [MESSAGE][WARNING] - Timeout '0' is invalid. Using default page load timeout: '30'

2019-04-17 11:44:17 - [MESSAGE][PASSED] - Object 'Object Repository/Syetem_settings/User_Manage/cite_usertable' is present

2019-04-17 11:44:17 - [TEST_STEP][PASSED] - Statement - If (verify_user): Enter the Successfully entered the people management page

2019-04-17 11:44:17 - [TEST_STEP][PASSED] - comment: Enter the Successfully entered the people management page

2019-04-17 11:44:17 - [MESSAGE][PASSED] - Call Test Case 'Test Cases/002_System_,Manage/001_User_Manage/001_Enter_User' successfully

2019-04-17 11:44:17 - [TEST_STEP][PASSED] - maximizeWindow: Current window maximized

2019-04-17 11:44:17 - [MESSAGE][PASSED] - Current window maximized

2019-04-17 11:44:17 - [TEST_STEP][PASSED] - setText: Text '测试人员002' is set on object 'Object Repository/test/input__keyword'

2019-04-17 11:44:17 - [MESSAGE][PASSED] - Text '测试人员002' is set on object 'Object Repository/test/input__keyword'

2019-04-17 11:44:17 - [TEST_STEP][PASSED] - delay: Delayed 1 second(s)

2019-04-17 11:44:18 - [MESSAGE][PASSED] - Delayed 1 second(s)

2019-04-17 11:44:18 - [TEST_STEP][PASSED] - click: Object: 'Object Repository/test/button__layui-btn' is clicked on

2019-04-17 11:44:18 - [MESSAGE][PASSED] - Object: 'Object Repository/test/button__layui-btn' is clicked on

2019-04-17 11:44:18 - [TEST_STEP][PASSED] - delay: Delayed 1 second(s)

2019-04-17 11:44:19 - [MESSAGE][PASSED] - Delayed 1 second(s)

2019-04-17 11:44:19 - [TEST_STEP][PASSED] - click: Object: 'Object Repository/Syetem_settings/User_Manage/Edit_user_info/edit_first' is clicked on

2019-04-17 11:44:20 - [MESSAGE][PASSED] - Object: 'Object Repository/Syetem_settings/User_Manage/Edit_user_info/edit_first' is clicked on

2019-04-17 11:44:20 - [TEST_STEP][PASSED] - delay: Delayed 2 second(s)

2019-04-17 11:44:22 - [MESSAGE][PASSED] - Delayed 2 second(s)

2019-04-17 11:44:22 - [TEST_STEP][PASSED] - click: Object: 'Object Repository/Syetem_settings/User_Manage/user_info/input__addDeptName' is clicked on

2019-04-17 11:44:22 - [MESSAGE][PASSED] - Object: 'Object Repository/Syetem_settings/User_Manage/user_info/input__addDeptName' is clicked on

2019-04-17 11:44:22 - [TEST_STEP][PASSED] - delay: Delayed 1 second(s)

2019-04-17 11:44:23 - [MESSAGE][PASSED] - Delayed 1 second(s)

2019-04-17 11:44:23 - [TEST_STEP][PASSED] - click: Object: 'Object Repository/Syetem_settings/User_Manage/Edit_user_info/div_NB_QA' is clicked on

2019-04-17 11:44:23 - [MESSAGE][PASSED] - Object: 'Object Repository/Syetem_settings/User_Manage/Edit_user_info/div_NB_QA' is clicked on

2019-04-17 11:44:23 - [TEST_STEP][PASSED] - delay: Delayed 1 second(s)

2019-04-17 11:44:24 - [MESSAGE][PASSED] - Delayed 1 second(s)

2019-04-17 11:44:24 - [TEST_STEP][PASSED] - setText: Text '编辑002' is set on object 'Object Repository/Syetem_settings/User_Manage/Edit_user_info/input_ realname'

2019-04-17 11:44:24 - [MESSAGE][PASSED] - Text '编辑002' is set on object 'Object Repository/Syetem_settings/User_Manage/Edit_user_info/input_ realname'

2019-04-17 11:44:24 - [TEST_STEP][PASSED] - delay: Delayed 1 second(s)

2019-04-17 11:44:25 - [MESSAGE][PASSED] - Delayed 1 second(s)

2019-04-17 11:44:25 - [TEST_STEP][PASSED] - setText: Text '测试岗位9' is set on object 'Object Repository/Syetem_settings/User_Manage/Edit_user_info/input_position'

2019-04-17 11:44:25 - [MESSAGE][PASSED] - Text '测试岗位9' is set on object 'Object Repository/Syetem_settings/User_Manage/Edit_user_info/input_position'

2019-04-17 11:44:25 - [TEST_STEP][PASSED] - delay: Delayed 1 second(s)

2019-04-17 11:44:26 - [MESSAGE][PASSED] - Delayed 1 second(s)

2019-04-17 11:44:26 - [TEST_STEP][PASSED] - setText: Text '15263625418' is set on object 'Object Repository/Syetem_settings/User_Manage/Edit_user_info/input__mobile'

2019-04-17 11:44:26 - [MESSAGE][PASSED] - Text '15263625418' is set on object 'Object Repository/Syetem_settings/User_Manage/Edit_user_info/input__mobile'

2019-04-17 11:44:26 - [TEST_STEP][PASSED] - delay: Delayed 1 second(s)

2019-04-17 11:44:27 - [MESSAGE][PASSED] - Delayed 1 second(s)

2019-04-17 11:44:27 - [TEST_STEP][PASSED] - setText: Text '' is set on object 'Object Repository/Syetem_settings/User_Manage/Edit_user_info/input_email'

2019-04-17 11:44:27 - [MESSAGE][PASSED] - Text '' is set on object 'Object Repository/Syetem_settings/User_Manage/Edit_user_info/input_email'

2019-04-17 11:44:27 - [TEST_STEP][PASSED] - delay: Delayed 1 second(s)

2019-04-17 11:44:28 - [MESSAGE][PASSED] - Delayed 1 second(s)

2019-04-17 11:44:28 - [TEST_STEP][PASSED] - click: Object: 'Object Repository/Syetem_settings/User_Manage/Edit_user_info/button_Saveedit' is clicked on

2019-04-17 11:44:29 - [MESSAGE][PASSED] - Object: 'Object Repository/Syetem_settings/User_Manage/Edit_user_info/button_Saveedit' is clicked on

2019-04-17 11:44:29 - [TEST_STEP][PASSED] - delay: Delayed 2 second(s)

2019-04-17 11:44:31 - [MESSAGE][PASSED] - Delayed 2 second(s)

2019-04-17 11:44:31 - [TEST_STEP][PASSED] - setText: Text '编辑002' is set on object 'Object Repository/test/input__keyword'

2019-04-17 11:44:31 - [MESSAGE][PASSED] - Text '编辑002' is set on object 'Object Repository/test/input__keyword'

2019-04-17 11:44:31 - [TEST_STEP][PASSED] - delay: Delayed 1 second(s)

2019-04-17 11:44:32 - [MESSAGE][PASSED] - Delayed 1 second(s)

2019-04-17 11:44:32 - [TEST_STEP][PASSED] - click: Object: 'Object Repository/test/button__layui-btn' is clicked on

2019-04-17 11:44:32 - [MESSAGE][PASSED] - Object: 'Object Repository/test/button__layui-btn' is clicked on

2019-04-17 11:44:32 - [TEST_STEP][PASSED] - delay: Delayed 1 second(s)

2019-04-17 11:44:33 - [MESSAGE][PASSED] - Delayed 1 second(s)

2019-04-17 11:44:33 - [TEST_STEP][PASSED] - Statement - data_content = com.kms.katalon.core.webui.keyword.WebUiBuiltInKeywords.getAttribute(com.kms.katalon.core.testobject.ObjectRepository.findTestObject(Syetem_settings/User_Manage/Search/td_number1), "data-content"): Attribute 'data-content' of object 'Object Repository/Syetem_settings/User_Manage/Search/td_number1' is: '编辑002'

2019-04-17 11:44:33 - [MESSAGE][PASSED] - Attribute 'data-content' of object 'Object Repository/Syetem_settings/User_Manage/Search/td_number1' is: '编辑002'

2019-04-17 11:44:33 - [TEST_STEP][PASSED] - Statement - If (data_content == username): 人员编辑修改成功

2019-04-17 11:44:33 - [TEST_STEP][PASSED] - comment: 人员编辑修改成功

2019-04-17 11:44:33 - [TEST_STEP][PASSED] - Start listener action : sampleAfterTestCase: Invoke 'com.kms.katalon.core.annotation.AfterTestCase' method: 'NewTestListener.sampleAfterTestCase(...)' completed.

2019-04-17 11:44:33 - [TEST_STEP][PASSED] - Statement - println(testCaseContext.getTestCaseId()): null

2019-04-17 11:44:33 - [TEST_STEP][PASSED] - Statement - println(testCaseContext.getTestCaseStatus()): Invoke 'com.kms.katalon.core.annotation.AfterTestCase' method: 'NewTestListener.sampleAfterTestCase(...)' completed.]]></system-out>
         <system-err><![CDATA[]]></system-err>
      </testcase>
      <testcase name="Test Cases/002_System_,Manage/001_User_Manage/011_edit_user_normal" classname="Test Cases/002_System_,Manage/001_User_Manage/011_edit_user_normal" status="FAILED">
         <failure type="FAILED" message="(Stack trace: com.kms.katalon.core.exception.StepFailedException: Unable to click on object 'Object Repository/Syetem_settings/User_Manage/a_user_manage' (Root cause: org.openqa.selenium.ElementNotVisibleException: element not visible
  (Session info: headless chrome=73.0.3683.75)
  (Driver info: chromedriver=2.35.528161 (5b82f2d2aae0ca24b877009200ced9065a772e73),platform=Windows NT 6.1.7601 SP1 x86_64) (WARNING: The server did not provide any stacktrace information)
Command duration or timeout: 0 milliseconds
Build info: version: '3.7.1', revision: '8a0099a', time: '2017-11-06T21:07:36.161Z'
System info: host: 'BF-20170623WSST', ip: '192.168.10.86', os.name: 'Windows 7', os.arch: 'amd64', os.version: '6.1', java.version: '1.8.0_181'
Driver info: com.kms.katalon.selenium.driver.CChromeDriver
Capabilities {acceptInsecureCerts: false, acceptSslCerts: false, applicationCacheEnabled: false, browserConnectionEnabled: false, browserName: chrome, chrome: {chromedriverVersion: 2.35.528161 (5b82f2d2aae0ca..., userDataDir: C:\Users\ADMINI~1\AppData\L...}, cssSelectorsEnabled: true, databaseEnabled: false, handlesAlerts: true, hasTouchScreen: false, javascriptEnabled: true, locationContextEnabled: true, mobileEmulationEnabled: false, nativeEvents: true, networkConnectionEnabled: false, pageLoadStrategy: normal, platform: XP, platformName: XP, rotatable: false, setWindowRect: true, takesHeapSnapshot: true, takesScreenshot: true, unexpectedAlertBehaviour: , unhandledPromptBehavior: , version: 73.0.3683.75, webStorageEnabled: true}
Session ID: ecbfab57194731940f9b5dbca6c50beb)
	at com.kms.katalon.core.keyword.internal.KeywordMain.stepFailed(KeywordMain.groovy:36)
	at com.kms.katalon.core.webui.keyword.internal.WebUIKeywordMain.stepFailed(WebUIKeywordMain.groovy:65)
	at com.kms.katalon.core.webui.keyword.internal.WebUIKeywordMain.runKeyword(WebUIKeywordMain.groovy:27)
	at com.kms.katalon.core.webui.keyword.builtin.ClickKeyword.click(ClickKeyword.groovy:86)
	at com.kms.katalon.core.webui.keyword.builtin.ClickKeyword.execute(ClickKeyword.groovy:67)
	at com.kms.katalon.core.keyword.internal.KeywordExecutor.executeKeywordForPlatform(KeywordExecutor.groovy:53)
	at com.kms.katalon.core.webui.keyword.WebUiBuiltInKeywords.click(WebUiBuiltInKeywords.groovy:616)
	at com.kms.katalon.core.webui.keyword.WebUiBuiltInKeywords$click$4.call(Unknown Source)
	at Script1555325328873.run(Script1555325328873.groovy:25)
	at com.kms.katalon.core.main.ScriptEngine.run(ScriptEngine.java:183)
	at com.kms.katalon.core.main.ScriptEngine.runScriptAsRawText(ScriptEngine.java:108)
	at com.kms.katalon.core.main.TestCaseExecutor.runScript(TestCaseExecutor.java:294)
	at com.kms.katalon.core.main.TestCaseExecutor.doExecute(TestCaseExecutor.java:285)
	at com.kms.katalon.core.main.TestCaseExecutor.processExecutionPhase(TestCaseExecutor.java:264)
	at com.kms.katalon.core.main.TestCaseExecutor.accessMainPhase(TestCaseExecutor.java:256)
	at com.kms.katalon.core.main.TestCaseExecutor.execute(TestCaseExecutor.java:200)
	at com.kms.katalon.core.main.TestCaseMain.runTestCase(TestCaseMain.java:99)
	at com.kms.katalon.core.keyword.builtin.CallTestCaseKeyword$_callTestCase_closure1.doCall(CallTestCaseKeyword.groovy:60)
	at com.kms.katalon.core.keyword.builtin.CallTestCaseKeyword$_callTestCase_closure1.call(CallTestCaseKeyword.groovy)
	at com.kms.katalon.core.keyword.internal.KeywordMain.runKeyword(KeywordMain.groovy:54)
	at com.kms.katalon.core.keyword.builtin.CallTestCaseKeyword.callTestCase(CallTestCaseKeyword.groovy:81)
	at com.kms.katalon.core.keyword.builtin.CallTestCaseKeyword.execute(CallTestCaseKeyword.groovy:45)
	at com.kms.katalon.core.keyword.internal.KeywordExecutor.executeKeywordForPlatform(KeywordExecutor.groovy:53)
	at com.kms.katalon.core.keyword.BuiltinKeywords.callTestCase(BuiltinKeywords.groovy:334)
	at sun.reflect.NativeMethodAccessorImpl.invoke0(Native Method)
	at sun.reflect.NativeMethodAccessorImpl.invoke(NativeMethodAccessorImpl.java:62)
	at sun.reflect.DelegatingMethodAccessorImpl.invoke(DelegatingMethodAccessorImpl.java:43)
	at java.lang.reflect.Method.invoke(Method.java:498)
	at org.codehaus.groovy.reflection.CachedMethod.invoke(CachedMethod.java:93)
	at groovy.lang.MetaMethod.doMethodInvoke(MetaMethod.java:325)
	at groovy.lang.MetaClassImpl.invokeStaticMethod(MetaClassImpl.java:1469)
	at org.codehaus.groovy.runtime.callsite.StaticMetaClassSite.call(StaticMetaClassSite.java:53)
	at org.codehaus.groovy.runtime.callsite.AbstractCallSite.call(AbstractCallSite.java:141)
	at Script1555406402089.run(Script1555406402089.groovy:17)
	at com.kms.katalon.core.main.ScriptEngine.run(ScriptEngine.java:183)
	at com.kms.katalon.core.main.ScriptEngine.runScriptAsRawText(ScriptEngine.java:108)
	at com.kms.katalon.core.main.TestCaseExecutor.runScript(TestCaseExecutor.java:294)
	at com.kms.katalon.core.main.TestCaseExecutor.doExecute(TestCaseExecutor.java:285)
	at com.kms.katalon.core.main.TestCaseExecutor.processExecutionPhase(TestCaseExecutor.java:264)
	at com.kms.katalon.core.main.TestCaseExecutor.accessMainPhase(TestCaseExecutor.java:256)
	at com.kms.katalon.core.main.TestCaseExecutor.execute(TestCaseExecutor.java:200)
	at com.kms.katalon.core.main.TestSuiteExecutor.accessTestCaseMainPhase(TestSuiteExecutor.java:129)
	at com.kms.katalon.core.main.TestSuiteExecutor.accessTestSuiteMainPhase(TestSuiteExecutor.java:112)
	at com.kms.katalon.core.main.TestSuiteExecutor.execute(TestSuiteExecutor.java:81)
	at com.kms.katalon.core.main.TestCaseMain.startTestSuite(TestCaseMain.java:142)
	at com.kms.katalon.core.main.TestCaseMain$startTestSuite$0.call(Unknown Source)
	at org.codehaus.groovy.runtime.callsite.CallSiteArray.defaultCall(CallSiteArray.java:48)
	at org.codehaus.groovy.runtime.callsite.AbstractCallSite.call(AbstractCallSite.java:113)
	at org.codehaus.groovy.runtime.callsite.AbstractCallSite.call(AbstractCallSite.java:141)
	at TempTestSuite1555472249208.run(TempTestSuite1555472249208.groovy:36)
	at groovy.lang.GroovyShell.runScriptOrMainOrTestOrRunnable(GroovyShell.java:263)
	at groovy.lang.GroovyShell.run(GroovyShell.java:518)
	at groovy.lang.GroovyShell.run(GroovyShell.java:507)
	at groovy.ui.GroovyMain.processOnce(GroovyMain.java:653)
	at groovy.ui.GroovyMain.run(GroovyMain.java:384)
	at groovy.ui.GroovyMain.process(GroovyMain.java:370)
	at groovy.ui.GroovyMain.processArgs(GroovyMain.java:129)
	at groovy.ui.GroovyMain.main(GroovyMain.java:109)
	at sun.reflect.NativeMethodAccessorImpl.invoke0(Native Method)
	at sun.reflect.NativeMethodAccessorImpl.invoke(NativeMethodAccessorImpl.java:62)
	at sun.reflect.DelegatingMethodAccessorImpl.invoke(DelegatingMethodAccessorImpl.java:43)
	at java.lang.reflect.Method.invoke(Method.java:498)
	at org.codehaus.groovy.tools.GroovyStarter.rootLoader(GroovyStarter.java:109)
	at org.codehaus.groovy.tools.GroovyStarter.main(GroovyStarter.java:131)
)"/>
         <system-out><![CDATA[2019-04-17 11:44:35 - [TEST_CASE][FAILED] - Test Cases/002_System_,Manage/001_User_Manage/011_edit_user_normal: Test Cases/002_System_,Manage/001_User_Manage/011_edit_user_normal FAILED because (of) (Stack trace: com.kms.katalon.core.exception.StepFailedException: Unable to click on object 'Object Repository/Syetem_settings/User_Manage/a_user_manage' (Root cause: org.openqa.selenium.ElementNotVisibleException: element not visible
  (Session info: headless chrome=73.0.3683.75)
  (Driver info: chromedriver=2.35.528161 (5b82f2d2aae0ca24b877009200ced9065a772e73),platform=Windows NT 6.1.7601 SP1 x86_64) (WARNING: The server did not provide any stacktrace information)
Command duration or timeout: 0 milliseconds
Build info: version: '3.7.1', revision: '8a0099a', time: '2017-11-06T21:07:36.161Z'
System info: host: 'BF-20170623WSST', ip: '192.168.10.86', os.name: 'Windows 7', os.arch: 'amd64', os.version: '6.1', java.version: '1.8.0_181'
Driver info: com.kms.katalon.selenium.driver.CChromeDriver
Capabilities {acceptInsecureCerts: false, acceptSslCerts: false, applicationCacheEnabled: false, browserConnectionEnabled: false, browserName: chrome, chrome: {chromedriverVersion: 2.35.528161 (5b82f2d2aae0ca..., userDataDir: C:\Users\ADMINI~1\AppData\L...}, cssSelectorsEnabled: true, databaseEnabled: false, handlesAlerts: true, hasTouchScreen: false, javascriptEnabled: true, locationContextEnabled: true, mobileEmulationEnabled: false, nativeEvents: true, networkConnectionEnabled: false, pageLoadStrategy: normal, platform: XP, platformName: XP, rotatable: false, setWindowRect: true, takesHeapSnapshot: true, takesScreenshot: true, unexpectedAlertBehaviour: , unhandledPromptBehavior: , version: 73.0.3683.75, webStorageEnabled: true}
Session ID: ecbfab57194731940f9b5dbca6c50beb)
	at com.kms.katalon.core.keyword.internal.KeywordMain.stepFailed(KeywordMain.groovy:36)
	at com.kms.katalon.core.webui.keyword.internal.WebUIKeywordMain.stepFailed(WebUIKeywordMain.groovy:65)
	at com.kms.katalon.core.webui.keyword.internal.WebUIKeywordMain.runKeyword(WebUIKeywordMain.groovy:27)
	at com.kms.katalon.core.webui.keyword.builtin.ClickKeyword.click(ClickKeyword.groovy:86)
	at com.kms.katalon.core.webui.keyword.builtin.ClickKeyword.execute(ClickKeyword.groovy:67)
	at com.kms.katalon.core.keyword.internal.KeywordExecutor.executeKeywordForPlatform(KeywordExecutor.groovy:53)
	at com.kms.katalon.core.webui.keyword.WebUiBuiltInKeywords.click(WebUiBuiltInKeywords.groovy:616)
	at com.kms.katalon.core.webui.keyword.WebUiBuiltInKeywords$click$4.call(Unknown Source)
	at Script1555325328873.run(Script1555325328873.groovy:25)
	at com.kms.katalon.core.main.ScriptEngine.run(ScriptEngine.java:183)
	at com.kms.katalon.core.main.ScriptEngine.runScriptAsRawText(ScriptEngine.java:108)
	at com.kms.katalon.core.main.TestCaseExecutor.runScript(TestCaseExecutor.java:294)
	at com.kms.katalon.core.main.TestCaseExecutor.doExecute(TestCaseExecutor.java:285)
	at com.kms.katalon.core.main.TestCaseExecutor.processExecutionPhase(TestCaseExecutor.java:264)
	at com.kms.katalon.core.main.TestCaseExecutor.accessMainPhase(TestCaseExecutor.java:256)
	at com.kms.katalon.core.main.TestCaseExecutor.execute(TestCaseExecutor.java:200)
	at com.kms.katalon.core.main.TestCaseMain.runTestCase(TestCaseMain.java:99)
	at com.kms.katalon.core.keyword.builtin.CallTestCaseKeyword$_callTestCase_closure1.doCall(CallTestCaseKeyword.groovy:60)
	at com.kms.katalon.core.keyword.builtin.CallTestCaseKeyword$_callTestCase_closure1.call(CallTestCaseKeyword.groovy)
	at com.kms.katalon.core.keyword.internal.KeywordMain.runKeyword(KeywordMain.groovy:54)
	at com.kms.katalon.core.keyword.builtin.CallTestCaseKeyword.callTestCase(CallTestCaseKeyword.groovy:81)
	at com.kms.katalon.core.keyword.builtin.CallTestCaseKeyword.execute(CallTestCaseKeyword.groovy:45)
	at com.kms.katalon.core.keyword.internal.KeywordExecutor.executeKeywordForPlatform(KeywordExecutor.groovy:53)
	at com.kms.katalon.core.keyword.BuiltinKeywords.callTestCase(BuiltinKeywords.groovy:334)
	at sun.reflect.NativeMethodAccessorImpl.invoke0(Native Method)
	at sun.reflect.NativeMethodAccessorImpl.invoke(NativeMethodAccessorImpl.java:62)
	at sun.reflect.DelegatingMethodAccessorImpl.invoke(DelegatingMethodAccessorImpl.java:43)
	at java.lang.reflect.Method.invoke(Method.java:498)
	at org.codehaus.groovy.reflection.CachedMethod.invoke(CachedMethod.java:93)
	at groovy.lang.MetaMethod.doMethodInvoke(MetaMethod.java:325)
	at groovy.lang.MetaClassImpl.invokeStaticMethod(MetaClassImpl.java:1469)
	at org.codehaus.groovy.runtime.callsite.StaticMetaClassSite.call(StaticMetaClassSite.java:53)
	at org.codehaus.groovy.runtime.callsite.AbstractCallSite.call(AbstractCallSite.java:141)
	at Script1555406402089.run(Script1555406402089.groovy:17)
	at com.kms.katalon.core.main.ScriptEngine.run(ScriptEngine.java:183)
	at com.kms.katalon.core.main.ScriptEngine.runScriptAsRawText(ScriptEngine.java:108)
	at com.kms.katalon.core.main.TestCaseExecutor.runScript(TestCaseExecutor.java:294)
	at com.kms.katalon.core.main.TestCaseExecutor.doExecute(TestCaseExecutor.java:285)
	at com.kms.katalon.core.main.TestCaseExecutor.processExecutionPhase(TestCaseExecutor.java:264)
	at com.kms.katalon.core.main.TestCaseExecutor.accessMainPhase(TestCaseExecutor.java:256)
	at com.kms.katalon.core.main.TestCaseExecutor.execute(TestCaseExecutor.java:200)
	at com.kms.katalon.core.main.TestSuiteExecutor.accessTestCaseMainPhase(TestSuiteExecutor.java:129)
	at com.kms.katalon.core.main.TestSuiteExecutor.accessTestSuiteMainPhase(TestSuiteExecutor.java:112)
	at com.kms.katalon.core.main.TestSuiteExecutor.execute(TestSuiteExecutor.java:81)
	at com.kms.katalon.core.main.TestCaseMain.startTestSuite(TestCaseMain.java:142)
	at com.kms.katalon.core.main.TestCaseMain$startTestSuite$0.call(Unknown Source)
	at org.codehaus.groovy.runtime.callsite.CallSiteArray.defaultCall(CallSiteArray.java:48)
	at org.codehaus.groovy.runtime.callsite.AbstractCallSite.call(AbstractCallSite.java:113)
	at org.codehaus.groovy.runtime.callsite.AbstractCallSite.call(AbstractCallSite.java:141)
	at TempTestSuite1555472249208.run(TempTestSuite1555472249208.groovy:36)
	at groovy.lang.GroovyShell.runScriptOrMainOrTestOrRunnable(GroovyShell.java:263)
	at groovy.lang.GroovyShell.run(GroovyShell.java:518)
	at groovy.lang.GroovyShell.run(GroovyShell.java:507)
	at groovy.ui.GroovyMain.processOnce(GroovyMain.java:653)
	at groovy.ui.GroovyMain.run(GroovyMain.java:384)
	at groovy.ui.GroovyMain.process(GroovyMain.java:370)
	at groovy.ui.GroovyMain.processArgs(GroovyMain.java:129)
	at groovy.ui.GroovyMain.main(GroovyMain.java:109)
	at sun.reflect.NativeMethodAccessorImpl.invoke0(Native Method)
	at sun.reflect.NativeMethodAccessorImpl.invoke(NativeMethodAccessorImpl.java:62)
	at sun.reflect.DelegatingMethodAccessorImpl.invoke(DelegatingMethodAccessorImpl.java:43)
	at java.lang.reflect.Method.invoke(Method.java:498)
	at org.codehaus.groovy.tools.GroovyStarter.rootLoader(GroovyStarter.java:109)
	at org.codehaus.groovy.tools.GroovyStarter.main(GroovyStarter.java:131)
)

2019-04-17 11:44:35 - [TEST_STEP][PASSED] - Start listener action : sampleBeforeTestCase: Invoke 'com.kms.katalon.core.annotation.BeforeTestCase' method: 'NewTestListener.sampleBeforeTestCase(...)' completed.

2019-04-17 11:44:35 - [TEST_STEP][PASSED] - Statement - println(testCaseContext.getTestCaseId()): null

2019-04-17 11:44:35 - [TEST_STEP][PASSED] - Statement - println(testCaseContext.getTestCaseVariables()): Invoke 'com.kms.katalon.core.annotation.BeforeTestCase' method: 'NewTestListener.sampleBeforeTestCase(...)' completed.

2019-04-17 11:44:35 - [TEST_STEP][FAILED] - callTestCase: Unable to call Test Case with id 'Test Cases/002_System_,Manage/001_User_Manage/001_Enter_User' (Root cause: Call Test Case 'Test Cases/002_System_,Manage/001_User_Manage/001_Enter_User' failed)

2019-04-17 11:44:35 - [TEST_CASE][FAILED] - Test Cases/002_System_,Manage/001_User_Manage/001_Enter_User: Test Cases/002_System_,Manage/001_User_Manage/001_Enter_User FAILED because (of) (Stack trace: com.kms.katalon.core.exception.StepFailedException: Unable to click on object 'Object Repository/Syetem_settings/User_Manage/a_user_manage' (Root cause: org.openqa.selenium.ElementNotVisibleException: element not visible
  (Session info: headless chrome=73.0.3683.75)
  (Driver info: chromedriver=2.35.528161 (5b82f2d2aae0ca24b877009200ced9065a772e73),platform=Windows NT 6.1.7601 SP1 x86_64) (WARNING: The server did not provide any stacktrace information)
Command duration or timeout: 0 milliseconds
Build info: version: '3.7.1', revision: '8a0099a', time: '2017-11-06T21:07:36.161Z'
System info: host: 'BF-20170623WSST', ip: '192.168.10.86', os.name: 'Windows 7', os.arch: 'amd64', os.version: '6.1', java.version: '1.8.0_181'
Driver info: com.kms.katalon.selenium.driver.CChromeDriver
Capabilities {acceptInsecureCerts: false, acceptSslCerts: false, applicationCacheEnabled: false, browserConnectionEnabled: false, browserName: chrome, chrome: {chromedriverVersion: 2.35.528161 (5b82f2d2aae0ca..., userDataDir: C:\Users\ADMINI~1\AppData\L...}, cssSelectorsEnabled: true, databaseEnabled: false, handlesAlerts: true, hasTouchScreen: false, javascriptEnabled: true, locationContextEnabled: true, mobileEmulationEnabled: false, nativeEvents: true, networkConnectionEnabled: false, pageLoadStrategy: normal, platform: XP, platformName: XP, rotatable: false, setWindowRect: true, takesHeapSnapshot: true, takesScreenshot: true, unexpectedAlertBehaviour: , unhandledPromptBehavior: , version: 73.0.3683.75, webStorageEnabled: true}
Session ID: ecbfab57194731940f9b5dbca6c50beb)
	at com.kms.katalon.core.keyword.internal.KeywordMain.stepFailed(KeywordMain.groovy:36)
	at com.kms.katalon.core.webui.keyword.internal.WebUIKeywordMain.stepFailed(WebUIKeywordMain.groovy:65)
	at com.kms.katalon.core.webui.keyword.internal.WebUIKeywordMain.runKeyword(WebUIKeywordMain.groovy:27)
	at com.kms.katalon.core.webui.keyword.builtin.ClickKeyword.click(ClickKeyword.groovy:86)
	at com.kms.katalon.core.webui.keyword.builtin.ClickKeyword.execute(ClickKeyword.groovy:67)
	at com.kms.katalon.core.keyword.internal.KeywordExecutor.executeKeywordForPlatform(KeywordExecutor.groovy:53)
	at com.kms.katalon.core.webui.keyword.WebUiBuiltInKeywords.click(WebUiBuiltInKeywords.groovy:616)
	at com.kms.katalon.core.webui.keyword.WebUiBuiltInKeywords$click$4.call(Unknown Source)
	at Script1555325328873.run(Script1555325328873.groovy:25)
	at com.kms.katalon.core.main.ScriptEngine.run(ScriptEngine.java:183)
	at com.kms.katalon.core.main.ScriptEngine.runScriptAsRawText(ScriptEngine.java:108)
	at com.kms.katalon.core.main.TestCaseExecutor.runScript(TestCaseExecutor.java:294)
	at com.kms.katalon.core.main.TestCaseExecutor.doExecute(TestCaseExecutor.java:285)
	at com.kms.katalon.core.main.TestCaseExecutor.processExecutionPhase(TestCaseExecutor.java:264)
	at com.kms.katalon.core.main.TestCaseExecutor.accessMainPhase(TestCaseExecutor.java:256)
	at com.kms.katalon.core.main.TestCaseExecutor.execute(TestCaseExecutor.java:200)
	at com.kms.katalon.core.main.TestCaseMain.runTestCase(TestCaseMain.java:99)
	at com.kms.katalon.core.keyword.builtin.CallTestCaseKeyword$_callTestCase_closure1.doCall(CallTestCaseKeyword.groovy:60)
	at com.kms.katalon.core.keyword.builtin.CallTestCaseKeyword$_callTestCase_closure1.call(CallTestCaseKeyword.groovy)
	at com.kms.katalon.core.keyword.internal.KeywordMain.runKeyword(KeywordMain.groovy:54)
	at com.kms.katalon.core.keyword.builtin.CallTestCaseKeyword.callTestCase(CallTestCaseKeyword.groovy:81)
	at com.kms.katalon.core.keyword.builtin.CallTestCaseKeyword.execute(CallTestCaseKeyword.groovy:45)
	at com.kms.katalon.core.keyword.internal.KeywordExecutor.executeKeywordForPlatform(KeywordExecutor.groovy:53)
	at com.kms.katalon.core.keyword.BuiltinKeywords.callTestCase(BuiltinKeywords.groovy:334)
	at sun.reflect.NativeMethodAccessorImpl.invoke0(Native Method)
	at sun.reflect.NativeMethodAccessorImpl.invoke(NativeMethodAccessorImpl.java:62)
	at sun.reflect.DelegatingMethodAccessorImpl.invoke(DelegatingMethodAccessorImpl.java:43)
	at java.lang.reflect.Method.invoke(Method.java:498)
	at org.codehaus.groovy.reflection.CachedMethod.invoke(CachedMethod.java:93)
	at groovy.lang.MetaMethod.doMethodInvoke(MetaMethod.java:325)
	at groovy.lang.MetaClassImpl.invokeStaticMethod(MetaClassImpl.java:1469)
	at org.codehaus.groovy.runtime.callsite.StaticMetaClassSite.call(StaticMetaClassSite.java:53)
	at org.codehaus.groovy.runtime.callsite.AbstractCallSite.call(AbstractCallSite.java:141)
	at Script1555406402089.run(Script1555406402089.groovy:17)
	at com.kms.katalon.core.main.ScriptEngine.run(ScriptEngine.java:183)
	at com.kms.katalon.core.main.ScriptEngine.runScriptAsRawText(ScriptEngine.java:108)
	at com.kms.katalon.core.main.TestCaseExecutor.runScript(TestCaseExecutor.java:294)
	at com.kms.katalon.core.main.TestCaseExecutor.doExecute(TestCaseExecutor.java:285)
	at com.kms.katalon.core.main.TestCaseExecutor.processExecutionPhase(TestCaseExecutor.java:264)
	at com.kms.katalon.core.main.TestCaseExecutor.accessMainPhase(TestCaseExecutor.java:256)
	at com.kms.katalon.core.main.TestCaseExecutor.execute(TestCaseExecutor.java:200)
	at com.kms.katalon.core.main.TestSuiteExecutor.accessTestCaseMainPhase(TestSuiteExecutor.java:129)
	at com.kms.katalon.core.main.TestSuiteExecutor.accessTestSuiteMainPhase(TestSuiteExecutor.java:112)
	at com.kms.katalon.core.main.TestSuiteExecutor.execute(TestSuiteExecutor.java:81)
	at com.kms.katalon.core.main.TestCaseMain.startTestSuite(TestCaseMain.java:142)
	at com.kms.katalon.core.main.TestCaseMain$startTestSuite$0.call(Unknown Source)
	at org.codehaus.groovy.runtime.callsite.CallSiteArray.defaultCall(CallSiteArray.java:48)
	at org.codehaus.groovy.runtime.callsite.AbstractCallSite.call(AbstractCallSite.java:113)
	at org.codehaus.groovy.runtime.callsite.AbstractCallSite.call(AbstractCallSite.java:141)
	at TempTestSuite1555472249208.run(TempTestSuite1555472249208.groovy:36)
	at groovy.lang.GroovyShell.runScriptOrMainOrTestOrRunnable(GroovyShell.java:263)
	at groovy.lang.GroovyShell.run(GroovyShell.java:518)
	at groovy.lang.GroovyShell.run(GroovyShell.java:507)
	at groovy.ui.GroovyMain.processOnce(GroovyMain.java:653)
	at groovy.ui.GroovyMain.run(GroovyMain.java:384)
	at groovy.ui.GroovyMain.process(GroovyMain.java:370)
	at groovy.ui.GroovyMain.processArgs(GroovyMain.java:129)
	at groovy.ui.GroovyMain.main(GroovyMain.java:109)
	at sun.reflect.NativeMethodAccessorImpl.invoke0(Native Method)
	at sun.reflect.NativeMethodAccessorImpl.invoke(NativeMethodAccessorImpl.java:62)
	at sun.reflect.DelegatingMethodAccessorImpl.invoke(DelegatingMethodAccessorImpl.java:43)
	at java.lang.reflect.Method.invoke(Method.java:498)
	at org.codehaus.groovy.tools.GroovyStarter.rootLoader(GroovyStarter.java:109)
	at org.codehaus.groovy.tools.GroovyStarter.main(GroovyStarter.java:131)
)

2019-04-17 11:44:35 - [TEST_STEP][NOT_RUN] - callTestCase: NOT_RUN: callTestCase

2019-04-17 11:44:35 - [MESSAGE][NOT_RUN] - NOT_RUN: callTestCase

2019-04-17 11:44:35 - [TEST_STEP][PASSED] - delay: Delayed 1 second(s)

2019-04-17 11:44:36 - [MESSAGE][PASSED] - Delayed 1 second(s)

2019-04-17 11:44:36 - [TEST_STEP][PASSED] - click: Object: 'Object Repository/Syetem_settings/User_Manage/a_systemsetings' is clicked on

2019-04-17 11:44:36 - [MESSAGE][PASSED] - Object: 'Object Repository/Syetem_settings/User_Manage/a_systemsetings' is clicked on

2019-04-17 11:44:36 - [TEST_STEP][PASSED] - delay: Delayed 1 second(s)

2019-04-17 11:44:37 - [MESSAGE][PASSED] - Delayed 1 second(s)

2019-04-17 11:44:37 - [TEST_STEP][FAILED] - click: Unable to click on object 'Object Repository/Syetem_settings/User_Manage/a_user_manage' (Root cause: org.openqa.selenium.ElementNotVisibleException: element not visible
  (Session info: headless chrome=73.0.3683.75)
  (Driver info: chromedriver=2.35.528161 (5b82f2d2aae0ca24b877009200ced9065a772e73),platform=Windows NT 6.1.7601 SP1 x86_64) (WARNING: The server did not provide any stacktrace information)
Command duration or timeout: 0 milliseconds
Build info: version: '3.7.1', revision: '8a0099a', time: '2017-11-06T21:07:36.161Z'
System info: host: 'BF-20170623WSST', ip: '192.168.10.86', os.name: 'Windows 7', os.arch: 'amd64', os.version: '6.1', java.version: '1.8.0_181'
Driver info: com.kms.katalon.selenium.driver.CChromeDriver
Capabilities {acceptInsecureCerts: false, acceptSslCerts: false, applicationCacheEnabled: false, browserConnectionEnabled: false, browserName: chrome, chrome: {chromedriverVersion: 2.35.528161 (5b82f2d2aae0ca..., userDataDir: C:\Users\ADMINI~1\AppData\L...}, cssSelectorsEnabled: true, databaseEnabled: false, handlesAlerts: true, hasTouchScreen: false, javascriptEnabled: true, locationContextEnabled: true, mobileEmulationEnabled: false, nativeEvents: true, networkConnectionEnabled: false, pageLoadStrategy: normal, platform: XP, platformName: XP, rotatable: false, setWindowRect: true, takesHeapSnapshot: true, takesScreenshot: true, unexpectedAlertBehaviour: , unhandledPromptBehavior: , version: 73.0.3683.75, webStorageEnabled: true}
Session ID: ecbfab57194731940f9b5dbca6c50beb)

2019-04-17 11:44:38 - [MESSAGE][FAILED] - Unable to click on object 'Object Repository/Syetem_settings/User_Manage/a_user_manage' (Root cause: org.openqa.selenium.ElementNotVisibleException: element not visible
  (Session info: headless chrome=73.0.3683.75)
  (Driver info: chromedriver=2.35.528161 (5b82f2d2aae0ca24b877009200ced9065a772e73),platform=Windows NT 6.1.7601 SP1 x86_64) (WARNING: The server did not provide any stacktrace information)
Command duration or timeout: 0 milliseconds
Build info: version: '3.7.1', revision: '8a0099a', time: '2017-11-06T21:07:36.161Z'
System info: host: 'BF-20170623WSST', ip: '192.168.10.86', os.name: 'Windows 7', os.arch: 'amd64', os.version: '6.1', java.version: '1.8.0_181'
Driver info: com.kms.katalon.selenium.driver.CChromeDriver
Capabilities {acceptInsecureCerts: false, acceptSslCerts: false, applicationCacheEnabled: false, browserConnectionEnabled: false, browserName: chrome, chrome: {chromedriverVersion: 2.35.528161 (5b82f2d2aae0ca..., userDataDir: C:\Users\ADMINI~1\AppData\L...}, cssSelectorsEnabled: true, databaseEnabled: false, handlesAlerts: true, hasTouchScreen: false, javascriptEnabled: true, locationContextEnabled: true, mobileEmulationEnabled: false, nativeEvents: true, networkConnectionEnabled: false, pageLoadStrategy: normal, platform: XP, platformName: XP, rotatable: false, setWindowRect: true, takesHeapSnapshot: true, takesScreenshot: true, unexpectedAlertBehaviour: , unhandledPromptBehavior: , version: 73.0.3683.75, webStorageEnabled: true}
Session ID: ecbfab57194731940f9b5dbca6c50beb)
[[ATTACHMENT|G:\\Auto_Learning\\katalon\\katalon_project\\katalon_project\\T2M_Manage\\T2M_Manage\\Reports\\User Manage\\staff manage\\20190417_113729\\1555472677834.png]]

2019-04-17 11:44:38 - [MESSAGE][FAILED] - Unable to call Test Case with id 'Test Cases/002_System_,Manage/001_User_Manage/001_Enter_User' (Root cause: Call Test Case 'Test Cases/002_System_,Manage/001_User_Manage/001_Enter_User' failed)

2019-04-17 11:44:38 - [TEST_STEP][PASSED] - Start listener action : sampleAfterTestCase: Invoke 'com.kms.katalon.core.annotation.AfterTestCase' method: 'NewTestListener.sampleAfterTestCase(...)' completed.

2019-04-17 11:44:38 - [TEST_STEP][PASSED] - Statement - println(testCaseContext.getTestCaseId()): null

2019-04-17 11:44:38 - [TEST_STEP][PASSED] - Statement - println(testCaseContext.getTestCaseStatus()): Invoke 'com.kms.katalon.core.annotation.AfterTestCase' method: 'NewTestListener.sampleAfterTestCase(...)' completed.]]></system-out>
         <system-err><![CDATA[2019-04-17 11:44:35 - [TEST_CASE][FAILED] - Test Cases/002_System_,Manage/001_User_Manage/011_edit_user_normal: Test Cases/002_System_,Manage/001_User_Manage/011_edit_user_normal FAILED because (of) (Stack trace: com.kms.katalon.core.exception.StepFailedException: Unable to click on object 'Object Repository/Syetem_settings/User_Manage/a_user_manage' (Root cause: org.openqa.selenium.ElementNotVisibleException: element not visible
  (Session info: headless chrome=73.0.3683.75)
  (Driver info: chromedriver=2.35.528161 (5b82f2d2aae0ca24b877009200ced9065a772e73),platform=Windows NT 6.1.7601 SP1 x86_64) (WARNING: The server did not provide any stacktrace information)
Command duration or timeout: 0 milliseconds
Build info: version: '3.7.1', revision: '8a0099a', time: '2017-11-06T21:07:36.161Z'
System info: host: 'BF-20170623WSST', ip: '192.168.10.86', os.name: 'Windows 7', os.arch: 'amd64', os.version: '6.1', java.version: '1.8.0_181'
Driver info: com.kms.katalon.selenium.driver.CChromeDriver
Capabilities {acceptInsecureCerts: false, acceptSslCerts: false, applicationCacheEnabled: false, browserConnectionEnabled: false, browserName: chrome, chrome: {chromedriverVersion: 2.35.528161 (5b82f2d2aae0ca..., userDataDir: C:\Users\ADMINI~1\AppData\L...}, cssSelectorsEnabled: true, databaseEnabled: false, handlesAlerts: true, hasTouchScreen: false, javascriptEnabled: true, locationContextEnabled: true, mobileEmulationEnabled: false, nativeEvents: true, networkConnectionEnabled: false, pageLoadStrategy: normal, platform: XP, platformName: XP, rotatable: false, setWindowRect: true, takesHeapSnapshot: true, takesScreenshot: true, unexpectedAlertBehaviour: , unhandledPromptBehavior: , version: 73.0.3683.75, webStorageEnabled: true}
Session ID: ecbfab57194731940f9b5dbca6c50beb)
	at com.kms.katalon.core.keyword.internal.KeywordMain.stepFailed(KeywordMain.groovy:36)
	at com.kms.katalon.core.webui.keyword.internal.WebUIKeywordMain.stepFailed(WebUIKeywordMain.groovy:65)
	at com.kms.katalon.core.webui.keyword.internal.WebUIKeywordMain.runKeyword(WebUIKeywordMain.groovy:27)
	at com.kms.katalon.core.webui.keyword.builtin.ClickKeyword.click(ClickKeyword.groovy:86)
	at com.kms.katalon.core.webui.keyword.builtin.ClickKeyword.execute(ClickKeyword.groovy:67)
	at com.kms.katalon.core.keyword.internal.KeywordExecutor.executeKeywordForPlatform(KeywordExecutor.groovy:53)
	at com.kms.katalon.core.webui.keyword.WebUiBuiltInKeywords.click(WebUiBuiltInKeywords.groovy:616)
	at com.kms.katalon.core.webui.keyword.WebUiBuiltInKeywords$click$4.call(Unknown Source)
	at Script1555325328873.run(Script1555325328873.groovy:25)
	at com.kms.katalon.core.main.ScriptEngine.run(ScriptEngine.java:183)
	at com.kms.katalon.core.main.ScriptEngine.runScriptAsRawText(ScriptEngine.java:108)
	at com.kms.katalon.core.main.TestCaseExecutor.runScript(TestCaseExecutor.java:294)
	at com.kms.katalon.core.main.TestCaseExecutor.doExecute(TestCaseExecutor.java:285)
	at com.kms.katalon.core.main.TestCaseExecutor.processExecutionPhase(TestCaseExecutor.java:264)
	at com.kms.katalon.core.main.TestCaseExecutor.accessMainPhase(TestCaseExecutor.java:256)
	at com.kms.katalon.core.main.TestCaseExecutor.execute(TestCaseExecutor.java:200)
	at com.kms.katalon.core.main.TestCaseMain.runTestCase(TestCaseMain.java:99)
	at com.kms.katalon.core.keyword.builtin.CallTestCaseKeyword$_callTestCase_closure1.doCall(CallTestCaseKeyword.groovy:60)
	at com.kms.katalon.core.keyword.builtin.CallTestCaseKeyword$_callTestCase_closure1.call(CallTestCaseKeyword.groovy)
	at com.kms.katalon.core.keyword.internal.KeywordMain.runKeyword(KeywordMain.groovy:54)
	at com.kms.katalon.core.keyword.builtin.CallTestCaseKeyword.callTestCase(CallTestCaseKeyword.groovy:81)
	at com.kms.katalon.core.keyword.builtin.CallTestCaseKeyword.execute(CallTestCaseKeyword.groovy:45)
	at com.kms.katalon.core.keyword.internal.KeywordExecutor.executeKeywordForPlatform(KeywordExecutor.groovy:53)
	at com.kms.katalon.core.keyword.BuiltinKeywords.callTestCase(BuiltinKeywords.groovy:334)
	at sun.reflect.NativeMethodAccessorImpl.invoke0(Native Method)
	at sun.reflect.NativeMethodAccessorImpl.invoke(NativeMethodAccessorImpl.java:62)
	at sun.reflect.DelegatingMethodAccessorImpl.invoke(DelegatingMethodAccessorImpl.java:43)
	at java.lang.reflect.Method.invoke(Method.java:498)
	at org.codehaus.groovy.reflection.CachedMethod.invoke(CachedMethod.java:93)
	at groovy.lang.MetaMethod.doMethodInvoke(MetaMethod.java:325)
	at groovy.lang.MetaClassImpl.invokeStaticMethod(MetaClassImpl.java:1469)
	at org.codehaus.groovy.runtime.callsite.StaticMetaClassSite.call(StaticMetaClassSite.java:53)
	at org.codehaus.groovy.runtime.callsite.AbstractCallSite.call(AbstractCallSite.java:141)
	at Script1555406402089.run(Script1555406402089.groovy:17)
	at com.kms.katalon.core.main.ScriptEngine.run(ScriptEngine.java:183)
	at com.kms.katalon.core.main.ScriptEngine.runScriptAsRawText(ScriptEngine.java:108)
	at com.kms.katalon.core.main.TestCaseExecutor.runScript(TestCaseExecutor.java:294)
	at com.kms.katalon.core.main.TestCaseExecutor.doExecute(TestCaseExecutor.java:285)
	at com.kms.katalon.core.main.TestCaseExecutor.processExecutionPhase(TestCaseExecutor.java:264)
	at com.kms.katalon.core.main.TestCaseExecutor.accessMainPhase(TestCaseExecutor.java:256)
	at com.kms.katalon.core.main.TestCaseExecutor.execute(TestCaseExecutor.java:200)
	at com.kms.katalon.core.main.TestSuiteExecutor.accessTestCaseMainPhase(TestSuiteExecutor.java:129)
	at com.kms.katalon.core.main.TestSuiteExecutor.accessTestSuiteMainPhase(TestSuiteExecutor.java:112)
	at com.kms.katalon.core.main.TestSuiteExecutor.execute(TestSuiteExecutor.java:81)
	at com.kms.katalon.core.main.TestCaseMain.startTestSuite(TestCaseMain.java:142)
	at com.kms.katalon.core.main.TestCaseMain$startTestSuite$0.call(Unknown Source)
	at org.codehaus.groovy.runtime.callsite.CallSiteArray.defaultCall(CallSiteArray.java:48)
	at org.codehaus.groovy.runtime.callsite.AbstractCallSite.call(AbstractCallSite.java:113)
	at org.codehaus.groovy.runtime.callsite.AbstractCallSite.call(AbstractCallSite.java:141)
	at TempTestSuite1555472249208.run(TempTestSuite1555472249208.groovy:36)
	at groovy.lang.GroovyShell.runScriptOrMainOrTestOrRunnable(GroovyShell.java:263)
	at groovy.lang.GroovyShell.run(GroovyShell.java:518)
	at groovy.lang.GroovyShell.run(GroovyShell.java:507)
	at groovy.ui.GroovyMain.processOnce(GroovyMain.java:653)
	at groovy.ui.GroovyMain.run(GroovyMain.java:384)
	at groovy.ui.GroovyMain.process(GroovyMain.java:370)
	at groovy.ui.GroovyMain.processArgs(GroovyMain.java:129)
	at groovy.ui.GroovyMain.main(GroovyMain.java:109)
	at sun.reflect.NativeMethodAccessorImpl.invoke0(Native Method)
	at sun.reflect.NativeMethodAccessorImpl.invoke(NativeMethodAccessorImpl.java:62)
	at sun.reflect.DelegatingMethodAccessorImpl.invoke(DelegatingMethodAccessorImpl.java:43)
	at java.lang.reflect.Method.invoke(Method.java:498)
	at org.codehaus.groovy.tools.GroovyStarter.rootLoader(GroovyStarter.java:109)
	at org.codehaus.groovy.tools.GroovyStarter.main(GroovyStarter.java:131)
)]]></system-err>
      </testcase>
      <testcase name="Test Cases/002_System_,Manage/001_User_Manage/011_edit_user_normal" classname="Test Cases/002_System_,Manage/001_User_Manage/011_edit_user_normal" status="PASSED">
         <system-out><![CDATA[2019-04-17 11:44:40 - [TEST_CASE][PASSED] - Test Cases/002_System_,Manage/001_User_Manage/011_edit_user_normal: Test Cases/002_System_,Manage/001_User_Manage/011_edit_user_normal

2019-04-17 11:44:40 - [TEST_STEP][PASSED] - Start listener action : sampleBeforeTestCase: Invoke 'com.kms.katalon.core.annotation.BeforeTestCase' method: 'NewTestListener.sampleBeforeTestCase(...)' completed.

2019-04-17 11:44:40 - [TEST_STEP][PASSED] - Statement - println(testCaseContext.getTestCaseId()): null

2019-04-17 11:44:40 - [TEST_STEP][PASSED] - Statement - println(testCaseContext.getTestCaseVariables()): Invoke 'com.kms.katalon.core.annotation.BeforeTestCase' method: 'NewTestListener.sampleBeforeTestCase(...)' completed.

2019-04-17 11:44:40 - [TEST_STEP][PASSED] - callTestCase: Call Test Case 'Test Cases/002_System_,Manage/001_User_Manage/001_Enter_User' successfully

2019-04-17 11:44:40 - [TEST_CASE][PASSED] - Test Cases/002_System_,Manage/001_User_Manage/001_Enter_User: Test Cases/002_System_,Manage/001_User_Manage/001_Enter_User

2019-04-17 11:44:40 - [TEST_STEP][NOT_RUN] - callTestCase: NOT_RUN: callTestCase

2019-04-17 11:44:40 - [MESSAGE][NOT_RUN] - NOT_RUN: callTestCase

2019-04-17 11:44:40 - [TEST_STEP][PASSED] - delay: Delayed 1 second(s)

2019-04-17 11:44:41 - [MESSAGE][PASSED] - Delayed 1 second(s)

2019-04-17 11:44:41 - [TEST_STEP][PASSED] - click: Object: 'Object Repository/Syetem_settings/User_Manage/a_systemsetings' is clicked on

2019-04-17 11:44:41 - [MESSAGE][PASSED] - Object: 'Object Repository/Syetem_settings/User_Manage/a_systemsetings' is clicked on

2019-04-17 11:44:41 - [TEST_STEP][PASSED] - delay: Delayed 1 second(s)

2019-04-17 11:44:42 - [MESSAGE][PASSED] - Delayed 1 second(s)

2019-04-17 11:44:42 - [TEST_STEP][PASSED] - click: Object: 'Object Repository/Syetem_settings/User_Manage/a_user_manage' is clicked on

2019-04-17 11:44:42 - [MESSAGE][PASSED] - Object: 'Object Repository/Syetem_settings/User_Manage/a_user_manage' is clicked on

2019-04-17 11:44:42 - [TEST_STEP][PASSED] - delay: Delayed 1 second(s)

2019-04-17 11:44:43 - [MESSAGE][PASSED] - Delayed 1 second(s)

2019-04-17 11:44:43 - [TEST_STEP][PASSED] - Statement - verify_user = com.kms.katalon.core.webui.keyword.WebUiBuiltInKeywords.verifyElementPresent(com.kms.katalon.core.testobject.ObjectRepository.findTestObject(Syetem_settings/User_Manage/cite_usertable), 0): Object 'Object Repository/Syetem_settings/User_Manage/cite_usertable' is present

2019-04-17 11:44:43 - [MESSAGE][WARNING] - Timeout '0' is invalid. Using default page load timeout: '30'

2019-04-17 11:44:43 - [MESSAGE][PASSED] - Object 'Object Repository/Syetem_settings/User_Manage/cite_usertable' is present

2019-04-17 11:44:43 - [TEST_STEP][PASSED] - Statement - If (verify_user): Enter the Successfully entered the people management page

2019-04-17 11:44:43 - [TEST_STEP][PASSED] - comment: Enter the Successfully entered the people management page

2019-04-17 11:44:43 - [MESSAGE][PASSED] - Call Test Case 'Test Cases/002_System_,Manage/001_User_Manage/001_Enter_User' successfully

2019-04-17 11:44:43 - [TEST_STEP][PASSED] - maximizeWindow: Current window maximized

2019-04-17 11:44:43 - [MESSAGE][PASSED] - Current window maximized

2019-04-17 11:44:43 - [TEST_STEP][PASSED] - setText: Text '123456004' is set on object 'Object Repository/test/input__keyword'

2019-04-17 11:44:43 - [MESSAGE][PASSED] - Text '123456004' is set on object 'Object Repository/test/input__keyword'

2019-04-17 11:44:43 - [TEST_STEP][PASSED] - delay: Delayed 1 second(s)

2019-04-17 11:44:44 - [MESSAGE][PASSED] - Delayed 1 second(s)

2019-04-17 11:44:44 - [TEST_STEP][PASSED] - click: Object: 'Object Repository/test/button__layui-btn' is clicked on

2019-04-17 11:44:44 - [MESSAGE][PASSED] - Object: 'Object Repository/test/button__layui-btn' is clicked on

2019-04-17 11:44:44 - [TEST_STEP][PASSED] - delay: Delayed 1 second(s)

2019-04-17 11:44:45 - [MESSAGE][PASSED] - Delayed 1 second(s)

2019-04-17 11:44:45 - [TEST_STEP][PASSED] - click: Object: 'Object Repository/Syetem_settings/User_Manage/Edit_user_info/edit_first' is clicked on

2019-04-17 11:44:45 - [MESSAGE][PASSED] - Object: 'Object Repository/Syetem_settings/User_Manage/Edit_user_info/edit_first' is clicked on

2019-04-17 11:44:45 - [TEST_STEP][PASSED] - delay: Delayed 2 second(s)

2019-04-17 11:44:47 - [MESSAGE][PASSED] - Delayed 2 second(s)

2019-04-17 11:44:47 - [TEST_STEP][PASSED] - click: Object: 'Object Repository/Syetem_settings/User_Manage/user_info/input__addDeptName' is clicked on

2019-04-17 11:44:48 - [MESSAGE][PASSED] - Object: 'Object Repository/Syetem_settings/User_Manage/user_info/input__addDeptName' is clicked on

2019-04-17 11:44:48 - [TEST_STEP][PASSED] - delay: Delayed 1 second(s)

2019-04-17 11:44:49 - [MESSAGE][PASSED] - Delayed 1 second(s)

2019-04-17 11:44:49 - [TEST_STEP][PASSED] - click: Object: 'Object Repository/Syetem_settings/User_Manage/Edit_user_info/div_NB_QA' is clicked on

2019-04-17 11:44:49 - [MESSAGE][PASSED] - Object: 'Object Repository/Syetem_settings/User_Manage/Edit_user_info/div_NB_QA' is clicked on

2019-04-17 11:44:49 - [TEST_STEP][PASSED] - delay: Delayed 1 second(s)

2019-04-17 11:44:50 - [MESSAGE][PASSED] - Delayed 1 second(s)

2019-04-17 11:44:50 - [TEST_STEP][PASSED] - setText: Text '123456342004' is set on object 'Object Repository/Syetem_settings/User_Manage/Edit_user_info/input_ realname'

2019-04-17 11:44:50 - [MESSAGE][PASSED] - Text '123456342004' is set on object 'Object Repository/Syetem_settings/User_Manage/Edit_user_info/input_ realname'

2019-04-17 11:44:50 - [TEST_STEP][PASSED] - delay: Delayed 1 second(s)

2019-04-17 11:44:51 - [MESSAGE][PASSED] - Delayed 1 second(s)

2019-04-17 11:44:51 - [TEST_STEP][PASSED] - setText: Text '123456789' is set on object 'Object Repository/Syetem_settings/User_Manage/Edit_user_info/input_position'

2019-04-17 11:44:51 - [MESSAGE][PASSED] - Text '123456789' is set on object 'Object Repository/Syetem_settings/User_Manage/Edit_user_info/input_position'

2019-04-17 11:44:51 - [TEST_STEP][PASSED] - delay: Delayed 1 second(s)

2019-04-17 11:44:52 - [MESSAGE][PASSED] - Delayed 1 second(s)

2019-04-17 11:44:52 - [TEST_STEP][PASSED] - setText: Text '15263625412' is set on object 'Object Repository/Syetem_settings/User_Manage/Edit_user_info/input__mobile'

2019-04-17 11:44:52 - [MESSAGE][PASSED] - Text '15263625412' is set on object 'Object Repository/Syetem_settings/User_Manage/Edit_user_info/input__mobile'

2019-04-17 11:44:52 - [TEST_STEP][PASSED] - delay: Delayed 1 second(s)

2019-04-17 11:44:53 - [MESSAGE][PASSED] - Delayed 1 second(s)

2019-04-17 11:44:53 - [TEST_STEP][PASSED] - setText: Text '7425364@qq.com' is set on object 'Object Repository/Syetem_settings/User_Manage/Edit_user_info/input_email'

2019-04-17 11:44:53 - [MESSAGE][PASSED] - Text '7425364@qq.com' is set on object 'Object Repository/Syetem_settings/User_Manage/Edit_user_info/input_email'

2019-04-17 11:44:53 - [TEST_STEP][PASSED] - delay: Delayed 1 second(s)

2019-04-17 11:44:54 - [MESSAGE][PASSED] - Delayed 1 second(s)

2019-04-17 11:44:54 - [TEST_STEP][PASSED] - click: Object: 'Object Repository/Syetem_settings/User_Manage/Edit_user_info/button_Saveedit' is clicked on

2019-04-17 11:44:54 - [MESSAGE][PASSED] - Object: 'Object Repository/Syetem_settings/User_Manage/Edit_user_info/button_Saveedit' is clicked on

2019-04-17 11:44:54 - [TEST_STEP][PASSED] - delay: Delayed 2 second(s)

2019-04-17 11:44:56 - [MESSAGE][PASSED] - Delayed 2 second(s)

2019-04-17 11:44:56 - [TEST_STEP][PASSED] - setText: Text '123456342004' is set on object 'Object Repository/test/input__keyword'

2019-04-17 11:44:57 - [MESSAGE][PASSED] - Text '123456342004' is set on object 'Object Repository/test/input__keyword'

2019-04-17 11:44:57 - [TEST_STEP][PASSED] - delay: Delayed 1 second(s)

2019-04-17 11:44:58 - [MESSAGE][PASSED] - Delayed 1 second(s)

2019-04-17 11:44:58 - [TEST_STEP][PASSED] - click: Object: 'Object Repository/test/button__layui-btn' is clicked on

2019-04-17 11:44:58 - [MESSAGE][PASSED] - Object: 'Object Repository/test/button__layui-btn' is clicked on

2019-04-17 11:44:58 - [TEST_STEP][PASSED] - delay: Delayed 1 second(s)

2019-04-17 11:44:59 - [MESSAGE][PASSED] - Delayed 1 second(s)

2019-04-17 11:44:59 - [TEST_STEP][PASSED] - Statement - data_content = com.kms.katalon.core.webui.keyword.WebUiBuiltInKeywords.getAttribute(com.kms.katalon.core.testobject.ObjectRepository.findTestObject(Syetem_settings/User_Manage/Search/td_number1), "data-content"): Attribute 'data-content' of object 'Object Repository/Syetem_settings/User_Manage/Search/td_number1' is: '123456342004'

2019-04-17 11:44:59 - [MESSAGE][PASSED] - Attribute 'data-content' of object 'Object Repository/Syetem_settings/User_Manage/Search/td_number1' is: '123456342004'

2019-04-17 11:44:59 - [TEST_STEP][PASSED] - Statement - If (data_content == username): 人员编辑修改成功

2019-04-17 11:44:59 - [TEST_STEP][PASSED] - comment: 人员编辑修改成功

2019-04-17 11:44:59 - [TEST_STEP][PASSED] - Start listener action : sampleAfterTestCase: Invoke 'com.kms.katalon.core.annotation.AfterTestCase' method: 'NewTestListener.sampleAfterTestCase(...)' completed.

2019-04-17 11:44:59 - [TEST_STEP][PASSED] - Statement - println(testCaseContext.getTestCaseId()): null

2019-04-17 11:44:59 - [TEST_STEP][PASSED] - Statement - println(testCaseContext.getTestCaseStatus()): Invoke 'com.kms.katalon.core.annotation.AfterTestCase' method: 'NewTestListener.sampleAfterTestCase(...)' completed.]]></system-out>
         <system-err><![CDATA[]]></system-err>
      </testcase>
      <testcase name="Test Cases/002_System_,Manage/001_User_Manage/011_edit_user_normal" classname="Test Cases/002_System_,Manage/001_User_Manage/011_edit_user_normal" status="FAILED">
         <failure type="FAILED" message="(Stack trace: com.kms.katalon.core.exception.StepFailedException: Unable to click on object 'Object Repository/Syetem_settings/User_Manage/a_user_manage' (Root cause: org.openqa.selenium.ElementNotVisibleException: element not visible
  (Session info: headless chrome=73.0.3683.75)
  (Driver info: chromedriver=2.35.528161 (5b82f2d2aae0ca24b877009200ced9065a772e73),platform=Windows NT 6.1.7601 SP1 x86_64) (WARNING: The server did not provide any stacktrace information)
Command duration or timeout: 0 milliseconds
Build info: version: '3.7.1', revision: '8a0099a', time: '2017-11-06T21:07:36.161Z'
System info: host: 'BF-20170623WSST', ip: '192.168.10.86', os.name: 'Windows 7', os.arch: 'amd64', os.version: '6.1', java.version: '1.8.0_181'
Driver info: com.kms.katalon.selenium.driver.CChromeDriver
Capabilities {acceptInsecureCerts: false, acceptSslCerts: false, applicationCacheEnabled: false, browserConnectionEnabled: false, browserName: chrome, chrome: {chromedriverVersion: 2.35.528161 (5b82f2d2aae0ca..., userDataDir: C:\Users\ADMINI~1\AppData\L...}, cssSelectorsEnabled: true, databaseEnabled: false, handlesAlerts: true, hasTouchScreen: false, javascriptEnabled: true, locationContextEnabled: true, mobileEmulationEnabled: false, nativeEvents: true, networkConnectionEnabled: false, pageLoadStrategy: normal, platform: XP, platformName: XP, rotatable: false, setWindowRect: true, takesHeapSnapshot: true, takesScreenshot: true, unexpectedAlertBehaviour: , unhandledPromptBehavior: , version: 73.0.3683.75, webStorageEnabled: true}
Session ID: ecbfab57194731940f9b5dbca6c50beb)
	at com.kms.katalon.core.keyword.internal.KeywordMain.stepFailed(KeywordMain.groovy:36)
	at com.kms.katalon.core.webui.keyword.internal.WebUIKeywordMain.stepFailed(WebUIKeywordMain.groovy:65)
	at com.kms.katalon.core.webui.keyword.internal.WebUIKeywordMain.runKeyword(WebUIKeywordMain.groovy:27)
	at com.kms.katalon.core.webui.keyword.builtin.ClickKeyword.click(ClickKeyword.groovy:86)
	at com.kms.katalon.core.webui.keyword.builtin.ClickKeyword.execute(ClickKeyword.groovy:67)
	at com.kms.katalon.core.keyword.internal.KeywordExecutor.executeKeywordForPlatform(KeywordExecutor.groovy:53)
	at com.kms.katalon.core.webui.keyword.WebUiBuiltInKeywords.click(WebUiBuiltInKeywords.groovy:616)
	at com.kms.katalon.core.webui.keyword.WebUiBuiltInKeywords$click$4.call(Unknown Source)
	at Script1555325328873.run(Script1555325328873.groovy:25)
	at com.kms.katalon.core.main.ScriptEngine.run(ScriptEngine.java:183)
	at com.kms.katalon.core.main.ScriptEngine.runScriptAsRawText(ScriptEngine.java:108)
	at com.kms.katalon.core.main.TestCaseExecutor.runScript(TestCaseExecutor.java:294)
	at com.kms.katalon.core.main.TestCaseExecutor.doExecute(TestCaseExecutor.java:285)
	at com.kms.katalon.core.main.TestCaseExecutor.processExecutionPhase(TestCaseExecutor.java:264)
	at com.kms.katalon.core.main.TestCaseExecutor.accessMainPhase(TestCaseExecutor.java:256)
	at com.kms.katalon.core.main.TestCaseExecutor.execute(TestCaseExecutor.java:200)
	at com.kms.katalon.core.main.TestCaseMain.runTestCase(TestCaseMain.java:99)
	at com.kms.katalon.core.keyword.builtin.CallTestCaseKeyword$_callTestCase_closure1.doCall(CallTestCaseKeyword.groovy:60)
	at com.kms.katalon.core.keyword.builtin.CallTestCaseKeyword$_callTestCase_closure1.call(CallTestCaseKeyword.groovy)
	at com.kms.katalon.core.keyword.internal.KeywordMain.runKeyword(KeywordMain.groovy:54)
	at com.kms.katalon.core.keyword.builtin.CallTestCaseKeyword.callTestCase(CallTestCaseKeyword.groovy:81)
	at com.kms.katalon.core.keyword.builtin.CallTestCaseKeyword.execute(CallTestCaseKeyword.groovy:45)
	at com.kms.katalon.core.keyword.internal.KeywordExecutor.executeKeywordForPlatform(KeywordExecutor.groovy:53)
	at com.kms.katalon.core.keyword.BuiltinKeywords.callTestCase(BuiltinKeywords.groovy:334)
	at sun.reflect.NativeMethodAccessorImpl.invoke0(Native Method)
	at sun.reflect.NativeMethodAccessorImpl.invoke(NativeMethodAccessorImpl.java:62)
	at sun.reflect.DelegatingMethodAccessorImpl.invoke(DelegatingMethodAccessorImpl.java:43)
	at java.lang.reflect.Method.invoke(Method.java:498)
	at org.codehaus.groovy.reflection.CachedMethod.invoke(CachedMethod.java:93)
	at groovy.lang.MetaMethod.doMethodInvoke(MetaMethod.java:325)
	at groovy.lang.MetaClassImpl.invokeStaticMethod(MetaClassImpl.java:1469)
	at org.codehaus.groovy.runtime.callsite.StaticMetaClassSite.call(StaticMetaClassSite.java:53)
	at org.codehaus.groovy.runtime.callsite.AbstractCallSite.call(AbstractCallSite.java:141)
	at Script1555406402089.run(Script1555406402089.groovy:17)
	at com.kms.katalon.core.main.ScriptEngine.run(ScriptEngine.java:183)
	at com.kms.katalon.core.main.ScriptEngine.runScriptAsRawText(ScriptEngine.java:108)
	at com.kms.katalon.core.main.TestCaseExecutor.runScript(TestCaseExecutor.java:294)
	at com.kms.katalon.core.main.TestCaseExecutor.doExecute(TestCaseExecutor.java:285)
	at com.kms.katalon.core.main.TestCaseExecutor.processExecutionPhase(TestCaseExecutor.java:264)
	at com.kms.katalon.core.main.TestCaseExecutor.accessMainPhase(TestCaseExecutor.java:256)
	at com.kms.katalon.core.main.TestCaseExecutor.execute(TestCaseExecutor.java:200)
	at com.kms.katalon.core.main.TestSuiteExecutor.accessTestCaseMainPhase(TestSuiteExecutor.java:129)
	at com.kms.katalon.core.main.TestSuiteExecutor.accessTestSuiteMainPhase(TestSuiteExecutor.java:112)
	at com.kms.katalon.core.main.TestSuiteExecutor.execute(TestSuiteExecutor.java:81)
	at com.kms.katalon.core.main.TestCaseMain.startTestSuite(TestCaseMain.java:142)
	at com.kms.katalon.core.main.TestCaseMain$startTestSuite$0.call(Unknown Source)
	at org.codehaus.groovy.runtime.callsite.CallSiteArray.defaultCall(CallSiteArray.java:48)
	at org.codehaus.groovy.runtime.callsite.AbstractCallSite.call(AbstractCallSite.java:113)
	at org.codehaus.groovy.runtime.callsite.AbstractCallSite.call(AbstractCallSite.java:141)
	at TempTestSuite1555472249208.run(TempTestSuite1555472249208.groovy:36)
	at groovy.lang.GroovyShell.runScriptOrMainOrTestOrRunnable(GroovyShell.java:263)
	at groovy.lang.GroovyShell.run(GroovyShell.java:518)
	at groovy.lang.GroovyShell.run(GroovyShell.java:507)
	at groovy.ui.GroovyMain.processOnce(GroovyMain.java:653)
	at groovy.ui.GroovyMain.run(GroovyMain.java:384)
	at groovy.ui.GroovyMain.process(GroovyMain.java:370)
	at groovy.ui.GroovyMain.processArgs(GroovyMain.java:129)
	at groovy.ui.GroovyMain.main(GroovyMain.java:109)
	at sun.reflect.NativeMethodAccessorImpl.invoke0(Native Method)
	at sun.reflect.NativeMethodAccessorImpl.invoke(NativeMethodAccessorImpl.java:62)
	at sun.reflect.DelegatingMethodAccessorImpl.invoke(DelegatingMethodAccessorImpl.java:43)
	at java.lang.reflect.Method.invoke(Method.java:498)
	at org.codehaus.groovy.tools.GroovyStarter.rootLoader(GroovyStarter.java:109)
	at org.codehaus.groovy.tools.GroovyStarter.main(GroovyStarter.java:131)
)"/>
         <system-out><![CDATA[2019-04-17 11:45:01 - [TEST_CASE][FAILED] - Test Cases/002_System_,Manage/001_User_Manage/011_edit_user_normal: Test Cases/002_System_,Manage/001_User_Manage/011_edit_user_normal FAILED because (of) (Stack trace: com.kms.katalon.core.exception.StepFailedException: Unable to click on object 'Object Repository/Syetem_settings/User_Manage/a_user_manage' (Root cause: org.openqa.selenium.ElementNotVisibleException: element not visible
  (Session info: headless chrome=73.0.3683.75)
  (Driver info: chromedriver=2.35.528161 (5b82f2d2aae0ca24b877009200ced9065a772e73),platform=Windows NT 6.1.7601 SP1 x86_64) (WARNING: The server did not provide any stacktrace information)
Command duration or timeout: 0 milliseconds
Build info: version: '3.7.1', revision: '8a0099a', time: '2017-11-06T21:07:36.161Z'
System info: host: 'BF-20170623WSST', ip: '192.168.10.86', os.name: 'Windows 7', os.arch: 'amd64', os.version: '6.1', java.version: '1.8.0_181'
Driver info: com.kms.katalon.selenium.driver.CChromeDriver
Capabilities {acceptInsecureCerts: false, acceptSslCerts: false, applicationCacheEnabled: false, browserConnectionEnabled: false, browserName: chrome, chrome: {chromedriverVersion: 2.35.528161 (5b82f2d2aae0ca..., userDataDir: C:\Users\ADMINI~1\AppData\L...}, cssSelectorsEnabled: true, databaseEnabled: false, handlesAlerts: true, hasTouchScreen: false, javascriptEnabled: true, locationContextEnabled: true, mobileEmulationEnabled: false, nativeEvents: true, networkConnectionEnabled: false, pageLoadStrategy: normal, platform: XP, platformName: XP, rotatable: false, setWindowRect: true, takesHeapSnapshot: true, takesScreenshot: true, unexpectedAlertBehaviour: , unhandledPromptBehavior: , version: 73.0.3683.75, webStorageEnabled: true}
Session ID: ecbfab57194731940f9b5dbca6c50beb)
	at com.kms.katalon.core.keyword.internal.KeywordMain.stepFailed(KeywordMain.groovy:36)
	at com.kms.katalon.core.webui.keyword.internal.WebUIKeywordMain.stepFailed(WebUIKeywordMain.groovy:65)
	at com.kms.katalon.core.webui.keyword.internal.WebUIKeywordMain.runKeyword(WebUIKeywordMain.groovy:27)
	at com.kms.katalon.core.webui.keyword.builtin.ClickKeyword.click(ClickKeyword.groovy:86)
	at com.kms.katalon.core.webui.keyword.builtin.ClickKeyword.execute(ClickKeyword.groovy:67)
	at com.kms.katalon.core.keyword.internal.KeywordExecutor.executeKeywordForPlatform(KeywordExecutor.groovy:53)
	at com.kms.katalon.core.webui.keyword.WebUiBuiltInKeywords.click(WebUiBuiltInKeywords.groovy:616)
	at com.kms.katalon.core.webui.keyword.WebUiBuiltInKeywords$click$4.call(Unknown Source)
	at Script1555325328873.run(Script1555325328873.groovy:25)
	at com.kms.katalon.core.main.ScriptEngine.run(ScriptEngine.java:183)
	at com.kms.katalon.core.main.ScriptEngine.runScriptAsRawText(ScriptEngine.java:108)
	at com.kms.katalon.core.main.TestCaseExecutor.runScript(TestCaseExecutor.java:294)
	at com.kms.katalon.core.main.TestCaseExecutor.doExecute(TestCaseExecutor.java:285)
	at com.kms.katalon.core.main.TestCaseExecutor.processExecutionPhase(TestCaseExecutor.java:264)
	at com.kms.katalon.core.main.TestCaseExecutor.accessMainPhase(TestCaseExecutor.java:256)
	at com.kms.katalon.core.main.TestCaseExecutor.execute(TestCaseExecutor.java:200)
	at com.kms.katalon.core.main.TestCaseMain.runTestCase(TestCaseMain.java:99)
	at com.kms.katalon.core.keyword.builtin.CallTestCaseKeyword$_callTestCase_closure1.doCall(CallTestCaseKeyword.groovy:60)
	at com.kms.katalon.core.keyword.builtin.CallTestCaseKeyword$_callTestCase_closure1.call(CallTestCaseKeyword.groovy)
	at com.kms.katalon.core.keyword.internal.KeywordMain.runKeyword(KeywordMain.groovy:54)
	at com.kms.katalon.core.keyword.builtin.CallTestCaseKeyword.callTestCase(CallTestCaseKeyword.groovy:81)
	at com.kms.katalon.core.keyword.builtin.CallTestCaseKeyword.execute(CallTestCaseKeyword.groovy:45)
	at com.kms.katalon.core.keyword.internal.KeywordExecutor.executeKeywordForPlatform(KeywordExecutor.groovy:53)
	at com.kms.katalon.core.keyword.BuiltinKeywords.callTestCase(BuiltinKeywords.groovy:334)
	at sun.reflect.NativeMethodAccessorImpl.invoke0(Native Method)
	at sun.reflect.NativeMethodAccessorImpl.invoke(NativeMethodAccessorImpl.java:62)
	at sun.reflect.DelegatingMethodAccessorImpl.invoke(DelegatingMethodAccessorImpl.java:43)
	at java.lang.reflect.Method.invoke(Method.java:498)
	at org.codehaus.groovy.reflection.CachedMethod.invoke(CachedMethod.java:93)
	at groovy.lang.MetaMethod.doMethodInvoke(MetaMethod.java:325)
	at groovy.lang.MetaClassImpl.invokeStaticMethod(MetaClassImpl.java:1469)
	at org.codehaus.groovy.runtime.callsite.StaticMetaClassSite.call(StaticMetaClassSite.java:53)
	at org.codehaus.groovy.runtime.callsite.AbstractCallSite.call(AbstractCallSite.java:141)
	at Script1555406402089.run(Script1555406402089.groovy:17)
	at com.kms.katalon.core.main.ScriptEngine.run(ScriptEngine.java:183)
	at com.kms.katalon.core.main.ScriptEngine.runScriptAsRawText(ScriptEngine.java:108)
	at com.kms.katalon.core.main.TestCaseExecutor.runScript(TestCaseExecutor.java:294)
	at com.kms.katalon.core.main.TestCaseExecutor.doExecute(TestCaseExecutor.java:285)
	at com.kms.katalon.core.main.TestCaseExecutor.processExecutionPhase(TestCaseExecutor.java:264)
	at com.kms.katalon.core.main.TestCaseExecutor.accessMainPhase(TestCaseExecutor.java:256)
	at com.kms.katalon.core.main.TestCaseExecutor.execute(TestCaseExecutor.java:200)
	at com.kms.katalon.core.main.TestSuiteExecutor.accessTestCaseMainPhase(TestSuiteExecutor.java:129)
	at com.kms.katalon.core.main.TestSuiteExecutor.accessTestSuiteMainPhase(TestSuiteExecutor.java:112)
	at com.kms.katalon.core.main.TestSuiteExecutor.execute(TestSuiteExecutor.java:81)
	at com.kms.katalon.core.main.TestCaseMain.startTestSuite(TestCaseMain.java:142)
	at com.kms.katalon.core.main.TestCaseMain$startTestSuite$0.call(Unknown Source)
	at org.codehaus.groovy.runtime.callsite.CallSiteArray.defaultCall(CallSiteArray.java:48)
	at org.codehaus.groovy.runtime.callsite.AbstractCallSite.call(AbstractCallSite.java:113)
	at org.codehaus.groovy.runtime.callsite.AbstractCallSite.call(AbstractCallSite.java:141)
	at TempTestSuite1555472249208.run(TempTestSuite1555472249208.groovy:36)
	at groovy.lang.GroovyShell.runScriptOrMainOrTestOrRunnable(GroovyShell.java:263)
	at groovy.lang.GroovyShell.run(GroovyShell.java:518)
	at groovy.lang.GroovyShell.run(GroovyShell.java:507)
	at groovy.ui.GroovyMain.processOnce(GroovyMain.java:653)
	at groovy.ui.GroovyMain.run(GroovyMain.java:384)
	at groovy.ui.GroovyMain.process(GroovyMain.java:370)
	at groovy.ui.GroovyMain.processArgs(GroovyMain.java:129)
	at groovy.ui.GroovyMain.main(GroovyMain.java:109)
	at sun.reflect.NativeMethodAccessorImpl.invoke0(Native Method)
	at sun.reflect.NativeMethodAccessorImpl.invoke(NativeMethodAccessorImpl.java:62)
	at sun.reflect.DelegatingMethodAccessorImpl.invoke(DelegatingMethodAccessorImpl.java:43)
	at java.lang.reflect.Method.invoke(Method.java:498)
	at org.codehaus.groovy.tools.GroovyStarter.rootLoader(GroovyStarter.java:109)
	at org.codehaus.groovy.tools.GroovyStarter.main(GroovyStarter.java:131)
)

2019-04-17 11:45:01 - [TEST_STEP][PASSED] - Start listener action : sampleBeforeTestCase: Invoke 'com.kms.katalon.core.annotation.BeforeTestCase' method: 'NewTestListener.sampleBeforeTestCase(...)' completed.

2019-04-17 11:45:01 - [TEST_STEP][PASSED] - Statement - println(testCaseContext.getTestCaseId()): null

2019-04-17 11:45:01 - [TEST_STEP][PASSED] - Statement - println(testCaseContext.getTestCaseVariables()): Invoke 'com.kms.katalon.core.annotation.BeforeTestCase' method: 'NewTestListener.sampleBeforeTestCase(...)' completed.

2019-04-17 11:45:01 - [TEST_STEP][FAILED] - callTestCase: Unable to call Test Case with id 'Test Cases/002_System_,Manage/001_User_Manage/001_Enter_User' (Root cause: Call Test Case 'Test Cases/002_System_,Manage/001_User_Manage/001_Enter_User' failed)

2019-04-17 11:45:01 - [TEST_CASE][FAILED] - Test Cases/002_System_,Manage/001_User_Manage/001_Enter_User: Test Cases/002_System_,Manage/001_User_Manage/001_Enter_User FAILED because (of) (Stack trace: com.kms.katalon.core.exception.StepFailedException: Unable to click on object 'Object Repository/Syetem_settings/User_Manage/a_user_manage' (Root cause: org.openqa.selenium.ElementNotVisibleException: element not visible
  (Session info: headless chrome=73.0.3683.75)
  (Driver info: chromedriver=2.35.528161 (5b82f2d2aae0ca24b877009200ced9065a772e73),platform=Windows NT 6.1.7601 SP1 x86_64) (WARNING: The server did not provide any stacktrace information)
Command duration or timeout: 0 milliseconds
Build info: version: '3.7.1', revision: '8a0099a', time: '2017-11-06T21:07:36.161Z'
System info: host: 'BF-20170623WSST', ip: '192.168.10.86', os.name: 'Windows 7', os.arch: 'amd64', os.version: '6.1', java.version: '1.8.0_181'
Driver info: com.kms.katalon.selenium.driver.CChromeDriver
Capabilities {acceptInsecureCerts: false, acceptSslCerts: false, applicationCacheEnabled: false, browserConnectionEnabled: false, browserName: chrome, chrome: {chromedriverVersion: 2.35.528161 (5b82f2d2aae0ca..., userDataDir: C:\Users\ADMINI~1\AppData\L...}, cssSelectorsEnabled: true, databaseEnabled: false, handlesAlerts: true, hasTouchScreen: false, javascriptEnabled: true, locationContextEnabled: true, mobileEmulationEnabled: false, nativeEvents: true, networkConnectionEnabled: false, pageLoadStrategy: normal, platform: XP, platformName: XP, rotatable: false, setWindowRect: true, takesHeapSnapshot: true, takesScreenshot: true, unexpectedAlertBehaviour: , unhandledPromptBehavior: , version: 73.0.3683.75, webStorageEnabled: true}
Session ID: ecbfab57194731940f9b5dbca6c50beb)
	at com.kms.katalon.core.keyword.internal.KeywordMain.stepFailed(KeywordMain.groovy:36)
	at com.kms.katalon.core.webui.keyword.internal.WebUIKeywordMain.stepFailed(WebUIKeywordMain.groovy:65)
	at com.kms.katalon.core.webui.keyword.internal.WebUIKeywordMain.runKeyword(WebUIKeywordMain.groovy:27)
	at com.kms.katalon.core.webui.keyword.builtin.ClickKeyword.click(ClickKeyword.groovy:86)
	at com.kms.katalon.core.webui.keyword.builtin.ClickKeyword.execute(ClickKeyword.groovy:67)
	at com.kms.katalon.core.keyword.internal.KeywordExecutor.executeKeywordForPlatform(KeywordExecutor.groovy:53)
	at com.kms.katalon.core.webui.keyword.WebUiBuiltInKeywords.click(WebUiBuiltInKeywords.groovy:616)
	at com.kms.katalon.core.webui.keyword.WebUiBuiltInKeywords$click$4.call(Unknown Source)
	at Script1555325328873.run(Script1555325328873.groovy:25)
	at com.kms.katalon.core.main.ScriptEngine.run(ScriptEngine.java:183)
	at com.kms.katalon.core.main.ScriptEngine.runScriptAsRawText(ScriptEngine.java:108)
	at com.kms.katalon.core.main.TestCaseExecutor.runScript(TestCaseExecutor.java:294)
	at com.kms.katalon.core.main.TestCaseExecutor.doExecute(TestCaseExecutor.java:285)
	at com.kms.katalon.core.main.TestCaseExecutor.processExecutionPhase(TestCaseExecutor.java:264)
	at com.kms.katalon.core.main.TestCaseExecutor.accessMainPhase(TestCaseExecutor.java:256)
	at com.kms.katalon.core.main.TestCaseExecutor.execute(TestCaseExecutor.java:200)
	at com.kms.katalon.core.main.TestCaseMain.runTestCase(TestCaseMain.java:99)
	at com.kms.katalon.core.keyword.builtin.CallTestCaseKeyword$_callTestCase_closure1.doCall(CallTestCaseKeyword.groovy:60)
	at com.kms.katalon.core.keyword.builtin.CallTestCaseKeyword$_callTestCase_closure1.call(CallTestCaseKeyword.groovy)
	at com.kms.katalon.core.keyword.internal.KeywordMain.runKeyword(KeywordMain.groovy:54)
	at com.kms.katalon.core.keyword.builtin.CallTestCaseKeyword.callTestCase(CallTestCaseKeyword.groovy:81)
	at com.kms.katalon.core.keyword.builtin.CallTestCaseKeyword.execute(CallTestCaseKeyword.groovy:45)
	at com.kms.katalon.core.keyword.internal.KeywordExecutor.executeKeywordForPlatform(KeywordExecutor.groovy:53)
	at com.kms.katalon.core.keyword.BuiltinKeywords.callTestCase(BuiltinKeywords.groovy:334)
	at sun.reflect.NativeMethodAccessorImpl.invoke0(Native Method)
	at sun.reflect.NativeMethodAccessorImpl.invoke(NativeMethodAccessorImpl.java:62)
	at sun.reflect.DelegatingMethodAccessorImpl.invoke(DelegatingMethodAccessorImpl.java:43)
	at java.lang.reflect.Method.invoke(Method.java:498)
	at org.codehaus.groovy.reflection.CachedMethod.invoke(CachedMethod.java:93)
	at groovy.lang.MetaMethod.doMethodInvoke(MetaMethod.java:325)
	at groovy.lang.MetaClassImpl.invokeStaticMethod(MetaClassImpl.java:1469)
	at org.codehaus.groovy.runtime.callsite.StaticMetaClassSite.call(StaticMetaClassSite.java:53)
	at org.codehaus.groovy.runtime.callsite.AbstractCallSite.call(AbstractCallSite.java:141)
	at Script1555406402089.run(Script1555406402089.groovy:17)
	at com.kms.katalon.core.main.ScriptEngine.run(ScriptEngine.java:183)
	at com.kms.katalon.core.main.ScriptEngine.runScriptAsRawText(ScriptEngine.java:108)
	at com.kms.katalon.core.main.TestCaseExecutor.runScript(TestCaseExecutor.java:294)
	at com.kms.katalon.core.main.TestCaseExecutor.doExecute(TestCaseExecutor.java:285)
	at com.kms.katalon.core.main.TestCaseExecutor.processExecutionPhase(TestCaseExecutor.java:264)
	at com.kms.katalon.core.main.TestCaseExecutor.accessMainPhase(TestCaseExecutor.java:256)
	at com.kms.katalon.core.main.TestCaseExecutor.execute(TestCaseExecutor.java:200)
	at com.kms.katalon.core.main.TestSuiteExecutor.accessTestCaseMainPhase(TestSuiteExecutor.java:129)
	at com.kms.katalon.core.main.TestSuiteExecutor.accessTestSuiteMainPhase(TestSuiteExecutor.java:112)
	at com.kms.katalon.core.main.TestSuiteExecutor.execute(TestSuiteExecutor.java:81)
	at com.kms.katalon.core.main.TestCaseMain.startTestSuite(TestCaseMain.java:142)
	at com.kms.katalon.core.main.TestCaseMain$startTestSuite$0.call(Unknown Source)
	at org.codehaus.groovy.runtime.callsite.CallSiteArray.defaultCall(CallSiteArray.java:48)
	at org.codehaus.groovy.runtime.callsite.AbstractCallSite.call(AbstractCallSite.java:113)
	at org.codehaus.groovy.runtime.callsite.AbstractCallSite.call(AbstractCallSite.java:141)
	at TempTestSuite1555472249208.run(TempTestSuite1555472249208.groovy:36)
	at groovy.lang.GroovyShell.runScriptOrMainOrTestOrRunnable(GroovyShell.java:263)
	at groovy.lang.GroovyShell.run(GroovyShell.java:518)
	at groovy.lang.GroovyShell.run(GroovyShell.java:507)
	at groovy.ui.GroovyMain.processOnce(GroovyMain.java:653)
	at groovy.ui.GroovyMain.run(GroovyMain.java:384)
	at groovy.ui.GroovyMain.process(GroovyMain.java:370)
	at groovy.ui.GroovyMain.processArgs(GroovyMain.java:129)
	at groovy.ui.GroovyMain.main(GroovyMain.java:109)
	at sun.reflect.NativeMethodAccessorImpl.invoke0(Native Method)
	at sun.reflect.NativeMethodAccessorImpl.invoke(NativeMethodAccessorImpl.java:62)
	at sun.reflect.DelegatingMethodAccessorImpl.invoke(DelegatingMethodAccessorImpl.java:43)
	at java.lang.reflect.Method.invoke(Method.java:498)
	at org.codehaus.groovy.tools.GroovyStarter.rootLoader(GroovyStarter.java:109)
	at org.codehaus.groovy.tools.GroovyStarter.main(GroovyStarter.java:131)
)

2019-04-17 11:45:01 - [TEST_STEP][NOT_RUN] - callTestCase: NOT_RUN: callTestCase

2019-04-17 11:45:01 - [MESSAGE][NOT_RUN] - NOT_RUN: callTestCase

2019-04-17 11:45:01 - [TEST_STEP][PASSED] - delay: Delayed 1 second(s)

2019-04-17 11:45:02 - [MESSAGE][PASSED] - Delayed 1 second(s)

2019-04-17 11:45:02 - [TEST_STEP][PASSED] - click: Object: 'Object Repository/Syetem_settings/User_Manage/a_systemsetings' is clicked on

2019-04-17 11:45:02 - [MESSAGE][PASSED] - Object: 'Object Repository/Syetem_settings/User_Manage/a_systemsetings' is clicked on

2019-04-17 11:45:02 - [TEST_STEP][PASSED] - delay: Delayed 1 second(s)

2019-04-17 11:45:03 - [MESSAGE][PASSED] - Delayed 1 second(s)

2019-04-17 11:45:03 - [TEST_STEP][FAILED] - click: Unable to click on object 'Object Repository/Syetem_settings/User_Manage/a_user_manage' (Root cause: org.openqa.selenium.ElementNotVisibleException: element not visible
  (Session info: headless chrome=73.0.3683.75)
  (Driver info: chromedriver=2.35.528161 (5b82f2d2aae0ca24b877009200ced9065a772e73),platform=Windows NT 6.1.7601 SP1 x86_64) (WARNING: The server did not provide any stacktrace information)
Command duration or timeout: 0 milliseconds
Build info: version: '3.7.1', revision: '8a0099a', time: '2017-11-06T21:07:36.161Z'
System info: host: 'BF-20170623WSST', ip: '192.168.10.86', os.name: 'Windows 7', os.arch: 'amd64', os.version: '6.1', java.version: '1.8.0_181'
Driver info: com.kms.katalon.selenium.driver.CChromeDriver
Capabilities {acceptInsecureCerts: false, acceptSslCerts: false, applicationCacheEnabled: false, browserConnectionEnabled: false, browserName: chrome, chrome: {chromedriverVersion: 2.35.528161 (5b82f2d2aae0ca..., userDataDir: C:\Users\ADMINI~1\AppData\L...}, cssSelectorsEnabled: true, databaseEnabled: false, handlesAlerts: true, hasTouchScreen: false, javascriptEnabled: true, locationContextEnabled: true, mobileEmulationEnabled: false, nativeEvents: true, networkConnectionEnabled: false, pageLoadStrategy: normal, platform: XP, platformName: XP, rotatable: false, setWindowRect: true, takesHeapSnapshot: true, takesScreenshot: true, unexpectedAlertBehaviour: , unhandledPromptBehavior: , version: 73.0.3683.75, webStorageEnabled: true}
Session ID: ecbfab57194731940f9b5dbca6c50beb)

2019-04-17 11:45:03 - [MESSAGE][FAILED] - Unable to click on object 'Object Repository/Syetem_settings/User_Manage/a_user_manage' (Root cause: org.openqa.selenium.ElementNotVisibleException: element not visible
  (Session info: headless chrome=73.0.3683.75)
  (Driver info: chromedriver=2.35.528161 (5b82f2d2aae0ca24b877009200ced9065a772e73),platform=Windows NT 6.1.7601 SP1 x86_64) (WARNING: The server did not provide any stacktrace information)
Command duration or timeout: 0 milliseconds
Build info: version: '3.7.1', revision: '8a0099a', time: '2017-11-06T21:07:36.161Z'
System info: host: 'BF-20170623WSST', ip: '192.168.10.86', os.name: 'Windows 7', os.arch: 'amd64', os.version: '6.1', java.version: '1.8.0_181'
Driver info: com.kms.katalon.selenium.driver.CChromeDriver
Capabilities {acceptInsecureCerts: false, acceptSslCerts: false, applicationCacheEnabled: false, browserConnectionEnabled: false, browserName: chrome, chrome: {chromedriverVersion: 2.35.528161 (5b82f2d2aae0ca..., userDataDir: C:\Users\ADMINI~1\AppData\L...}, cssSelectorsEnabled: true, databaseEnabled: false, handlesAlerts: true, hasTouchScreen: false, javascriptEnabled: true, locationContextEnabled: true, mobileEmulationEnabled: false, nativeEvents: true, networkConnectionEnabled: false, pageLoadStrategy: normal, platform: XP, platformName: XP, rotatable: false, setWindowRect: true, takesHeapSnapshot: true, takesScreenshot: true, unexpectedAlertBehaviour: , unhandledPromptBehavior: , version: 73.0.3683.75, webStorageEnabled: true}
Session ID: ecbfab57194731940f9b5dbca6c50beb)
[[ATTACHMENT|G:\\Auto_Learning\\katalon\\katalon_project\\katalon_project\\T2M_Manage\\T2M_Manage\\Reports\\User Manage\\staff manage\\20190417_113729\\1555472703457.png]]

2019-04-17 11:45:03 - [MESSAGE][FAILED] - Unable to call Test Case with id 'Test Cases/002_System_,Manage/001_User_Manage/001_Enter_User' (Root cause: Call Test Case 'Test Cases/002_System_,Manage/001_User_Manage/001_Enter_User' failed)

2019-04-17 11:45:03 - [TEST_STEP][PASSED] - Start listener action : sampleAfterTestCase: Invoke 'com.kms.katalon.core.annotation.AfterTestCase' method: 'NewTestListener.sampleAfterTestCase(...)' completed.

2019-04-17 11:45:03 - [TEST_STEP][PASSED] - Statement - println(testCaseContext.getTestCaseId()): null

2019-04-17 11:45:03 - [TEST_STEP][PASSED] - Statement - println(testCaseContext.getTestCaseStatus()): Invoke 'com.kms.katalon.core.annotation.AfterTestCase' method: 'NewTestListener.sampleAfterTestCase(...)' completed.]]></system-out>
         <system-err><![CDATA[2019-04-17 11:45:01 - [TEST_CASE][FAILED] - Test Cases/002_System_,Manage/001_User_Manage/011_edit_user_normal: Test Cases/002_System_,Manage/001_User_Manage/011_edit_user_normal FAILED because (of) (Stack trace: com.kms.katalon.core.exception.StepFailedException: Unable to click on object 'Object Repository/Syetem_settings/User_Manage/a_user_manage' (Root cause: org.openqa.selenium.ElementNotVisibleException: element not visible
  (Session info: headless chrome=73.0.3683.75)
  (Driver info: chromedriver=2.35.528161 (5b82f2d2aae0ca24b877009200ced9065a772e73),platform=Windows NT 6.1.7601 SP1 x86_64) (WARNING: The server did not provide any stacktrace information)
Command duration or timeout: 0 milliseconds
Build info: version: '3.7.1', revision: '8a0099a', time: '2017-11-06T21:07:36.161Z'
System info: host: 'BF-20170623WSST', ip: '192.168.10.86', os.name: 'Windows 7', os.arch: 'amd64', os.version: '6.1', java.version: '1.8.0_181'
Driver info: com.kms.katalon.selenium.driver.CChromeDriver
Capabilities {acceptInsecureCerts: false, acceptSslCerts: false, applicationCacheEnabled: false, browserConnectionEnabled: false, browserName: chrome, chrome: {chromedriverVersion: 2.35.528161 (5b82f2d2aae0ca..., userDataDir: C:\Users\ADMINI~1\AppData\L...}, cssSelectorsEnabled: true, databaseEnabled: false, handlesAlerts: true, hasTouchScreen: false, javascriptEnabled: true, locationContextEnabled: true, mobileEmulationEnabled: false, nativeEvents: true, networkConnectionEnabled: false, pageLoadStrategy: normal, platform: XP, platformName: XP, rotatable: false, setWindowRect: true, takesHeapSnapshot: true, takesScreenshot: true, unexpectedAlertBehaviour: , unhandledPromptBehavior: , version: 73.0.3683.75, webStorageEnabled: true}
Session ID: ecbfab57194731940f9b5dbca6c50beb)
	at com.kms.katalon.core.keyword.internal.KeywordMain.stepFailed(KeywordMain.groovy:36)
	at com.kms.katalon.core.webui.keyword.internal.WebUIKeywordMain.stepFailed(WebUIKeywordMain.groovy:65)
	at com.kms.katalon.core.webui.keyword.internal.WebUIKeywordMain.runKeyword(WebUIKeywordMain.groovy:27)
	at com.kms.katalon.core.webui.keyword.builtin.ClickKeyword.click(ClickKeyword.groovy:86)
	at com.kms.katalon.core.webui.keyword.builtin.ClickKeyword.execute(ClickKeyword.groovy:67)
	at com.kms.katalon.core.keyword.internal.KeywordExecutor.executeKeywordForPlatform(KeywordExecutor.groovy:53)
	at com.kms.katalon.core.webui.keyword.WebUiBuiltInKeywords.click(WebUiBuiltInKeywords.groovy:616)
	at com.kms.katalon.core.webui.keyword.WebUiBuiltInKeywords$click$4.call(Unknown Source)
	at Script1555325328873.run(Script1555325328873.groovy:25)
	at com.kms.katalon.core.main.ScriptEngine.run(ScriptEngine.java:183)
	at com.kms.katalon.core.main.ScriptEngine.runScriptAsRawText(ScriptEngine.java:108)
	at com.kms.katalon.core.main.TestCaseExecutor.runScript(TestCaseExecutor.java:294)
	at com.kms.katalon.core.main.TestCaseExecutor.doExecute(TestCaseExecutor.java:285)
	at com.kms.katalon.core.main.TestCaseExecutor.processExecutionPhase(TestCaseExecutor.java:264)
	at com.kms.katalon.core.main.TestCaseExecutor.accessMainPhase(TestCaseExecutor.java:256)
	at com.kms.katalon.core.main.TestCaseExecutor.execute(TestCaseExecutor.java:200)
	at com.kms.katalon.core.main.TestCaseMain.runTestCase(TestCaseMain.java:99)
	at com.kms.katalon.core.keyword.builtin.CallTestCaseKeyword$_callTestCase_closure1.doCall(CallTestCaseKeyword.groovy:60)
	at com.kms.katalon.core.keyword.builtin.CallTestCaseKeyword$_callTestCase_closure1.call(CallTestCaseKeyword.groovy)
	at com.kms.katalon.core.keyword.internal.KeywordMain.runKeyword(KeywordMain.groovy:54)
	at com.kms.katalon.core.keyword.builtin.CallTestCaseKeyword.callTestCase(CallTestCaseKeyword.groovy:81)
	at com.kms.katalon.core.keyword.builtin.CallTestCaseKeyword.execute(CallTestCaseKeyword.groovy:45)
	at com.kms.katalon.core.keyword.internal.KeywordExecutor.executeKeywordForPlatform(KeywordExecutor.groovy:53)
	at com.kms.katalon.core.keyword.BuiltinKeywords.callTestCase(BuiltinKeywords.groovy:334)
	at sun.reflect.NativeMethodAccessorImpl.invoke0(Native Method)
	at sun.reflect.NativeMethodAccessorImpl.invoke(NativeMethodAccessorImpl.java:62)
	at sun.reflect.DelegatingMethodAccessorImpl.invoke(DelegatingMethodAccessorImpl.java:43)
	at java.lang.reflect.Method.invoke(Method.java:498)
	at org.codehaus.groovy.reflection.CachedMethod.invoke(CachedMethod.java:93)
	at groovy.lang.MetaMethod.doMethodInvoke(MetaMethod.java:325)
	at groovy.lang.MetaClassImpl.invokeStaticMethod(MetaClassImpl.java:1469)
	at org.codehaus.groovy.runtime.callsite.StaticMetaClassSite.call(StaticMetaClassSite.java:53)
	at org.codehaus.groovy.runtime.callsite.AbstractCallSite.call(AbstractCallSite.java:141)
	at Script1555406402089.run(Script1555406402089.groovy:17)
	at com.kms.katalon.core.main.ScriptEngine.run(ScriptEngine.java:183)
	at com.kms.katalon.core.main.ScriptEngine.runScriptAsRawText(ScriptEngine.java:108)
	at com.kms.katalon.core.main.TestCaseExecutor.runScript(TestCaseExecutor.java:294)
	at com.kms.katalon.core.main.TestCaseExecutor.doExecute(TestCaseExecutor.java:285)
	at com.kms.katalon.core.main.TestCaseExecutor.processExecutionPhase(TestCaseExecutor.java:264)
	at com.kms.katalon.core.main.TestCaseExecutor.accessMainPhase(TestCaseExecutor.java:256)
	at com.kms.katalon.core.main.TestCaseExecutor.execute(TestCaseExecutor.java:200)
	at com.kms.katalon.core.main.TestSuiteExecutor.accessTestCaseMainPhase(TestSuiteExecutor.java:129)
	at com.kms.katalon.core.main.TestSuiteExecutor.accessTestSuiteMainPhase(TestSuiteExecutor.java:112)
	at com.kms.katalon.core.main.TestSuiteExecutor.execute(TestSuiteExecutor.java:81)
	at com.kms.katalon.core.main.TestCaseMain.startTestSuite(TestCaseMain.java:142)
	at com.kms.katalon.core.main.TestCaseMain$startTestSuite$0.call(Unknown Source)
	at org.codehaus.groovy.runtime.callsite.CallSiteArray.defaultCall(CallSiteArray.java:48)
	at org.codehaus.groovy.runtime.callsite.AbstractCallSite.call(AbstractCallSite.java:113)
	at org.codehaus.groovy.runtime.callsite.AbstractCallSite.call(AbstractCallSite.java:141)
	at TempTestSuite1555472249208.run(TempTestSuite1555472249208.groovy:36)
	at groovy.lang.GroovyShell.runScriptOrMainOrTestOrRunnable(GroovyShell.java:263)
	at groovy.lang.GroovyShell.run(GroovyShell.java:518)
	at groovy.lang.GroovyShell.run(GroovyShell.java:507)
	at groovy.ui.GroovyMain.processOnce(GroovyMain.java:653)
	at groovy.ui.GroovyMain.run(GroovyMain.java:384)
	at groovy.ui.GroovyMain.process(GroovyMain.java:370)
	at groovy.ui.GroovyMain.processArgs(GroovyMain.java:129)
	at groovy.ui.GroovyMain.main(GroovyMain.java:109)
	at sun.reflect.NativeMethodAccessorImpl.invoke0(Native Method)
	at sun.reflect.NativeMethodAccessorImpl.invoke(NativeMethodAccessorImpl.java:62)
	at sun.reflect.DelegatingMethodAccessorImpl.invoke(DelegatingMethodAccessorImpl.java:43)
	at java.lang.reflect.Method.invoke(Method.java:498)
	at org.codehaus.groovy.tools.GroovyStarter.rootLoader(GroovyStarter.java:109)
	at org.codehaus.groovy.tools.GroovyStarter.main(GroovyStarter.java:131)
)]]></system-err>
      </testcase>
      <testcase name="Test Cases/002_System_,Manage/001_User_Manage/011_edit_user_normal" classname="Test Cases/002_System_,Manage/001_User_Manage/011_edit_user_normal" status="PASSED">
         <system-out><![CDATA[2019-04-17 11:45:05 - [TEST_CASE][PASSED] - Test Cases/002_System_,Manage/001_User_Manage/011_edit_user_normal: Test Cases/002_System_,Manage/001_User_Manage/011_edit_user_normal

2019-04-17 11:45:05 - [TEST_STEP][PASSED] - Start listener action : sampleBeforeTestCase: Invoke 'com.kms.katalon.core.annotation.BeforeTestCase' method: 'NewTestListener.sampleBeforeTestCase(...)' completed.

2019-04-17 11:45:05 - [TEST_STEP][PASSED] - Statement - println(testCaseContext.getTestCaseId()): null

2019-04-17 11:45:05 - [TEST_STEP][PASSED] - Statement - println(testCaseContext.getTestCaseVariables()): Invoke 'com.kms.katalon.core.annotation.BeforeTestCase' method: 'NewTestListener.sampleBeforeTestCase(...)' completed.

2019-04-17 11:45:05 - [TEST_STEP][PASSED] - callTestCase: Call Test Case 'Test Cases/002_System_,Manage/001_User_Manage/001_Enter_User' successfully

2019-04-17 11:45:05 - [TEST_CASE][PASSED] - Test Cases/002_System_,Manage/001_User_Manage/001_Enter_User: Test Cases/002_System_,Manage/001_User_Manage/001_Enter_User

2019-04-17 11:45:05 - [TEST_STEP][NOT_RUN] - callTestCase: NOT_RUN: callTestCase

2019-04-17 11:45:05 - [MESSAGE][NOT_RUN] - NOT_RUN: callTestCase

2019-04-17 11:45:05 - [TEST_STEP][PASSED] - delay: Delayed 1 second(s)

2019-04-17 11:45:06 - [MESSAGE][PASSED] - Delayed 1 second(s)

2019-04-17 11:45:06 - [TEST_STEP][PASSED] - click: Object: 'Object Repository/Syetem_settings/User_Manage/a_systemsetings' is clicked on

2019-04-17 11:45:06 - [MESSAGE][PASSED] - Object: 'Object Repository/Syetem_settings/User_Manage/a_systemsetings' is clicked on

2019-04-17 11:45:06 - [TEST_STEP][PASSED] - delay: Delayed 1 second(s)

2019-04-17 11:45:07 - [MESSAGE][PASSED] - Delayed 1 second(s)

2019-04-17 11:45:07 - [TEST_STEP][PASSED] - click: Object: 'Object Repository/Syetem_settings/User_Manage/a_user_manage' is clicked on

2019-04-17 11:45:08 - [MESSAGE][PASSED] - Object: 'Object Repository/Syetem_settings/User_Manage/a_user_manage' is clicked on

2019-04-17 11:45:08 - [TEST_STEP][PASSED] - delay: Delayed 1 second(s)

2019-04-17 11:45:09 - [MESSAGE][PASSED] - Delayed 1 second(s)

2019-04-17 11:45:09 - [TEST_STEP][PASSED] - Statement - verify_user = com.kms.katalon.core.webui.keyword.WebUiBuiltInKeywords.verifyElementPresent(com.kms.katalon.core.testobject.ObjectRepository.findTestObject(Syetem_settings/User_Manage/cite_usertable), 0): Object 'Object Repository/Syetem_settings/User_Manage/cite_usertable' is present

2019-04-17 11:45:09 - [MESSAGE][WARNING] - Timeout '0' is invalid. Using default page load timeout: '30'

2019-04-17 11:45:09 - [MESSAGE][PASSED] - Object 'Object Repository/Syetem_settings/User_Manage/cite_usertable' is present

2019-04-17 11:45:09 - [TEST_STEP][PASSED] - Statement - If (verify_user): Enter the Successfully entered the people management page

2019-04-17 11:45:09 - [TEST_STEP][PASSED] - comment: Enter the Successfully entered the people management page

2019-04-17 11:45:09 - [MESSAGE][PASSED] - Call Test Case 'Test Cases/002_System_,Manage/001_User_Manage/001_Enter_User' successfully

2019-04-17 11:45:09 - [TEST_STEP][PASSED] - maximizeWindow: Current window maximized

2019-04-17 11:45:09 - [MESSAGE][PASSED] - Current window maximized

2019-04-17 11:45:09 - [TEST_STEP][PASSED] - setText: Text '测试人员006' is set on object 'Object Repository/test/input__keyword'

2019-04-17 11:45:09 - [MESSAGE][PASSED] - Text '测试人员006' is set on object 'Object Repository/test/input__keyword'

2019-04-17 11:45:09 - [TEST_STEP][PASSED] - delay: Delayed 1 second(s)

2019-04-17 11:45:10 - [MESSAGE][PASSED] - Delayed 1 second(s)

2019-04-17 11:45:10 - [TEST_STEP][PASSED] - click: Object: 'Object Repository/test/button__layui-btn' is clicked on

2019-04-17 11:45:10 - [MESSAGE][PASSED] - Object: 'Object Repository/test/button__layui-btn' is clicked on

2019-04-17 11:45:10 - [TEST_STEP][PASSED] - delay: Delayed 1 second(s)

2019-04-17 11:45:11 - [MESSAGE][PASSED] - Delayed 1 second(s)

2019-04-17 11:45:11 - [TEST_STEP][PASSED] - click: Object: 'Object Repository/Syetem_settings/User_Manage/Edit_user_info/edit_first' is clicked on

2019-04-17 11:45:11 - [MESSAGE][PASSED] - Object: 'Object Repository/Syetem_settings/User_Manage/Edit_user_info/edit_first' is clicked on

2019-04-17 11:45:11 - [TEST_STEP][PASSED] - delay: Delayed 2 second(s)

2019-04-17 11:45:13 - [MESSAGE][PASSED] - Delayed 2 second(s)

2019-04-17 11:45:13 - [TEST_STEP][PASSED] - click: Object: 'Object Repository/Syetem_settings/User_Manage/user_info/input__addDeptName' is clicked on

2019-04-17 11:45:13 - [MESSAGE][PASSED] - Object: 'Object Repository/Syetem_settings/User_Manage/user_info/input__addDeptName' is clicked on

2019-04-17 11:45:13 - [TEST_STEP][PASSED] - delay: Delayed 1 second(s)

2019-04-17 11:45:14 - [MESSAGE][PASSED] - Delayed 1 second(s)

2019-04-17 11:45:14 - [TEST_STEP][PASSED] - click: Object: 'Object Repository/Syetem_settings/User_Manage/Edit_user_info/div_NB_QA' is clicked on

2019-04-17 11:45:14 - [MESSAGE][PASSED] - Object: 'Object Repository/Syetem_settings/User_Manage/Edit_user_info/div_NB_QA' is clicked on

2019-04-17 11:45:14 - [TEST_STEP][PASSED] - delay: Delayed 1 second(s)

2019-04-17 11:45:15 - [MESSAGE][PASSED] - Delayed 1 second(s)

2019-04-17 11:45:15 - [TEST_STEP][PASSED] - setText: Text '编辑006' is set on object 'Object Repository/Syetem_settings/User_Manage/Edit_user_info/input_ realname'

2019-04-17 11:45:15 - [MESSAGE][PASSED] - Text '编辑006' is set on object 'Object Repository/Syetem_settings/User_Manage/Edit_user_info/input_ realname'

2019-04-17 11:45:15 - [TEST_STEP][PASSED] - delay: Delayed 1 second(s)

2019-04-17 11:45:16 - [MESSAGE][PASSED] - Delayed 1 second(s)

2019-04-17 11:45:16 - [TEST_STEP][PASSED] - setText: Text '测试岗位1' is set on object 'Object Repository/Syetem_settings/User_Manage/Edit_user_info/input_position'

2019-04-17 11:45:17 - [MESSAGE][PASSED] - Text '测试岗位1' is set on object 'Object Repository/Syetem_settings/User_Manage/Edit_user_info/input_position'

2019-04-17 11:45:17 - [TEST_STEP][PASSED] - delay: Delayed 1 second(s)

2019-04-17 11:45:18 - [MESSAGE][PASSED] - Delayed 1 second(s)

2019-04-17 11:45:18 - [TEST_STEP][PASSED] - setText: Text '15263625410' is set on object 'Object Repository/Syetem_settings/User_Manage/Edit_user_info/input__mobile'

2019-04-17 11:45:18 - [MESSAGE][PASSED] - Text '15263625410' is set on object 'Object Repository/Syetem_settings/User_Manage/Edit_user_info/input__mobile'

2019-04-17 11:45:18 - [TEST_STEP][PASSED] - delay: Delayed 1 second(s)

2019-04-17 11:45:19 - [MESSAGE][PASSED] - Delayed 1 second(s)

2019-04-17 11:45:19 - [TEST_STEP][PASSED] - setText: Text '313546465@163.com' is set on object 'Object Repository/Syetem_settings/User_Manage/Edit_user_info/input_email'

2019-04-17 11:45:19 - [MESSAGE][PASSED] - Text '313546465@163.com' is set on object 'Object Repository/Syetem_settings/User_Manage/Edit_user_info/input_email'

2019-04-17 11:45:19 - [TEST_STEP][PASSED] - delay: Delayed 1 second(s)

2019-04-17 11:45:20 - [MESSAGE][PASSED] - Delayed 1 second(s)

2019-04-17 11:45:20 - [TEST_STEP][PASSED] - click: Object: 'Object Repository/Syetem_settings/User_Manage/Edit_user_info/button_Saveedit' is clicked on

2019-04-17 11:45:20 - [MESSAGE][PASSED] - Object: 'Object Repository/Syetem_settings/User_Manage/Edit_user_info/button_Saveedit' is clicked on

2019-04-17 11:45:20 - [TEST_STEP][PASSED] - delay: Delayed 2 second(s)

2019-04-17 11:45:22 - [MESSAGE][PASSED] - Delayed 2 second(s)

2019-04-17 11:45:22 - [TEST_STEP][PASSED] - setText: Text '编辑006' is set on object 'Object Repository/test/input__keyword'

2019-04-17 11:45:22 - [MESSAGE][PASSED] - Text '编辑006' is set on object 'Object Repository/test/input__keyword'

2019-04-17 11:45:22 - [TEST_STEP][PASSED] - delay: Delayed 1 second(s)

2019-04-17 11:45:23 - [MESSAGE][PASSED] - Delayed 1 second(s)

2019-04-17 11:45:23 - [TEST_STEP][PASSED] - click: Object: 'Object Repository/test/button__layui-btn' is clicked on

2019-04-17 11:45:23 - [MESSAGE][PASSED] - Object: 'Object Repository/test/button__layui-btn' is clicked on

2019-04-17 11:45:23 - [TEST_STEP][PASSED] - delay: Delayed 1 second(s)

2019-04-17 11:45:24 - [MESSAGE][PASSED] - Delayed 1 second(s)

2019-04-17 11:45:24 - [TEST_STEP][PASSED] - Statement - data_content = com.kms.katalon.core.webui.keyword.WebUiBuiltInKeywords.getAttribute(com.kms.katalon.core.testobject.ObjectRepository.findTestObject(Syetem_settings/User_Manage/Search/td_number1), "data-content"): Attribute 'data-content' of object 'Object Repository/Syetem_settings/User_Manage/Search/td_number1' is: '编辑006'

2019-04-17 11:45:24 - [MESSAGE][PASSED] - Attribute 'data-content' of object 'Object Repository/Syetem_settings/User_Manage/Search/td_number1' is: '编辑006'

2019-04-17 11:45:24 - [TEST_STEP][PASSED] - Statement - If (data_content == username): 人员编辑修改成功

2019-04-17 11:45:24 - [TEST_STEP][PASSED] - comment: 人员编辑修改成功

2019-04-17 11:45:24 - [TEST_STEP][PASSED] - Start listener action : sampleAfterTestCase: Invoke 'com.kms.katalon.core.annotation.AfterTestCase' method: 'NewTestListener.sampleAfterTestCase(...)' completed.

2019-04-17 11:45:24 - [TEST_STEP][PASSED] - Statement - println(testCaseContext.getTestCaseId()): null

2019-04-17 11:45:24 - [TEST_STEP][PASSED] - Statement - println(testCaseContext.getTestCaseStatus()): Invoke 'com.kms.katalon.core.annotation.AfterTestCase' method: 'NewTestListener.sampleAfterTestCase(...)' completed.]]></system-out>
         <system-err><![CDATA[]]></system-err>
      </testcase>
      <testcase name="Test Cases/002_System_,Manage/001_User_Manage/011_edit_user_normal" classname="Test Cases/002_System_,Manage/001_User_Manage/011_edit_user_normal" status="FAILED">
         <failure type="FAILED" message="(Stack trace: com.kms.katalon.core.exception.StepFailedException: Unable to click on object 'Object Repository/Syetem_settings/User_Manage/a_user_manage' (Root cause: org.openqa.selenium.ElementNotVisibleException: element not visible
  (Session info: headless chrome=73.0.3683.75)
  (Driver info: chromedriver=2.35.528161 (5b82f2d2aae0ca24b877009200ced9065a772e73),platform=Windows NT 6.1.7601 SP1 x86_64) (WARNING: The server did not provide any stacktrace information)
Command duration or timeout: 0 milliseconds
Build info: version: '3.7.1', revision: '8a0099a', time: '2017-11-06T21:07:36.161Z'
System info: host: 'BF-20170623WSST', ip: '192.168.10.86', os.name: 'Windows 7', os.arch: 'amd64', os.version: '6.1', java.version: '1.8.0_181'
Driver info: com.kms.katalon.selenium.driver.CChromeDriver
Capabilities {acceptInsecureCerts: false, acceptSslCerts: false, applicationCacheEnabled: false, browserConnectionEnabled: false, browserName: chrome, chrome: {chromedriverVersion: 2.35.528161 (5b82f2d2aae0ca..., userDataDir: C:\Users\ADMINI~1\AppData\L...}, cssSelectorsEnabled: true, databaseEnabled: false, handlesAlerts: true, hasTouchScreen: false, javascriptEnabled: true, locationContextEnabled: true, mobileEmulationEnabled: false, nativeEvents: true, networkConnectionEnabled: false, pageLoadStrategy: normal, platform: XP, platformName: XP, rotatable: false, setWindowRect: true, takesHeapSnapshot: true, takesScreenshot: true, unexpectedAlertBehaviour: , unhandledPromptBehavior: , version: 73.0.3683.75, webStorageEnabled: true}
Session ID: ecbfab57194731940f9b5dbca6c50beb)
	at com.kms.katalon.core.keyword.internal.KeywordMain.stepFailed(KeywordMain.groovy:36)
	at com.kms.katalon.core.webui.keyword.internal.WebUIKeywordMain.stepFailed(WebUIKeywordMain.groovy:65)
	at com.kms.katalon.core.webui.keyword.internal.WebUIKeywordMain.runKeyword(WebUIKeywordMain.groovy:27)
	at com.kms.katalon.core.webui.keyword.builtin.ClickKeyword.click(ClickKeyword.groovy:86)
	at com.kms.katalon.core.webui.keyword.builtin.ClickKeyword.execute(ClickKeyword.groovy:67)
	at com.kms.katalon.core.keyword.internal.KeywordExecutor.executeKeywordForPlatform(KeywordExecutor.groovy:53)
	at com.kms.katalon.core.webui.keyword.WebUiBuiltInKeywords.click(WebUiBuiltInKeywords.groovy:616)
	at com.kms.katalon.core.webui.keyword.WebUiBuiltInKeywords$click$4.call(Unknown Source)
	at Script1555325328873.run(Script1555325328873.groovy:25)
	at com.kms.katalon.core.main.ScriptEngine.run(ScriptEngine.java:183)
	at com.kms.katalon.core.main.ScriptEngine.runScriptAsRawText(ScriptEngine.java:108)
	at com.kms.katalon.core.main.TestCaseExecutor.runScript(TestCaseExecutor.java:294)
	at com.kms.katalon.core.main.TestCaseExecutor.doExecute(TestCaseExecutor.java:285)
	at com.kms.katalon.core.main.TestCaseExecutor.processExecutionPhase(TestCaseExecutor.java:264)
	at com.kms.katalon.core.main.TestCaseExecutor.accessMainPhase(TestCaseExecutor.java:256)
	at com.kms.katalon.core.main.TestCaseExecutor.execute(TestCaseExecutor.java:200)
	at com.kms.katalon.core.main.TestCaseMain.runTestCase(TestCaseMain.java:99)
	at com.kms.katalon.core.keyword.builtin.CallTestCaseKeyword$_callTestCase_closure1.doCall(CallTestCaseKeyword.groovy:60)
	at com.kms.katalon.core.keyword.builtin.CallTestCaseKeyword$_callTestCase_closure1.call(CallTestCaseKeyword.groovy)
	at com.kms.katalon.core.keyword.internal.KeywordMain.runKeyword(KeywordMain.groovy:54)
	at com.kms.katalon.core.keyword.builtin.CallTestCaseKeyword.callTestCase(CallTestCaseKeyword.groovy:81)
	at com.kms.katalon.core.keyword.builtin.CallTestCaseKeyword.execute(CallTestCaseKeyword.groovy:45)
	at com.kms.katalon.core.keyword.internal.KeywordExecutor.executeKeywordForPlatform(KeywordExecutor.groovy:53)
	at com.kms.katalon.core.keyword.BuiltinKeywords.callTestCase(BuiltinKeywords.groovy:334)
	at sun.reflect.NativeMethodAccessorImpl.invoke0(Native Method)
	at sun.reflect.NativeMethodAccessorImpl.invoke(NativeMethodAccessorImpl.java:62)
	at sun.reflect.DelegatingMethodAccessorImpl.invoke(DelegatingMethodAccessorImpl.java:43)
	at java.lang.reflect.Method.invoke(Method.java:498)
	at org.codehaus.groovy.reflection.CachedMethod.invoke(CachedMethod.java:93)
	at groovy.lang.MetaMethod.doMethodInvoke(MetaMethod.java:325)
	at groovy.lang.MetaClassImpl.invokeStaticMethod(MetaClassImpl.java:1469)
	at org.codehaus.groovy.runtime.callsite.StaticMetaClassSite.call(StaticMetaClassSite.java:53)
	at org.codehaus.groovy.runtime.callsite.AbstractCallSite.call(AbstractCallSite.java:141)
	at Script1555406402089.run(Script1555406402089.groovy:17)
	at com.kms.katalon.core.main.ScriptEngine.run(ScriptEngine.java:183)
	at com.kms.katalon.core.main.ScriptEngine.runScriptAsRawText(ScriptEngine.java:108)
	at com.kms.katalon.core.main.TestCaseExecutor.runScript(TestCaseExecutor.java:294)
	at com.kms.katalon.core.main.TestCaseExecutor.doExecute(TestCaseExecutor.java:285)
	at com.kms.katalon.core.main.TestCaseExecutor.processExecutionPhase(TestCaseExecutor.java:264)
	at com.kms.katalon.core.main.TestCaseExecutor.accessMainPhase(TestCaseExecutor.java:256)
	at com.kms.katalon.core.main.TestCaseExecutor.execute(TestCaseExecutor.java:200)
	at com.kms.katalon.core.main.TestSuiteExecutor.accessTestCaseMainPhase(TestSuiteExecutor.java:129)
	at com.kms.katalon.core.main.TestSuiteExecutor.accessTestSuiteMainPhase(TestSuiteExecutor.java:112)
	at com.kms.katalon.core.main.TestSuiteExecutor.execute(TestSuiteExecutor.java:81)
	at com.kms.katalon.core.main.TestCaseMain.startTestSuite(TestCaseMain.java:142)
	at com.kms.katalon.core.main.TestCaseMain$startTestSuite$0.call(Unknown Source)
	at org.codehaus.groovy.runtime.callsite.CallSiteArray.defaultCall(CallSiteArray.java:48)
	at org.codehaus.groovy.runtime.callsite.AbstractCallSite.call(AbstractCallSite.java:113)
	at org.codehaus.groovy.runtime.callsite.AbstractCallSite.call(AbstractCallSite.java:141)
	at TempTestSuite1555472249208.run(TempTestSuite1555472249208.groovy:36)
	at groovy.lang.GroovyShell.runScriptOrMainOrTestOrRunnable(GroovyShell.java:263)
	at groovy.lang.GroovyShell.run(GroovyShell.java:518)
	at groovy.lang.GroovyShell.run(GroovyShell.java:507)
	at groovy.ui.GroovyMain.processOnce(GroovyMain.java:653)
	at groovy.ui.GroovyMain.run(GroovyMain.java:384)
	at groovy.ui.GroovyMain.process(GroovyMain.java:370)
	at groovy.ui.GroovyMain.processArgs(GroovyMain.java:129)
	at groovy.ui.GroovyMain.main(GroovyMain.java:109)
	at sun.reflect.NativeMethodAccessorImpl.invoke0(Native Method)
	at sun.reflect.NativeMethodAccessorImpl.invoke(NativeMethodAccessorImpl.java:62)
	at sun.reflect.DelegatingMethodAccessorImpl.invoke(DelegatingMethodAccessorImpl.java:43)
	at java.lang.reflect.Method.invoke(Method.java:498)
	at org.codehaus.groovy.tools.GroovyStarter.rootLoader(GroovyStarter.java:109)
	at org.codehaus.groovy.tools.GroovyStarter.main(GroovyStarter.java:131)
)"/>
         <system-out><![CDATA[2019-04-17 11:45:26 - [TEST_CASE][FAILED] - Test Cases/002_System_,Manage/001_User_Manage/011_edit_user_normal: Test Cases/002_System_,Manage/001_User_Manage/011_edit_user_normal FAILED because (of) (Stack trace: com.kms.katalon.core.exception.StepFailedException: Unable to click on object 'Object Repository/Syetem_settings/User_Manage/a_user_manage' (Root cause: org.openqa.selenium.ElementNotVisibleException: element not visible
  (Session info: headless chrome=73.0.3683.75)
  (Driver info: chromedriver=2.35.528161 (5b82f2d2aae0ca24b877009200ced9065a772e73),platform=Windows NT 6.1.7601 SP1 x86_64) (WARNING: The server did not provide any stacktrace information)
Command duration or timeout: 0 milliseconds
Build info: version: '3.7.1', revision: '8a0099a', time: '2017-11-06T21:07:36.161Z'
System info: host: 'BF-20170623WSST', ip: '192.168.10.86', os.name: 'Windows 7', os.arch: 'amd64', os.version: '6.1', java.version: '1.8.0_181'
Driver info: com.kms.katalon.selenium.driver.CChromeDriver
Capabilities {acceptInsecureCerts: false, acceptSslCerts: false, applicationCacheEnabled: false, browserConnectionEnabled: false, browserName: chrome, chrome: {chromedriverVersion: 2.35.528161 (5b82f2d2aae0ca..., userDataDir: C:\Users\ADMINI~1\AppData\L...}, cssSelectorsEnabled: true, databaseEnabled: false, handlesAlerts: true, hasTouchScreen: false, javascriptEnabled: true, locationContextEnabled: true, mobileEmulationEnabled: false, nativeEvents: true, networkConnectionEnabled: false, pageLoadStrategy: normal, platform: XP, platformName: XP, rotatable: false, setWindowRect: true, takesHeapSnapshot: true, takesScreenshot: true, unexpectedAlertBehaviour: , unhandledPromptBehavior: , version: 73.0.3683.75, webStorageEnabled: true}
Session ID: ecbfab57194731940f9b5dbca6c50beb)
	at com.kms.katalon.core.keyword.internal.KeywordMain.stepFailed(KeywordMain.groovy:36)
	at com.kms.katalon.core.webui.keyword.internal.WebUIKeywordMain.stepFailed(WebUIKeywordMain.groovy:65)
	at com.kms.katalon.core.webui.keyword.internal.WebUIKeywordMain.runKeyword(WebUIKeywordMain.groovy:27)
	at com.kms.katalon.core.webui.keyword.builtin.ClickKeyword.click(ClickKeyword.groovy:86)
	at com.kms.katalon.core.webui.keyword.builtin.ClickKeyword.execute(ClickKeyword.groovy:67)
	at com.kms.katalon.core.keyword.internal.KeywordExecutor.executeKeywordForPlatform(KeywordExecutor.groovy:53)
	at com.kms.katalon.core.webui.keyword.WebUiBuiltInKeywords.click(WebUiBuiltInKeywords.groovy:616)
	at com.kms.katalon.core.webui.keyword.WebUiBuiltInKeywords$click$4.call(Unknown Source)
	at Script1555325328873.run(Script1555325328873.groovy:25)
	at com.kms.katalon.core.main.ScriptEngine.run(ScriptEngine.java:183)
	at com.kms.katalon.core.main.ScriptEngine.runScriptAsRawText(ScriptEngine.java:108)
	at com.kms.katalon.core.main.TestCaseExecutor.runScript(TestCaseExecutor.java:294)
	at com.kms.katalon.core.main.TestCaseExecutor.doExecute(TestCaseExecutor.java:285)
	at com.kms.katalon.core.main.TestCaseExecutor.processExecutionPhase(TestCaseExecutor.java:264)
	at com.kms.katalon.core.main.TestCaseExecutor.accessMainPhase(TestCaseExecutor.java:256)
	at com.kms.katalon.core.main.TestCaseExecutor.execute(TestCaseExecutor.java:200)
	at com.kms.katalon.core.main.TestCaseMain.runTestCase(TestCaseMain.java:99)
	at com.kms.katalon.core.keyword.builtin.CallTestCaseKeyword$_callTestCase_closure1.doCall(CallTestCaseKeyword.groovy:60)
	at com.kms.katalon.core.keyword.builtin.CallTestCaseKeyword$_callTestCase_closure1.call(CallTestCaseKeyword.groovy)
	at com.kms.katalon.core.keyword.internal.KeywordMain.runKeyword(KeywordMain.groovy:54)
	at com.kms.katalon.core.keyword.builtin.CallTestCaseKeyword.callTestCase(CallTestCaseKeyword.groovy:81)
	at com.kms.katalon.core.keyword.builtin.CallTestCaseKeyword.execute(CallTestCaseKeyword.groovy:45)
	at com.kms.katalon.core.keyword.internal.KeywordExecutor.executeKeywordForPlatform(KeywordExecutor.groovy:53)
	at com.kms.katalon.core.keyword.BuiltinKeywords.callTestCase(BuiltinKeywords.groovy:334)
	at sun.reflect.NativeMethodAccessorImpl.invoke0(Native Method)
	at sun.reflect.NativeMethodAccessorImpl.invoke(NativeMethodAccessorImpl.java:62)
	at sun.reflect.DelegatingMethodAccessorImpl.invoke(DelegatingMethodAccessorImpl.java:43)
	at java.lang.reflect.Method.invoke(Method.java:498)
	at org.codehaus.groovy.reflection.CachedMethod.invoke(CachedMethod.java:93)
	at groovy.lang.MetaMethod.doMethodInvoke(MetaMethod.java:325)
	at groovy.lang.MetaClassImpl.invokeStaticMethod(MetaClassImpl.java:1469)
	at org.codehaus.groovy.runtime.callsite.StaticMetaClassSite.call(StaticMetaClassSite.java:53)
	at org.codehaus.groovy.runtime.callsite.AbstractCallSite.call(AbstractCallSite.java:141)
	at Script1555406402089.run(Script1555406402089.groovy:17)
	at com.kms.katalon.core.main.ScriptEngine.run(ScriptEngine.java:183)
	at com.kms.katalon.core.main.ScriptEngine.runScriptAsRawText(ScriptEngine.java:108)
	at com.kms.katalon.core.main.TestCaseExecutor.runScript(TestCaseExecutor.java:294)
	at com.kms.katalon.core.main.TestCaseExecutor.doExecute(TestCaseExecutor.java:285)
	at com.kms.katalon.core.main.TestCaseExecutor.processExecutionPhase(TestCaseExecutor.java:264)
	at com.kms.katalon.core.main.TestCaseExecutor.accessMainPhase(TestCaseExecutor.java:256)
	at com.kms.katalon.core.main.TestCaseExecutor.execute(TestCaseExecutor.java:200)
	at com.kms.katalon.core.main.TestSuiteExecutor.accessTestCaseMainPhase(TestSuiteExecutor.java:129)
	at com.kms.katalon.core.main.TestSuiteExecutor.accessTestSuiteMainPhase(TestSuiteExecutor.java:112)
	at com.kms.katalon.core.main.TestSuiteExecutor.execute(TestSuiteExecutor.java:81)
	at com.kms.katalon.core.main.TestCaseMain.startTestSuite(TestCaseMain.java:142)
	at com.kms.katalon.core.main.TestCaseMain$startTestSuite$0.call(Unknown Source)
	at org.codehaus.groovy.runtime.callsite.CallSiteArray.defaultCall(CallSiteArray.java:48)
	at org.codehaus.groovy.runtime.callsite.AbstractCallSite.call(AbstractCallSite.java:113)
	at org.codehaus.groovy.runtime.callsite.AbstractCallSite.call(AbstractCallSite.java:141)
	at TempTestSuite1555472249208.run(TempTestSuite1555472249208.groovy:36)
	at groovy.lang.GroovyShell.runScriptOrMainOrTestOrRunnable(GroovyShell.java:263)
	at groovy.lang.GroovyShell.run(GroovyShell.java:518)
	at groovy.lang.GroovyShell.run(GroovyShell.java:507)
	at groovy.ui.GroovyMain.processOnce(GroovyMain.java:653)
	at groovy.ui.GroovyMain.run(GroovyMain.java:384)
	at groovy.ui.GroovyMain.process(GroovyMain.java:370)
	at groovy.ui.GroovyMain.processArgs(GroovyMain.java:129)
	at groovy.ui.GroovyMain.main(GroovyMain.java:109)
	at sun.reflect.NativeMethodAccessorImpl.invoke0(Native Method)
	at sun.reflect.NativeMethodAccessorImpl.invoke(NativeMethodAccessorImpl.java:62)
	at sun.reflect.DelegatingMethodAccessorImpl.invoke(DelegatingMethodAccessorImpl.java:43)
	at java.lang.reflect.Method.invoke(Method.java:498)
	at org.codehaus.groovy.tools.GroovyStarter.rootLoader(GroovyStarter.java:109)
	at org.codehaus.groovy.tools.GroovyStarter.main(GroovyStarter.java:131)
)

2019-04-17 11:45:26 - [TEST_STEP][PASSED] - Start listener action : sampleBeforeTestCase: Invoke 'com.kms.katalon.core.annotation.BeforeTestCase' method: 'NewTestListener.sampleBeforeTestCase(...)' completed.

2019-04-17 11:45:26 - [TEST_STEP][PASSED] - Statement - println(testCaseContext.getTestCaseId()): null

2019-04-17 11:45:26 - [TEST_STEP][PASSED] - Statement - println(testCaseContext.getTestCaseVariables()): Invoke 'com.kms.katalon.core.annotation.BeforeTestCase' method: 'NewTestListener.sampleBeforeTestCase(...)' completed.

2019-04-17 11:45:26 - [TEST_STEP][FAILED] - callTestCase: Unable to call Test Case with id 'Test Cases/002_System_,Manage/001_User_Manage/001_Enter_User' (Root cause: Call Test Case 'Test Cases/002_System_,Manage/001_User_Manage/001_Enter_User' failed)

2019-04-17 11:45:27 - [TEST_CASE][FAILED] - Test Cases/002_System_,Manage/001_User_Manage/001_Enter_User: Test Cases/002_System_,Manage/001_User_Manage/001_Enter_User FAILED because (of) (Stack trace: com.kms.katalon.core.exception.StepFailedException: Unable to click on object 'Object Repository/Syetem_settings/User_Manage/a_user_manage' (Root cause: org.openqa.selenium.ElementNotVisibleException: element not visible
  (Session info: headless chrome=73.0.3683.75)
  (Driver info: chromedriver=2.35.528161 (5b82f2d2aae0ca24b877009200ced9065a772e73),platform=Windows NT 6.1.7601 SP1 x86_64) (WARNING: The server did not provide any stacktrace information)
Command duration or timeout: 0 milliseconds
Build info: version: '3.7.1', revision: '8a0099a', time: '2017-11-06T21:07:36.161Z'
System info: host: 'BF-20170623WSST', ip: '192.168.10.86', os.name: 'Windows 7', os.arch: 'amd64', os.version: '6.1', java.version: '1.8.0_181'
Driver info: com.kms.katalon.selenium.driver.CChromeDriver
Capabilities {acceptInsecureCerts: false, acceptSslCerts: false, applicationCacheEnabled: false, browserConnectionEnabled: false, browserName: chrome, chrome: {chromedriverVersion: 2.35.528161 (5b82f2d2aae0ca..., userDataDir: C:\Users\ADMINI~1\AppData\L...}, cssSelectorsEnabled: true, databaseEnabled: false, handlesAlerts: true, hasTouchScreen: false, javascriptEnabled: true, locationContextEnabled: true, mobileEmulationEnabled: false, nativeEvents: true, networkConnectionEnabled: false, pageLoadStrategy: normal, platform: XP, platformName: XP, rotatable: false, setWindowRect: true, takesHeapSnapshot: true, takesScreenshot: true, unexpectedAlertBehaviour: , unhandledPromptBehavior: , version: 73.0.3683.75, webStorageEnabled: true}
Session ID: ecbfab57194731940f9b5dbca6c50beb)
	at com.kms.katalon.core.keyword.internal.KeywordMain.stepFailed(KeywordMain.groovy:36)
	at com.kms.katalon.core.webui.keyword.internal.WebUIKeywordMain.stepFailed(WebUIKeywordMain.groovy:65)
	at com.kms.katalon.core.webui.keyword.internal.WebUIKeywordMain.runKeyword(WebUIKeywordMain.groovy:27)
	at com.kms.katalon.core.webui.keyword.builtin.ClickKeyword.click(ClickKeyword.groovy:86)
	at com.kms.katalon.core.webui.keyword.builtin.ClickKeyword.execute(ClickKeyword.groovy:67)
	at com.kms.katalon.core.keyword.internal.KeywordExecutor.executeKeywordForPlatform(KeywordExecutor.groovy:53)
	at com.kms.katalon.core.webui.keyword.WebUiBuiltInKeywords.click(WebUiBuiltInKeywords.groovy:616)
	at com.kms.katalon.core.webui.keyword.WebUiBuiltInKeywords$click$4.call(Unknown Source)
	at Script1555325328873.run(Script1555325328873.groovy:25)
	at com.kms.katalon.core.main.ScriptEngine.run(ScriptEngine.java:183)
	at com.kms.katalon.core.main.ScriptEngine.runScriptAsRawText(ScriptEngine.java:108)
	at com.kms.katalon.core.main.TestCaseExecutor.runScript(TestCaseExecutor.java:294)
	at com.kms.katalon.core.main.TestCaseExecutor.doExecute(TestCaseExecutor.java:285)
	at com.kms.katalon.core.main.TestCaseExecutor.processExecutionPhase(TestCaseExecutor.java:264)
	at com.kms.katalon.core.main.TestCaseExecutor.accessMainPhase(TestCaseExecutor.java:256)
	at com.kms.katalon.core.main.TestCaseExecutor.execute(TestCaseExecutor.java:200)
	at com.kms.katalon.core.main.TestCaseMain.runTestCase(TestCaseMain.java:99)
	at com.kms.katalon.core.keyword.builtin.CallTestCaseKeyword$_callTestCase_closure1.doCall(CallTestCaseKeyword.groovy:60)
	at com.kms.katalon.core.keyword.builtin.CallTestCaseKeyword$_callTestCase_closure1.call(CallTestCaseKeyword.groovy)
	at com.kms.katalon.core.keyword.internal.KeywordMain.runKeyword(KeywordMain.groovy:54)
	at com.kms.katalon.core.keyword.builtin.CallTestCaseKeyword.callTestCase(CallTestCaseKeyword.groovy:81)
	at com.kms.katalon.core.keyword.builtin.CallTestCaseKeyword.execute(CallTestCaseKeyword.groovy:45)
	at com.kms.katalon.core.keyword.internal.KeywordExecutor.executeKeywordForPlatform(KeywordExecutor.groovy:53)
	at com.kms.katalon.core.keyword.BuiltinKeywords.callTestCase(BuiltinKeywords.groovy:334)
	at sun.reflect.NativeMethodAccessorImpl.invoke0(Native Method)
	at sun.reflect.NativeMethodAccessorImpl.invoke(NativeMethodAccessorImpl.java:62)
	at sun.reflect.DelegatingMethodAccessorImpl.invoke(DelegatingMethodAccessorImpl.java:43)
	at java.lang.reflect.Method.invoke(Method.java:498)
	at org.codehaus.groovy.reflection.CachedMethod.invoke(CachedMethod.java:93)
	at groovy.lang.MetaMethod.doMethodInvoke(MetaMethod.java:325)
	at groovy.lang.MetaClassImpl.invokeStaticMethod(MetaClassImpl.java:1469)
	at org.codehaus.groovy.runtime.callsite.StaticMetaClassSite.call(StaticMetaClassSite.java:53)
	at org.codehaus.groovy.runtime.callsite.AbstractCallSite.call(AbstractCallSite.java:141)
	at Script1555406402089.run(Script1555406402089.groovy:17)
	at com.kms.katalon.core.main.ScriptEngine.run(ScriptEngine.java:183)
	at com.kms.katalon.core.main.ScriptEngine.runScriptAsRawText(ScriptEngine.java:108)
	at com.kms.katalon.core.main.TestCaseExecutor.runScript(TestCaseExecutor.java:294)
	at com.kms.katalon.core.main.TestCaseExecutor.doExecute(TestCaseExecutor.java:285)
	at com.kms.katalon.core.main.TestCaseExecutor.processExecutionPhase(TestCaseExecutor.java:264)
	at com.kms.katalon.core.main.TestCaseExecutor.accessMainPhase(TestCaseExecutor.java:256)
	at com.kms.katalon.core.main.TestCaseExecutor.execute(TestCaseExecutor.java:200)
	at com.kms.katalon.core.main.TestSuiteExecutor.accessTestCaseMainPhase(TestSuiteExecutor.java:129)
	at com.kms.katalon.core.main.TestSuiteExecutor.accessTestSuiteMainPhase(TestSuiteExecutor.java:112)
	at com.kms.katalon.core.main.TestSuiteExecutor.execute(TestSuiteExecutor.java:81)
	at com.kms.katalon.core.main.TestCaseMain.startTestSuite(TestCaseMain.java:142)
	at com.kms.katalon.core.main.TestCaseMain$startTestSuite$0.call(Unknown Source)
	at org.codehaus.groovy.runtime.callsite.CallSiteArray.defaultCall(CallSiteArray.java:48)
	at org.codehaus.groovy.runtime.callsite.AbstractCallSite.call(AbstractCallSite.java:113)
	at org.codehaus.groovy.runtime.callsite.AbstractCallSite.call(AbstractCallSite.java:141)
	at TempTestSuite1555472249208.run(TempTestSuite1555472249208.groovy:36)
	at groovy.lang.GroovyShell.runScriptOrMainOrTestOrRunnable(GroovyShell.java:263)
	at groovy.lang.GroovyShell.run(GroovyShell.java:518)
	at groovy.lang.GroovyShell.run(GroovyShell.java:507)
	at groovy.ui.GroovyMain.processOnce(GroovyMain.java:653)
	at groovy.ui.GroovyMain.run(GroovyMain.java:384)
	at groovy.ui.GroovyMain.process(GroovyMain.java:370)
	at groovy.ui.GroovyMain.processArgs(GroovyMain.java:129)
	at groovy.ui.GroovyMain.main(GroovyMain.java:109)
	at sun.reflect.NativeMethodAccessorImpl.invoke0(Native Method)
	at sun.reflect.NativeMethodAccessorImpl.invoke(NativeMethodAccessorImpl.java:62)
	at sun.reflect.DelegatingMethodAccessorImpl.invoke(DelegatingMethodAccessorImpl.java:43)
	at java.lang.reflect.Method.invoke(Method.java:498)
	at org.codehaus.groovy.tools.GroovyStarter.rootLoader(GroovyStarter.java:109)
	at org.codehaus.groovy.tools.GroovyStarter.main(GroovyStarter.java:131)
)

2019-04-17 11:45:27 - [TEST_STEP][NOT_RUN] - callTestCase: NOT_RUN: callTestCase

2019-04-17 11:45:27 - [MESSAGE][NOT_RUN] - NOT_RUN: callTestCase

2019-04-17 11:45:27 - [TEST_STEP][PASSED] - delay: Delayed 1 second(s)

2019-04-17 11:45:28 - [MESSAGE][PASSED] - Delayed 1 second(s)

2019-04-17 11:45:28 - [TEST_STEP][PASSED] - click: Object: 'Object Repository/Syetem_settings/User_Manage/a_systemsetings' is clicked on

2019-04-17 11:45:28 - [MESSAGE][PASSED] - Object: 'Object Repository/Syetem_settings/User_Manage/a_systemsetings' is clicked on

2019-04-17 11:45:28 - [TEST_STEP][PASSED] - delay: Delayed 1 second(s)

2019-04-17 11:45:29 - [MESSAGE][PASSED] - Delayed 1 second(s)

2019-04-17 11:45:29 - [TEST_STEP][FAILED] - click: Unable to click on object 'Object Repository/Syetem_settings/User_Manage/a_user_manage' (Root cause: org.openqa.selenium.ElementNotVisibleException: element not visible
  (Session info: headless chrome=73.0.3683.75)
  (Driver info: chromedriver=2.35.528161 (5b82f2d2aae0ca24b877009200ced9065a772e73),platform=Windows NT 6.1.7601 SP1 x86_64) (WARNING: The server did not provide any stacktrace information)
Command duration or timeout: 0 milliseconds
Build info: version: '3.7.1', revision: '8a0099a', time: '2017-11-06T21:07:36.161Z'
System info: host: 'BF-20170623WSST', ip: '192.168.10.86', os.name: 'Windows 7', os.arch: 'amd64', os.version: '6.1', java.version: '1.8.0_181'
Driver info: com.kms.katalon.selenium.driver.CChromeDriver
Capabilities {acceptInsecureCerts: false, acceptSslCerts: false, applicationCacheEnabled: false, browserConnectionEnabled: false, browserName: chrome, chrome: {chromedriverVersion: 2.35.528161 (5b82f2d2aae0ca..., userDataDir: C:\Users\ADMINI~1\AppData\L...}, cssSelectorsEnabled: true, databaseEnabled: false, handlesAlerts: true, hasTouchScreen: false, javascriptEnabled: true, locationContextEnabled: true, mobileEmulationEnabled: false, nativeEvents: true, networkConnectionEnabled: false, pageLoadStrategy: normal, platform: XP, platformName: XP, rotatable: false, setWindowRect: true, takesHeapSnapshot: true, takesScreenshot: true, unexpectedAlertBehaviour: , unhandledPromptBehavior: , version: 73.0.3683.75, webStorageEnabled: true}
Session ID: ecbfab57194731940f9b5dbca6c50beb)

2019-04-17 11:45:29 - [MESSAGE][FAILED] - Unable to click on object 'Object Repository/Syetem_settings/User_Manage/a_user_manage' (Root cause: org.openqa.selenium.ElementNotVisibleException: element not visible
  (Session info: headless chrome=73.0.3683.75)
  (Driver info: chromedriver=2.35.528161 (5b82f2d2aae0ca24b877009200ced9065a772e73),platform=Windows NT 6.1.7601 SP1 x86_64) (WARNING: The server did not provide any stacktrace information)
Command duration or timeout: 0 milliseconds
Build info: version: '3.7.1', revision: '8a0099a', time: '2017-11-06T21:07:36.161Z'
System info: host: 'BF-20170623WSST', ip: '192.168.10.86', os.name: 'Windows 7', os.arch: 'amd64', os.version: '6.1', java.version: '1.8.0_181'
Driver info: com.kms.katalon.selenium.driver.CChromeDriver
Capabilities {acceptInsecureCerts: false, acceptSslCerts: false, applicationCacheEnabled: false, browserConnectionEnabled: false, browserName: chrome, chrome: {chromedriverVersion: 2.35.528161 (5b82f2d2aae0ca..., userDataDir: C:\Users\ADMINI~1\AppData\L...}, cssSelectorsEnabled: true, databaseEnabled: false, handlesAlerts: true, hasTouchScreen: false, javascriptEnabled: true, locationContextEnabled: true, mobileEmulationEnabled: false, nativeEvents: true, networkConnectionEnabled: false, pageLoadStrategy: normal, platform: XP, platformName: XP, rotatable: false, setWindowRect: true, takesHeapSnapshot: true, takesScreenshot: true, unexpectedAlertBehaviour: , unhandledPromptBehavior: , version: 73.0.3683.75, webStorageEnabled: true}
Session ID: ecbfab57194731940f9b5dbca6c50beb)
[[ATTACHMENT|G:\\Auto_Learning\\katalon\\katalon_project\\katalon_project\\T2M_Manage\\T2M_Manage\\Reports\\User Manage\\staff manage\\20190417_113729\\1555472729173.png]]

2019-04-17 11:45:29 - [MESSAGE][FAILED] - Unable to call Test Case with id 'Test Cases/002_System_,Manage/001_User_Manage/001_Enter_User' (Root cause: Call Test Case 'Test Cases/002_System_,Manage/001_User_Manage/001_Enter_User' failed)

2019-04-17 11:45:29 - [TEST_STEP][PASSED] - Start listener action : sampleAfterTestCase: Invoke 'com.kms.katalon.core.annotation.AfterTestCase' method: 'NewTestListener.sampleAfterTestCase(...)' completed.

2019-04-17 11:45:29 - [TEST_STEP][PASSED] - Statement - println(testCaseContext.getTestCaseId()): null

2019-04-17 11:45:29 - [TEST_STEP][PASSED] - Statement - println(testCaseContext.getTestCaseStatus()): Invoke 'com.kms.katalon.core.annotation.AfterTestCase' method: 'NewTestListener.sampleAfterTestCase(...)' completed.]]></system-out>
         <system-err><![CDATA[2019-04-17 11:45:26 - [TEST_CASE][FAILED] - Test Cases/002_System_,Manage/001_User_Manage/011_edit_user_normal: Test Cases/002_System_,Manage/001_User_Manage/011_edit_user_normal FAILED because (of) (Stack trace: com.kms.katalon.core.exception.StepFailedException: Unable to click on object 'Object Repository/Syetem_settings/User_Manage/a_user_manage' (Root cause: org.openqa.selenium.ElementNotVisibleException: element not visible
  (Session info: headless chrome=73.0.3683.75)
  (Driver info: chromedriver=2.35.528161 (5b82f2d2aae0ca24b877009200ced9065a772e73),platform=Windows NT 6.1.7601 SP1 x86_64) (WARNING: The server did not provide any stacktrace information)
Command duration or timeout: 0 milliseconds
Build info: version: '3.7.1', revision: '8a0099a', time: '2017-11-06T21:07:36.161Z'
System info: host: 'BF-20170623WSST', ip: '192.168.10.86', os.name: 'Windows 7', os.arch: 'amd64', os.version: '6.1', java.version: '1.8.0_181'
Driver info: com.kms.katalon.selenium.driver.CChromeDriver
Capabilities {acceptInsecureCerts: false, acceptSslCerts: false, applicationCacheEnabled: false, browserConnectionEnabled: false, browserName: chrome, chrome: {chromedriverVersion: 2.35.528161 (5b82f2d2aae0ca..., userDataDir: C:\Users\ADMINI~1\AppData\L...}, cssSelectorsEnabled: true, databaseEnabled: false, handlesAlerts: true, hasTouchScreen: false, javascriptEnabled: true, locationContextEnabled: true, mobileEmulationEnabled: false, nativeEvents: true, networkConnectionEnabled: false, pageLoadStrategy: normal, platform: XP, platformName: XP, rotatable: false, setWindowRect: true, takesHeapSnapshot: true, takesScreenshot: true, unexpectedAlertBehaviour: , unhandledPromptBehavior: , version: 73.0.3683.75, webStorageEnabled: true}
Session ID: ecbfab57194731940f9b5dbca6c50beb)
	at com.kms.katalon.core.keyword.internal.KeywordMain.stepFailed(KeywordMain.groovy:36)
	at com.kms.katalon.core.webui.keyword.internal.WebUIKeywordMain.stepFailed(WebUIKeywordMain.groovy:65)
	at com.kms.katalon.core.webui.keyword.internal.WebUIKeywordMain.runKeyword(WebUIKeywordMain.groovy:27)
	at com.kms.katalon.core.webui.keyword.builtin.ClickKeyword.click(ClickKeyword.groovy:86)
	at com.kms.katalon.core.webui.keyword.builtin.ClickKeyword.execute(ClickKeyword.groovy:67)
	at com.kms.katalon.core.keyword.internal.KeywordExecutor.executeKeywordForPlatform(KeywordExecutor.groovy:53)
	at com.kms.katalon.core.webui.keyword.WebUiBuiltInKeywords.click(WebUiBuiltInKeywords.groovy:616)
	at com.kms.katalon.core.webui.keyword.WebUiBuiltInKeywords$click$4.call(Unknown Source)
	at Script1555325328873.run(Script1555325328873.groovy:25)
	at com.kms.katalon.core.main.ScriptEngine.run(ScriptEngine.java:183)
	at com.kms.katalon.core.main.ScriptEngine.runScriptAsRawText(ScriptEngine.java:108)
	at com.kms.katalon.core.main.TestCaseExecutor.runScript(TestCaseExecutor.java:294)
	at com.kms.katalon.core.main.TestCaseExecutor.doExecute(TestCaseExecutor.java:285)
	at com.kms.katalon.core.main.TestCaseExecutor.processExecutionPhase(TestCaseExecutor.java:264)
	at com.kms.katalon.core.main.TestCaseExecutor.accessMainPhase(TestCaseExecutor.java:256)
	at com.kms.katalon.core.main.TestCaseExecutor.execute(TestCaseExecutor.java:200)
	at com.kms.katalon.core.main.TestCaseMain.runTestCase(TestCaseMain.java:99)
	at com.kms.katalon.core.keyword.builtin.CallTestCaseKeyword$_callTestCase_closure1.doCall(CallTestCaseKeyword.groovy:60)
	at com.kms.katalon.core.keyword.builtin.CallTestCaseKeyword$_callTestCase_closure1.call(CallTestCaseKeyword.groovy)
	at com.kms.katalon.core.keyword.internal.KeywordMain.runKeyword(KeywordMain.groovy:54)
	at com.kms.katalon.core.keyword.builtin.CallTestCaseKeyword.callTestCase(CallTestCaseKeyword.groovy:81)
	at com.kms.katalon.core.keyword.builtin.CallTestCaseKeyword.execute(CallTestCaseKeyword.groovy:45)
	at com.kms.katalon.core.keyword.internal.KeywordExecutor.executeKeywordForPlatform(KeywordExecutor.groovy:53)
	at com.kms.katalon.core.keyword.BuiltinKeywords.callTestCase(BuiltinKeywords.groovy:334)
	at sun.reflect.NativeMethodAccessorImpl.invoke0(Native Method)
	at sun.reflect.NativeMethodAccessorImpl.invoke(NativeMethodAccessorImpl.java:62)
	at sun.reflect.DelegatingMethodAccessorImpl.invoke(DelegatingMethodAccessorImpl.java:43)
	at java.lang.reflect.Method.invoke(Method.java:498)
	at org.codehaus.groovy.reflection.CachedMethod.invoke(CachedMethod.java:93)
	at groovy.lang.MetaMethod.doMethodInvoke(MetaMethod.java:325)
	at groovy.lang.MetaClassImpl.invokeStaticMethod(MetaClassImpl.java:1469)
	at org.codehaus.groovy.runtime.callsite.StaticMetaClassSite.call(StaticMetaClassSite.java:53)
	at org.codehaus.groovy.runtime.callsite.AbstractCallSite.call(AbstractCallSite.java:141)
	at Script1555406402089.run(Script1555406402089.groovy:17)
	at com.kms.katalon.core.main.ScriptEngine.run(ScriptEngine.java:183)
	at com.kms.katalon.core.main.ScriptEngine.runScriptAsRawText(ScriptEngine.java:108)
	at com.kms.katalon.core.main.TestCaseExecutor.runScript(TestCaseExecutor.java:294)
	at com.kms.katalon.core.main.TestCaseExecutor.doExecute(TestCaseExecutor.java:285)
	at com.kms.katalon.core.main.TestCaseExecutor.processExecutionPhase(TestCaseExecutor.java:264)
	at com.kms.katalon.core.main.TestCaseExecutor.accessMainPhase(TestCaseExecutor.java:256)
	at com.kms.katalon.core.main.TestCaseExecutor.execute(TestCaseExecutor.java:200)
	at com.kms.katalon.core.main.TestSuiteExecutor.accessTestCaseMainPhase(TestSuiteExecutor.java:129)
	at com.kms.katalon.core.main.TestSuiteExecutor.accessTestSuiteMainPhase(TestSuiteExecutor.java:112)
	at com.kms.katalon.core.main.TestSuiteExecutor.execute(TestSuiteExecutor.java:81)
	at com.kms.katalon.core.main.TestCaseMain.startTestSuite(TestCaseMain.java:142)
	at com.kms.katalon.core.main.TestCaseMain$startTestSuite$0.call(Unknown Source)
	at org.codehaus.groovy.runtime.callsite.CallSiteArray.defaultCall(CallSiteArray.java:48)
	at org.codehaus.groovy.runtime.callsite.AbstractCallSite.call(AbstractCallSite.java:113)
	at org.codehaus.groovy.runtime.callsite.AbstractCallSite.call(AbstractCallSite.java:141)
	at TempTestSuite1555472249208.run(TempTestSuite1555472249208.groovy:36)
	at groovy.lang.GroovyShell.runScriptOrMainOrTestOrRunnable(GroovyShell.java:263)
	at groovy.lang.GroovyShell.run(GroovyShell.java:518)
	at groovy.lang.GroovyShell.run(GroovyShell.java:507)
	at groovy.ui.GroovyMain.processOnce(GroovyMain.java:653)
	at groovy.ui.GroovyMain.run(GroovyMain.java:384)
	at groovy.ui.GroovyMain.process(GroovyMain.java:370)
	at groovy.ui.GroovyMain.processArgs(GroovyMain.java:129)
	at groovy.ui.GroovyMain.main(GroovyMain.java:109)
	at sun.reflect.NativeMethodAccessorImpl.invoke0(Native Method)
	at sun.reflect.NativeMethodAccessorImpl.invoke(NativeMethodAccessorImpl.java:62)
	at sun.reflect.DelegatingMethodAccessorImpl.invoke(DelegatingMethodAccessorImpl.java:43)
	at java.lang.reflect.Method.invoke(Method.java:498)
	at org.codehaus.groovy.tools.GroovyStarter.rootLoader(GroovyStarter.java:109)
	at org.codehaus.groovy.tools.GroovyStarter.main(GroovyStarter.java:131)
)]]></system-err>
      </testcase>
      <testcase name="Test Cases/002_System_,Manage/001_User_Manage/011_edit_user_normal" classname="Test Cases/002_System_,Manage/001_User_Manage/011_edit_user_normal" status="PASSED">
         <system-out><![CDATA[2019-04-17 11:45:31 - [TEST_CASE][PASSED] - Test Cases/002_System_,Manage/001_User_Manage/011_edit_user_normal: Test Cases/002_System_,Manage/001_User_Manage/011_edit_user_normal

2019-04-17 11:45:31 - [TEST_STEP][PASSED] - Start listener action : sampleBeforeTestCase: Invoke 'com.kms.katalon.core.annotation.BeforeTestCase' method: 'NewTestListener.sampleBeforeTestCase(...)' completed.

2019-04-17 11:45:31 - [TEST_STEP][PASSED] - Statement - println(testCaseContext.getTestCaseId()): null

2019-04-17 11:45:31 - [TEST_STEP][PASSED] - Statement - println(testCaseContext.getTestCaseVariables()): Invoke 'com.kms.katalon.core.annotation.BeforeTestCase' method: 'NewTestListener.sampleBeforeTestCase(...)' completed.

2019-04-17 11:45:31 - [TEST_STEP][PASSED] - callTestCase: Call Test Case 'Test Cases/002_System_,Manage/001_User_Manage/001_Enter_User' successfully

2019-04-17 11:45:31 - [TEST_CASE][PASSED] - Test Cases/002_System_,Manage/001_User_Manage/001_Enter_User: Test Cases/002_System_,Manage/001_User_Manage/001_Enter_User

2019-04-17 11:45:31 - [TEST_STEP][NOT_RUN] - callTestCase: NOT_RUN: callTestCase

2019-04-17 11:45:31 - [MESSAGE][NOT_RUN] - NOT_RUN: callTestCase

2019-04-17 11:45:31 - [TEST_STEP][PASSED] - delay: Delayed 1 second(s)

2019-04-17 11:45:32 - [MESSAGE][PASSED] - Delayed 1 second(s)

2019-04-17 11:45:32 - [TEST_STEP][PASSED] - click: Object: 'Object Repository/Syetem_settings/User_Manage/a_systemsetings' is clicked on

2019-04-17 11:45:32 - [MESSAGE][PASSED] - Object: 'Object Repository/Syetem_settings/User_Manage/a_systemsetings' is clicked on

2019-04-17 11:45:32 - [TEST_STEP][PASSED] - delay: Delayed 1 second(s)

2019-04-17 11:45:33 - [MESSAGE][PASSED] - Delayed 1 second(s)

2019-04-17 11:45:33 - [TEST_STEP][PASSED] - click: Object: 'Object Repository/Syetem_settings/User_Manage/a_user_manage' is clicked on

2019-04-17 11:45:33 - [MESSAGE][PASSED] - Object: 'Object Repository/Syetem_settings/User_Manage/a_user_manage' is clicked on

2019-04-17 11:45:33 - [TEST_STEP][PASSED] - delay: Delayed 1 second(s)

2019-04-17 11:45:34 - [MESSAGE][PASSED] - Delayed 1 second(s)

2019-04-17 11:45:34 - [TEST_STEP][PASSED] - Statement - verify_user = com.kms.katalon.core.webui.keyword.WebUiBuiltInKeywords.verifyElementPresent(com.kms.katalon.core.testobject.ObjectRepository.findTestObject(Syetem_settings/User_Manage/cite_usertable), 0): Object 'Object Repository/Syetem_settings/User_Manage/cite_usertable' is present

2019-04-17 11:45:34 - [MESSAGE][WARNING] - Timeout '0' is invalid. Using default page load timeout: '30'

2019-04-17 11:45:35 - [MESSAGE][PASSED] - Object 'Object Repository/Syetem_settings/User_Manage/cite_usertable' is present

2019-04-17 11:45:35 - [TEST_STEP][PASSED] - Statement - If (verify_user): Enter the Successfully entered the people management page

2019-04-17 11:45:35 - [TEST_STEP][PASSED] - comment: Enter the Successfully entered the people management page

2019-04-17 11:45:35 - [MESSAGE][PASSED] - Call Test Case 'Test Cases/002_System_,Manage/001_User_Manage/001_Enter_User' successfully

2019-04-17 11:45:35 - [TEST_STEP][PASSED] - maximizeWindow: Current window maximized

2019-04-17 11:45:35 - [MESSAGE][PASSED] - Current window maximized

2019-04-17 11:45:35 - [TEST_STEP][PASSED] - setText: Text '测试人员008' is set on object 'Object Repository/test/input__keyword'

2019-04-17 11:45:35 - [MESSAGE][PASSED] - Text '测试人员008' is set on object 'Object Repository/test/input__keyword'

2019-04-17 11:45:35 - [TEST_STEP][PASSED] - delay: Delayed 1 second(s)

2019-04-17 11:45:36 - [MESSAGE][PASSED] - Delayed 1 second(s)

2019-04-17 11:45:36 - [TEST_STEP][PASSED] - click: Object: 'Object Repository/test/button__layui-btn' is clicked on

2019-04-17 11:45:36 - [MESSAGE][PASSED] - Object: 'Object Repository/test/button__layui-btn' is clicked on

2019-04-17 11:45:36 - [TEST_STEP][PASSED] - delay: Delayed 1 second(s)

2019-04-17 11:45:37 - [MESSAGE][PASSED] - Delayed 1 second(s)

2019-04-17 11:45:37 - [TEST_STEP][PASSED] - click: Object: 'Object Repository/Syetem_settings/User_Manage/Edit_user_info/edit_first' is clicked on

2019-04-17 11:45:37 - [MESSAGE][PASSED] - Object: 'Object Repository/Syetem_settings/User_Manage/Edit_user_info/edit_first' is clicked on

2019-04-17 11:45:37 - [TEST_STEP][PASSED] - delay: Delayed 2 second(s)

2019-04-17 11:45:39 - [MESSAGE][PASSED] - Delayed 2 second(s)

2019-04-17 11:45:39 - [TEST_STEP][PASSED] - click: Object: 'Object Repository/Syetem_settings/User_Manage/user_info/input__addDeptName' is clicked on

2019-04-17 11:45:39 - [MESSAGE][PASSED] - Object: 'Object Repository/Syetem_settings/User_Manage/user_info/input__addDeptName' is clicked on

2019-04-17 11:45:39 - [TEST_STEP][PASSED] - delay: Delayed 1 second(s)

2019-04-17 11:45:40 - [MESSAGE][PASSED] - Delayed 1 second(s)

2019-04-17 11:45:40 - [TEST_STEP][PASSED] - click: Object: 'Object Repository/Syetem_settings/User_Manage/Edit_user_info/div_NB_QA' is clicked on

2019-04-17 11:45:40 - [MESSAGE][PASSED] - Object: 'Object Repository/Syetem_settings/User_Manage/Edit_user_info/div_NB_QA' is clicked on

2019-04-17 11:45:40 - [TEST_STEP][PASSED] - delay: Delayed 1 second(s)

2019-04-17 11:45:41 - [MESSAGE][PASSED] - Delayed 1 second(s)

2019-04-17 11:45:41 - [TEST_STEP][PASSED] - setText: Text '编辑008' is set on object 'Object Repository/Syetem_settings/User_Manage/Edit_user_info/input_ realname'

2019-04-17 11:45:41 - [MESSAGE][PASSED] - Text '编辑008' is set on object 'Object Repository/Syetem_settings/User_Manage/Edit_user_info/input_ realname'

2019-04-17 11:45:41 - [TEST_STEP][PASSED] - delay: Delayed 1 second(s)

2019-04-17 11:45:42 - [MESSAGE][PASSED] - Delayed 1 second(s)

2019-04-17 11:45:42 - [TEST_STEP][PASSED] - setText: Text '测试岗位1' is set on object 'Object Repository/Syetem_settings/User_Manage/Edit_user_info/input_position'

2019-04-17 11:45:42 - [MESSAGE][PASSED] - Text '测试岗位1' is set on object 'Object Repository/Syetem_settings/User_Manage/Edit_user_info/input_position'

2019-04-17 11:45:42 - [TEST_STEP][PASSED] - delay: Delayed 1 second(s)

2019-04-17 11:45:43 - [MESSAGE][PASSED] - Delayed 1 second(s)

2019-04-17 11:45:43 - [TEST_STEP][PASSED] - setText: Text '15263625410' is set on object 'Object Repository/Syetem_settings/User_Manage/Edit_user_info/input__mobile'

2019-04-17 11:45:44 - [MESSAGE][PASSED] - Text '15263625410' is set on object 'Object Repository/Syetem_settings/User_Manage/Edit_user_info/input__mobile'

2019-04-17 11:45:44 - [TEST_STEP][PASSED] - delay: Delayed 1 second(s)

2019-04-17 11:45:45 - [MESSAGE][PASSED] - Delayed 1 second(s)

2019-04-17 11:45:45 - [TEST_STEP][PASSED] - setText: Text '24s54255@outlook.com' is set on object 'Object Repository/Syetem_settings/User_Manage/Edit_user_info/input_email'

2019-04-17 11:45:45 - [MESSAGE][PASSED] - Text '24s54255@outlook.com' is set on object 'Object Repository/Syetem_settings/User_Manage/Edit_user_info/input_email'

2019-04-17 11:45:45 - [TEST_STEP][PASSED] - delay: Delayed 1 second(s)

2019-04-17 11:45:46 - [MESSAGE][PASSED] - Delayed 1 second(s)

2019-04-17 11:45:46 - [TEST_STEP][PASSED] - click: Object: 'Object Repository/Syetem_settings/User_Manage/Edit_user_info/button_Saveedit' is clicked on

2019-04-17 11:45:46 - [MESSAGE][PASSED] - Object: 'Object Repository/Syetem_settings/User_Manage/Edit_user_info/button_Saveedit' is clicked on

2019-04-17 11:45:46 - [TEST_STEP][PASSED] - delay: Delayed 2 second(s)

2019-04-17 11:45:48 - [MESSAGE][PASSED] - Delayed 2 second(s)

2019-04-17 11:45:48 - [TEST_STEP][PASSED] - setText: Text '编辑008' is set on object 'Object Repository/test/input__keyword'

2019-04-17 11:45:48 - [MESSAGE][PASSED] - Text '编辑008' is set on object 'Object Repository/test/input__keyword'

2019-04-17 11:45:48 - [TEST_STEP][PASSED] - delay: Delayed 1 second(s)

2019-04-17 11:45:49 - [MESSAGE][PASSED] - Delayed 1 second(s)

2019-04-17 11:45:49 - [TEST_STEP][PASSED] - click: Object: 'Object Repository/test/button__layui-btn' is clicked on

2019-04-17 11:45:49 - [MESSAGE][PASSED] - Object: 'Object Repository/test/button__layui-btn' is clicked on

2019-04-17 11:45:49 - [TEST_STEP][PASSED] - delay: Delayed 1 second(s)

2019-04-17 11:45:50 - [MESSAGE][PASSED] - Delayed 1 second(s)

2019-04-17 11:45:50 - [TEST_STEP][PASSED] - Statement - data_content = com.kms.katalon.core.webui.keyword.WebUiBuiltInKeywords.getAttribute(com.kms.katalon.core.testobject.ObjectRepository.findTestObject(Syetem_settings/User_Manage/Search/td_number1), "data-content"): Attribute 'data-content' of object 'Object Repository/Syetem_settings/User_Manage/Search/td_number1' is: '编辑008'

2019-04-17 11:45:50 - [MESSAGE][PASSED] - Attribute 'data-content' of object 'Object Repository/Syetem_settings/User_Manage/Search/td_number1' is: '编辑008'

2019-04-17 11:45:50 - [TEST_STEP][PASSED] - Statement - If (data_content == username): 人员编辑修改成功

2019-04-17 11:45:50 - [TEST_STEP][PASSED] - comment: 人员编辑修改成功

2019-04-17 11:45:50 - [TEST_STEP][PASSED] - Start listener action : sampleAfterTestCase: Invoke 'com.kms.katalon.core.annotation.AfterTestCase' method: 'NewTestListener.sampleAfterTestCase(...)' completed.

2019-04-17 11:45:50 - [TEST_STEP][PASSED] - Statement - println(testCaseContext.getTestCaseId()): null

2019-04-17 11:45:50 - [TEST_STEP][PASSED] - Statement - println(testCaseContext.getTestCaseStatus()): Invoke 'com.kms.katalon.core.annotation.AfterTestCase' method: 'NewTestListener.sampleAfterTestCase(...)' completed.]]></system-out>
         <system-err><![CDATA[]]></system-err>
      </testcase>
      <testcase name="Test Cases/002_System_,Manage/001_User_Manage/011_edit_user_normal" classname="Test Cases/002_System_,Manage/001_User_Manage/011_edit_user_normal" status="FAILED">
         <failure type="FAILED" message="(Stack trace: com.kms.katalon.core.exception.StepFailedException: Unable to click on object 'Object Repository/Syetem_settings/User_Manage/a_user_manage' (Root cause: org.openqa.selenium.ElementNotVisibleException: element not visible
  (Session info: headless chrome=73.0.3683.75)
  (Driver info: chromedriver=2.35.528161 (5b82f2d2aae0ca24b877009200ced9065a772e73),platform=Windows NT 6.1.7601 SP1 x86_64) (WARNING: The server did not provide any stacktrace information)
Command duration or timeout: 0 milliseconds
Build info: version: '3.7.1', revision: '8a0099a', time: '2017-11-06T21:07:36.161Z'
System info: host: 'BF-20170623WSST', ip: '192.168.10.86', os.name: 'Windows 7', os.arch: 'amd64', os.version: '6.1', java.version: '1.8.0_181'
Driver info: com.kms.katalon.selenium.driver.CChromeDriver
Capabilities {acceptInsecureCerts: false, acceptSslCerts: false, applicationCacheEnabled: false, browserConnectionEnabled: false, browserName: chrome, chrome: {chromedriverVersion: 2.35.528161 (5b82f2d2aae0ca..., userDataDir: C:\Users\ADMINI~1\AppData\L...}, cssSelectorsEnabled: true, databaseEnabled: false, handlesAlerts: true, hasTouchScreen: false, javascriptEnabled: true, locationContextEnabled: true, mobileEmulationEnabled: false, nativeEvents: true, networkConnectionEnabled: false, pageLoadStrategy: normal, platform: XP, platformName: XP, rotatable: false, setWindowRect: true, takesHeapSnapshot: true, takesScreenshot: true, unexpectedAlertBehaviour: , unhandledPromptBehavior: , version: 73.0.3683.75, webStorageEnabled: true}
Session ID: ecbfab57194731940f9b5dbca6c50beb)
	at com.kms.katalon.core.keyword.internal.KeywordMain.stepFailed(KeywordMain.groovy:36)
	at com.kms.katalon.core.webui.keyword.internal.WebUIKeywordMain.stepFailed(WebUIKeywordMain.groovy:65)
	at com.kms.katalon.core.webui.keyword.internal.WebUIKeywordMain.runKeyword(WebUIKeywordMain.groovy:27)
	at com.kms.katalon.core.webui.keyword.builtin.ClickKeyword.click(ClickKeyword.groovy:86)
	at com.kms.katalon.core.webui.keyword.builtin.ClickKeyword.execute(ClickKeyword.groovy:67)
	at com.kms.katalon.core.keyword.internal.KeywordExecutor.executeKeywordForPlatform(KeywordExecutor.groovy:53)
	at com.kms.katalon.core.webui.keyword.WebUiBuiltInKeywords.click(WebUiBuiltInKeywords.groovy:616)
	at com.kms.katalon.core.webui.keyword.WebUiBuiltInKeywords$click$4.call(Unknown Source)
	at Script1555325328873.run(Script1555325328873.groovy:25)
	at com.kms.katalon.core.main.ScriptEngine.run(ScriptEngine.java:183)
	at com.kms.katalon.core.main.ScriptEngine.runScriptAsRawText(ScriptEngine.java:108)
	at com.kms.katalon.core.main.TestCaseExecutor.runScript(TestCaseExecutor.java:294)
	at com.kms.katalon.core.main.TestCaseExecutor.doExecute(TestCaseExecutor.java:285)
	at com.kms.katalon.core.main.TestCaseExecutor.processExecutionPhase(TestCaseExecutor.java:264)
	at com.kms.katalon.core.main.TestCaseExecutor.accessMainPhase(TestCaseExecutor.java:256)
	at com.kms.katalon.core.main.TestCaseExecutor.execute(TestCaseExecutor.java:200)
	at com.kms.katalon.core.main.TestCaseMain.runTestCase(TestCaseMain.java:99)
	at com.kms.katalon.core.keyword.builtin.CallTestCaseKeyword$_callTestCase_closure1.doCall(CallTestCaseKeyword.groovy:60)
	at com.kms.katalon.core.keyword.builtin.CallTestCaseKeyword$_callTestCase_closure1.call(CallTestCaseKeyword.groovy)
	at com.kms.katalon.core.keyword.internal.KeywordMain.runKeyword(KeywordMain.groovy:54)
	at com.kms.katalon.core.keyword.builtin.CallTestCaseKeyword.callTestCase(CallTestCaseKeyword.groovy:81)
	at com.kms.katalon.core.keyword.builtin.CallTestCaseKeyword.execute(CallTestCaseKeyword.groovy:45)
	at com.kms.katalon.core.keyword.internal.KeywordExecutor.executeKeywordForPlatform(KeywordExecutor.groovy:53)
	at com.kms.katalon.core.keyword.BuiltinKeywords.callTestCase(BuiltinKeywords.groovy:334)
	at sun.reflect.NativeMethodAccessorImpl.invoke0(Native Method)
	at sun.reflect.NativeMethodAccessorImpl.invoke(NativeMethodAccessorImpl.java:62)
	at sun.reflect.DelegatingMethodAccessorImpl.invoke(DelegatingMethodAccessorImpl.java:43)
	at java.lang.reflect.Method.invoke(Method.java:498)
	at org.codehaus.groovy.reflection.CachedMethod.invoke(CachedMethod.java:93)
	at groovy.lang.MetaMethod.doMethodInvoke(MetaMethod.java:325)
	at groovy.lang.MetaClassImpl.invokeStaticMethod(MetaClassImpl.java:1469)
	at org.codehaus.groovy.runtime.callsite.StaticMetaClassSite.call(StaticMetaClassSite.java:53)
	at org.codehaus.groovy.runtime.callsite.AbstractCallSite.call(AbstractCallSite.java:141)
	at Script1555406402089.run(Script1555406402089.groovy:17)
	at com.kms.katalon.core.main.ScriptEngine.run(ScriptEngine.java:183)
	at com.kms.katalon.core.main.ScriptEngine.runScriptAsRawText(ScriptEngine.java:108)
	at com.kms.katalon.core.main.TestCaseExecutor.runScript(TestCaseExecutor.java:294)
	at com.kms.katalon.core.main.TestCaseExecutor.doExecute(TestCaseExecutor.java:285)
	at com.kms.katalon.core.main.TestCaseExecutor.processExecutionPhase(TestCaseExecutor.java:264)
	at com.kms.katalon.core.main.TestCaseExecutor.accessMainPhase(TestCaseExecutor.java:256)
	at com.kms.katalon.core.main.TestCaseExecutor.execute(TestCaseExecutor.java:200)
	at com.kms.katalon.core.main.TestSuiteExecutor.accessTestCaseMainPhase(TestSuiteExecutor.java:129)
	at com.kms.katalon.core.main.TestSuiteExecutor.accessTestSuiteMainPhase(TestSuiteExecutor.java:112)
	at com.kms.katalon.core.main.TestSuiteExecutor.execute(TestSuiteExecutor.java:81)
	at com.kms.katalon.core.main.TestCaseMain.startTestSuite(TestCaseMain.java:142)
	at com.kms.katalon.core.main.TestCaseMain$startTestSuite$0.call(Unknown Source)
	at org.codehaus.groovy.runtime.callsite.CallSiteArray.defaultCall(CallSiteArray.java:48)
	at org.codehaus.groovy.runtime.callsite.AbstractCallSite.call(AbstractCallSite.java:113)
	at org.codehaus.groovy.runtime.callsite.AbstractCallSite.call(AbstractCallSite.java:141)
	at TempTestSuite1555472249208.run(TempTestSuite1555472249208.groovy:36)
	at groovy.lang.GroovyShell.runScriptOrMainOrTestOrRunnable(GroovyShell.java:263)
	at groovy.lang.GroovyShell.run(GroovyShell.java:518)
	at groovy.lang.GroovyShell.run(GroovyShell.java:507)
	at groovy.ui.GroovyMain.processOnce(GroovyMain.java:653)
	at groovy.ui.GroovyMain.run(GroovyMain.java:384)
	at groovy.ui.GroovyMain.process(GroovyMain.java:370)
	at groovy.ui.GroovyMain.processArgs(GroovyMain.java:129)
	at groovy.ui.GroovyMain.main(GroovyMain.java:109)
	at sun.reflect.NativeMethodAccessorImpl.invoke0(Native Method)
	at sun.reflect.NativeMethodAccessorImpl.invoke(NativeMethodAccessorImpl.java:62)
	at sun.reflect.DelegatingMethodAccessorImpl.invoke(DelegatingMethodAccessorImpl.java:43)
	at java.lang.reflect.Method.invoke(Method.java:498)
	at org.codehaus.groovy.tools.GroovyStarter.rootLoader(GroovyStarter.java:109)
	at org.codehaus.groovy.tools.GroovyStarter.main(GroovyStarter.java:131)
)"/>
         <system-out><![CDATA[2019-04-17 11:45:52 - [TEST_CASE][FAILED] - Test Cases/002_System_,Manage/001_User_Manage/011_edit_user_normal: Test Cases/002_System_,Manage/001_User_Manage/011_edit_user_normal FAILED because (of) (Stack trace: com.kms.katalon.core.exception.StepFailedException: Unable to click on object 'Object Repository/Syetem_settings/User_Manage/a_user_manage' (Root cause: org.openqa.selenium.ElementNotVisibleException: element not visible
  (Session info: headless chrome=73.0.3683.75)
  (Driver info: chromedriver=2.35.528161 (5b82f2d2aae0ca24b877009200ced9065a772e73),platform=Windows NT 6.1.7601 SP1 x86_64) (WARNING: The server did not provide any stacktrace information)
Command duration or timeout: 0 milliseconds
Build info: version: '3.7.1', revision: '8a0099a', time: '2017-11-06T21:07:36.161Z'
System info: host: 'BF-20170623WSST', ip: '192.168.10.86', os.name: 'Windows 7', os.arch: 'amd64', os.version: '6.1', java.version: '1.8.0_181'
Driver info: com.kms.katalon.selenium.driver.CChromeDriver
Capabilities {acceptInsecureCerts: false, acceptSslCerts: false, applicationCacheEnabled: false, browserConnectionEnabled: false, browserName: chrome, chrome: {chromedriverVersion: 2.35.528161 (5b82f2d2aae0ca..., userDataDir: C:\Users\ADMINI~1\AppData\L...}, cssSelectorsEnabled: true, databaseEnabled: false, handlesAlerts: true, hasTouchScreen: false, javascriptEnabled: true, locationContextEnabled: true, mobileEmulationEnabled: false, nativeEvents: true, networkConnectionEnabled: false, pageLoadStrategy: normal, platform: XP, platformName: XP, rotatable: false, setWindowRect: true, takesHeapSnapshot: true, takesScreenshot: true, unexpectedAlertBehaviour: , unhandledPromptBehavior: , version: 73.0.3683.75, webStorageEnabled: true}
Session ID: ecbfab57194731940f9b5dbca6c50beb)
	at com.kms.katalon.core.keyword.internal.KeywordMain.stepFailed(KeywordMain.groovy:36)
	at com.kms.katalon.core.webui.keyword.internal.WebUIKeywordMain.stepFailed(WebUIKeywordMain.groovy:65)
	at com.kms.katalon.core.webui.keyword.internal.WebUIKeywordMain.runKeyword(WebUIKeywordMain.groovy:27)
	at com.kms.katalon.core.webui.keyword.builtin.ClickKeyword.click(ClickKeyword.groovy:86)
	at com.kms.katalon.core.webui.keyword.builtin.ClickKeyword.execute(ClickKeyword.groovy:67)
	at com.kms.katalon.core.keyword.internal.KeywordExecutor.executeKeywordForPlatform(KeywordExecutor.groovy:53)
	at com.kms.katalon.core.webui.keyword.WebUiBuiltInKeywords.click(WebUiBuiltInKeywords.groovy:616)
	at com.kms.katalon.core.webui.keyword.WebUiBuiltInKeywords$click$4.call(Unknown Source)
	at Script1555325328873.run(Script1555325328873.groovy:25)
	at com.kms.katalon.core.main.ScriptEngine.run(ScriptEngine.java:183)
	at com.kms.katalon.core.main.ScriptEngine.runScriptAsRawText(ScriptEngine.java:108)
	at com.kms.katalon.core.main.TestCaseExecutor.runScript(TestCaseExecutor.java:294)
	at com.kms.katalon.core.main.TestCaseExecutor.doExecute(TestCaseExecutor.java:285)
	at com.kms.katalon.core.main.TestCaseExecutor.processExecutionPhase(TestCaseExecutor.java:264)
	at com.kms.katalon.core.main.TestCaseExecutor.accessMainPhase(TestCaseExecutor.java:256)
	at com.kms.katalon.core.main.TestCaseExecutor.execute(TestCaseExecutor.java:200)
	at com.kms.katalon.core.main.TestCaseMain.runTestCase(TestCaseMain.java:99)
	at com.kms.katalon.core.keyword.builtin.CallTestCaseKeyword$_callTestCase_closure1.doCall(CallTestCaseKeyword.groovy:60)
	at com.kms.katalon.core.keyword.builtin.CallTestCaseKeyword$_callTestCase_closure1.call(CallTestCaseKeyword.groovy)
	at com.kms.katalon.core.keyword.internal.KeywordMain.runKeyword(KeywordMain.groovy:54)
	at com.kms.katalon.core.keyword.builtin.CallTestCaseKeyword.callTestCase(CallTestCaseKeyword.groovy:81)
	at com.kms.katalon.core.keyword.builtin.CallTestCaseKeyword.execute(CallTestCaseKeyword.groovy:45)
	at com.kms.katalon.core.keyword.internal.KeywordExecutor.executeKeywordForPlatform(KeywordExecutor.groovy:53)
	at com.kms.katalon.core.keyword.BuiltinKeywords.callTestCase(BuiltinKeywords.groovy:334)
	at sun.reflect.NativeMethodAccessorImpl.invoke0(Native Method)
	at sun.reflect.NativeMethodAccessorImpl.invoke(NativeMethodAccessorImpl.java:62)
	at sun.reflect.DelegatingMethodAccessorImpl.invoke(DelegatingMethodAccessorImpl.java:43)
	at java.lang.reflect.Method.invoke(Method.java:498)
	at org.codehaus.groovy.reflection.CachedMethod.invoke(CachedMethod.java:93)
	at groovy.lang.MetaMethod.doMethodInvoke(MetaMethod.java:325)
	at groovy.lang.MetaClassImpl.invokeStaticMethod(MetaClassImpl.java:1469)
	at org.codehaus.groovy.runtime.callsite.StaticMetaClassSite.call(StaticMetaClassSite.java:53)
	at org.codehaus.groovy.runtime.callsite.AbstractCallSite.call(AbstractCallSite.java:141)
	at Script1555406402089.run(Script1555406402089.groovy:17)
	at com.kms.katalon.core.main.ScriptEngine.run(ScriptEngine.java:183)
	at com.kms.katalon.core.main.ScriptEngine.runScriptAsRawText(ScriptEngine.java:108)
	at com.kms.katalon.core.main.TestCaseExecutor.runScript(TestCaseExecutor.java:294)
	at com.kms.katalon.core.main.TestCaseExecutor.doExecute(TestCaseExecutor.java:285)
	at com.kms.katalon.core.main.TestCaseExecutor.processExecutionPhase(TestCaseExecutor.java:264)
	at com.kms.katalon.core.main.TestCaseExecutor.accessMainPhase(TestCaseExecutor.java:256)
	at com.kms.katalon.core.main.TestCaseExecutor.execute(TestCaseExecutor.java:200)
	at com.kms.katalon.core.main.TestSuiteExecutor.accessTestCaseMainPhase(TestSuiteExecutor.java:129)
	at com.kms.katalon.core.main.TestSuiteExecutor.accessTestSuiteMainPhase(TestSuiteExecutor.java:112)
	at com.kms.katalon.core.main.TestSuiteExecutor.execute(TestSuiteExecutor.java:81)
	at com.kms.katalon.core.main.TestCaseMain.startTestSuite(TestCaseMain.java:142)
	at com.kms.katalon.core.main.TestCaseMain$startTestSuite$0.call(Unknown Source)
	at org.codehaus.groovy.runtime.callsite.CallSiteArray.defaultCall(CallSiteArray.java:48)
	at org.codehaus.groovy.runtime.callsite.AbstractCallSite.call(AbstractCallSite.java:113)
	at org.codehaus.groovy.runtime.callsite.AbstractCallSite.call(AbstractCallSite.java:141)
	at TempTestSuite1555472249208.run(TempTestSuite1555472249208.groovy:36)
	at groovy.lang.GroovyShell.runScriptOrMainOrTestOrRunnable(GroovyShell.java:263)
	at groovy.lang.GroovyShell.run(GroovyShell.java:518)
	at groovy.lang.GroovyShell.run(GroovyShell.java:507)
	at groovy.ui.GroovyMain.processOnce(GroovyMain.java:653)
	at groovy.ui.GroovyMain.run(GroovyMain.java:384)
	at groovy.ui.GroovyMain.process(GroovyMain.java:370)
	at groovy.ui.GroovyMain.processArgs(GroovyMain.java:129)
	at groovy.ui.GroovyMain.main(GroovyMain.java:109)
	at sun.reflect.NativeMethodAccessorImpl.invoke0(Native Method)
	at sun.reflect.NativeMethodAccessorImpl.invoke(NativeMethodAccessorImpl.java:62)
	at sun.reflect.DelegatingMethodAccessorImpl.invoke(DelegatingMethodAccessorImpl.java:43)
	at java.lang.reflect.Method.invoke(Method.java:498)
	at org.codehaus.groovy.tools.GroovyStarter.rootLoader(GroovyStarter.java:109)
	at org.codehaus.groovy.tools.GroovyStarter.main(GroovyStarter.java:131)
)

2019-04-17 11:45:52 - [TEST_STEP][PASSED] - Start listener action : sampleBeforeTestCase: Invoke 'com.kms.katalon.core.annotation.BeforeTestCase' method: 'NewTestListener.sampleBeforeTestCase(...)' completed.

2019-04-17 11:45:52 - [TEST_STEP][PASSED] - Statement - println(testCaseContext.getTestCaseId()): null

2019-04-17 11:45:52 - [TEST_STEP][PASSED] - Statement - println(testCaseContext.getTestCaseVariables()): Invoke 'com.kms.katalon.core.annotation.BeforeTestCase' method: 'NewTestListener.sampleBeforeTestCase(...)' completed.

2019-04-17 11:45:52 - [TEST_STEP][FAILED] - callTestCase: Unable to call Test Case with id 'Test Cases/002_System_,Manage/001_User_Manage/001_Enter_User' (Root cause: Call Test Case 'Test Cases/002_System_,Manage/001_User_Manage/001_Enter_User' failed)

2019-04-17 11:45:52 - [TEST_CASE][FAILED] - Test Cases/002_System_,Manage/001_User_Manage/001_Enter_User: Test Cases/002_System_,Manage/001_User_Manage/001_Enter_User FAILED because (of) (Stack trace: com.kms.katalon.core.exception.StepFailedException: Unable to click on object 'Object Repository/Syetem_settings/User_Manage/a_user_manage' (Root cause: org.openqa.selenium.ElementNotVisibleException: element not visible
  (Session info: headless chrome=73.0.3683.75)
  (Driver info: chromedriver=2.35.528161 (5b82f2d2aae0ca24b877009200ced9065a772e73),platform=Windows NT 6.1.7601 SP1 x86_64) (WARNING: The server did not provide any stacktrace information)
Command duration or timeout: 0 milliseconds
Build info: version: '3.7.1', revision: '8a0099a', time: '2017-11-06T21:07:36.161Z'
System info: host: 'BF-20170623WSST', ip: '192.168.10.86', os.name: 'Windows 7', os.arch: 'amd64', os.version: '6.1', java.version: '1.8.0_181'
Driver info: com.kms.katalon.selenium.driver.CChromeDriver
Capabilities {acceptInsecureCerts: false, acceptSslCerts: false, applicationCacheEnabled: false, browserConnectionEnabled: false, browserName: chrome, chrome: {chromedriverVersion: 2.35.528161 (5b82f2d2aae0ca..., userDataDir: C:\Users\ADMINI~1\AppData\L...}, cssSelectorsEnabled: true, databaseEnabled: false, handlesAlerts: true, hasTouchScreen: false, javascriptEnabled: true, locationContextEnabled: true, mobileEmulationEnabled: false, nativeEvents: true, networkConnectionEnabled: false, pageLoadStrategy: normal, platform: XP, platformName: XP, rotatable: false, setWindowRect: true, takesHeapSnapshot: true, takesScreenshot: true, unexpectedAlertBehaviour: , unhandledPromptBehavior: , version: 73.0.3683.75, webStorageEnabled: true}
Session ID: ecbfab57194731940f9b5dbca6c50beb)
	at com.kms.katalon.core.keyword.internal.KeywordMain.stepFailed(KeywordMain.groovy:36)
	at com.kms.katalon.core.webui.keyword.internal.WebUIKeywordMain.stepFailed(WebUIKeywordMain.groovy:65)
	at com.kms.katalon.core.webui.keyword.internal.WebUIKeywordMain.runKeyword(WebUIKeywordMain.groovy:27)
	at com.kms.katalon.core.webui.keyword.builtin.ClickKeyword.click(ClickKeyword.groovy:86)
	at com.kms.katalon.core.webui.keyword.builtin.ClickKeyword.execute(ClickKeyword.groovy:67)
	at com.kms.katalon.core.keyword.internal.KeywordExecutor.executeKeywordForPlatform(KeywordExecutor.groovy:53)
	at com.kms.katalon.core.webui.keyword.WebUiBuiltInKeywords.click(WebUiBuiltInKeywords.groovy:616)
	at com.kms.katalon.core.webui.keyword.WebUiBuiltInKeywords$click$4.call(Unknown Source)
	at Script1555325328873.run(Script1555325328873.groovy:25)
	at com.kms.katalon.core.main.ScriptEngine.run(ScriptEngine.java:183)
	at com.kms.katalon.core.main.ScriptEngine.runScriptAsRawText(ScriptEngine.java:108)
	at com.kms.katalon.core.main.TestCaseExecutor.runScript(TestCaseExecutor.java:294)
	at com.kms.katalon.core.main.TestCaseExecutor.doExecute(TestCaseExecutor.java:285)
	at com.kms.katalon.core.main.TestCaseExecutor.processExecutionPhase(TestCaseExecutor.java:264)
	at com.kms.katalon.core.main.TestCaseExecutor.accessMainPhase(TestCaseExecutor.java:256)
	at com.kms.katalon.core.main.TestCaseExecutor.execute(TestCaseExecutor.java:200)
	at com.kms.katalon.core.main.TestCaseMain.runTestCase(TestCaseMain.java:99)
	at com.kms.katalon.core.keyword.builtin.CallTestCaseKeyword$_callTestCase_closure1.doCall(CallTestCaseKeyword.groovy:60)
	at com.kms.katalon.core.keyword.builtin.CallTestCaseKeyword$_callTestCase_closure1.call(CallTestCaseKeyword.groovy)
	at com.kms.katalon.core.keyword.internal.KeywordMain.runKeyword(KeywordMain.groovy:54)
	at com.kms.katalon.core.keyword.builtin.CallTestCaseKeyword.callTestCase(CallTestCaseKeyword.groovy:81)
	at com.kms.katalon.core.keyword.builtin.CallTestCaseKeyword.execute(CallTestCaseKeyword.groovy:45)
	at com.kms.katalon.core.keyword.internal.KeywordExecutor.executeKeywordForPlatform(KeywordExecutor.groovy:53)
	at com.kms.katalon.core.keyword.BuiltinKeywords.callTestCase(BuiltinKeywords.groovy:334)
	at sun.reflect.NativeMethodAccessorImpl.invoke0(Native Method)
	at sun.reflect.NativeMethodAccessorImpl.invoke(NativeMethodAccessorImpl.java:62)
	at sun.reflect.DelegatingMethodAccessorImpl.invoke(DelegatingMethodAccessorImpl.java:43)
	at java.lang.reflect.Method.invoke(Method.java:498)
	at org.codehaus.groovy.reflection.CachedMethod.invoke(CachedMethod.java:93)
	at groovy.lang.MetaMethod.doMethodInvoke(MetaMethod.java:325)
	at groovy.lang.MetaClassImpl.invokeStaticMethod(MetaClassImpl.java:1469)
	at org.codehaus.groovy.runtime.callsite.StaticMetaClassSite.call(StaticMetaClassSite.java:53)
	at org.codehaus.groovy.runtime.callsite.AbstractCallSite.call(AbstractCallSite.java:141)
	at Script1555406402089.run(Script1555406402089.groovy:17)
	at com.kms.katalon.core.main.ScriptEngine.run(ScriptEngine.java:183)
	at com.kms.katalon.core.main.ScriptEngine.runScriptAsRawText(ScriptEngine.java:108)
	at com.kms.katalon.core.main.TestCaseExecutor.runScript(TestCaseExecutor.java:294)
	at com.kms.katalon.core.main.TestCaseExecutor.doExecute(TestCaseExecutor.java:285)
	at com.kms.katalon.core.main.TestCaseExecutor.processExecutionPhase(TestCaseExecutor.java:264)
	at com.kms.katalon.core.main.TestCaseExecutor.accessMainPhase(TestCaseExecutor.java:256)
	at com.kms.katalon.core.main.TestCaseExecutor.execute(TestCaseExecutor.java:200)
	at com.kms.katalon.core.main.TestSuiteExecutor.accessTestCaseMainPhase(TestSuiteExecutor.java:129)
	at com.kms.katalon.core.main.TestSuiteExecutor.accessTestSuiteMainPhase(TestSuiteExecutor.java:112)
	at com.kms.katalon.core.main.TestSuiteExecutor.execute(TestSuiteExecutor.java:81)
	at com.kms.katalon.core.main.TestCaseMain.startTestSuite(TestCaseMain.java:142)
	at com.kms.katalon.core.main.TestCaseMain$startTestSuite$0.call(Unknown Source)
	at org.codehaus.groovy.runtime.callsite.CallSiteArray.defaultCall(CallSiteArray.java:48)
	at org.codehaus.groovy.runtime.callsite.AbstractCallSite.call(AbstractCallSite.java:113)
	at org.codehaus.groovy.runtime.callsite.AbstractCallSite.call(AbstractCallSite.java:141)
	at TempTestSuite1555472249208.run(TempTestSuite1555472249208.groovy:36)
	at groovy.lang.GroovyShell.runScriptOrMainOrTestOrRunnable(GroovyShell.java:263)
	at groovy.lang.GroovyShell.run(GroovyShell.java:518)
	at groovy.lang.GroovyShell.run(GroovyShell.java:507)
	at groovy.ui.GroovyMain.processOnce(GroovyMain.java:653)
	at groovy.ui.GroovyMain.run(GroovyMain.java:384)
	at groovy.ui.GroovyMain.process(GroovyMain.java:370)
	at groovy.ui.GroovyMain.processArgs(GroovyMain.java:129)
	at groovy.ui.GroovyMain.main(GroovyMain.java:109)
	at sun.reflect.NativeMethodAccessorImpl.invoke0(Native Method)
	at sun.reflect.NativeMethodAccessorImpl.invoke(NativeMethodAccessorImpl.java:62)
	at sun.reflect.DelegatingMethodAccessorImpl.invoke(DelegatingMethodAccessorImpl.java:43)
	at java.lang.reflect.Method.invoke(Method.java:498)
	at org.codehaus.groovy.tools.GroovyStarter.rootLoader(GroovyStarter.java:109)
	at org.codehaus.groovy.tools.GroovyStarter.main(GroovyStarter.java:131)
)

2019-04-17 11:45:52 - [TEST_STEP][NOT_RUN] - callTestCase: NOT_RUN: callTestCase

2019-04-17 11:45:52 - [MESSAGE][NOT_RUN] - NOT_RUN: callTestCase

2019-04-17 11:45:52 - [TEST_STEP][PASSED] - delay: Delayed 1 second(s)

2019-04-17 11:45:53 - [MESSAGE][PASSED] - Delayed 1 second(s)

2019-04-17 11:45:53 - [TEST_STEP][PASSED] - click: Object: 'Object Repository/Syetem_settings/User_Manage/a_systemsetings' is clicked on

2019-04-17 11:45:54 - [MESSAGE][PASSED] - Object: 'Object Repository/Syetem_settings/User_Manage/a_systemsetings' is clicked on

2019-04-17 11:45:54 - [TEST_STEP][PASSED] - delay: Delayed 1 second(s)

2019-04-17 11:45:55 - [MESSAGE][PASSED] - Delayed 1 second(s)

2019-04-17 11:45:55 - [TEST_STEP][FAILED] - click: Unable to click on object 'Object Repository/Syetem_settings/User_Manage/a_user_manage' (Root cause: org.openqa.selenium.ElementNotVisibleException: element not visible
  (Session info: headless chrome=73.0.3683.75)
  (Driver info: chromedriver=2.35.528161 (5b82f2d2aae0ca24b877009200ced9065a772e73),platform=Windows NT 6.1.7601 SP1 x86_64) (WARNING: The server did not provide any stacktrace information)
Command duration or timeout: 0 milliseconds
Build info: version: '3.7.1', revision: '8a0099a', time: '2017-11-06T21:07:36.161Z'
System info: host: 'BF-20170623WSST', ip: '192.168.10.86', os.name: 'Windows 7', os.arch: 'amd64', os.version: '6.1', java.version: '1.8.0_181'
Driver info: com.kms.katalon.selenium.driver.CChromeDriver
Capabilities {acceptInsecureCerts: false, acceptSslCerts: false, applicationCacheEnabled: false, browserConnectionEnabled: false, browserName: chrome, chrome: {chromedriverVersion: 2.35.528161 (5b82f2d2aae0ca..., userDataDir: C:\Users\ADMINI~1\AppData\L...}, cssSelectorsEnabled: true, databaseEnabled: false, handlesAlerts: true, hasTouchScreen: false, javascriptEnabled: true, locationContextEnabled: true, mobileEmulationEnabled: false, nativeEvents: true, networkConnectionEnabled: false, pageLoadStrategy: normal, platform: XP, platformName: XP, rotatable: false, setWindowRect: true, takesHeapSnapshot: true, takesScreenshot: true, unexpectedAlertBehaviour: , unhandledPromptBehavior: , version: 73.0.3683.75, webStorageEnabled: true}
Session ID: ecbfab57194731940f9b5dbca6c50beb)

2019-04-17 11:45:55 - [MESSAGE][FAILED] - Unable to click on object 'Object Repository/Syetem_settings/User_Manage/a_user_manage' (Root cause: org.openqa.selenium.ElementNotVisibleException: element not visible
  (Session info: headless chrome=73.0.3683.75)
  (Driver info: chromedriver=2.35.528161 (5b82f2d2aae0ca24b877009200ced9065a772e73),platform=Windows NT 6.1.7601 SP1 x86_64) (WARNING: The server did not provide any stacktrace information)
Command duration or timeout: 0 milliseconds
Build info: version: '3.7.1', revision: '8a0099a', time: '2017-11-06T21:07:36.161Z'
System info: host: 'BF-20170623WSST', ip: '192.168.10.86', os.name: 'Windows 7', os.arch: 'amd64', os.version: '6.1', java.version: '1.8.0_181'
Driver info: com.kms.katalon.selenium.driver.CChromeDriver
Capabilities {acceptInsecureCerts: false, acceptSslCerts: false, applicationCacheEnabled: false, browserConnectionEnabled: false, browserName: chrome, chrome: {chromedriverVersion: 2.35.528161 (5b82f2d2aae0ca..., userDataDir: C:\Users\ADMINI~1\AppData\L...}, cssSelectorsEnabled: true, databaseEnabled: false, handlesAlerts: true, hasTouchScreen: false, javascriptEnabled: true, locationContextEnabled: true, mobileEmulationEnabled: false, nativeEvents: true, networkConnectionEnabled: false, pageLoadStrategy: normal, platform: XP, platformName: XP, rotatable: false, setWindowRect: true, takesHeapSnapshot: true, takesScreenshot: true, unexpectedAlertBehaviour: , unhandledPromptBehavior: , version: 73.0.3683.75, webStorageEnabled: true}
Session ID: ecbfab57194731940f9b5dbca6c50beb)
[[ATTACHMENT|G:\\Auto_Learning\\katalon\\katalon_project\\katalon_project\\T2M_Manage\\T2M_Manage\\Reports\\User Manage\\staff manage\\20190417_113729\\1555472755102.png]]

2019-04-17 11:45:55 - [MESSAGE][FAILED] - Unable to call Test Case with id 'Test Cases/002_System_,Manage/001_User_Manage/001_Enter_User' (Root cause: Call Test Case 'Test Cases/002_System_,Manage/001_User_Manage/001_Enter_User' failed)

2019-04-17 11:45:55 - [TEST_STEP][PASSED] - Start listener action : sampleAfterTestCase: Invoke 'com.kms.katalon.core.annotation.AfterTestCase' method: 'NewTestListener.sampleAfterTestCase(...)' completed.

2019-04-17 11:45:55 - [TEST_STEP][PASSED] - Statement - println(testCaseContext.getTestCaseId()): null

2019-04-17 11:45:55 - [TEST_STEP][PASSED] - Statement - println(testCaseContext.getTestCaseStatus()): Invoke 'com.kms.katalon.core.annotation.AfterTestCase' method: 'NewTestListener.sampleAfterTestCase(...)' completed.]]></system-out>
         <system-err><![CDATA[2019-04-17 11:45:52 - [TEST_CASE][FAILED] - Test Cases/002_System_,Manage/001_User_Manage/011_edit_user_normal: Test Cases/002_System_,Manage/001_User_Manage/011_edit_user_normal FAILED because (of) (Stack trace: com.kms.katalon.core.exception.StepFailedException: Unable to click on object 'Object Repository/Syetem_settings/User_Manage/a_user_manage' (Root cause: org.openqa.selenium.ElementNotVisibleException: element not visible
  (Session info: headless chrome=73.0.3683.75)
  (Driver info: chromedriver=2.35.528161 (5b82f2d2aae0ca24b877009200ced9065a772e73),platform=Windows NT 6.1.7601 SP1 x86_64) (WARNING: The server did not provide any stacktrace information)
Command duration or timeout: 0 milliseconds
Build info: version: '3.7.1', revision: '8a0099a', time: '2017-11-06T21:07:36.161Z'
System info: host: 'BF-20170623WSST', ip: '192.168.10.86', os.name: 'Windows 7', os.arch: 'amd64', os.version: '6.1', java.version: '1.8.0_181'
Driver info: com.kms.katalon.selenium.driver.CChromeDriver
Capabilities {acceptInsecureCerts: false, acceptSslCerts: false, applicationCacheEnabled: false, browserConnectionEnabled: false, browserName: chrome, chrome: {chromedriverVersion: 2.35.528161 (5b82f2d2aae0ca..., userDataDir: C:\Users\ADMINI~1\AppData\L...}, cssSelectorsEnabled: true, databaseEnabled: false, handlesAlerts: true, hasTouchScreen: false, javascriptEnabled: true, locationContextEnabled: true, mobileEmulationEnabled: false, nativeEvents: true, networkConnectionEnabled: false, pageLoadStrategy: normal, platform: XP, platformName: XP, rotatable: false, setWindowRect: true, takesHeapSnapshot: true, takesScreenshot: true, unexpectedAlertBehaviour: , unhandledPromptBehavior: , version: 73.0.3683.75, webStorageEnabled: true}
Session ID: ecbfab57194731940f9b5dbca6c50beb)
	at com.kms.katalon.core.keyword.internal.KeywordMain.stepFailed(KeywordMain.groovy:36)
	at com.kms.katalon.core.webui.keyword.internal.WebUIKeywordMain.stepFailed(WebUIKeywordMain.groovy:65)
	at com.kms.katalon.core.webui.keyword.internal.WebUIKeywordMain.runKeyword(WebUIKeywordMain.groovy:27)
	at com.kms.katalon.core.webui.keyword.builtin.ClickKeyword.click(ClickKeyword.groovy:86)
	at com.kms.katalon.core.webui.keyword.builtin.ClickKeyword.execute(ClickKeyword.groovy:67)
	at com.kms.katalon.core.keyword.internal.KeywordExecutor.executeKeywordForPlatform(KeywordExecutor.groovy:53)
	at com.kms.katalon.core.webui.keyword.WebUiBuiltInKeywords.click(WebUiBuiltInKeywords.groovy:616)
	at com.kms.katalon.core.webui.keyword.WebUiBuiltInKeywords$click$4.call(Unknown Source)
	at Script1555325328873.run(Script1555325328873.groovy:25)
	at com.kms.katalon.core.main.ScriptEngine.run(ScriptEngine.java:183)
	at com.kms.katalon.core.main.ScriptEngine.runScriptAsRawText(ScriptEngine.java:108)
	at com.kms.katalon.core.main.TestCaseExecutor.runScript(TestCaseExecutor.java:294)
	at com.kms.katalon.core.main.TestCaseExecutor.doExecute(TestCaseExecutor.java:285)
	at com.kms.katalon.core.main.TestCaseExecutor.processExecutionPhase(TestCaseExecutor.java:264)
	at com.kms.katalon.core.main.TestCaseExecutor.accessMainPhase(TestCaseExecutor.java:256)
	at com.kms.katalon.core.main.TestCaseExecutor.execute(TestCaseExecutor.java:200)
	at com.kms.katalon.core.main.TestCaseMain.runTestCase(TestCaseMain.java:99)
	at com.kms.katalon.core.keyword.builtin.CallTestCaseKeyword$_callTestCase_closure1.doCall(CallTestCaseKeyword.groovy:60)
	at com.kms.katalon.core.keyword.builtin.CallTestCaseKeyword$_callTestCase_closure1.call(CallTestCaseKeyword.groovy)
	at com.kms.katalon.core.keyword.internal.KeywordMain.runKeyword(KeywordMain.groovy:54)
	at com.kms.katalon.core.keyword.builtin.CallTestCaseKeyword.callTestCase(CallTestCaseKeyword.groovy:81)
	at com.kms.katalon.core.keyword.builtin.CallTestCaseKeyword.execute(CallTestCaseKeyword.groovy:45)
	at com.kms.katalon.core.keyword.internal.KeywordExecutor.executeKeywordForPlatform(KeywordExecutor.groovy:53)
	at com.kms.katalon.core.keyword.BuiltinKeywords.callTestCase(BuiltinKeywords.groovy:334)
	at sun.reflect.NativeMethodAccessorImpl.invoke0(Native Method)
	at sun.reflect.NativeMethodAccessorImpl.invoke(NativeMethodAccessorImpl.java:62)
	at sun.reflect.DelegatingMethodAccessorImpl.invoke(DelegatingMethodAccessorImpl.java:43)
	at java.lang.reflect.Method.invoke(Method.java:498)
	at org.codehaus.groovy.reflection.CachedMethod.invoke(CachedMethod.java:93)
	at groovy.lang.MetaMethod.doMethodInvoke(MetaMethod.java:325)
	at groovy.lang.MetaClassImpl.invokeStaticMethod(MetaClassImpl.java:1469)
	at org.codehaus.groovy.runtime.callsite.StaticMetaClassSite.call(StaticMetaClassSite.java:53)
	at org.codehaus.groovy.runtime.callsite.AbstractCallSite.call(AbstractCallSite.java:141)
	at Script1555406402089.run(Script1555406402089.groovy:17)
	at com.kms.katalon.core.main.ScriptEngine.run(ScriptEngine.java:183)
	at com.kms.katalon.core.main.ScriptEngine.runScriptAsRawText(ScriptEngine.java:108)
	at com.kms.katalon.core.main.TestCaseExecutor.runScript(TestCaseExecutor.java:294)
	at com.kms.katalon.core.main.TestCaseExecutor.doExecute(TestCaseExecutor.java:285)
	at com.kms.katalon.core.main.TestCaseExecutor.processExecutionPhase(TestCaseExecutor.java:264)
	at com.kms.katalon.core.main.TestCaseExecutor.accessMainPhase(TestCaseExecutor.java:256)
	at com.kms.katalon.core.main.TestCaseExecutor.execute(TestCaseExecutor.java:200)
	at com.kms.katalon.core.main.TestSuiteExecutor.accessTestCaseMainPhase(TestSuiteExecutor.java:129)
	at com.kms.katalon.core.main.TestSuiteExecutor.accessTestSuiteMainPhase(TestSuiteExecutor.java:112)
	at com.kms.katalon.core.main.TestSuiteExecutor.execute(TestSuiteExecutor.java:81)
	at com.kms.katalon.core.main.TestCaseMain.startTestSuite(TestCaseMain.java:142)
	at com.kms.katalon.core.main.TestCaseMain$startTestSuite$0.call(Unknown Source)
	at org.codehaus.groovy.runtime.callsite.CallSiteArray.defaultCall(CallSiteArray.java:48)
	at org.codehaus.groovy.runtime.callsite.AbstractCallSite.call(AbstractCallSite.java:113)
	at org.codehaus.groovy.runtime.callsite.AbstractCallSite.call(AbstractCallSite.java:141)
	at TempTestSuite1555472249208.run(TempTestSuite1555472249208.groovy:36)
	at groovy.lang.GroovyShell.runScriptOrMainOrTestOrRunnable(GroovyShell.java:263)
	at groovy.lang.GroovyShell.run(GroovyShell.java:518)
	at groovy.lang.GroovyShell.run(GroovyShell.java:507)
	at groovy.ui.GroovyMain.processOnce(GroovyMain.java:653)
	at groovy.ui.GroovyMain.run(GroovyMain.java:384)
	at groovy.ui.GroovyMain.process(GroovyMain.java:370)
	at groovy.ui.GroovyMain.processArgs(GroovyMain.java:129)
	at groovy.ui.GroovyMain.main(GroovyMain.java:109)
	at sun.reflect.NativeMethodAccessorImpl.invoke0(Native Method)
	at sun.reflect.NativeMethodAccessorImpl.invoke(NativeMethodAccessorImpl.java:62)
	at sun.reflect.DelegatingMethodAccessorImpl.invoke(DelegatingMethodAccessorImpl.java:43)
	at java.lang.reflect.Method.invoke(Method.java:498)
	at org.codehaus.groovy.tools.GroovyStarter.rootLoader(GroovyStarter.java:109)
	at org.codehaus.groovy.tools.GroovyStarter.main(GroovyStarter.java:131)
)]]></system-err>
      </testcase>
      <testcase name="Test Cases/002_System_,Manage/001_User_Manage/011_edit_user_normal" classname="Test Cases/002_System_,Manage/001_User_Manage/011_edit_user_normal" status="PASSED">
         <system-out><![CDATA[2019-04-17 11:45:57 - [TEST_CASE][PASSED] - Test Cases/002_System_,Manage/001_User_Manage/011_edit_user_normal: Test Cases/002_System_,Manage/001_User_Manage/011_edit_user_normal

2019-04-17 11:45:57 - [TEST_STEP][PASSED] - Start listener action : sampleBeforeTestCase: Invoke 'com.kms.katalon.core.annotation.BeforeTestCase' method: 'NewTestListener.sampleBeforeTestCase(...)' completed.

2019-04-17 11:45:57 - [TEST_STEP][PASSED] - Statement - println(testCaseContext.getTestCaseId()): null

2019-04-17 11:45:57 - [TEST_STEP][PASSED] - Statement - println(testCaseContext.getTestCaseVariables()): Invoke 'com.kms.katalon.core.annotation.BeforeTestCase' method: 'NewTestListener.sampleBeforeTestCase(...)' completed.

2019-04-17 11:45:57 - [TEST_STEP][PASSED] - callTestCase: Call Test Case 'Test Cases/002_System_,Manage/001_User_Manage/001_Enter_User' successfully

2019-04-17 11:45:57 - [TEST_CASE][PASSED] - Test Cases/002_System_,Manage/001_User_Manage/001_Enter_User: Test Cases/002_System_,Manage/001_User_Manage/001_Enter_User

2019-04-17 11:45:57 - [TEST_STEP][NOT_RUN] - callTestCase: NOT_RUN: callTestCase

2019-04-17 11:45:57 - [MESSAGE][NOT_RUN] - NOT_RUN: callTestCase

2019-04-17 11:45:57 - [TEST_STEP][PASSED] - delay: Delayed 1 second(s)

2019-04-17 11:45:58 - [MESSAGE][PASSED] - Delayed 1 second(s)

2019-04-17 11:45:58 - [TEST_STEP][PASSED] - click: Object: 'Object Repository/Syetem_settings/User_Manage/a_systemsetings' is clicked on

2019-04-17 11:45:58 - [MESSAGE][PASSED] - Object: 'Object Repository/Syetem_settings/User_Manage/a_systemsetings' is clicked on

2019-04-17 11:45:58 - [TEST_STEP][PASSED] - delay: Delayed 1 second(s)

2019-04-17 11:45:59 - [MESSAGE][PASSED] - Delayed 1 second(s)

2019-04-17 11:45:59 - [TEST_STEP][PASSED] - click: Object: 'Object Repository/Syetem_settings/User_Manage/a_user_manage' is clicked on

2019-04-17 11:45:59 - [MESSAGE][PASSED] - Object: 'Object Repository/Syetem_settings/User_Manage/a_user_manage' is clicked on

2019-04-17 11:45:59 - [TEST_STEP][PASSED] - delay: Delayed 1 second(s)

2019-04-17 11:46:00 - [MESSAGE][PASSED] - Delayed 1 second(s)

2019-04-17 11:46:00 - [TEST_STEP][PASSED] - Statement - verify_user = com.kms.katalon.core.webui.keyword.WebUiBuiltInKeywords.verifyElementPresent(com.kms.katalon.core.testobject.ObjectRepository.findTestObject(Syetem_settings/User_Manage/cite_usertable), 0): Object 'Object Repository/Syetem_settings/User_Manage/cite_usertable' is present

2019-04-17 11:46:00 - [MESSAGE][WARNING] - Timeout '0' is invalid. Using default page load timeout: '30'

2019-04-17 11:46:00 - [MESSAGE][PASSED] - Object 'Object Repository/Syetem_settings/User_Manage/cite_usertable' is present

2019-04-17 11:46:00 - [TEST_STEP][PASSED] - Statement - If (verify_user): Enter the Successfully entered the people management page

2019-04-17 11:46:00 - [TEST_STEP][PASSED] - comment: Enter the Successfully entered the people management page

2019-04-17 11:46:00 - [MESSAGE][PASSED] - Call Test Case 'Test Cases/002_System_,Manage/001_User_Manage/001_Enter_User' successfully

2019-04-17 11:46:00 - [TEST_STEP][PASSED] - maximizeWindow: Current window maximized

2019-04-17 11:46:00 - [MESSAGE][PASSED] - Current window maximized

2019-04-17 11:46:00 - [TEST_STEP][PASSED] - setText: Text '！@#￥%……09' is set on object 'Object Repository/test/input__keyword'

2019-04-17 11:46:01 - [MESSAGE][PASSED] - Text '！@#￥%……09' is set on object 'Object Repository/test/input__keyword'

2019-04-17 11:46:01 - [TEST_STEP][PASSED] - delay: Delayed 1 second(s)

2019-04-17 11:46:02 - [MESSAGE][PASSED] - Delayed 1 second(s)

2019-04-17 11:46:02 - [TEST_STEP][PASSED] - click: Object: 'Object Repository/test/button__layui-btn' is clicked on

2019-04-17 11:46:02 - [MESSAGE][PASSED] - Object: 'Object Repository/test/button__layui-btn' is clicked on

2019-04-17 11:46:02 - [TEST_STEP][PASSED] - delay: Delayed 1 second(s)

2019-04-17 11:46:03 - [MESSAGE][PASSED] - Delayed 1 second(s)

2019-04-17 11:46:03 - [TEST_STEP][PASSED] - click: Object: 'Object Repository/Syetem_settings/User_Manage/Edit_user_info/edit_first' is clicked on

2019-04-17 11:46:03 - [MESSAGE][PASSED] - Object: 'Object Repository/Syetem_settings/User_Manage/Edit_user_info/edit_first' is clicked on

2019-04-17 11:46:03 - [TEST_STEP][PASSED] - delay: Delayed 2 second(s)

2019-04-17 11:46:05 - [MESSAGE][PASSED] - Delayed 2 second(s)

2019-04-17 11:46:05 - [TEST_STEP][PASSED] - click: Object: 'Object Repository/Syetem_settings/User_Manage/user_info/input__addDeptName' is clicked on

2019-04-17 11:46:05 - [MESSAGE][PASSED] - Object: 'Object Repository/Syetem_settings/User_Manage/user_info/input__addDeptName' is clicked on

2019-04-17 11:46:05 - [TEST_STEP][PASSED] - delay: Delayed 1 second(s)

2019-04-17 11:46:06 - [MESSAGE][PASSED] - Delayed 1 second(s)

2019-04-17 11:46:06 - [TEST_STEP][PASSED] - click: Object: 'Object Repository/Syetem_settings/User_Manage/Edit_user_info/div_NB_QA' is clicked on

2019-04-17 11:46:06 - [MESSAGE][PASSED] - Object: 'Object Repository/Syetem_settings/User_Manage/Edit_user_info/div_NB_QA' is clicked on

2019-04-17 11:46:06 - [TEST_STEP][PASSED] - delay: Delayed 1 second(s)

2019-04-17 11:46:07 - [MESSAGE][PASSED] - Delayed 1 second(s)

2019-04-17 11:46:07 - [TEST_STEP][PASSED] - setText: Text '！@#￥%……09dsfsf' is set on object 'Object Repository/Syetem_settings/User_Manage/Edit_user_info/input_ realname'

2019-04-17 11:46:07 - [MESSAGE][PASSED] - Text '！@#￥%……09dsfsf' is set on object 'Object Repository/Syetem_settings/User_Manage/Edit_user_info/input_ realname'

2019-04-17 11:46:07 - [TEST_STEP][PASSED] - delay: Delayed 1 second(s)

2019-04-17 11:46:08 - [MESSAGE][PASSED] - Delayed 1 second(s)

2019-04-17 11:46:08 - [TEST_STEP][PASSED] - setText: Text '！@#￥%……&*' is set on object 'Object Repository/Syetem_settings/User_Manage/Edit_user_info/input_position'

2019-04-17 11:46:08 - [MESSAGE][PASSED] - Text '！@#￥%……&*' is set on object 'Object Repository/Syetem_settings/User_Manage/Edit_user_info/input_position'

2019-04-17 11:46:08 - [TEST_STEP][PASSED] - delay: Delayed 1 second(s)

2019-04-17 11:46:09 - [MESSAGE][PASSED] - Delayed 1 second(s)

2019-04-17 11:46:09 - [TEST_STEP][PASSED] - setText: Text '152564564868' is set on object 'Object Repository/Syetem_settings/User_Manage/Edit_user_info/input__mobile'

2019-04-17 11:46:10 - [MESSAGE][PASSED] - Text '152564564868' is set on object 'Object Repository/Syetem_settings/User_Manage/Edit_user_info/input__mobile'

2019-04-17 11:46:10 - [TEST_STEP][PASSED] - delay: Delayed 1 second(s)

2019-04-17 11:46:11 - [MESSAGE][PASSED] - Delayed 1 second(s)

2019-04-17 11:46:11 - [TEST_STEP][PASSED] - setText: Text '7425365@qq.com' is set on object 'Object Repository/Syetem_settings/User_Manage/Edit_user_info/input_email'

2019-04-17 11:46:11 - [MESSAGE][PASSED] - Text '7425365@qq.com' is set on object 'Object Repository/Syetem_settings/User_Manage/Edit_user_info/input_email'

2019-04-17 11:46:11 - [TEST_STEP][PASSED] - delay: Delayed 1 second(s)

2019-04-17 11:46:12 - [MESSAGE][PASSED] - Delayed 1 second(s)

2019-04-17 11:46:12 - [TEST_STEP][PASSED] - click: Object: 'Object Repository/Syetem_settings/User_Manage/Edit_user_info/button_Saveedit' is clicked on

2019-04-17 11:46:12 - [MESSAGE][PASSED] - Object: 'Object Repository/Syetem_settings/User_Manage/Edit_user_info/button_Saveedit' is clicked on

2019-04-17 11:46:12 - [TEST_STEP][PASSED] - delay: Delayed 2 second(s)

2019-04-17 11:46:14 - [MESSAGE][PASSED] - Delayed 2 second(s)

2019-04-17 11:46:14 - [TEST_STEP][PASSED] - setText: Text '！@#￥%……09dsfsf' is set on object 'Object Repository/test/input__keyword'

2019-04-17 11:46:14 - [MESSAGE][PASSED] - Text '！@#￥%……09dsfsf' is set on object 'Object Repository/test/input__keyword'

2019-04-17 11:46:14 - [TEST_STEP][PASSED] - delay: Delayed 1 second(s)

2019-04-17 11:46:15 - [MESSAGE][PASSED] - Delayed 1 second(s)

2019-04-17 11:46:15 - [TEST_STEP][PASSED] - click: Object: 'Object Repository/test/button__layui-btn' is clicked on

2019-04-17 11:46:15 - [MESSAGE][PASSED] - Object: 'Object Repository/test/button__layui-btn' is clicked on

2019-04-17 11:46:15 - [TEST_STEP][PASSED] - delay: Delayed 1 second(s)

2019-04-17 11:46:16 - [MESSAGE][PASSED] - Delayed 1 second(s)

2019-04-17 11:46:16 - [TEST_STEP][PASSED] - Statement - data_content = com.kms.katalon.core.webui.keyword.WebUiBuiltInKeywords.getAttribute(com.kms.katalon.core.testobject.ObjectRepository.findTestObject(Syetem_settings/User_Manage/Search/td_number1), "data-content"): Attribute 'data-content' of object 'Object Repository/Syetem_settings/User_Manage/Search/td_number1' is: '！@#￥%……09dsfsf'

2019-04-17 11:46:16 - [MESSAGE][PASSED] - Attribute 'data-content' of object 'Object Repository/Syetem_settings/User_Manage/Search/td_number1' is: '！@#￥%……09dsfsf'

2019-04-17 11:46:16 - [TEST_STEP][PASSED] - Statement - If (data_content == username): 人员编辑修改成功

2019-04-17 11:46:16 - [TEST_STEP][PASSED] - comment: 人员编辑修改成功

2019-04-17 11:46:16 - [TEST_STEP][PASSED] - Start listener action : sampleAfterTestCase: Invoke 'com.kms.katalon.core.annotation.AfterTestCase' method: 'NewTestListener.sampleAfterTestCase(...)' completed.

2019-04-17 11:46:16 - [TEST_STEP][PASSED] - Statement - println(testCaseContext.getTestCaseId()): null

2019-04-17 11:46:16 - [TEST_STEP][PASSED] - Statement - println(testCaseContext.getTestCaseStatus()): Invoke 'com.kms.katalon.core.annotation.AfterTestCase' method: 'NewTestListener.sampleAfterTestCase(...)' completed.]]></system-out>
         <system-err><![CDATA[]]></system-err>
      </testcase>
      <testcase name="Test Cases/002_System_,Manage/001_User_Manage/008_Check_detail" classname="Test Cases/002_System_,Manage/001_User_Manage/008_Check_detail" status="FAILED">
         <failure type="FAILED" message="(Stack trace: com.kms.katalon.core.exception.StepFailedException: Unable to click on object 'Object Repository/Syetem_settings/User_Manage/a_user_manage' (Root cause: org.openqa.selenium.ElementNotVisibleException: element not visible
  (Session info: headless chrome=73.0.3683.75)
  (Driver info: chromedriver=2.35.528161 (5b82f2d2aae0ca24b877009200ced9065a772e73),platform=Windows NT 6.1.7601 SP1 x86_64) (WARNING: The server did not provide any stacktrace information)
Command duration or timeout: 0 milliseconds
Build info: version: '3.7.1', revision: '8a0099a', time: '2017-11-06T21:07:36.161Z'
System info: host: 'BF-20170623WSST', ip: '192.168.10.86', os.name: 'Windows 7', os.arch: 'amd64', os.version: '6.1', java.version: '1.8.0_181'
Driver info: com.kms.katalon.selenium.driver.CChromeDriver
Capabilities {acceptInsecureCerts: false, acceptSslCerts: false, applicationCacheEnabled: false, browserConnectionEnabled: false, browserName: chrome, chrome: {chromedriverVersion: 2.35.528161 (5b82f2d2aae0ca..., userDataDir: C:\Users\ADMINI~1\AppData\L...}, cssSelectorsEnabled: true, databaseEnabled: false, handlesAlerts: true, hasTouchScreen: false, javascriptEnabled: true, locationContextEnabled: true, mobileEmulationEnabled: false, nativeEvents: true, networkConnectionEnabled: false, pageLoadStrategy: normal, platform: XP, platformName: XP, rotatable: false, setWindowRect: true, takesHeapSnapshot: true, takesScreenshot: true, unexpectedAlertBehaviour: , unhandledPromptBehavior: , version: 73.0.3683.75, webStorageEnabled: true}
Session ID: ecbfab57194731940f9b5dbca6c50beb)
	at com.kms.katalon.core.keyword.internal.KeywordMain.stepFailed(KeywordMain.groovy:36)
	at com.kms.katalon.core.webui.keyword.internal.WebUIKeywordMain.stepFailed(WebUIKeywordMain.groovy:65)
	at com.kms.katalon.core.webui.keyword.internal.WebUIKeywordMain.runKeyword(WebUIKeywordMain.groovy:27)
	at com.kms.katalon.core.webui.keyword.builtin.ClickKeyword.click(ClickKeyword.groovy:86)
	at com.kms.katalon.core.webui.keyword.builtin.ClickKeyword.execute(ClickKeyword.groovy:67)
	at com.kms.katalon.core.keyword.internal.KeywordExecutor.executeKeywordForPlatform(KeywordExecutor.groovy:53)
	at com.kms.katalon.core.webui.keyword.WebUiBuiltInKeywords.click(WebUiBuiltInKeywords.groovy:616)
	at com.kms.katalon.core.webui.keyword.WebUiBuiltInKeywords$click$4.call(Unknown Source)
	at Script1555325328873.run(Script1555325328873.groovy:25)
	at com.kms.katalon.core.main.ScriptEngine.run(ScriptEngine.java:183)
	at com.kms.katalon.core.main.ScriptEngine.runScriptAsRawText(ScriptEngine.java:108)
	at com.kms.katalon.core.main.TestCaseExecutor.runScript(TestCaseExecutor.java:294)
	at com.kms.katalon.core.main.TestCaseExecutor.doExecute(TestCaseExecutor.java:285)
	at com.kms.katalon.core.main.TestCaseExecutor.processExecutionPhase(TestCaseExecutor.java:264)
	at com.kms.katalon.core.main.TestCaseExecutor.accessMainPhase(TestCaseExecutor.java:256)
	at com.kms.katalon.core.main.TestCaseExecutor.execute(TestCaseExecutor.java:200)
	at com.kms.katalon.core.main.TestCaseMain.runTestCase(TestCaseMain.java:99)
	at com.kms.katalon.core.keyword.builtin.CallTestCaseKeyword$_callTestCase_closure1.doCall(CallTestCaseKeyword.groovy:60)
	at com.kms.katalon.core.keyword.builtin.CallTestCaseKeyword$_callTestCase_closure1.call(CallTestCaseKeyword.groovy)
	at com.kms.katalon.core.keyword.internal.KeywordMain.runKeyword(KeywordMain.groovy:54)
	at com.kms.katalon.core.keyword.builtin.CallTestCaseKeyword.callTestCase(CallTestCaseKeyword.groovy:81)
	at com.kms.katalon.core.keyword.builtin.CallTestCaseKeyword.execute(CallTestCaseKeyword.groovy:45)
	at com.kms.katalon.core.keyword.internal.KeywordExecutor.executeKeywordForPlatform(KeywordExecutor.groovy:53)
	at com.kms.katalon.core.keyword.BuiltinKeywords.callTestCase(BuiltinKeywords.groovy:334)
	at sun.reflect.GeneratedMethodAccessor16.invoke(Unknown Source)
	at sun.reflect.DelegatingMethodAccessorImpl.invoke(DelegatingMethodAccessorImpl.java:43)
	at java.lang.reflect.Method.invoke(Method.java:498)
	at org.codehaus.groovy.reflection.CachedMethod.invoke(CachedMethod.java:93)
	at groovy.lang.MetaMethod.doMethodInvoke(MetaMethod.java:325)
	at groovy.lang.MetaClassImpl.invokeStaticMethod(MetaClassImpl.java:1469)
	at org.codehaus.groovy.runtime.callsite.StaticMetaClassSite.call(StaticMetaClassSite.java:53)
	at org.codehaus.groovy.runtime.callsite.CallSiteArray.defaultCall(CallSiteArray.java:48)
	at org.codehaus.groovy.runtime.callsite.AbstractCallSite.call(AbstractCallSite.java:113)
	at org.codehaus.groovy.runtime.callsite.AbstractCallSite.call(AbstractCallSite.java:141)
	at Script1555378704886.run(Script1555378704886.groovy:25)
	at com.kms.katalon.core.main.ScriptEngine.run(ScriptEngine.java:183)
	at com.kms.katalon.core.main.ScriptEngine.runScriptAsRawText(ScriptEngine.java:108)
	at com.kms.katalon.core.main.TestCaseExecutor.runScript(TestCaseExecutor.java:294)
	at com.kms.katalon.core.main.TestCaseExecutor.doExecute(TestCaseExecutor.java:285)
	at com.kms.katalon.core.main.TestCaseExecutor.processExecutionPhase(TestCaseExecutor.java:264)
	at com.kms.katalon.core.main.TestCaseExecutor.accessMainPhase(TestCaseExecutor.java:256)
	at com.kms.katalon.core.main.TestCaseExecutor.execute(TestCaseExecutor.java:200)
	at com.kms.katalon.core.main.TestSuiteExecutor.accessTestCaseMainPhase(TestSuiteExecutor.java:129)
	at com.kms.katalon.core.main.TestSuiteExecutor.accessTestSuiteMainPhase(TestSuiteExecutor.java:112)
	at com.kms.katalon.core.main.TestSuiteExecutor.execute(TestSuiteExecutor.java:81)
	at com.kms.katalon.core.main.TestCaseMain.startTestSuite(TestCaseMain.java:142)
	at com.kms.katalon.core.main.TestCaseMain$startTestSuite$0.call(Unknown Source)
	at org.codehaus.groovy.runtime.callsite.CallSiteArray.defaultCall(CallSiteArray.java:48)
	at org.codehaus.groovy.runtime.callsite.AbstractCallSite.call(AbstractCallSite.java:113)
	at org.codehaus.groovy.runtime.callsite.AbstractCallSite.call(AbstractCallSite.java:141)
	at TempTestSuite1555472249208.run(TempTestSuite1555472249208.groovy:36)
	at groovy.lang.GroovyShell.runScriptOrMainOrTestOrRunnable(GroovyShell.java:263)
	at groovy.lang.GroovyShell.run(GroovyShell.java:518)
	at groovy.lang.GroovyShell.run(GroovyShell.java:507)
	at groovy.ui.GroovyMain.processOnce(GroovyMain.java:653)
	at groovy.ui.GroovyMain.run(GroovyMain.java:384)
	at groovy.ui.GroovyMain.process(GroovyMain.java:370)
	at groovy.ui.GroovyMain.processArgs(GroovyMain.java:129)
	at groovy.ui.GroovyMain.main(GroovyMain.java:109)
	at sun.reflect.NativeMethodAccessorImpl.invoke0(Native Method)
	at sun.reflect.NativeMethodAccessorImpl.invoke(NativeMethodAccessorImpl.java:62)
	at sun.reflect.DelegatingMethodAccessorImpl.invoke(DelegatingMethodAccessorImpl.java:43)
	at java.lang.reflect.Method.invoke(Method.java:498)
	at org.codehaus.groovy.tools.GroovyStarter.rootLoader(GroovyStarter.java:109)
	at org.codehaus.groovy.tools.GroovyStarter.main(GroovyStarter.java:131)
)"/>
         <system-out><![CDATA[2019-04-17 11:46:18 - [TEST_CASE][FAILED] - Test Cases/002_System_,Manage/001_User_Manage/008_Check_detail: Test Cases/002_System_,Manage/001_User_Manage/008_Check_detail FAILED because (of) (Stack trace: com.kms.katalon.core.exception.StepFailedException: Unable to click on object 'Object Repository/Syetem_settings/User_Manage/a_user_manage' (Root cause: org.openqa.selenium.ElementNotVisibleException: element not visible
  (Session info: headless chrome=73.0.3683.75)
  (Driver info: chromedriver=2.35.528161 (5b82f2d2aae0ca24b877009200ced9065a772e73),platform=Windows NT 6.1.7601 SP1 x86_64) (WARNING: The server did not provide any stacktrace information)
Command duration or timeout: 0 milliseconds
Build info: version: '3.7.1', revision: '8a0099a', time: '2017-11-06T21:07:36.161Z'
System info: host: 'BF-20170623WSST', ip: '192.168.10.86', os.name: 'Windows 7', os.arch: 'amd64', os.version: '6.1', java.version: '1.8.0_181'
Driver info: com.kms.katalon.selenium.driver.CChromeDriver
Capabilities {acceptInsecureCerts: false, acceptSslCerts: false, applicationCacheEnabled: false, browserConnectionEnabled: false, browserName: chrome, chrome: {chromedriverVersion: 2.35.528161 (5b82f2d2aae0ca..., userDataDir: C:\Users\ADMINI~1\AppData\L...}, cssSelectorsEnabled: true, databaseEnabled: false, handlesAlerts: true, hasTouchScreen: false, javascriptEnabled: true, locationContextEnabled: true, mobileEmulationEnabled: false, nativeEvents: true, networkConnectionEnabled: false, pageLoadStrategy: normal, platform: XP, platformName: XP, rotatable: false, setWindowRect: true, takesHeapSnapshot: true, takesScreenshot: true, unexpectedAlertBehaviour: , unhandledPromptBehavior: , version: 73.0.3683.75, webStorageEnabled: true}
Session ID: ecbfab57194731940f9b5dbca6c50beb)
	at com.kms.katalon.core.keyword.internal.KeywordMain.stepFailed(KeywordMain.groovy:36)
	at com.kms.katalon.core.webui.keyword.internal.WebUIKeywordMain.stepFailed(WebUIKeywordMain.groovy:65)
	at com.kms.katalon.core.webui.keyword.internal.WebUIKeywordMain.runKeyword(WebUIKeywordMain.groovy:27)
	at com.kms.katalon.core.webui.keyword.builtin.ClickKeyword.click(ClickKeyword.groovy:86)
	at com.kms.katalon.core.webui.keyword.builtin.ClickKeyword.execute(ClickKeyword.groovy:67)
	at com.kms.katalon.core.keyword.internal.KeywordExecutor.executeKeywordForPlatform(KeywordExecutor.groovy:53)
	at com.kms.katalon.core.webui.keyword.WebUiBuiltInKeywords.click(WebUiBuiltInKeywords.groovy:616)
	at com.kms.katalon.core.webui.keyword.WebUiBuiltInKeywords$click$4.call(Unknown Source)
	at Script1555325328873.run(Script1555325328873.groovy:25)
	at com.kms.katalon.core.main.ScriptEngine.run(ScriptEngine.java:183)
	at com.kms.katalon.core.main.ScriptEngine.runScriptAsRawText(ScriptEngine.java:108)
	at com.kms.katalon.core.main.TestCaseExecutor.runScript(TestCaseExecutor.java:294)
	at com.kms.katalon.core.main.TestCaseExecutor.doExecute(TestCaseExecutor.java:285)
	at com.kms.katalon.core.main.TestCaseExecutor.processExecutionPhase(TestCaseExecutor.java:264)
	at com.kms.katalon.core.main.TestCaseExecutor.accessMainPhase(TestCaseExecutor.java:256)
	at com.kms.katalon.core.main.TestCaseExecutor.execute(TestCaseExecutor.java:200)
	at com.kms.katalon.core.main.TestCaseMain.runTestCase(TestCaseMain.java:99)
	at com.kms.katalon.core.keyword.builtin.CallTestCaseKeyword$_callTestCase_closure1.doCall(CallTestCaseKeyword.groovy:60)
	at com.kms.katalon.core.keyword.builtin.CallTestCaseKeyword$_callTestCase_closure1.call(CallTestCaseKeyword.groovy)
	at com.kms.katalon.core.keyword.internal.KeywordMain.runKeyword(KeywordMain.groovy:54)
	at com.kms.katalon.core.keyword.builtin.CallTestCaseKeyword.callTestCase(CallTestCaseKeyword.groovy:81)
	at com.kms.katalon.core.keyword.builtin.CallTestCaseKeyword.execute(CallTestCaseKeyword.groovy:45)
	at com.kms.katalon.core.keyword.internal.KeywordExecutor.executeKeywordForPlatform(KeywordExecutor.groovy:53)
	at com.kms.katalon.core.keyword.BuiltinKeywords.callTestCase(BuiltinKeywords.groovy:334)
	at sun.reflect.GeneratedMethodAccessor16.invoke(Unknown Source)
	at sun.reflect.DelegatingMethodAccessorImpl.invoke(DelegatingMethodAccessorImpl.java:43)
	at java.lang.reflect.Method.invoke(Method.java:498)
	at org.codehaus.groovy.reflection.CachedMethod.invoke(CachedMethod.java:93)
	at groovy.lang.MetaMethod.doMethodInvoke(MetaMethod.java:325)
	at groovy.lang.MetaClassImpl.invokeStaticMethod(MetaClassImpl.java:1469)
	at org.codehaus.groovy.runtime.callsite.StaticMetaClassSite.call(StaticMetaClassSite.java:53)
	at org.codehaus.groovy.runtime.callsite.CallSiteArray.defaultCall(CallSiteArray.java:48)
	at org.codehaus.groovy.runtime.callsite.AbstractCallSite.call(AbstractCallSite.java:113)
	at org.codehaus.groovy.runtime.callsite.AbstractCallSite.call(AbstractCallSite.java:141)
	at Script1555378704886.run(Script1555378704886.groovy:25)
	at com.kms.katalon.core.main.ScriptEngine.run(ScriptEngine.java:183)
	at com.kms.katalon.core.main.ScriptEngine.runScriptAsRawText(ScriptEngine.java:108)
	at com.kms.katalon.core.main.TestCaseExecutor.runScript(TestCaseExecutor.java:294)
	at com.kms.katalon.core.main.TestCaseExecutor.doExecute(TestCaseExecutor.java:285)
	at com.kms.katalon.core.main.TestCaseExecutor.processExecutionPhase(TestCaseExecutor.java:264)
	at com.kms.katalon.core.main.TestCaseExecutor.accessMainPhase(TestCaseExecutor.java:256)
	at com.kms.katalon.core.main.TestCaseExecutor.execute(TestCaseExecutor.java:200)
	at com.kms.katalon.core.main.TestSuiteExecutor.accessTestCaseMainPhase(TestSuiteExecutor.java:129)
	at com.kms.katalon.core.main.TestSuiteExecutor.accessTestSuiteMainPhase(TestSuiteExecutor.java:112)
	at com.kms.katalon.core.main.TestSuiteExecutor.execute(TestSuiteExecutor.java:81)
	at com.kms.katalon.core.main.TestCaseMain.startTestSuite(TestCaseMain.java:142)
	at com.kms.katalon.core.main.TestCaseMain$startTestSuite$0.call(Unknown Source)
	at org.codehaus.groovy.runtime.callsite.CallSiteArray.defaultCall(CallSiteArray.java:48)
	at org.codehaus.groovy.runtime.callsite.AbstractCallSite.call(AbstractCallSite.java:113)
	at org.codehaus.groovy.runtime.callsite.AbstractCallSite.call(AbstractCallSite.java:141)
	at TempTestSuite1555472249208.run(TempTestSuite1555472249208.groovy:36)
	at groovy.lang.GroovyShell.runScriptOrMainOrTestOrRunnable(GroovyShell.java:263)
	at groovy.lang.GroovyShell.run(GroovyShell.java:518)
	at groovy.lang.GroovyShell.run(GroovyShell.java:507)
	at groovy.ui.GroovyMain.processOnce(GroovyMain.java:653)
	at groovy.ui.GroovyMain.run(GroovyMain.java:384)
	at groovy.ui.GroovyMain.process(GroovyMain.java:370)
	at groovy.ui.GroovyMain.processArgs(GroovyMain.java:129)
	at groovy.ui.GroovyMain.main(GroovyMain.java:109)
	at sun.reflect.NativeMethodAccessorImpl.invoke0(Native Method)
	at sun.reflect.NativeMethodAccessorImpl.invoke(NativeMethodAccessorImpl.java:62)
	at sun.reflect.DelegatingMethodAccessorImpl.invoke(DelegatingMethodAccessorImpl.java:43)
	at java.lang.reflect.Method.invoke(Method.java:498)
	at org.codehaus.groovy.tools.GroovyStarter.rootLoader(GroovyStarter.java:109)
	at org.codehaus.groovy.tools.GroovyStarter.main(GroovyStarter.java:131)
)

2019-04-17 11:46:18 - [TEST_STEP][PASSED] - Start listener action : sampleBeforeTestCase: Invoke 'com.kms.katalon.core.annotation.BeforeTestCase' method: 'NewTestListener.sampleBeforeTestCase(...)' completed.

2019-04-17 11:46:18 - [TEST_STEP][PASSED] - Statement - println(testCaseContext.getTestCaseId()): null

2019-04-17 11:46:18 - [TEST_STEP][PASSED] - Statement - println(testCaseContext.getTestCaseVariables()): Invoke 'com.kms.katalon.core.annotation.BeforeTestCase' method: 'NewTestListener.sampleBeforeTestCase(...)' completed.

2019-04-17 11:46:18 - [TEST_STEP][FAILED] - callTestCase: Unable to call Test Case with id 'Test Cases/002_System_,Manage/001_User_Manage/001_Enter_User' (Root cause: Call Test Case 'Test Cases/002_System_,Manage/001_User_Manage/001_Enter_User' failed)

2019-04-17 11:46:19 - [TEST_CASE][FAILED] - Test Cases/002_System_,Manage/001_User_Manage/001_Enter_User: Test Cases/002_System_,Manage/001_User_Manage/001_Enter_User FAILED because (of) (Stack trace: com.kms.katalon.core.exception.StepFailedException: Unable to click on object 'Object Repository/Syetem_settings/User_Manage/a_user_manage' (Root cause: org.openqa.selenium.ElementNotVisibleException: element not visible
  (Session info: headless chrome=73.0.3683.75)
  (Driver info: chromedriver=2.35.528161 (5b82f2d2aae0ca24b877009200ced9065a772e73),platform=Windows NT 6.1.7601 SP1 x86_64) (WARNING: The server did not provide any stacktrace information)
Command duration or timeout: 0 milliseconds
Build info: version: '3.7.1', revision: '8a0099a', time: '2017-11-06T21:07:36.161Z'
System info: host: 'BF-20170623WSST', ip: '192.168.10.86', os.name: 'Windows 7', os.arch: 'amd64', os.version: '6.1', java.version: '1.8.0_181'
Driver info: com.kms.katalon.selenium.driver.CChromeDriver
Capabilities {acceptInsecureCerts: false, acceptSslCerts: false, applicationCacheEnabled: false, browserConnectionEnabled: false, browserName: chrome, chrome: {chromedriverVersion: 2.35.528161 (5b82f2d2aae0ca..., userDataDir: C:\Users\ADMINI~1\AppData\L...}, cssSelectorsEnabled: true, databaseEnabled: false, handlesAlerts: true, hasTouchScreen: false, javascriptEnabled: true, locationContextEnabled: true, mobileEmulationEnabled: false, nativeEvents: true, networkConnectionEnabled: false, pageLoadStrategy: normal, platform: XP, platformName: XP, rotatable: false, setWindowRect: true, takesHeapSnapshot: true, takesScreenshot: true, unexpectedAlertBehaviour: , unhandledPromptBehavior: , version: 73.0.3683.75, webStorageEnabled: true}
Session ID: ecbfab57194731940f9b5dbca6c50beb)
	at com.kms.katalon.core.keyword.internal.KeywordMain.stepFailed(KeywordMain.groovy:36)
	at com.kms.katalon.core.webui.keyword.internal.WebUIKeywordMain.stepFailed(WebUIKeywordMain.groovy:65)
	at com.kms.katalon.core.webui.keyword.internal.WebUIKeywordMain.runKeyword(WebUIKeywordMain.groovy:27)
	at com.kms.katalon.core.webui.keyword.builtin.ClickKeyword.click(ClickKeyword.groovy:86)
	at com.kms.katalon.core.webui.keyword.builtin.ClickKeyword.execute(ClickKeyword.groovy:67)
	at com.kms.katalon.core.keyword.internal.KeywordExecutor.executeKeywordForPlatform(KeywordExecutor.groovy:53)
	at com.kms.katalon.core.webui.keyword.WebUiBuiltInKeywords.click(WebUiBuiltInKeywords.groovy:616)
	at com.kms.katalon.core.webui.keyword.WebUiBuiltInKeywords$click$4.call(Unknown Source)
	at Script1555325328873.run(Script1555325328873.groovy:25)
	at com.kms.katalon.core.main.ScriptEngine.run(ScriptEngine.java:183)
	at com.kms.katalon.core.main.ScriptEngine.runScriptAsRawText(ScriptEngine.java:108)
	at com.kms.katalon.core.main.TestCaseExecutor.runScript(TestCaseExecutor.java:294)
	at com.kms.katalon.core.main.TestCaseExecutor.doExecute(TestCaseExecutor.java:285)
	at com.kms.katalon.core.main.TestCaseExecutor.processExecutionPhase(TestCaseExecutor.java:264)
	at com.kms.katalon.core.main.TestCaseExecutor.accessMainPhase(TestCaseExecutor.java:256)
	at com.kms.katalon.core.main.TestCaseExecutor.execute(TestCaseExecutor.java:200)
	at com.kms.katalon.core.main.TestCaseMain.runTestCase(TestCaseMain.java:99)
	at com.kms.katalon.core.keyword.builtin.CallTestCaseKeyword$_callTestCase_closure1.doCall(CallTestCaseKeyword.groovy:60)
	at com.kms.katalon.core.keyword.builtin.CallTestCaseKeyword$_callTestCase_closure1.call(CallTestCaseKeyword.groovy)
	at com.kms.katalon.core.keyword.internal.KeywordMain.runKeyword(KeywordMain.groovy:54)
	at com.kms.katalon.core.keyword.builtin.CallTestCaseKeyword.callTestCase(CallTestCaseKeyword.groovy:81)
	at com.kms.katalon.core.keyword.builtin.CallTestCaseKeyword.execute(CallTestCaseKeyword.groovy:45)
	at com.kms.katalon.core.keyword.internal.KeywordExecutor.executeKeywordForPlatform(KeywordExecutor.groovy:53)
	at com.kms.katalon.core.keyword.BuiltinKeywords.callTestCase(BuiltinKeywords.groovy:334)
	at sun.reflect.GeneratedMethodAccessor16.invoke(Unknown Source)
	at sun.reflect.DelegatingMethodAccessorImpl.invoke(DelegatingMethodAccessorImpl.java:43)
	at java.lang.reflect.Method.invoke(Method.java:498)
	at org.codehaus.groovy.reflection.CachedMethod.invoke(CachedMethod.java:93)
	at groovy.lang.MetaMethod.doMethodInvoke(MetaMethod.java:325)
	at groovy.lang.MetaClassImpl.invokeStaticMethod(MetaClassImpl.java:1469)
	at org.codehaus.groovy.runtime.callsite.StaticMetaClassSite.call(StaticMetaClassSite.java:53)
	at org.codehaus.groovy.runtime.callsite.CallSiteArray.defaultCall(CallSiteArray.java:48)
	at org.codehaus.groovy.runtime.callsite.AbstractCallSite.call(AbstractCallSite.java:113)
	at org.codehaus.groovy.runtime.callsite.AbstractCallSite.call(AbstractCallSite.java:141)
	at Script1555378704886.run(Script1555378704886.groovy:25)
	at com.kms.katalon.core.main.ScriptEngine.run(ScriptEngine.java:183)
	at com.kms.katalon.core.main.ScriptEngine.runScriptAsRawText(ScriptEngine.java:108)
	at com.kms.katalon.core.main.TestCaseExecutor.runScript(TestCaseExecutor.java:294)
	at com.kms.katalon.core.main.TestCaseExecutor.doExecute(TestCaseExecutor.java:285)
	at com.kms.katalon.core.main.TestCaseExecutor.processExecutionPhase(TestCaseExecutor.java:264)
	at com.kms.katalon.core.main.TestCaseExecutor.accessMainPhase(TestCaseExecutor.java:256)
	at com.kms.katalon.core.main.TestCaseExecutor.execute(TestCaseExecutor.java:200)
	at com.kms.katalon.core.main.TestSuiteExecutor.accessTestCaseMainPhase(TestSuiteExecutor.java:129)
	at com.kms.katalon.core.main.TestSuiteExecutor.accessTestSuiteMainPhase(TestSuiteExecutor.java:112)
	at com.kms.katalon.core.main.TestSuiteExecutor.execute(TestSuiteExecutor.java:81)
	at com.kms.katalon.core.main.TestCaseMain.startTestSuite(TestCaseMain.java:142)
	at com.kms.katalon.core.main.TestCaseMain$startTestSuite$0.call(Unknown Source)
	at org.codehaus.groovy.runtime.callsite.CallSiteArray.defaultCall(CallSiteArray.java:48)
	at org.codehaus.groovy.runtime.callsite.AbstractCallSite.call(AbstractCallSite.java:113)
	at org.codehaus.groovy.runtime.callsite.AbstractCallSite.call(AbstractCallSite.java:141)
	at TempTestSuite1555472249208.run(TempTestSuite1555472249208.groovy:36)
	at groovy.lang.GroovyShell.runScriptOrMainOrTestOrRunnable(GroovyShell.java:263)
	at groovy.lang.GroovyShell.run(GroovyShell.java:518)
	at groovy.lang.GroovyShell.run(GroovyShell.java:507)
	at groovy.ui.GroovyMain.processOnce(GroovyMain.java:653)
	at groovy.ui.GroovyMain.run(GroovyMain.java:384)
	at groovy.ui.GroovyMain.process(GroovyMain.java:370)
	at groovy.ui.GroovyMain.processArgs(GroovyMain.java:129)
	at groovy.ui.GroovyMain.main(GroovyMain.java:109)
	at sun.reflect.NativeMethodAccessorImpl.invoke0(Native Method)
	at sun.reflect.NativeMethodAccessorImpl.invoke(NativeMethodAccessorImpl.java:62)
	at sun.reflect.DelegatingMethodAccessorImpl.invoke(DelegatingMethodAccessorImpl.java:43)
	at java.lang.reflect.Method.invoke(Method.java:498)
	at org.codehaus.groovy.tools.GroovyStarter.rootLoader(GroovyStarter.java:109)
	at org.codehaus.groovy.tools.GroovyStarter.main(GroovyStarter.java:131)
)

2019-04-17 11:46:19 - [TEST_STEP][NOT_RUN] - callTestCase: NOT_RUN: callTestCase

2019-04-17 11:46:19 - [MESSAGE][NOT_RUN] - NOT_RUN: callTestCase

2019-04-17 11:46:19 - [TEST_STEP][PASSED] - delay: Delayed 1 second(s)

2019-04-17 11:46:20 - [MESSAGE][PASSED] - Delayed 1 second(s)

2019-04-17 11:46:20 - [TEST_STEP][PASSED] - click: Object: 'Object Repository/Syetem_settings/User_Manage/a_systemsetings' is clicked on

2019-04-17 11:46:20 - [MESSAGE][PASSED] - Object: 'Object Repository/Syetem_settings/User_Manage/a_systemsetings' is clicked on

2019-04-17 11:46:20 - [TEST_STEP][PASSED] - delay: Delayed 1 second(s)

2019-04-17 11:46:21 - [MESSAGE][PASSED] - Delayed 1 second(s)

2019-04-17 11:46:21 - [TEST_STEP][FAILED] - click: Unable to click on object 'Object Repository/Syetem_settings/User_Manage/a_user_manage' (Root cause: org.openqa.selenium.ElementNotVisibleException: element not visible
  (Session info: headless chrome=73.0.3683.75)
  (Driver info: chromedriver=2.35.528161 (5b82f2d2aae0ca24b877009200ced9065a772e73),platform=Windows NT 6.1.7601 SP1 x86_64) (WARNING: The server did not provide any stacktrace information)
Command duration or timeout: 0 milliseconds
Build info: version: '3.7.1', revision: '8a0099a', time: '2017-11-06T21:07:36.161Z'
System info: host: 'BF-20170623WSST', ip: '192.168.10.86', os.name: 'Windows 7', os.arch: 'amd64', os.version: '6.1', java.version: '1.8.0_181'
Driver info: com.kms.katalon.selenium.driver.CChromeDriver
Capabilities {acceptInsecureCerts: false, acceptSslCerts: false, applicationCacheEnabled: false, browserConnectionEnabled: false, browserName: chrome, chrome: {chromedriverVersion: 2.35.528161 (5b82f2d2aae0ca..., userDataDir: C:\Users\ADMINI~1\AppData\L...}, cssSelectorsEnabled: true, databaseEnabled: false, handlesAlerts: true, hasTouchScreen: false, javascriptEnabled: true, locationContextEnabled: true, mobileEmulationEnabled: false, nativeEvents: true, networkConnectionEnabled: false, pageLoadStrategy: normal, platform: XP, platformName: XP, rotatable: false, setWindowRect: true, takesHeapSnapshot: true, takesScreenshot: true, unexpectedAlertBehaviour: , unhandledPromptBehavior: , version: 73.0.3683.75, webStorageEnabled: true}
Session ID: ecbfab57194731940f9b5dbca6c50beb)

2019-04-17 11:46:21 - [MESSAGE][FAILED] - Unable to click on object 'Object Repository/Syetem_settings/User_Manage/a_user_manage' (Root cause: org.openqa.selenium.ElementNotVisibleException: element not visible
  (Session info: headless chrome=73.0.3683.75)
  (Driver info: chromedriver=2.35.528161 (5b82f2d2aae0ca24b877009200ced9065a772e73),platform=Windows NT 6.1.7601 SP1 x86_64) (WARNING: The server did not provide any stacktrace information)
Command duration or timeout: 0 milliseconds
Build info: version: '3.7.1', revision: '8a0099a', time: '2017-11-06T21:07:36.161Z'
System info: host: 'BF-20170623WSST', ip: '192.168.10.86', os.name: 'Windows 7', os.arch: 'amd64', os.version: '6.1', java.version: '1.8.0_181'
Driver info: com.kms.katalon.selenium.driver.CChromeDriver
Capabilities {acceptInsecureCerts: false, acceptSslCerts: false, applicationCacheEnabled: false, browserConnectionEnabled: false, browserName: chrome, chrome: {chromedriverVersion: 2.35.528161 (5b82f2d2aae0ca..., userDataDir: C:\Users\ADMINI~1\AppData\L...}, cssSelectorsEnabled: true, databaseEnabled: false, handlesAlerts: true, hasTouchScreen: false, javascriptEnabled: true, locationContextEnabled: true, mobileEmulationEnabled: false, nativeEvents: true, networkConnectionEnabled: false, pageLoadStrategy: normal, platform: XP, platformName: XP, rotatable: false, setWindowRect: true, takesHeapSnapshot: true, takesScreenshot: true, unexpectedAlertBehaviour: , unhandledPromptBehavior: , version: 73.0.3683.75, webStorageEnabled: true}
Session ID: ecbfab57194731940f9b5dbca6c50beb)
[[ATTACHMENT|G:\\Auto_Learning\\katalon\\katalon_project\\katalon_project\\T2M_Manage\\T2M_Manage\\Reports\\User Manage\\staff manage\\20190417_113729\\1555472781174.png]]

2019-04-17 11:46:21 - [MESSAGE][FAILED] - Unable to call Test Case with id 'Test Cases/002_System_,Manage/001_User_Manage/001_Enter_User' (Root cause: Call Test Case 'Test Cases/002_System_,Manage/001_User_Manage/001_Enter_User' failed)

2019-04-17 11:46:21 - [TEST_STEP][PASSED] - Start listener action : sampleAfterTestCase: Invoke 'com.kms.katalon.core.annotation.AfterTestCase' method: 'NewTestListener.sampleAfterTestCase(...)' completed.

2019-04-17 11:46:21 - [TEST_STEP][PASSED] - Statement - println(testCaseContext.getTestCaseId()): null

2019-04-17 11:46:21 - [TEST_STEP][PASSED] - Statement - println(testCaseContext.getTestCaseStatus()): Invoke 'com.kms.katalon.core.annotation.AfterTestCase' method: 'NewTestListener.sampleAfterTestCase(...)' completed.]]></system-out>
         <system-err><![CDATA[2019-04-17 11:46:18 - [TEST_CASE][FAILED] - Test Cases/002_System_,Manage/001_User_Manage/008_Check_detail: Test Cases/002_System_,Manage/001_User_Manage/008_Check_detail FAILED because (of) (Stack trace: com.kms.katalon.core.exception.StepFailedException: Unable to click on object 'Object Repository/Syetem_settings/User_Manage/a_user_manage' (Root cause: org.openqa.selenium.ElementNotVisibleException: element not visible
  (Session info: headless chrome=73.0.3683.75)
  (Driver info: chromedriver=2.35.528161 (5b82f2d2aae0ca24b877009200ced9065a772e73),platform=Windows NT 6.1.7601 SP1 x86_64) (WARNING: The server did not provide any stacktrace information)
Command duration or timeout: 0 milliseconds
Build info: version: '3.7.1', revision: '8a0099a', time: '2017-11-06T21:07:36.161Z'
System info: host: 'BF-20170623WSST', ip: '192.168.10.86', os.name: 'Windows 7', os.arch: 'amd64', os.version: '6.1', java.version: '1.8.0_181'
Driver info: com.kms.katalon.selenium.driver.CChromeDriver
Capabilities {acceptInsecureCerts: false, acceptSslCerts: false, applicationCacheEnabled: false, browserConnectionEnabled: false, browserName: chrome, chrome: {chromedriverVersion: 2.35.528161 (5b82f2d2aae0ca..., userDataDir: C:\Users\ADMINI~1\AppData\L...}, cssSelectorsEnabled: true, databaseEnabled: false, handlesAlerts: true, hasTouchScreen: false, javascriptEnabled: true, locationContextEnabled: true, mobileEmulationEnabled: false, nativeEvents: true, networkConnectionEnabled: false, pageLoadStrategy: normal, platform: XP, platformName: XP, rotatable: false, setWindowRect: true, takesHeapSnapshot: true, takesScreenshot: true, unexpectedAlertBehaviour: , unhandledPromptBehavior: , version: 73.0.3683.75, webStorageEnabled: true}
Session ID: ecbfab57194731940f9b5dbca6c50beb)
	at com.kms.katalon.core.keyword.internal.KeywordMain.stepFailed(KeywordMain.groovy:36)
	at com.kms.katalon.core.webui.keyword.internal.WebUIKeywordMain.stepFailed(WebUIKeywordMain.groovy:65)
	at com.kms.katalon.core.webui.keyword.internal.WebUIKeywordMain.runKeyword(WebUIKeywordMain.groovy:27)
	at com.kms.katalon.core.webui.keyword.builtin.ClickKeyword.click(ClickKeyword.groovy:86)
	at com.kms.katalon.core.webui.keyword.builtin.ClickKeyword.execute(ClickKeyword.groovy:67)
	at com.kms.katalon.core.keyword.internal.KeywordExecutor.executeKeywordForPlatform(KeywordExecutor.groovy:53)
	at com.kms.katalon.core.webui.keyword.WebUiBuiltInKeywords.click(WebUiBuiltInKeywords.groovy:616)
	at com.kms.katalon.core.webui.keyword.WebUiBuiltInKeywords$click$4.call(Unknown Source)
	at Script1555325328873.run(Script1555325328873.groovy:25)
	at com.kms.katalon.core.main.ScriptEngine.run(ScriptEngine.java:183)
	at com.kms.katalon.core.main.ScriptEngine.runScriptAsRawText(ScriptEngine.java:108)
	at com.kms.katalon.core.main.TestCaseExecutor.runScript(TestCaseExecutor.java:294)
	at com.kms.katalon.core.main.TestCaseExecutor.doExecute(TestCaseExecutor.java:285)
	at com.kms.katalon.core.main.TestCaseExecutor.processExecutionPhase(TestCaseExecutor.java:264)
	at com.kms.katalon.core.main.TestCaseExecutor.accessMainPhase(TestCaseExecutor.java:256)
	at com.kms.katalon.core.main.TestCaseExecutor.execute(TestCaseExecutor.java:200)
	at com.kms.katalon.core.main.TestCaseMain.runTestCase(TestCaseMain.java:99)
	at com.kms.katalon.core.keyword.builtin.CallTestCaseKeyword$_callTestCase_closure1.doCall(CallTestCaseKeyword.groovy:60)
	at com.kms.katalon.core.keyword.builtin.CallTestCaseKeyword$_callTestCase_closure1.call(CallTestCaseKeyword.groovy)
	at com.kms.katalon.core.keyword.internal.KeywordMain.runKeyword(KeywordMain.groovy:54)
	at com.kms.katalon.core.keyword.builtin.CallTestCaseKeyword.callTestCase(CallTestCaseKeyword.groovy:81)
	at com.kms.katalon.core.keyword.builtin.CallTestCaseKeyword.execute(CallTestCaseKeyword.groovy:45)
	at com.kms.katalon.core.keyword.internal.KeywordExecutor.executeKeywordForPlatform(KeywordExecutor.groovy:53)
	at com.kms.katalon.core.keyword.BuiltinKeywords.callTestCase(BuiltinKeywords.groovy:334)
	at sun.reflect.GeneratedMethodAccessor16.invoke(Unknown Source)
	at sun.reflect.DelegatingMethodAccessorImpl.invoke(DelegatingMethodAccessorImpl.java:43)
	at java.lang.reflect.Method.invoke(Method.java:498)
	at org.codehaus.groovy.reflection.CachedMethod.invoke(CachedMethod.java:93)
	at groovy.lang.MetaMethod.doMethodInvoke(MetaMethod.java:325)
	at groovy.lang.MetaClassImpl.invokeStaticMethod(MetaClassImpl.java:1469)
	at org.codehaus.groovy.runtime.callsite.StaticMetaClassSite.call(StaticMetaClassSite.java:53)
	at org.codehaus.groovy.runtime.callsite.CallSiteArray.defaultCall(CallSiteArray.java:48)
	at org.codehaus.groovy.runtime.callsite.AbstractCallSite.call(AbstractCallSite.java:113)
	at org.codehaus.groovy.runtime.callsite.AbstractCallSite.call(AbstractCallSite.java:141)
	at Script1555378704886.run(Script1555378704886.groovy:25)
	at com.kms.katalon.core.main.ScriptEngine.run(ScriptEngine.java:183)
	at com.kms.katalon.core.main.ScriptEngine.runScriptAsRawText(ScriptEngine.java:108)
	at com.kms.katalon.core.main.TestCaseExecutor.runScript(TestCaseExecutor.java:294)
	at com.kms.katalon.core.main.TestCaseExecutor.doExecute(TestCaseExecutor.java:285)
	at com.kms.katalon.core.main.TestCaseExecutor.processExecutionPhase(TestCaseExecutor.java:264)
	at com.kms.katalon.core.main.TestCaseExecutor.accessMainPhase(TestCaseExecutor.java:256)
	at com.kms.katalon.core.main.TestCaseExecutor.execute(TestCaseExecutor.java:200)
	at com.kms.katalon.core.main.TestSuiteExecutor.accessTestCaseMainPhase(TestSuiteExecutor.java:129)
	at com.kms.katalon.core.main.TestSuiteExecutor.accessTestSuiteMainPhase(TestSuiteExecutor.java:112)
	at com.kms.katalon.core.main.TestSuiteExecutor.execute(TestSuiteExecutor.java:81)
	at com.kms.katalon.core.main.TestCaseMain.startTestSuite(TestCaseMain.java:142)
	at com.kms.katalon.core.main.TestCaseMain$startTestSuite$0.call(Unknown Source)
	at org.codehaus.groovy.runtime.callsite.CallSiteArray.defaultCall(CallSiteArray.java:48)
	at org.codehaus.groovy.runtime.callsite.AbstractCallSite.call(AbstractCallSite.java:113)
	at org.codehaus.groovy.runtime.callsite.AbstractCallSite.call(AbstractCallSite.java:141)
	at TempTestSuite1555472249208.run(TempTestSuite1555472249208.groovy:36)
	at groovy.lang.GroovyShell.runScriptOrMainOrTestOrRunnable(GroovyShell.java:263)
	at groovy.lang.GroovyShell.run(GroovyShell.java:518)
	at groovy.lang.GroovyShell.run(GroovyShell.java:507)
	at groovy.ui.GroovyMain.processOnce(GroovyMain.java:653)
	at groovy.ui.GroovyMain.run(GroovyMain.java:384)
	at groovy.ui.GroovyMain.process(GroovyMain.java:370)
	at groovy.ui.GroovyMain.processArgs(GroovyMain.java:129)
	at groovy.ui.GroovyMain.main(GroovyMain.java:109)
	at sun.reflect.NativeMethodAccessorImpl.invoke0(Native Method)
	at sun.reflect.NativeMethodAccessorImpl.invoke(NativeMethodAccessorImpl.java:62)
	at sun.reflect.DelegatingMethodAccessorImpl.invoke(DelegatingMethodAccessorImpl.java:43)
	at java.lang.reflect.Method.invoke(Method.java:498)
	at org.codehaus.groovy.tools.GroovyStarter.rootLoader(GroovyStarter.java:109)
	at org.codehaus.groovy.tools.GroovyStarter.main(GroovyStarter.java:131)
)]]></system-err>
      </testcase>
      <testcase name="Test Cases/002_System_,Manage/001_User_Manage/004_Searchbox" classname="Test Cases/002_System_,Manage/001_User_Manage/004_Searchbox" status="FAILED">
         <failure type="FAILED" message="(Stack trace: Assertion failed: 

assert false


	at org.codehaus.groovy.runtime.InvokerHelper.assertFailed(InvokerHelper.java:402)
	at org.codehaus.groovy.runtime.ScriptBytecodeAdapter.assertFailed(ScriptBytecodeAdapter.java:650)
	at Script1555325328891.run(Script1555325328891.groovy:112)
	at com.kms.katalon.core.main.ScriptEngine.run(ScriptEngine.java:183)
	at com.kms.katalon.core.main.ScriptEngine.runScriptAsRawText(ScriptEngine.java:108)
	at com.kms.katalon.core.main.TestCaseExecutor.runScript(TestCaseExecutor.java:294)
	at com.kms.katalon.core.main.TestCaseExecutor.doExecute(TestCaseExecutor.java:285)
	at com.kms.katalon.core.main.TestCaseExecutor.processExecutionPhase(TestCaseExecutor.java:264)
	at com.kms.katalon.core.main.TestCaseExecutor.accessMainPhase(TestCaseExecutor.java:256)
	at com.kms.katalon.core.main.TestCaseExecutor.execute(TestCaseExecutor.java:200)
	at com.kms.katalon.core.main.TestSuiteExecutor.accessTestCaseMainPhase(TestSuiteExecutor.java:129)
	at com.kms.katalon.core.main.TestSuiteExecutor.accessTestSuiteMainPhase(TestSuiteExecutor.java:112)
	at com.kms.katalon.core.main.TestSuiteExecutor.execute(TestSuiteExecutor.java:81)
	at com.kms.katalon.core.main.TestCaseMain.startTestSuite(TestCaseMain.java:142)
	at com.kms.katalon.core.main.TestCaseMain$startTestSuite$0.call(Unknown Source)
	at org.codehaus.groovy.runtime.callsite.CallSiteArray.defaultCall(CallSiteArray.java:48)
	at org.codehaus.groovy.runtime.callsite.AbstractCallSite.call(AbstractCallSite.java:113)
	at org.codehaus.groovy.runtime.callsite.AbstractCallSite.call(AbstractCallSite.java:141)
	at TempTestSuite1555472249208.run(TempTestSuite1555472249208.groovy:36)
	at groovy.lang.GroovyShell.runScriptOrMainOrTestOrRunnable(GroovyShell.java:263)
	at groovy.lang.GroovyShell.run(GroovyShell.java:518)
	at groovy.lang.GroovyShell.run(GroovyShell.java:507)
	at groovy.ui.GroovyMain.processOnce(GroovyMain.java:653)
	at groovy.ui.GroovyMain.run(GroovyMain.java:384)
	at groovy.ui.GroovyMain.process(GroovyMain.java:370)
	at groovy.ui.GroovyMain.processArgs(GroovyMain.java:129)
	at groovy.ui.GroovyMain.main(GroovyMain.java:109)
	at sun.reflect.NativeMethodAccessorImpl.invoke0(Native Method)
	at sun.reflect.NativeMethodAccessorImpl.invoke(NativeMethodAccessorImpl.java:62)
	at sun.reflect.DelegatingMethodAccessorImpl.invoke(DelegatingMethodAccessorImpl.java:43)
	at java.lang.reflect.Method.invoke(Method.java:498)
	at org.codehaus.groovy.tools.GroovyStarter.rootLoader(GroovyStarter.java:109)
	at org.codehaus.groovy.tools.GroovyStarter.main(GroovyStarter.java:131)
)"/>
         <system-out><![CDATA[2019-04-17 11:46:23 - [TEST_CASE][FAILED] - Test Cases/002_System_,Manage/001_User_Manage/004_Searchbox: Test Cases/002_System_,Manage/001_User_Manage/004_Searchbox FAILED because (of) (Stack trace: Assertion failed: 

assert false


	at org.codehaus.groovy.runtime.InvokerHelper.assertFailed(InvokerHelper.java:402)
	at org.codehaus.groovy.runtime.ScriptBytecodeAdapter.assertFailed(ScriptBytecodeAdapter.java:650)
	at Script1555325328891.run(Script1555325328891.groovy:112)
	at com.kms.katalon.core.main.ScriptEngine.run(ScriptEngine.java:183)
	at com.kms.katalon.core.main.ScriptEngine.runScriptAsRawText(ScriptEngine.java:108)
	at com.kms.katalon.core.main.TestCaseExecutor.runScript(TestCaseExecutor.java:294)
	at com.kms.katalon.core.main.TestCaseExecutor.doExecute(TestCaseExecutor.java:285)
	at com.kms.katalon.core.main.TestCaseExecutor.processExecutionPhase(TestCaseExecutor.java:264)
	at com.kms.katalon.core.main.TestCaseExecutor.accessMainPhase(TestCaseExecutor.java:256)
	at com.kms.katalon.core.main.TestCaseExecutor.execute(TestCaseExecutor.java:200)
	at com.kms.katalon.core.main.TestSuiteExecutor.accessTestCaseMainPhase(TestSuiteExecutor.java:129)
	at com.kms.katalon.core.main.TestSuiteExecutor.accessTestSuiteMainPhase(TestSuiteExecutor.java:112)
	at com.kms.katalon.core.main.TestSuiteExecutor.execute(TestSuiteExecutor.java:81)
	at com.kms.katalon.core.main.TestCaseMain.startTestSuite(TestCaseMain.java:142)
	at com.kms.katalon.core.main.TestCaseMain$startTestSuite$0.call(Unknown Source)
	at org.codehaus.groovy.runtime.callsite.CallSiteArray.defaultCall(CallSiteArray.java:48)
	at org.codehaus.groovy.runtime.callsite.AbstractCallSite.call(AbstractCallSite.java:113)
	at org.codehaus.groovy.runtime.callsite.AbstractCallSite.call(AbstractCallSite.java:141)
	at TempTestSuite1555472249208.run(TempTestSuite1555472249208.groovy:36)
	at groovy.lang.GroovyShell.runScriptOrMainOrTestOrRunnable(GroovyShell.java:263)
	at groovy.lang.GroovyShell.run(GroovyShell.java:518)
	at groovy.lang.GroovyShell.run(GroovyShell.java:507)
	at groovy.ui.GroovyMain.processOnce(GroovyMain.java:653)
	at groovy.ui.GroovyMain.run(GroovyMain.java:384)
	at groovy.ui.GroovyMain.process(GroovyMain.java:370)
	at groovy.ui.GroovyMain.processArgs(GroovyMain.java:129)
	at groovy.ui.GroovyMain.main(GroovyMain.java:109)
	at sun.reflect.NativeMethodAccessorImpl.invoke0(Native Method)
	at sun.reflect.NativeMethodAccessorImpl.invoke(NativeMethodAccessorImpl.java:62)
	at sun.reflect.DelegatingMethodAccessorImpl.invoke(DelegatingMethodAccessorImpl.java:43)
	at java.lang.reflect.Method.invoke(Method.java:498)
	at org.codehaus.groovy.tools.GroovyStarter.rootLoader(GroovyStarter.java:109)
	at org.codehaus.groovy.tools.GroovyStarter.main(GroovyStarter.java:131)
)

2019-04-17 11:46:23 - [TEST_STEP][PASSED] - Start listener action : sampleBeforeTestCase: Invoke 'com.kms.katalon.core.annotation.BeforeTestCase' method: 'NewTestListener.sampleBeforeTestCase(...)' completed.

2019-04-17 11:46:23 - [TEST_STEP][PASSED] - Statement - println(testCaseContext.getTestCaseId()): null

2019-04-17 11:46:23 - [TEST_STEP][PASSED] - Statement - println(testCaseContext.getTestCaseVariables()): Invoke 'com.kms.katalon.core.annotation.BeforeTestCase' method: 'NewTestListener.sampleBeforeTestCase(...)' completed.

2019-04-17 11:46:23 - [TEST_STEP][PASSED] - callTestCase: Call Test Case 'Test Cases/002_System_,Manage/001_User_Manage/001_Enter_User' successfully

2019-04-17 11:46:23 - [TEST_CASE][PASSED] - Test Cases/002_System_,Manage/001_User_Manage/001_Enter_User: Test Cases/002_System_,Manage/001_User_Manage/001_Enter_User

2019-04-17 11:46:23 - [TEST_STEP][NOT_RUN] - callTestCase: NOT_RUN: callTestCase

2019-04-17 11:46:23 - [MESSAGE][NOT_RUN] - NOT_RUN: callTestCase

2019-04-17 11:46:23 - [TEST_STEP][PASSED] - delay: Delayed 1 second(s)

2019-04-17 11:46:24 - [MESSAGE][PASSED] - Delayed 1 second(s)

2019-04-17 11:46:24 - [TEST_STEP][PASSED] - click: Object: 'Object Repository/Syetem_settings/User_Manage/a_systemsetings' is clicked on

2019-04-17 11:46:24 - [MESSAGE][PASSED] - Object: 'Object Repository/Syetem_settings/User_Manage/a_systemsetings' is clicked on

2019-04-17 11:46:24 - [TEST_STEP][PASSED] - delay: Delayed 1 second(s)

2019-04-17 11:46:25 - [MESSAGE][PASSED] - Delayed 1 second(s)

2019-04-17 11:46:25 - [TEST_STEP][PASSED] - click: Object: 'Object Repository/Syetem_settings/User_Manage/a_user_manage' is clicked on

2019-04-17 11:46:26 - [MESSAGE][PASSED] - Object: 'Object Repository/Syetem_settings/User_Manage/a_user_manage' is clicked on

2019-04-17 11:46:26 - [TEST_STEP][PASSED] - delay: Delayed 1 second(s)

2019-04-17 11:46:27 - [MESSAGE][PASSED] - Delayed 1 second(s)

2019-04-17 11:46:27 - [TEST_STEP][PASSED] - Statement - verify_user = com.kms.katalon.core.webui.keyword.WebUiBuiltInKeywords.verifyElementPresent(com.kms.katalon.core.testobject.ObjectRepository.findTestObject(Syetem_settings/User_Manage/cite_usertable), 0): Object 'Object Repository/Syetem_settings/User_Manage/cite_usertable' is present

2019-04-17 11:46:27 - [MESSAGE][WARNING] - Timeout '0' is invalid. Using default page load timeout: '30'

2019-04-17 11:46:27 - [MESSAGE][PASSED] - Object 'Object Repository/Syetem_settings/User_Manage/cite_usertable' is present

2019-04-17 11:46:27 - [TEST_STEP][PASSED] - Statement - If (verify_user): Enter the Successfully entered the people management page

2019-04-17 11:46:27 - [TEST_STEP][PASSED] - comment: Enter the Successfully entered the people management page

2019-04-17 11:46:27 - [MESSAGE][PASSED] - Call Test Case 'Test Cases/002_System_,Manage/001_User_Manage/001_Enter_User' successfully

2019-04-17 11:46:27 - [TEST_STEP][PASSED] - delay: Delayed 1 second(s)

2019-04-17 11:46:28 - [MESSAGE][PASSED] - Delayed 1 second(s)

2019-04-17 11:46:28 - [TEST_STEP][PASSED] - Statement - Total_First = com.kms.katalon.core.webui.keyword.WebUiBuiltInKeywords.getAttribute(com.kms.katalon.core.testobject.ObjectRepository.findTestObject(Syetem_settings/User_Manage/Search/total_list), "innerText"): Attribute 'innerText' of object 'Object Repository/Syetem_settings/User_Manage/Search/total_list' is: '共 63 条'

2019-04-17 11:46:28 - [MESSAGE][PASSED] - Attribute 'innerText' of object 'Object Repository/Syetem_settings/User_Manage/Search/total_list' is: '共 63 条'

2019-04-17 11:46:28 - [TEST_STEP][PASSED] - Statement - If (Total_First): 共 63 条

2019-04-17 11:46:28 - [TEST_STEP][PASSED] - comment: 共 63 条

2019-04-17 11:46:28 - [TEST_STEP][PASSED] - setText: Text '' is set on object 'Object Repository/test/input__keyword'

2019-04-17 11:46:28 - [MESSAGE][PASSED] - Text '' is set on object 'Object Repository/test/input__keyword'

2019-04-17 11:46:28 - [TEST_STEP][PASSED] - delay: Delayed 1 second(s)

2019-04-17 11:46:29 - [MESSAGE][PASSED] - Delayed 1 second(s)

2019-04-17 11:46:29 - [TEST_STEP][PASSED] - click: Object: 'Object Repository/test/button__layui-btn' is clicked on

2019-04-17 11:46:29 - [MESSAGE][PASSED] - Object: 'Object Repository/test/button__layui-btn' is clicked on

2019-04-17 11:46:29 - [TEST_STEP][PASSED] - delay: Delayed 1 second(s)

2019-04-17 11:46:30 - [MESSAGE][PASSED] - Delayed 1 second(s)

2019-04-17 11:46:30 - [TEST_STEP][PASSED] - Statement - Actual_First = com.kms.katalon.core.webui.keyword.WebUiBuiltInKeywords.getAttribute(com.kms.katalon.core.testobject.ObjectRepository.findTestObject(Syetem_settings/User_Manage/Search/total_list), "innerText"): Attribute 'innerText' of object 'Object Repository/Syetem_settings/User_Manage/Search/total_list' is: '共 63 条'

2019-04-17 11:46:30 - [MESSAGE][PASSED] - Attribute 'innerText' of object 'Object Repository/Syetem_settings/User_Manage/Search/total_list' is: '共 63 条'

2019-04-17 11:46:30 - [TEST_STEP][PASSED] - Statement - If (Total_First == Actual_First): 搜索结果没变，输入的关键字为空

2019-04-17 11:46:30 - [TEST_STEP][PASSED] - comment: 搜索结果没变，输入的关键字为空

2019-04-17 11:46:30 - [TEST_STEP][PASSED] - setText: Text 'ertyuiopfghjjkopjiopo' is set on object 'Object Repository/test/input__keyword'

2019-04-17 11:46:30 - [MESSAGE][PASSED] - Text 'ertyuiopfghjjkopjiopo' is set on object 'Object Repository/test/input__keyword'

2019-04-17 11:46:30 - [TEST_STEP][PASSED] - delay: Delayed 1 second(s)

2019-04-17 11:46:31 - [MESSAGE][PASSED] - Delayed 1 second(s)

2019-04-17 11:46:31 - [TEST_STEP][PASSED] - click: Object: 'Object Repository/test/button__layui-btn' is clicked on

2019-04-17 11:46:31 - [MESSAGE][PASSED] - Object: 'Object Repository/test/button__layui-btn' is clicked on

2019-04-17 11:46:31 - [TEST_STEP][PASSED] - delay: Delayed 1 second(s)

2019-04-17 11:46:32 - [MESSAGE][PASSED] - Delayed 1 second(s)

2019-04-17 11:46:32 - [TEST_STEP][PASSED] - Statement - data = com.kms.katalon.core.webui.keyword.WebUiBuiltInKeywords.getAttribute(com.kms.katalon.core.testobject.ObjectRepository.findTestObject(Syetem_settings/User_Manage/Search/Nodata), "innerText"): Attribute 'innerText' of object 'Object Repository/Syetem_settings/User_Manage/Search/Nodata' is: '无数据'

2019-04-17 11:46:32 - [MESSAGE][PASSED] - Attribute 'innerText' of object 'Object Repository/Syetem_settings/User_Manage/Search/Nodata' is: '无数据'

2019-04-17 11:46:32 - [TEST_STEP][PASSED] - comment: 无数据

2019-04-17 11:46:32 - [TEST_STEP][PASSED] - Statement - If (data == "无数据"): 搜索结果为空，输入的关键字没有匹配的内容

2019-04-17 11:46:32 - [TEST_STEP][PASSED] - comment: 搜索结果为空，输入的关键字没有匹配的内容

2019-04-17 11:46:32 - [TEST_STEP][PASSED] - setText: Text '林' is set on object 'Object Repository/test/input__keyword'

2019-04-17 11:46:32 - [MESSAGE][PASSED] - Text '林' is set on object 'Object Repository/test/input__keyword'

2019-04-17 11:46:32 - [TEST_STEP][PASSED] - delay: Delayed 1 second(s)

2019-04-17 11:46:33 - [MESSAGE][PASSED] - Delayed 1 second(s)

2019-04-17 11:46:33 - [TEST_STEP][PASSED] - click: Object: 'Object Repository/test/button__layui-btn' is clicked on

2019-04-17 11:46:34 - [MESSAGE][PASSED] - Object: 'Object Repository/test/button__layui-btn' is clicked on

2019-04-17 11:46:34 - [TEST_STEP][PASSED] - delay: Delayed 1 second(s)

2019-04-17 11:46:35 - [MESSAGE][PASSED] - Delayed 1 second(s)

2019-04-17 11:46:35 - [TEST_STEP][PASSED] - Statement - Normal_result = com.kms.katalon.core.webui.keyword.WebUiBuiltInKeywords.getAttribute(com.kms.katalon.core.testobject.ObjectRepository.findTestObject(Syetem_settings/User_Manage/Search/total_list), "innerText"): Attribute 'innerText' of object 'Object Repository/Syetem_settings/User_Manage/Search/total_list' is: '共 2 条'

2019-04-17 11:46:35 - [MESSAGE][PASSED] - Attribute 'innerText' of object 'Object Repository/Syetem_settings/User_Manage/Search/total_list' is: '共 2 条'

2019-04-17 11:46:35 - [TEST_STEP][PASSED] - Statement - If (Normal_result): 2

2019-04-17 11:46:35 - [TEST_STEP][PASSED] - comment: 搜索结果存在

2019-04-17 11:46:35 - [TEST_STEP][PASSED] - comment: 2

2019-04-17 11:46:35 - [TEST_STEP][PASSED] - verifyElementPresent: Object 'Object Repository/Syetem_settings/User_Manage/Search/table' is present

2019-04-17 11:46:35 - [MESSAGE][PASSED] - Object 'Object Repository/Syetem_settings/User_Manage/Search/table' is present

2019-04-17 11:46:35 - [TEST_STEP][PASSED] - Statement - table = com.kms.katalon.core.testobject.ObjectRepository.findTestObject(Syetem_settings/User_Manage/Search/table): Finding Test Object with id 'Object Repository/Syetem_settings/User_Manage/Search/table'

2019-04-17 11:46:35 - [TEST_STEP][PASSED] - Statement - println(table): null

2019-04-17 11:46:35 - [TEST_STEP][PASSED] - Statement - list = CustomKeywords.custom_keyword.WebUICustomKeywords.getHtmlTableRows(com.kms.katalon.core.testobject.ObjectRepository.findTestObject(Syetem_settings/User_Manage/Search/table), "tbody"): custom_keyword.WebUICustomKeywords.getHtmlTableRows is PASSED

2019-04-17 11:46:35 - [MESSAGE][PASSED] - custom_keyword.WebUICustomKeywords.getHtmlTableRows is PASSED

2019-04-17 11:46:35 - [TEST_STEP][PASSED] - Statement - TableRows_All = list.size(): null

2019-04-17 11:46:35 - [TEST_STEP][PASSED] - Statement - println(TableRows_All): null

2019-04-17 11:46:35 - [TEST_STEP][PASSED] - Statement - b = java.lang.Integer.parseInt(Normal_result[2]): null

2019-04-17 11:46:35 - [TEST_STEP][PASSED] - Statement - If (TableRows_All == b): null

2019-04-17 11:46:35 - [TEST_STEP][PASSED] - Statement - Else: null

2019-04-17 11:46:35 - [TEST_STEP][PASSED] - comment: 搜索结果与列表中存在的数量不一致，请检查

2019-04-17 11:46:35 - [TEST_STEP][PASSED] - Statement - assert false: null

2019-04-17 11:46:35 - [TEST_STEP][PASSED] - Start listener action : sampleAfterTestCase: Invoke 'com.kms.katalon.core.annotation.AfterTestCase' method: 'NewTestListener.sampleAfterTestCase(...)' completed.

2019-04-17 11:46:35 - [TEST_STEP][PASSED] - Statement - println(testCaseContext.getTestCaseId()): null

2019-04-17 11:46:35 - [TEST_STEP][PASSED] - Statement - println(testCaseContext.getTestCaseStatus()): Invoke 'com.kms.katalon.core.annotation.AfterTestCase' method: 'NewTestListener.sampleAfterTestCase(...)' completed.]]></system-out>
         <system-err><![CDATA[2019-04-17 11:46:23 - [TEST_CASE][FAILED] - Test Cases/002_System_,Manage/001_User_Manage/004_Searchbox: Test Cases/002_System_,Manage/001_User_Manage/004_Searchbox FAILED because (of) (Stack trace: Assertion failed: 

assert false


	at org.codehaus.groovy.runtime.InvokerHelper.assertFailed(InvokerHelper.java:402)
	at org.codehaus.groovy.runtime.ScriptBytecodeAdapter.assertFailed(ScriptBytecodeAdapter.java:650)
	at Script1555325328891.run(Script1555325328891.groovy:112)
	at com.kms.katalon.core.main.ScriptEngine.run(ScriptEngine.java:183)
	at com.kms.katalon.core.main.ScriptEngine.runScriptAsRawText(ScriptEngine.java:108)
	at com.kms.katalon.core.main.TestCaseExecutor.runScript(TestCaseExecutor.java:294)
	at com.kms.katalon.core.main.TestCaseExecutor.doExecute(TestCaseExecutor.java:285)
	at com.kms.katalon.core.main.TestCaseExecutor.processExecutionPhase(TestCaseExecutor.java:264)
	at com.kms.katalon.core.main.TestCaseExecutor.accessMainPhase(TestCaseExecutor.java:256)
	at com.kms.katalon.core.main.TestCaseExecutor.execute(TestCaseExecutor.java:200)
	at com.kms.katalon.core.main.TestSuiteExecutor.accessTestCaseMainPhase(TestSuiteExecutor.java:129)
	at com.kms.katalon.core.main.TestSuiteExecutor.accessTestSuiteMainPhase(TestSuiteExecutor.java:112)
	at com.kms.katalon.core.main.TestSuiteExecutor.execute(TestSuiteExecutor.java:81)
	at com.kms.katalon.core.main.TestCaseMain.startTestSuite(TestCaseMain.java:142)
	at com.kms.katalon.core.main.TestCaseMain$startTestSuite$0.call(Unknown Source)
	at org.codehaus.groovy.runtime.callsite.CallSiteArray.defaultCall(CallSiteArray.java:48)
	at org.codehaus.groovy.runtime.callsite.AbstractCallSite.call(AbstractCallSite.java:113)
	at org.codehaus.groovy.runtime.callsite.AbstractCallSite.call(AbstractCallSite.java:141)
	at TempTestSuite1555472249208.run(TempTestSuite1555472249208.groovy:36)
	at groovy.lang.GroovyShell.runScriptOrMainOrTestOrRunnable(GroovyShell.java:263)
	at groovy.lang.GroovyShell.run(GroovyShell.java:518)
	at groovy.lang.GroovyShell.run(GroovyShell.java:507)
	at groovy.ui.GroovyMain.processOnce(GroovyMain.java:653)
	at groovy.ui.GroovyMain.run(GroovyMain.java:384)
	at groovy.ui.GroovyMain.process(GroovyMain.java:370)
	at groovy.ui.GroovyMain.processArgs(GroovyMain.java:129)
	at groovy.ui.GroovyMain.main(GroovyMain.java:109)
	at sun.reflect.NativeMethodAccessorImpl.invoke0(Native Method)
	at sun.reflect.NativeMethodAccessorImpl.invoke(NativeMethodAccessorImpl.java:62)
	at sun.reflect.DelegatingMethodAccessorImpl.invoke(DelegatingMethodAccessorImpl.java:43)
	at java.lang.reflect.Method.invoke(Method.java:498)
	at org.codehaus.groovy.tools.GroovyStarter.rootLoader(GroovyStarter.java:109)
	at org.codehaus.groovy.tools.GroovyStarter.main(GroovyStarter.java:131)
)]]></system-err>
      </testcase>
      <testcase name="Test Cases/002_System_,Manage/001_User_Manage/005_Verify_search_Result" classname="Test Cases/002_System_,Manage/001_User_Manage/005_Verify_search_Result" status="FAILED">
         <failure type="FAILED" message="(Stack trace: com.kms.katalon.core.exception.StepFailedException: Unable to click on object 'Object Repository/Syetem_settings/User_Manage/a_user_manage' (Root cause: org.openqa.selenium.ElementNotVisibleException: element not visible
  (Session info: headless chrome=73.0.3683.75)
  (Driver info: chromedriver=2.35.528161 (5b82f2d2aae0ca24b877009200ced9065a772e73),platform=Windows NT 6.1.7601 SP1 x86_64) (WARNING: The server did not provide any stacktrace information)
Command duration or timeout: 0 milliseconds
Build info: version: '3.7.1', revision: '8a0099a', time: '2017-11-06T21:07:36.161Z'
System info: host: 'BF-20170623WSST', ip: '192.168.10.86', os.name: 'Windows 7', os.arch: 'amd64', os.version: '6.1', java.version: '1.8.0_181'
Driver info: com.kms.katalon.selenium.driver.CChromeDriver
Capabilities {acceptInsecureCerts: false, acceptSslCerts: false, applicationCacheEnabled: false, browserConnectionEnabled: false, browserName: chrome, chrome: {chromedriverVersion: 2.35.528161 (5b82f2d2aae0ca..., userDataDir: C:\Users\ADMINI~1\AppData\L...}, cssSelectorsEnabled: true, databaseEnabled: false, handlesAlerts: true, hasTouchScreen: false, javascriptEnabled: true, locationContextEnabled: true, mobileEmulationEnabled: false, nativeEvents: true, networkConnectionEnabled: false, pageLoadStrategy: normal, platform: XP, platformName: XP, rotatable: false, setWindowRect: true, takesHeapSnapshot: true, takesScreenshot: true, unexpectedAlertBehaviour: , unhandledPromptBehavior: , version: 73.0.3683.75, webStorageEnabled: true}
Session ID: ecbfab57194731940f9b5dbca6c50beb)
	at com.kms.katalon.core.keyword.internal.KeywordMain.stepFailed(KeywordMain.groovy:36)
	at com.kms.katalon.core.webui.keyword.internal.WebUIKeywordMain.stepFailed(WebUIKeywordMain.groovy:65)
	at com.kms.katalon.core.webui.keyword.internal.WebUIKeywordMain.runKeyword(WebUIKeywordMain.groovy:27)
	at com.kms.katalon.core.webui.keyword.builtin.ClickKeyword.click(ClickKeyword.groovy:86)
	at com.kms.katalon.core.webui.keyword.builtin.ClickKeyword.execute(ClickKeyword.groovy:67)
	at com.kms.katalon.core.keyword.internal.KeywordExecutor.executeKeywordForPlatform(KeywordExecutor.groovy:53)
	at com.kms.katalon.core.webui.keyword.WebUiBuiltInKeywords.click(WebUiBuiltInKeywords.groovy:616)
	at com.kms.katalon.core.webui.keyword.WebUiBuiltInKeywords$click$4.call(Unknown Source)
	at Script1555325328873.run(Script1555325328873.groovy:25)
	at com.kms.katalon.core.main.ScriptEngine.run(ScriptEngine.java:183)
	at com.kms.katalon.core.main.ScriptEngine.runScriptAsRawText(ScriptEngine.java:108)
	at com.kms.katalon.core.main.TestCaseExecutor.runScript(TestCaseExecutor.java:294)
	at com.kms.katalon.core.main.TestCaseExecutor.doExecute(TestCaseExecutor.java:285)
	at com.kms.katalon.core.main.TestCaseExecutor.processExecutionPhase(TestCaseExecutor.java:264)
	at com.kms.katalon.core.main.TestCaseExecutor.accessMainPhase(TestCaseExecutor.java:256)
	at com.kms.katalon.core.main.TestCaseExecutor.execute(TestCaseExecutor.java:200)
	at com.kms.katalon.core.main.TestCaseMain.runTestCase(TestCaseMain.java:99)
	at com.kms.katalon.core.keyword.builtin.CallTestCaseKeyword$_callTestCase_closure1.doCall(CallTestCaseKeyword.groovy:60)
	at com.kms.katalon.core.keyword.builtin.CallTestCaseKeyword$_callTestCase_closure1.call(CallTestCaseKeyword.groovy)
	at com.kms.katalon.core.keyword.internal.KeywordMain.runKeyword(KeywordMain.groovy:54)
	at com.kms.katalon.core.keyword.builtin.CallTestCaseKeyword.callTestCase(CallTestCaseKeyword.groovy:81)
	at com.kms.katalon.core.keyword.builtin.CallTestCaseKeyword.execute(CallTestCaseKeyword.groovy:45)
	at com.kms.katalon.core.keyword.internal.KeywordExecutor.executeKeywordForPlatform(KeywordExecutor.groovy:53)
	at com.kms.katalon.core.keyword.BuiltinKeywords.callTestCase(BuiltinKeywords.groovy:334)
	at sun.reflect.GeneratedMethodAccessor16.invoke(Unknown Source)
	at sun.reflect.DelegatingMethodAccessorImpl.invoke(DelegatingMethodAccessorImpl.java:43)
	at java.lang.reflect.Method.invoke(Method.java:498)
	at org.codehaus.groovy.reflection.CachedMethod.invoke(CachedMethod.java:93)
	at groovy.lang.MetaMethod.doMethodInvoke(MetaMethod.java:325)
	at groovy.lang.MetaClassImpl.invokeStaticMethod(MetaClassImpl.java:1469)
	at org.codehaus.groovy.runtime.callsite.StaticMetaClassSite.call(StaticMetaClassSite.java:53)
	at org.codehaus.groovy.runtime.callsite.CallSiteArray.defaultCall(CallSiteArray.java:48)
	at org.codehaus.groovy.runtime.callsite.AbstractCallSite.call(AbstractCallSite.java:113)
	at org.codehaus.groovy.runtime.callsite.AbstractCallSite.call(AbstractCallSite.java:141)
	at Script1555325328895.run(Script1555325328895.groovy:18)
	at com.kms.katalon.core.main.ScriptEngine.run(ScriptEngine.java:183)
	at com.kms.katalon.core.main.ScriptEngine.runScriptAsRawText(ScriptEngine.java:108)
	at com.kms.katalon.core.main.TestCaseExecutor.runScript(TestCaseExecutor.java:294)
	at com.kms.katalon.core.main.TestCaseExecutor.doExecute(TestCaseExecutor.java:285)
	at com.kms.katalon.core.main.TestCaseExecutor.processExecutionPhase(TestCaseExecutor.java:264)
	at com.kms.katalon.core.main.TestCaseExecutor.accessMainPhase(TestCaseExecutor.java:256)
	at com.kms.katalon.core.main.TestCaseExecutor.execute(TestCaseExecutor.java:200)
	at com.kms.katalon.core.main.TestSuiteExecutor.accessTestCaseMainPhase(TestSuiteExecutor.java:129)
	at com.kms.katalon.core.main.TestSuiteExecutor.accessTestSuiteMainPhase(TestSuiteExecutor.java:112)
	at com.kms.katalon.core.main.TestSuiteExecutor.execute(TestSuiteExecutor.java:81)
	at com.kms.katalon.core.main.TestCaseMain.startTestSuite(TestCaseMain.java:142)
	at com.kms.katalon.core.main.TestCaseMain$startTestSuite$0.call(Unknown Source)
	at org.codehaus.groovy.runtime.callsite.CallSiteArray.defaultCall(CallSiteArray.java:48)
	at org.codehaus.groovy.runtime.callsite.AbstractCallSite.call(AbstractCallSite.java:113)
	at org.codehaus.groovy.runtime.callsite.AbstractCallSite.call(AbstractCallSite.java:141)
	at TempTestSuite1555472249208.run(TempTestSuite1555472249208.groovy:36)
	at groovy.lang.GroovyShell.runScriptOrMainOrTestOrRunnable(GroovyShell.java:263)
	at groovy.lang.GroovyShell.run(GroovyShell.java:518)
	at groovy.lang.GroovyShell.run(GroovyShell.java:507)
	at groovy.ui.GroovyMain.processOnce(GroovyMain.java:653)
	at groovy.ui.GroovyMain.run(GroovyMain.java:384)
	at groovy.ui.GroovyMain.process(GroovyMain.java:370)
	at groovy.ui.GroovyMain.processArgs(GroovyMain.java:129)
	at groovy.ui.GroovyMain.main(GroovyMain.java:109)
	at sun.reflect.NativeMethodAccessorImpl.invoke0(Native Method)
	at sun.reflect.NativeMethodAccessorImpl.invoke(NativeMethodAccessorImpl.java:62)
	at sun.reflect.DelegatingMethodAccessorImpl.invoke(DelegatingMethodAccessorImpl.java:43)
	at java.lang.reflect.Method.invoke(Method.java:498)
	at org.codehaus.groovy.tools.GroovyStarter.rootLoader(GroovyStarter.java:109)
	at org.codehaus.groovy.tools.GroovyStarter.main(GroovyStarter.java:131)
)"/>
         <system-out><![CDATA[2019-04-17 11:46:37 - [TEST_CASE][FAILED] - Test Cases/002_System_,Manage/001_User_Manage/005_Verify_search_Result: Test Cases/002_System_,Manage/001_User_Manage/005_Verify_search_Result FAILED because (of) (Stack trace: com.kms.katalon.core.exception.StepFailedException: Unable to click on object 'Object Repository/Syetem_settings/User_Manage/a_user_manage' (Root cause: org.openqa.selenium.ElementNotVisibleException: element not visible
  (Session info: headless chrome=73.0.3683.75)
  (Driver info: chromedriver=2.35.528161 (5b82f2d2aae0ca24b877009200ced9065a772e73),platform=Windows NT 6.1.7601 SP1 x86_64) (WARNING: The server did not provide any stacktrace information)
Command duration or timeout: 0 milliseconds
Build info: version: '3.7.1', revision: '8a0099a', time: '2017-11-06T21:07:36.161Z'
System info: host: 'BF-20170623WSST', ip: '192.168.10.86', os.name: 'Windows 7', os.arch: 'amd64', os.version: '6.1', java.version: '1.8.0_181'
Driver info: com.kms.katalon.selenium.driver.CChromeDriver
Capabilities {acceptInsecureCerts: false, acceptSslCerts: false, applicationCacheEnabled: false, browserConnectionEnabled: false, browserName: chrome, chrome: {chromedriverVersion: 2.35.528161 (5b82f2d2aae0ca..., userDataDir: C:\Users\ADMINI~1\AppData\L...}, cssSelectorsEnabled: true, databaseEnabled: false, handlesAlerts: true, hasTouchScreen: false, javascriptEnabled: true, locationContextEnabled: true, mobileEmulationEnabled: false, nativeEvents: true, networkConnectionEnabled: false, pageLoadStrategy: normal, platform: XP, platformName: XP, rotatable: false, setWindowRect: true, takesHeapSnapshot: true, takesScreenshot: true, unexpectedAlertBehaviour: , unhandledPromptBehavior: , version: 73.0.3683.75, webStorageEnabled: true}
Session ID: ecbfab57194731940f9b5dbca6c50beb)
	at com.kms.katalon.core.keyword.internal.KeywordMain.stepFailed(KeywordMain.groovy:36)
	at com.kms.katalon.core.webui.keyword.internal.WebUIKeywordMain.stepFailed(WebUIKeywordMain.groovy:65)
	at com.kms.katalon.core.webui.keyword.internal.WebUIKeywordMain.runKeyword(WebUIKeywordMain.groovy:27)
	at com.kms.katalon.core.webui.keyword.builtin.ClickKeyword.click(ClickKeyword.groovy:86)
	at com.kms.katalon.core.webui.keyword.builtin.ClickKeyword.execute(ClickKeyword.groovy:67)
	at com.kms.katalon.core.keyword.internal.KeywordExecutor.executeKeywordForPlatform(KeywordExecutor.groovy:53)
	at com.kms.katalon.core.webui.keyword.WebUiBuiltInKeywords.click(WebUiBuiltInKeywords.groovy:616)
	at com.kms.katalon.core.webui.keyword.WebUiBuiltInKeywords$click$4.call(Unknown Source)
	at Script1555325328873.run(Script1555325328873.groovy:25)
	at com.kms.katalon.core.main.ScriptEngine.run(ScriptEngine.java:183)
	at com.kms.katalon.core.main.ScriptEngine.runScriptAsRawText(ScriptEngine.java:108)
	at com.kms.katalon.core.main.TestCaseExecutor.runScript(TestCaseExecutor.java:294)
	at com.kms.katalon.core.main.TestCaseExecutor.doExecute(TestCaseExecutor.java:285)
	at com.kms.katalon.core.main.TestCaseExecutor.processExecutionPhase(TestCaseExecutor.java:264)
	at com.kms.katalon.core.main.TestCaseExecutor.accessMainPhase(TestCaseExecutor.java:256)
	at com.kms.katalon.core.main.TestCaseExecutor.execute(TestCaseExecutor.java:200)
	at com.kms.katalon.core.main.TestCaseMain.runTestCase(TestCaseMain.java:99)
	at com.kms.katalon.core.keyword.builtin.CallTestCaseKeyword$_callTestCase_closure1.doCall(CallTestCaseKeyword.groovy:60)
	at com.kms.katalon.core.keyword.builtin.CallTestCaseKeyword$_callTestCase_closure1.call(CallTestCaseKeyword.groovy)
	at com.kms.katalon.core.keyword.internal.KeywordMain.runKeyword(KeywordMain.groovy:54)
	at com.kms.katalon.core.keyword.builtin.CallTestCaseKeyword.callTestCase(CallTestCaseKeyword.groovy:81)
	at com.kms.katalon.core.keyword.builtin.CallTestCaseKeyword.execute(CallTestCaseKeyword.groovy:45)
	at com.kms.katalon.core.keyword.internal.KeywordExecutor.executeKeywordForPlatform(KeywordExecutor.groovy:53)
	at com.kms.katalon.core.keyword.BuiltinKeywords.callTestCase(BuiltinKeywords.groovy:334)
	at sun.reflect.GeneratedMethodAccessor16.invoke(Unknown Source)
	at sun.reflect.DelegatingMethodAccessorImpl.invoke(DelegatingMethodAccessorImpl.java:43)
	at java.lang.reflect.Method.invoke(Method.java:498)
	at org.codehaus.groovy.reflection.CachedMethod.invoke(CachedMethod.java:93)
	at groovy.lang.MetaMethod.doMethodInvoke(MetaMethod.java:325)
	at groovy.lang.MetaClassImpl.invokeStaticMethod(MetaClassImpl.java:1469)
	at org.codehaus.groovy.runtime.callsite.StaticMetaClassSite.call(StaticMetaClassSite.java:53)
	at org.codehaus.groovy.runtime.callsite.CallSiteArray.defaultCall(CallSiteArray.java:48)
	at org.codehaus.groovy.runtime.callsite.AbstractCallSite.call(AbstractCallSite.java:113)
	at org.codehaus.groovy.runtime.callsite.AbstractCallSite.call(AbstractCallSite.java:141)
	at Script1555325328895.run(Script1555325328895.groovy:18)
	at com.kms.katalon.core.main.ScriptEngine.run(ScriptEngine.java:183)
	at com.kms.katalon.core.main.ScriptEngine.runScriptAsRawText(ScriptEngine.java:108)
	at com.kms.katalon.core.main.TestCaseExecutor.runScript(TestCaseExecutor.java:294)
	at com.kms.katalon.core.main.TestCaseExecutor.doExecute(TestCaseExecutor.java:285)
	at com.kms.katalon.core.main.TestCaseExecutor.processExecutionPhase(TestCaseExecutor.java:264)
	at com.kms.katalon.core.main.TestCaseExecutor.accessMainPhase(TestCaseExecutor.java:256)
	at com.kms.katalon.core.main.TestCaseExecutor.execute(TestCaseExecutor.java:200)
	at com.kms.katalon.core.main.TestSuiteExecutor.accessTestCaseMainPhase(TestSuiteExecutor.java:129)
	at com.kms.katalon.core.main.TestSuiteExecutor.accessTestSuiteMainPhase(TestSuiteExecutor.java:112)
	at com.kms.katalon.core.main.TestSuiteExecutor.execute(TestSuiteExecutor.java:81)
	at com.kms.katalon.core.main.TestCaseMain.startTestSuite(TestCaseMain.java:142)
	at com.kms.katalon.core.main.TestCaseMain$startTestSuite$0.call(Unknown Source)
	at org.codehaus.groovy.runtime.callsite.CallSiteArray.defaultCall(CallSiteArray.java:48)
	at org.codehaus.groovy.runtime.callsite.AbstractCallSite.call(AbstractCallSite.java:113)
	at org.codehaus.groovy.runtime.callsite.AbstractCallSite.call(AbstractCallSite.java:141)
	at TempTestSuite1555472249208.run(TempTestSuite1555472249208.groovy:36)
	at groovy.lang.GroovyShell.runScriptOrMainOrTestOrRunnable(GroovyShell.java:263)
	at groovy.lang.GroovyShell.run(GroovyShell.java:518)
	at groovy.lang.GroovyShell.run(GroovyShell.java:507)
	at groovy.ui.GroovyMain.processOnce(GroovyMain.java:653)
	at groovy.ui.GroovyMain.run(GroovyMain.java:384)
	at groovy.ui.GroovyMain.process(GroovyMain.java:370)
	at groovy.ui.GroovyMain.processArgs(GroovyMain.java:129)
	at groovy.ui.GroovyMain.main(GroovyMain.java:109)
	at sun.reflect.NativeMethodAccessorImpl.invoke0(Native Method)
	at sun.reflect.NativeMethodAccessorImpl.invoke(NativeMethodAccessorImpl.java:62)
	at sun.reflect.DelegatingMethodAccessorImpl.invoke(DelegatingMethodAccessorImpl.java:43)
	at java.lang.reflect.Method.invoke(Method.java:498)
	at org.codehaus.groovy.tools.GroovyStarter.rootLoader(GroovyStarter.java:109)
	at org.codehaus.groovy.tools.GroovyStarter.main(GroovyStarter.java:131)
)

2019-04-17 11:46:37 - [TEST_STEP][PASSED] - Start listener action : sampleBeforeTestCase: Invoke 'com.kms.katalon.core.annotation.BeforeTestCase' method: 'NewTestListener.sampleBeforeTestCase(...)' completed.

2019-04-17 11:46:37 - [TEST_STEP][PASSED] - Statement - println(testCaseContext.getTestCaseId()): null

2019-04-17 11:46:37 - [TEST_STEP][PASSED] - Statement - println(testCaseContext.getTestCaseVariables()): Invoke 'com.kms.katalon.core.annotation.BeforeTestCase' method: 'NewTestListener.sampleBeforeTestCase(...)' completed.

2019-04-17 11:46:38 - [TEST_STEP][FAILED] - callTestCase: Unable to call Test Case with id 'Test Cases/002_System_,Manage/001_User_Manage/001_Enter_User' (Root cause: Call Test Case 'Test Cases/002_System_,Manage/001_User_Manage/001_Enter_User' failed)

2019-04-17 11:46:38 - [TEST_CASE][FAILED] - Test Cases/002_System_,Manage/001_User_Manage/001_Enter_User: Test Cases/002_System_,Manage/001_User_Manage/001_Enter_User FAILED because (of) (Stack trace: com.kms.katalon.core.exception.StepFailedException: Unable to click on object 'Object Repository/Syetem_settings/User_Manage/a_user_manage' (Root cause: org.openqa.selenium.ElementNotVisibleException: element not visible
  (Session info: headless chrome=73.0.3683.75)
  (Driver info: chromedriver=2.35.528161 (5b82f2d2aae0ca24b877009200ced9065a772e73),platform=Windows NT 6.1.7601 SP1 x86_64) (WARNING: The server did not provide any stacktrace information)
Command duration or timeout: 0 milliseconds
Build info: version: '3.7.1', revision: '8a0099a', time: '2017-11-06T21:07:36.161Z'
System info: host: 'BF-20170623WSST', ip: '192.168.10.86', os.name: 'Windows 7', os.arch: 'amd64', os.version: '6.1', java.version: '1.8.0_181'
Driver info: com.kms.katalon.selenium.driver.CChromeDriver
Capabilities {acceptInsecureCerts: false, acceptSslCerts: false, applicationCacheEnabled: false, browserConnectionEnabled: false, browserName: chrome, chrome: {chromedriverVersion: 2.35.528161 (5b82f2d2aae0ca..., userDataDir: C:\Users\ADMINI~1\AppData\L...}, cssSelectorsEnabled: true, databaseEnabled: false, handlesAlerts: true, hasTouchScreen: false, javascriptEnabled: true, locationContextEnabled: true, mobileEmulationEnabled: false, nativeEvents: true, networkConnectionEnabled: false, pageLoadStrategy: normal, platform: XP, platformName: XP, rotatable: false, setWindowRect: true, takesHeapSnapshot: true, takesScreenshot: true, unexpectedAlertBehaviour: , unhandledPromptBehavior: , version: 73.0.3683.75, webStorageEnabled: true}
Session ID: ecbfab57194731940f9b5dbca6c50beb)
	at com.kms.katalon.core.keyword.internal.KeywordMain.stepFailed(KeywordMain.groovy:36)
	at com.kms.katalon.core.webui.keyword.internal.WebUIKeywordMain.stepFailed(WebUIKeywordMain.groovy:65)
	at com.kms.katalon.core.webui.keyword.internal.WebUIKeywordMain.runKeyword(WebUIKeywordMain.groovy:27)
	at com.kms.katalon.core.webui.keyword.builtin.ClickKeyword.click(ClickKeyword.groovy:86)
	at com.kms.katalon.core.webui.keyword.builtin.ClickKeyword.execute(ClickKeyword.groovy:67)
	at com.kms.katalon.core.keyword.internal.KeywordExecutor.executeKeywordForPlatform(KeywordExecutor.groovy:53)
	at com.kms.katalon.core.webui.keyword.WebUiBuiltInKeywords.click(WebUiBuiltInKeywords.groovy:616)
	at com.kms.katalon.core.webui.keyword.WebUiBuiltInKeywords$click$4.call(Unknown Source)
	at Script1555325328873.run(Script1555325328873.groovy:25)
	at com.kms.katalon.core.main.ScriptEngine.run(ScriptEngine.java:183)
	at com.kms.katalon.core.main.ScriptEngine.runScriptAsRawText(ScriptEngine.java:108)
	at com.kms.katalon.core.main.TestCaseExecutor.runScript(TestCaseExecutor.java:294)
	at com.kms.katalon.core.main.TestCaseExecutor.doExecute(TestCaseExecutor.java:285)
	at com.kms.katalon.core.main.TestCaseExecutor.processExecutionPhase(TestCaseExecutor.java:264)
	at com.kms.katalon.core.main.TestCaseExecutor.accessMainPhase(TestCaseExecutor.java:256)
	at com.kms.katalon.core.main.TestCaseExecutor.execute(TestCaseExecutor.java:200)
	at com.kms.katalon.core.main.TestCaseMain.runTestCase(TestCaseMain.java:99)
	at com.kms.katalon.core.keyword.builtin.CallTestCaseKeyword$_callTestCase_closure1.doCall(CallTestCaseKeyword.groovy:60)
	at com.kms.katalon.core.keyword.builtin.CallTestCaseKeyword$_callTestCase_closure1.call(CallTestCaseKeyword.groovy)
	at com.kms.katalon.core.keyword.internal.KeywordMain.runKeyword(KeywordMain.groovy:54)
	at com.kms.katalon.core.keyword.builtin.CallTestCaseKeyword.callTestCase(CallTestCaseKeyword.groovy:81)
	at com.kms.katalon.core.keyword.builtin.CallTestCaseKeyword.execute(CallTestCaseKeyword.groovy:45)
	at com.kms.katalon.core.keyword.internal.KeywordExecutor.executeKeywordForPlatform(KeywordExecutor.groovy:53)
	at com.kms.katalon.core.keyword.BuiltinKeywords.callTestCase(BuiltinKeywords.groovy:334)
	at sun.reflect.GeneratedMethodAccessor16.invoke(Unknown Source)
	at sun.reflect.DelegatingMethodAccessorImpl.invoke(DelegatingMethodAccessorImpl.java:43)
	at java.lang.reflect.Method.invoke(Method.java:498)
	at org.codehaus.groovy.reflection.CachedMethod.invoke(CachedMethod.java:93)
	at groovy.lang.MetaMethod.doMethodInvoke(MetaMethod.java:325)
	at groovy.lang.MetaClassImpl.invokeStaticMethod(MetaClassImpl.java:1469)
	at org.codehaus.groovy.runtime.callsite.StaticMetaClassSite.call(StaticMetaClassSite.java:53)
	at org.codehaus.groovy.runtime.callsite.CallSiteArray.defaultCall(CallSiteArray.java:48)
	at org.codehaus.groovy.runtime.callsite.AbstractCallSite.call(AbstractCallSite.java:113)
	at org.codehaus.groovy.runtime.callsite.AbstractCallSite.call(AbstractCallSite.java:141)
	at Script1555325328895.run(Script1555325328895.groovy:18)
	at com.kms.katalon.core.main.ScriptEngine.run(ScriptEngine.java:183)
	at com.kms.katalon.core.main.ScriptEngine.runScriptAsRawText(ScriptEngine.java:108)
	at com.kms.katalon.core.main.TestCaseExecutor.runScript(TestCaseExecutor.java:294)
	at com.kms.katalon.core.main.TestCaseExecutor.doExecute(TestCaseExecutor.java:285)
	at com.kms.katalon.core.main.TestCaseExecutor.processExecutionPhase(TestCaseExecutor.java:264)
	at com.kms.katalon.core.main.TestCaseExecutor.accessMainPhase(TestCaseExecutor.java:256)
	at com.kms.katalon.core.main.TestCaseExecutor.execute(TestCaseExecutor.java:200)
	at com.kms.katalon.core.main.TestSuiteExecutor.accessTestCaseMainPhase(TestSuiteExecutor.java:129)
	at com.kms.katalon.core.main.TestSuiteExecutor.accessTestSuiteMainPhase(TestSuiteExecutor.java:112)
	at com.kms.katalon.core.main.TestSuiteExecutor.execute(TestSuiteExecutor.java:81)
	at com.kms.katalon.core.main.TestCaseMain.startTestSuite(TestCaseMain.java:142)
	at com.kms.katalon.core.main.TestCaseMain$startTestSuite$0.call(Unknown Source)
	at org.codehaus.groovy.runtime.callsite.CallSiteArray.defaultCall(CallSiteArray.java:48)
	at org.codehaus.groovy.runtime.callsite.AbstractCallSite.call(AbstractCallSite.java:113)
	at org.codehaus.groovy.runtime.callsite.AbstractCallSite.call(AbstractCallSite.java:141)
	at TempTestSuite1555472249208.run(TempTestSuite1555472249208.groovy:36)
	at groovy.lang.GroovyShell.runScriptOrMainOrTestOrRunnable(GroovyShell.java:263)
	at groovy.lang.GroovyShell.run(GroovyShell.java:518)
	at groovy.lang.GroovyShell.run(GroovyShell.java:507)
	at groovy.ui.GroovyMain.processOnce(GroovyMain.java:653)
	at groovy.ui.GroovyMain.run(GroovyMain.java:384)
	at groovy.ui.GroovyMain.process(GroovyMain.java:370)
	at groovy.ui.GroovyMain.processArgs(GroovyMain.java:129)
	at groovy.ui.GroovyMain.main(GroovyMain.java:109)
	at sun.reflect.NativeMethodAccessorImpl.invoke0(Native Method)
	at sun.reflect.NativeMethodAccessorImpl.invoke(NativeMethodAccessorImpl.java:62)
	at sun.reflect.DelegatingMethodAccessorImpl.invoke(DelegatingMethodAccessorImpl.java:43)
	at java.lang.reflect.Method.invoke(Method.java:498)
	at org.codehaus.groovy.tools.GroovyStarter.rootLoader(GroovyStarter.java:109)
	at org.codehaus.groovy.tools.GroovyStarter.main(GroovyStarter.java:131)
)

2019-04-17 11:46:38 - [TEST_STEP][NOT_RUN] - callTestCase: NOT_RUN: callTestCase

2019-04-17 11:46:38 - [MESSAGE][NOT_RUN] - NOT_RUN: callTestCase

2019-04-17 11:46:38 - [TEST_STEP][PASSED] - delay: Delayed 1 second(s)

2019-04-17 11:46:39 - [MESSAGE][PASSED] - Delayed 1 second(s)

2019-04-17 11:46:39 - [TEST_STEP][PASSED] - click: Object: 'Object Repository/Syetem_settings/User_Manage/a_systemsetings' is clicked on

2019-04-17 11:46:39 - [MESSAGE][PASSED] - Object: 'Object Repository/Syetem_settings/User_Manage/a_systemsetings' is clicked on

2019-04-17 11:46:39 - [TEST_STEP][PASSED] - delay: Delayed 1 second(s)

2019-04-17 11:46:40 - [MESSAGE][PASSED] - Delayed 1 second(s)

2019-04-17 11:46:40 - [TEST_STEP][FAILED] - click: Unable to click on object 'Object Repository/Syetem_settings/User_Manage/a_user_manage' (Root cause: org.openqa.selenium.ElementNotVisibleException: element not visible
  (Session info: headless chrome=73.0.3683.75)
  (Driver info: chromedriver=2.35.528161 (5b82f2d2aae0ca24b877009200ced9065a772e73),platform=Windows NT 6.1.7601 SP1 x86_64) (WARNING: The server did not provide any stacktrace information)
Command duration or timeout: 0 milliseconds
Build info: version: '3.7.1', revision: '8a0099a', time: '2017-11-06T21:07:36.161Z'
System info: host: 'BF-20170623WSST', ip: '192.168.10.86', os.name: 'Windows 7', os.arch: 'amd64', os.version: '6.1', java.version: '1.8.0_181'
Driver info: com.kms.katalon.selenium.driver.CChromeDriver
Capabilities {acceptInsecureCerts: false, acceptSslCerts: false, applicationCacheEnabled: false, browserConnectionEnabled: false, browserName: chrome, chrome: {chromedriverVersion: 2.35.528161 (5b82f2d2aae0ca..., userDataDir: C:\Users\ADMINI~1\AppData\L...}, cssSelectorsEnabled: true, databaseEnabled: false, handlesAlerts: true, hasTouchScreen: false, javascriptEnabled: true, locationContextEnabled: true, mobileEmulationEnabled: false, nativeEvents: true, networkConnectionEnabled: false, pageLoadStrategy: normal, platform: XP, platformName: XP, rotatable: false, setWindowRect: true, takesHeapSnapshot: true, takesScreenshot: true, unexpectedAlertBehaviour: , unhandledPromptBehavior: , version: 73.0.3683.75, webStorageEnabled: true}
Session ID: ecbfab57194731940f9b5dbca6c50beb)

2019-04-17 11:46:40 - [MESSAGE][FAILED] - Unable to click on object 'Object Repository/Syetem_settings/User_Manage/a_user_manage' (Root cause: org.openqa.selenium.ElementNotVisibleException: element not visible
  (Session info: headless chrome=73.0.3683.75)
  (Driver info: chromedriver=2.35.528161 (5b82f2d2aae0ca24b877009200ced9065a772e73),platform=Windows NT 6.1.7601 SP1 x86_64) (WARNING: The server did not provide any stacktrace information)
Command duration or timeout: 0 milliseconds
Build info: version: '3.7.1', revision: '8a0099a', time: '2017-11-06T21:07:36.161Z'
System info: host: 'BF-20170623WSST', ip: '192.168.10.86', os.name: 'Windows 7', os.arch: 'amd64', os.version: '6.1', java.version: '1.8.0_181'
Driver info: com.kms.katalon.selenium.driver.CChromeDriver
Capabilities {acceptInsecureCerts: false, acceptSslCerts: false, applicationCacheEnabled: false, browserConnectionEnabled: false, browserName: chrome, chrome: {chromedriverVersion: 2.35.528161 (5b82f2d2aae0ca..., userDataDir: C:\Users\ADMINI~1\AppData\L...}, cssSelectorsEnabled: true, databaseEnabled: false, handlesAlerts: true, hasTouchScreen: false, javascriptEnabled: true, locationContextEnabled: true, mobileEmulationEnabled: false, nativeEvents: true, networkConnectionEnabled: false, pageLoadStrategy: normal, platform: XP, platformName: XP, rotatable: false, setWindowRect: true, takesHeapSnapshot: true, takesScreenshot: true, unexpectedAlertBehaviour: , unhandledPromptBehavior: , version: 73.0.3683.75, webStorageEnabled: true}
Session ID: ecbfab57194731940f9b5dbca6c50beb)
[[ATTACHMENT|G:\\Auto_Learning\\katalon\\katalon_project\\katalon_project\\T2M_Manage\\T2M_Manage\\Reports\\User Manage\\staff manage\\20190417_113729\\1555472800391.png]]

2019-04-17 11:46:41 - [MESSAGE][FAILED] - Unable to call Test Case with id 'Test Cases/002_System_,Manage/001_User_Manage/001_Enter_User' (Root cause: Call Test Case 'Test Cases/002_System_,Manage/001_User_Manage/001_Enter_User' failed)

2019-04-17 11:46:41 - [TEST_STEP][PASSED] - Start listener action : sampleAfterTestCase: Invoke 'com.kms.katalon.core.annotation.AfterTestCase' method: 'NewTestListener.sampleAfterTestCase(...)' completed.

2019-04-17 11:46:41 - [TEST_STEP][PASSED] - Statement - println(testCaseContext.getTestCaseId()): null

2019-04-17 11:46:41 - [TEST_STEP][PASSED] - Statement - println(testCaseContext.getTestCaseStatus()): Invoke 'com.kms.katalon.core.annotation.AfterTestCase' method: 'NewTestListener.sampleAfterTestCase(...)' completed.]]></system-out>
         <system-err><![CDATA[2019-04-17 11:46:37 - [TEST_CASE][FAILED] - Test Cases/002_System_,Manage/001_User_Manage/005_Verify_search_Result: Test Cases/002_System_,Manage/001_User_Manage/005_Verify_search_Result FAILED because (of) (Stack trace: com.kms.katalon.core.exception.StepFailedException: Unable to click on object 'Object Repository/Syetem_settings/User_Manage/a_user_manage' (Root cause: org.openqa.selenium.ElementNotVisibleException: element not visible
  (Session info: headless chrome=73.0.3683.75)
  (Driver info: chromedriver=2.35.528161 (5b82f2d2aae0ca24b877009200ced9065a772e73),platform=Windows NT 6.1.7601 SP1 x86_64) (WARNING: The server did not provide any stacktrace information)
Command duration or timeout: 0 milliseconds
Build info: version: '3.7.1', revision: '8a0099a', time: '2017-11-06T21:07:36.161Z'
System info: host: 'BF-20170623WSST', ip: '192.168.10.86', os.name: 'Windows 7', os.arch: 'amd64', os.version: '6.1', java.version: '1.8.0_181'
Driver info: com.kms.katalon.selenium.driver.CChromeDriver
Capabilities {acceptInsecureCerts: false, acceptSslCerts: false, applicationCacheEnabled: false, browserConnectionEnabled: false, browserName: chrome, chrome: {chromedriverVersion: 2.35.528161 (5b82f2d2aae0ca..., userDataDir: C:\Users\ADMINI~1\AppData\L...}, cssSelectorsEnabled: true, databaseEnabled: false, handlesAlerts: true, hasTouchScreen: false, javascriptEnabled: true, locationContextEnabled: true, mobileEmulationEnabled: false, nativeEvents: true, networkConnectionEnabled: false, pageLoadStrategy: normal, platform: XP, platformName: XP, rotatable: false, setWindowRect: true, takesHeapSnapshot: true, takesScreenshot: true, unexpectedAlertBehaviour: , unhandledPromptBehavior: , version: 73.0.3683.75, webStorageEnabled: true}
Session ID: ecbfab57194731940f9b5dbca6c50beb)
	at com.kms.katalon.core.keyword.internal.KeywordMain.stepFailed(KeywordMain.groovy:36)
	at com.kms.katalon.core.webui.keyword.internal.WebUIKeywordMain.stepFailed(WebUIKeywordMain.groovy:65)
	at com.kms.katalon.core.webui.keyword.internal.WebUIKeywordMain.runKeyword(WebUIKeywordMain.groovy:27)
	at com.kms.katalon.core.webui.keyword.builtin.ClickKeyword.click(ClickKeyword.groovy:86)
	at com.kms.katalon.core.webui.keyword.builtin.ClickKeyword.execute(ClickKeyword.groovy:67)
	at com.kms.katalon.core.keyword.internal.KeywordExecutor.executeKeywordForPlatform(KeywordExecutor.groovy:53)
	at com.kms.katalon.core.webui.keyword.WebUiBuiltInKeywords.click(WebUiBuiltInKeywords.groovy:616)
	at com.kms.katalon.core.webui.keyword.WebUiBuiltInKeywords$click$4.call(Unknown Source)
	at Script1555325328873.run(Script1555325328873.groovy:25)
	at com.kms.katalon.core.main.ScriptEngine.run(ScriptEngine.java:183)
	at com.kms.katalon.core.main.ScriptEngine.runScriptAsRawText(ScriptEngine.java:108)
	at com.kms.katalon.core.main.TestCaseExecutor.runScript(TestCaseExecutor.java:294)
	at com.kms.katalon.core.main.TestCaseExecutor.doExecute(TestCaseExecutor.java:285)
	at com.kms.katalon.core.main.TestCaseExecutor.processExecutionPhase(TestCaseExecutor.java:264)
	at com.kms.katalon.core.main.TestCaseExecutor.accessMainPhase(TestCaseExecutor.java:256)
	at com.kms.katalon.core.main.TestCaseExecutor.execute(TestCaseExecutor.java:200)
	at com.kms.katalon.core.main.TestCaseMain.runTestCase(TestCaseMain.java:99)
	at com.kms.katalon.core.keyword.builtin.CallTestCaseKeyword$_callTestCase_closure1.doCall(CallTestCaseKeyword.groovy:60)
	at com.kms.katalon.core.keyword.builtin.CallTestCaseKeyword$_callTestCase_closure1.call(CallTestCaseKeyword.groovy)
	at com.kms.katalon.core.keyword.internal.KeywordMain.runKeyword(KeywordMain.groovy:54)
	at com.kms.katalon.core.keyword.builtin.CallTestCaseKeyword.callTestCase(CallTestCaseKeyword.groovy:81)
	at com.kms.katalon.core.keyword.builtin.CallTestCaseKeyword.execute(CallTestCaseKeyword.groovy:45)
	at com.kms.katalon.core.keyword.internal.KeywordExecutor.executeKeywordForPlatform(KeywordExecutor.groovy:53)
	at com.kms.katalon.core.keyword.BuiltinKeywords.callTestCase(BuiltinKeywords.groovy:334)
	at sun.reflect.GeneratedMethodAccessor16.invoke(Unknown Source)
	at sun.reflect.DelegatingMethodAccessorImpl.invoke(DelegatingMethodAccessorImpl.java:43)
	at java.lang.reflect.Method.invoke(Method.java:498)
	at org.codehaus.groovy.reflection.CachedMethod.invoke(CachedMethod.java:93)
	at groovy.lang.MetaMethod.doMethodInvoke(MetaMethod.java:325)
	at groovy.lang.MetaClassImpl.invokeStaticMethod(MetaClassImpl.java:1469)
	at org.codehaus.groovy.runtime.callsite.StaticMetaClassSite.call(StaticMetaClassSite.java:53)
	at org.codehaus.groovy.runtime.callsite.CallSiteArray.defaultCall(CallSiteArray.java:48)
	at org.codehaus.groovy.runtime.callsite.AbstractCallSite.call(AbstractCallSite.java:113)
	at org.codehaus.groovy.runtime.callsite.AbstractCallSite.call(AbstractCallSite.java:141)
	at Script1555325328895.run(Script1555325328895.groovy:18)
	at com.kms.katalon.core.main.ScriptEngine.run(ScriptEngine.java:183)
	at com.kms.katalon.core.main.ScriptEngine.runScriptAsRawText(ScriptEngine.java:108)
	at com.kms.katalon.core.main.TestCaseExecutor.runScript(TestCaseExecutor.java:294)
	at com.kms.katalon.core.main.TestCaseExecutor.doExecute(TestCaseExecutor.java:285)
	at com.kms.katalon.core.main.TestCaseExecutor.processExecutionPhase(TestCaseExecutor.java:264)
	at com.kms.katalon.core.main.TestCaseExecutor.accessMainPhase(TestCaseExecutor.java:256)
	at com.kms.katalon.core.main.TestCaseExecutor.execute(TestCaseExecutor.java:200)
	at com.kms.katalon.core.main.TestSuiteExecutor.accessTestCaseMainPhase(TestSuiteExecutor.java:129)
	at com.kms.katalon.core.main.TestSuiteExecutor.accessTestSuiteMainPhase(TestSuiteExecutor.java:112)
	at com.kms.katalon.core.main.TestSuiteExecutor.execute(TestSuiteExecutor.java:81)
	at com.kms.katalon.core.main.TestCaseMain.startTestSuite(TestCaseMain.java:142)
	at com.kms.katalon.core.main.TestCaseMain$startTestSuite$0.call(Unknown Source)
	at org.codehaus.groovy.runtime.callsite.CallSiteArray.defaultCall(CallSiteArray.java:48)
	at org.codehaus.groovy.runtime.callsite.AbstractCallSite.call(AbstractCallSite.java:113)
	at org.codehaus.groovy.runtime.callsite.AbstractCallSite.call(AbstractCallSite.java:141)
	at TempTestSuite1555472249208.run(TempTestSuite1555472249208.groovy:36)
	at groovy.lang.GroovyShell.runScriptOrMainOrTestOrRunnable(GroovyShell.java:263)
	at groovy.lang.GroovyShell.run(GroovyShell.java:518)
	at groovy.lang.GroovyShell.run(GroovyShell.java:507)
	at groovy.ui.GroovyMain.processOnce(GroovyMain.java:653)
	at groovy.ui.GroovyMain.run(GroovyMain.java:384)
	at groovy.ui.GroovyMain.process(GroovyMain.java:370)
	at groovy.ui.GroovyMain.processArgs(GroovyMain.java:129)
	at groovy.ui.GroovyMain.main(GroovyMain.java:109)
	at sun.reflect.NativeMethodAccessorImpl.invoke0(Native Method)
	at sun.reflect.NativeMethodAccessorImpl.invoke(NativeMethodAccessorImpl.java:62)
	at sun.reflect.DelegatingMethodAccessorImpl.invoke(DelegatingMethodAccessorImpl.java:43)
	at java.lang.reflect.Method.invoke(Method.java:498)
	at org.codehaus.groovy.tools.GroovyStarter.rootLoader(GroovyStarter.java:109)
	at org.codehaus.groovy.tools.GroovyStarter.main(GroovyStarter.java:131)
)]]></system-err>
      </testcase>
      <testcase name="Test Cases/002_System_,Manage/001_User_Manage/006_paging_verify" classname="Test Cases/002_System_,Manage/001_User_Manage/006_paging_verify" status="FAILED">
         <failure type="FAILED" message="(Stack trace: Assertion failed: 

assert false


	at org.codehaus.groovy.runtime.InvokerHelper.assertFailed(InvokerHelper.java:402)
	at org.codehaus.groovy.runtime.ScriptBytecodeAdapter.assertFailed(ScriptBytecodeAdapter.java:650)
	at Script1555325328899.run(Script1555325328899.groovy:89)
	at com.kms.katalon.core.main.ScriptEngine.run(ScriptEngine.java:183)
	at com.kms.katalon.core.main.ScriptEngine.runScriptAsRawText(ScriptEngine.java:108)
	at com.kms.katalon.core.main.TestCaseExecutor.runScript(TestCaseExecutor.java:294)
	at com.kms.katalon.core.main.TestCaseExecutor.doExecute(TestCaseExecutor.java:285)
	at com.kms.katalon.core.main.TestCaseExecutor.processExecutionPhase(TestCaseExecutor.java:264)
	at com.kms.katalon.core.main.TestCaseExecutor.accessMainPhase(TestCaseExecutor.java:256)
	at com.kms.katalon.core.main.TestCaseExecutor.execute(TestCaseExecutor.java:200)
	at com.kms.katalon.core.main.TestSuiteExecutor.accessTestCaseMainPhase(TestSuiteExecutor.java:129)
	at com.kms.katalon.core.main.TestSuiteExecutor.accessTestSuiteMainPhase(TestSuiteExecutor.java:112)
	at com.kms.katalon.core.main.TestSuiteExecutor.execute(TestSuiteExecutor.java:81)
	at com.kms.katalon.core.main.TestCaseMain.startTestSuite(TestCaseMain.java:142)
	at com.kms.katalon.core.main.TestCaseMain$startTestSuite$0.call(Unknown Source)
	at org.codehaus.groovy.runtime.callsite.CallSiteArray.defaultCall(CallSiteArray.java:48)
	at org.codehaus.groovy.runtime.callsite.AbstractCallSite.call(AbstractCallSite.java:113)
	at org.codehaus.groovy.runtime.callsite.AbstractCallSite.call(AbstractCallSite.java:141)
	at TempTestSuite1555472249208.run(TempTestSuite1555472249208.groovy:36)
	at groovy.lang.GroovyShell.runScriptOrMainOrTestOrRunnable(GroovyShell.java:263)
	at groovy.lang.GroovyShell.run(GroovyShell.java:518)
	at groovy.lang.GroovyShell.run(GroovyShell.java:507)
	at groovy.ui.GroovyMain.processOnce(GroovyMain.java:653)
	at groovy.ui.GroovyMain.run(GroovyMain.java:384)
	at groovy.ui.GroovyMain.process(GroovyMain.java:370)
	at groovy.ui.GroovyMain.processArgs(GroovyMain.java:129)
	at groovy.ui.GroovyMain.main(GroovyMain.java:109)
	at sun.reflect.NativeMethodAccessorImpl.invoke0(Native Method)
	at sun.reflect.NativeMethodAccessorImpl.invoke(NativeMethodAccessorImpl.java:62)
	at sun.reflect.DelegatingMethodAccessorImpl.invoke(DelegatingMethodAccessorImpl.java:43)
	at java.lang.reflect.Method.invoke(Method.java:498)
	at org.codehaus.groovy.tools.GroovyStarter.rootLoader(GroovyStarter.java:109)
	at org.codehaus.groovy.tools.GroovyStarter.main(GroovyStarter.java:131)
)"/>
         <system-out><![CDATA[2019-04-17 11:46:43 - [TEST_CASE][FAILED] - Test Cases/002_System_,Manage/001_User_Manage/006_paging_verify: Test Cases/002_System_,Manage/001_User_Manage/006_paging_verify FAILED because (of) (Stack trace: Assertion failed: 

assert false


	at org.codehaus.groovy.runtime.InvokerHelper.assertFailed(InvokerHelper.java:402)
	at org.codehaus.groovy.runtime.ScriptBytecodeAdapter.assertFailed(ScriptBytecodeAdapter.java:650)
	at Script1555325328899.run(Script1555325328899.groovy:89)
	at com.kms.katalon.core.main.ScriptEngine.run(ScriptEngine.java:183)
	at com.kms.katalon.core.main.ScriptEngine.runScriptAsRawText(ScriptEngine.java:108)
	at com.kms.katalon.core.main.TestCaseExecutor.runScript(TestCaseExecutor.java:294)
	at com.kms.katalon.core.main.TestCaseExecutor.doExecute(TestCaseExecutor.java:285)
	at com.kms.katalon.core.main.TestCaseExecutor.processExecutionPhase(TestCaseExecutor.java:264)
	at com.kms.katalon.core.main.TestCaseExecutor.accessMainPhase(TestCaseExecutor.java:256)
	at com.kms.katalon.core.main.TestCaseExecutor.execute(TestCaseExecutor.java:200)
	at com.kms.katalon.core.main.TestSuiteExecutor.accessTestCaseMainPhase(TestSuiteExecutor.java:129)
	at com.kms.katalon.core.main.TestSuiteExecutor.accessTestSuiteMainPhase(TestSuiteExecutor.java:112)
	at com.kms.katalon.core.main.TestSuiteExecutor.execute(TestSuiteExecutor.java:81)
	at com.kms.katalon.core.main.TestCaseMain.startTestSuite(TestCaseMain.java:142)
	at com.kms.katalon.core.main.TestCaseMain$startTestSuite$0.call(Unknown Source)
	at org.codehaus.groovy.runtime.callsite.CallSiteArray.defaultCall(CallSiteArray.java:48)
	at org.codehaus.groovy.runtime.callsite.AbstractCallSite.call(AbstractCallSite.java:113)
	at org.codehaus.groovy.runtime.callsite.AbstractCallSite.call(AbstractCallSite.java:141)
	at TempTestSuite1555472249208.run(TempTestSuite1555472249208.groovy:36)
	at groovy.lang.GroovyShell.runScriptOrMainOrTestOrRunnable(GroovyShell.java:263)
	at groovy.lang.GroovyShell.run(GroovyShell.java:518)
	at groovy.lang.GroovyShell.run(GroovyShell.java:507)
	at groovy.ui.GroovyMain.processOnce(GroovyMain.java:653)
	at groovy.ui.GroovyMain.run(GroovyMain.java:384)
	at groovy.ui.GroovyMain.process(GroovyMain.java:370)
	at groovy.ui.GroovyMain.processArgs(GroovyMain.java:129)
	at groovy.ui.GroovyMain.main(GroovyMain.java:109)
	at sun.reflect.NativeMethodAccessorImpl.invoke0(Native Method)
	at sun.reflect.NativeMethodAccessorImpl.invoke(NativeMethodAccessorImpl.java:62)
	at sun.reflect.DelegatingMethodAccessorImpl.invoke(DelegatingMethodAccessorImpl.java:43)
	at java.lang.reflect.Method.invoke(Method.java:498)
	at org.codehaus.groovy.tools.GroovyStarter.rootLoader(GroovyStarter.java:109)
	at org.codehaus.groovy.tools.GroovyStarter.main(GroovyStarter.java:131)
)

2019-04-17 11:46:43 - [TEST_STEP][PASSED] - Start listener action : sampleBeforeTestCase: Invoke 'com.kms.katalon.core.annotation.BeforeTestCase' method: 'NewTestListener.sampleBeforeTestCase(...)' completed.

2019-04-17 11:46:43 - [TEST_STEP][PASSED] - Statement - println(testCaseContext.getTestCaseId()): null

2019-04-17 11:46:43 - [TEST_STEP][PASSED] - Statement - println(testCaseContext.getTestCaseVariables()): Invoke 'com.kms.katalon.core.annotation.BeforeTestCase' method: 'NewTestListener.sampleBeforeTestCase(...)' completed.

2019-04-17 11:46:43 - [TEST_STEP][PASSED] - callTestCase: Call Test Case 'Test Cases/002_System_,Manage/001_User_Manage/001_Enter_User' successfully

2019-04-17 11:46:43 - [TEST_CASE][PASSED] - Test Cases/002_System_,Manage/001_User_Manage/001_Enter_User: Test Cases/002_System_,Manage/001_User_Manage/001_Enter_User

2019-04-17 11:46:43 - [TEST_STEP][NOT_RUN] - callTestCase: NOT_RUN: callTestCase

2019-04-17 11:46:43 - [MESSAGE][NOT_RUN] - NOT_RUN: callTestCase

2019-04-17 11:46:43 - [TEST_STEP][PASSED] - delay: Delayed 1 second(s)

2019-04-17 11:46:44 - [MESSAGE][PASSED] - Delayed 1 second(s)

2019-04-17 11:46:44 - [TEST_STEP][PASSED] - click: Object: 'Object Repository/Syetem_settings/User_Manage/a_systemsetings' is clicked on

2019-04-17 11:46:44 - [MESSAGE][PASSED] - Object: 'Object Repository/Syetem_settings/User_Manage/a_systemsetings' is clicked on

2019-04-17 11:46:44 - [TEST_STEP][PASSED] - delay: Delayed 1 second(s)

2019-04-17 11:46:45 - [MESSAGE][PASSED] - Delayed 1 second(s)

2019-04-17 11:46:45 - [TEST_STEP][PASSED] - click: Object: 'Object Repository/Syetem_settings/User_Manage/a_user_manage' is clicked on

2019-04-17 11:46:46 - [MESSAGE][PASSED] - Object: 'Object Repository/Syetem_settings/User_Manage/a_user_manage' is clicked on

2019-04-17 11:46:46 - [TEST_STEP][PASSED] - delay: Delayed 1 second(s)

2019-04-17 11:46:47 - [MESSAGE][PASSED] - Delayed 1 second(s)

2019-04-17 11:46:47 - [TEST_STEP][PASSED] - Statement - verify_user = com.kms.katalon.core.webui.keyword.WebUiBuiltInKeywords.verifyElementPresent(com.kms.katalon.core.testobject.ObjectRepository.findTestObject(Syetem_settings/User_Manage/cite_usertable), 0): Object 'Object Repository/Syetem_settings/User_Manage/cite_usertable' is present

2019-04-17 11:46:47 - [MESSAGE][WARNING] - Timeout '0' is invalid. Using default page load timeout: '30'

2019-04-17 11:46:47 - [MESSAGE][PASSED] - Object 'Object Repository/Syetem_settings/User_Manage/cite_usertable' is present

2019-04-17 11:46:47 - [TEST_STEP][PASSED] - Statement - If (verify_user): Enter the Successfully entered the people management page

2019-04-17 11:46:47 - [TEST_STEP][PASSED] - comment: Enter the Successfully entered the people management page

2019-04-17 11:46:47 - [MESSAGE][PASSED] - Call Test Case 'Test Cases/002_System_,Manage/001_User_Manage/001_Enter_User' successfully

2019-04-17 11:46:47 - [TEST_STEP][PASSED] - delay: Delayed 1 second(s)

2019-04-17 11:46:48 - [MESSAGE][PASSED] - Delayed 1 second(s)

2019-04-17 11:46:48 - [TEST_STEP][PASSED] - Statement - value = ["10", "20", "30", "40", "50", "60", "70", "80", "90"]: null

2019-04-17 11:46:48 - [TEST_STEP][PASSED] - Statement - For (def b : value): null

2019-04-17 11:46:48 - [TEST_STEP][PASSED] - Statement - Total_First = com.kms.katalon.core.webui.keyword.WebUiBuiltInKeywords.getAttribute(com.kms.katalon.core.testobject.ObjectRepository.findTestObject(Syetem_settings/User_Manage/Search/total_list_page), "innerText"): Attribute 'innerText' of object 'Object Repository/Syetem_settings/User_Manage/Search/total_list_page' is: '共 63 条'

2019-04-17 11:46:48 - [MESSAGE][PASSED] - Attribute 'innerText' of object 'Object Repository/Syetem_settings/User_Manage/Search/total_list_page' is: '共 63 条'

2019-04-17 11:46:48 - [TEST_STEP][PASSED] - comment: 共 63 条

2019-04-17 11:46:48 - [TEST_STEP][PASSED] - Statement - a = Total_First[(2..3)]: null

2019-04-17 11:46:48 - [TEST_STEP][PASSED] - Statement - total = java.lang.Integer.parseInt(a): null

2019-04-17 11:46:48 - [TEST_STEP][PASSED] - selectOptionByValue: All options with value '10' are selected in object 'Object Repository/Syetem_settings/User_Manage/Search/select_page' 

2019-04-17 11:46:48 - [MESSAGE][PASSED] - All options with value '10' are selected in object 'Object Repository/Syetem_settings/User_Manage/Search/select_page' 

2019-04-17 11:46:48 - [TEST_STEP][PASSED] - Statement - num = java.lang.Integer.parseInt(b): null

2019-04-17 11:46:48 - [TEST_STEP][PASSED] - Statement - c = total / num: null

2019-04-17 11:46:48 - [TEST_STEP][PASSED] - Statement - d = total % num: null

2019-04-17 11:46:48 - [TEST_STEP][PASSED] - Statement - println(a): null

2019-04-17 11:46:48 - [TEST_STEP][PASSED] - Statement - println(c): null

2019-04-17 11:46:48 - [TEST_STEP][PASSED] - Statement - println(num): null

2019-04-17 11:46:48 - [TEST_STEP][PASSED] - Statement - println(d): null

2019-04-17 11:46:48 - [TEST_STEP][PASSED] - Statement - If (c <= 1): null

2019-04-17 11:46:48 - [TEST_STEP][PASSED] - Statement - Else If (c >= 2): null

2019-04-17 11:46:48 - [TEST_STEP][PASSED] - Statement - For ([i = 1, i <= c, (i++)]): Delayed 1 second(s)

2019-04-17 11:46:48 - [TEST_STEP][PASSED] - click: Object: 'Object Repository/Syetem_settings/User_Manage/Search/next_page' is clicked on

2019-04-17 11:46:48 - [MESSAGE][PASSED] - Object: 'Object Repository/Syetem_settings/User_Manage/Search/next_page' is clicked on

2019-04-17 11:46:48 - [TEST_STEP][PASSED] - delay: Delayed 1 second(s)

2019-04-17 11:46:49 - [MESSAGE][PASSED] - Delayed 1 second(s)

2019-04-17 11:46:49 - [TEST_STEP][PASSED] - click: Object: 'Object Repository/Syetem_settings/User_Manage/Search/next_page' is clicked on

2019-04-17 11:46:49 - [MESSAGE][PASSED] - Object: 'Object Repository/Syetem_settings/User_Manage/Search/next_page' is clicked on

2019-04-17 11:46:49 - [TEST_STEP][PASSED] - delay: Delayed 1 second(s)

2019-04-17 11:46:50 - [MESSAGE][PASSED] - Delayed 1 second(s)

2019-04-17 11:46:50 - [TEST_STEP][PASSED] - click: Object: 'Object Repository/Syetem_settings/User_Manage/Search/next_page' is clicked on

2019-04-17 11:46:50 - [MESSAGE][PASSED] - Object: 'Object Repository/Syetem_settings/User_Manage/Search/next_page' is clicked on

2019-04-17 11:46:50 - [TEST_STEP][PASSED] - delay: Delayed 1 second(s)

2019-04-17 11:46:51 - [MESSAGE][PASSED] - Delayed 1 second(s)

2019-04-17 11:46:51 - [TEST_STEP][PASSED] - click: Object: 'Object Repository/Syetem_settings/User_Manage/Search/next_page' is clicked on

2019-04-17 11:46:51 - [MESSAGE][PASSED] - Object: 'Object Repository/Syetem_settings/User_Manage/Search/next_page' is clicked on

2019-04-17 11:46:51 - [TEST_STEP][PASSED] - delay: Delayed 1 second(s)

2019-04-17 11:46:52 - [MESSAGE][PASSED] - Delayed 1 second(s)

2019-04-17 11:46:52 - [TEST_STEP][PASSED] - click: Object: 'Object Repository/Syetem_settings/User_Manage/Search/next_page' is clicked on

2019-04-17 11:46:52 - [MESSAGE][PASSED] - Object: 'Object Repository/Syetem_settings/User_Manage/Search/next_page' is clicked on

2019-04-17 11:46:52 - [TEST_STEP][PASSED] - delay: Delayed 1 second(s)

2019-04-17 11:46:53 - [MESSAGE][PASSED] - Delayed 1 second(s)

2019-04-17 11:46:53 - [TEST_STEP][PASSED] - click: Object: 'Object Repository/Syetem_settings/User_Manage/Search/next_page' is clicked on

2019-04-17 11:46:53 - [MESSAGE][PASSED] - Object: 'Object Repository/Syetem_settings/User_Manage/Search/next_page' is clicked on

2019-04-17 11:46:53 - [TEST_STEP][PASSED] - delay: Delayed 1 second(s)

2019-04-17 11:46:54 - [MESSAGE][PASSED] - Delayed 1 second(s)

2019-04-17 11:46:54 - [TEST_STEP][PASSED] - verifyElementPresent: Object 'Object Repository/Syetem_settings/User_Manage/Search/table' is present

2019-04-17 11:46:54 - [MESSAGE][PASSED] - Object 'Object Repository/Syetem_settings/User_Manage/Search/table' is present

2019-04-17 11:46:54 - [TEST_STEP][PASSED] - Statement - rows = CustomKeywords.custom_keyword.WebUICustomKeywords.getHtmlTableRows(com.kms.katalon.core.testobject.ObjectRepository.findTestObject(Syetem_settings/User_Manage/Search/table), "tbody"): custom_keyword.WebUICustomKeywords.getHtmlTableRows is PASSED

2019-04-17 11:46:55 - [MESSAGE][PASSED] - custom_keyword.WebUICustomKeywords.getHtmlTableRows is PASSED

2019-04-17 11:46:55 - [TEST_STEP][PASSED] - Statement - leave = rows.size(): null

2019-04-17 11:46:55 - [TEST_STEP][PASSED] - Statement - If (leave == d): null

2019-04-17 11:46:55 - [TEST_STEP][PASSED] - Statement - Else: null

2019-04-17 11:46:55 - [TEST_STEP][PASSED] - comment: 最末页的数据与总条数除以每页条数的余数不一致，截屏，请检查，fail

2019-04-17 11:46:55 - [TEST_STEP][PASSED] - takeScreenshot: Taking screenshot successfully

2019-04-17 11:46:55 - [MESSAGE][PASSED] - Taking screenshot successfully
[[ATTACHMENT|\u672B\u9875\u6570\u636E\u4E0D\u4E00\u81F4]]

2019-04-17 11:46:55 - [TEST_STEP][PASSED] - Statement - assert false: null

2019-04-17 11:46:55 - [TEST_STEP][PASSED] - Start listener action : sampleAfterTestCase: Invoke 'com.kms.katalon.core.annotation.AfterTestCase' method: 'NewTestListener.sampleAfterTestCase(...)' completed.

2019-04-17 11:46:55 - [TEST_STEP][PASSED] - Statement - println(testCaseContext.getTestCaseId()): null

2019-04-17 11:46:55 - [TEST_STEP][PASSED] - Statement - println(testCaseContext.getTestCaseStatus()): Invoke 'com.kms.katalon.core.annotation.AfterTestCase' method: 'NewTestListener.sampleAfterTestCase(...)' completed.]]></system-out>
         <system-err><![CDATA[2019-04-17 11:46:43 - [TEST_CASE][FAILED] - Test Cases/002_System_,Manage/001_User_Manage/006_paging_verify: Test Cases/002_System_,Manage/001_User_Manage/006_paging_verify FAILED because (of) (Stack trace: Assertion failed: 

assert false


	at org.codehaus.groovy.runtime.InvokerHelper.assertFailed(InvokerHelper.java:402)
	at org.codehaus.groovy.runtime.ScriptBytecodeAdapter.assertFailed(ScriptBytecodeAdapter.java:650)
	at Script1555325328899.run(Script1555325328899.groovy:89)
	at com.kms.katalon.core.main.ScriptEngine.run(ScriptEngine.java:183)
	at com.kms.katalon.core.main.ScriptEngine.runScriptAsRawText(ScriptEngine.java:108)
	at com.kms.katalon.core.main.TestCaseExecutor.runScript(TestCaseExecutor.java:294)
	at com.kms.katalon.core.main.TestCaseExecutor.doExecute(TestCaseExecutor.java:285)
	at com.kms.katalon.core.main.TestCaseExecutor.processExecutionPhase(TestCaseExecutor.java:264)
	at com.kms.katalon.core.main.TestCaseExecutor.accessMainPhase(TestCaseExecutor.java:256)
	at com.kms.katalon.core.main.TestCaseExecutor.execute(TestCaseExecutor.java:200)
	at com.kms.katalon.core.main.TestSuiteExecutor.accessTestCaseMainPhase(TestSuiteExecutor.java:129)
	at com.kms.katalon.core.main.TestSuiteExecutor.accessTestSuiteMainPhase(TestSuiteExecutor.java:112)
	at com.kms.katalon.core.main.TestSuiteExecutor.execute(TestSuiteExecutor.java:81)
	at com.kms.katalon.core.main.TestCaseMain.startTestSuite(TestCaseMain.java:142)
	at com.kms.katalon.core.main.TestCaseMain$startTestSuite$0.call(Unknown Source)
	at org.codehaus.groovy.runtime.callsite.CallSiteArray.defaultCall(CallSiteArray.java:48)
	at org.codehaus.groovy.runtime.callsite.AbstractCallSite.call(AbstractCallSite.java:113)
	at org.codehaus.groovy.runtime.callsite.AbstractCallSite.call(AbstractCallSite.java:141)
	at TempTestSuite1555472249208.run(TempTestSuite1555472249208.groovy:36)
	at groovy.lang.GroovyShell.runScriptOrMainOrTestOrRunnable(GroovyShell.java:263)
	at groovy.lang.GroovyShell.run(GroovyShell.java:518)
	at groovy.lang.GroovyShell.run(GroovyShell.java:507)
	at groovy.ui.GroovyMain.processOnce(GroovyMain.java:653)
	at groovy.ui.GroovyMain.run(GroovyMain.java:384)
	at groovy.ui.GroovyMain.process(GroovyMain.java:370)
	at groovy.ui.GroovyMain.processArgs(GroovyMain.java:129)
	at groovy.ui.GroovyMain.main(GroovyMain.java:109)
	at sun.reflect.NativeMethodAccessorImpl.invoke0(Native Method)
	at sun.reflect.NativeMethodAccessorImpl.invoke(NativeMethodAccessorImpl.java:62)
	at sun.reflect.DelegatingMethodAccessorImpl.invoke(DelegatingMethodAccessorImpl.java:43)
	at java.lang.reflect.Method.invoke(Method.java:498)
	at org.codehaus.groovy.tools.GroovyStarter.rootLoader(GroovyStarter.java:109)
	at org.codehaus.groovy.tools.GroovyStarter.main(GroovyStarter.java:131)
)]]></system-err>
      </testcase>
      <testcase name="Test Cases/002_System_,Manage/001_User_Manage/007_page_default" classname="Test Cases/002_System_,Manage/001_User_Manage/007_page_default" status="FAILED">
         <failure type="FAILED" message="(Stack trace: com.kms.katalon.core.exception.StepFailedException: Unable to click on object 'Object Repository/Syetem_settings/User_Manage/a_user_manage' (Root cause: org.openqa.selenium.ElementNotVisibleException: element not visible
  (Session info: headless chrome=73.0.3683.75)
  (Driver info: chromedriver=2.35.528161 (5b82f2d2aae0ca24b877009200ced9065a772e73),platform=Windows NT 6.1.7601 SP1 x86_64) (WARNING: The server did not provide any stacktrace information)
Command duration or timeout: 0 milliseconds
Build info: version: '3.7.1', revision: '8a0099a', time: '2017-11-06T21:07:36.161Z'
System info: host: 'BF-20170623WSST', ip: '192.168.10.86', os.name: 'Windows 7', os.arch: 'amd64', os.version: '6.1', java.version: '1.8.0_181'
Driver info: com.kms.katalon.selenium.driver.CChromeDriver
Capabilities {acceptInsecureCerts: false, acceptSslCerts: false, applicationCacheEnabled: false, browserConnectionEnabled: false, browserName: chrome, chrome: {chromedriverVersion: 2.35.528161 (5b82f2d2aae0ca..., userDataDir: C:\Users\ADMINI~1\AppData\L...}, cssSelectorsEnabled: true, databaseEnabled: false, handlesAlerts: true, hasTouchScreen: false, javascriptEnabled: true, locationContextEnabled: true, mobileEmulationEnabled: false, nativeEvents: true, networkConnectionEnabled: false, pageLoadStrategy: normal, platform: XP, platformName: XP, rotatable: false, setWindowRect: true, takesHeapSnapshot: true, takesScreenshot: true, unexpectedAlertBehaviour: , unhandledPromptBehavior: , version: 73.0.3683.75, webStorageEnabled: true}
Session ID: ecbfab57194731940f9b5dbca6c50beb)
	at com.kms.katalon.core.keyword.internal.KeywordMain.stepFailed(KeywordMain.groovy:36)
	at com.kms.katalon.core.webui.keyword.internal.WebUIKeywordMain.stepFailed(WebUIKeywordMain.groovy:65)
	at com.kms.katalon.core.webui.keyword.internal.WebUIKeywordMain.runKeyword(WebUIKeywordMain.groovy:27)
	at com.kms.katalon.core.webui.keyword.builtin.ClickKeyword.click(ClickKeyword.groovy:86)
	at com.kms.katalon.core.webui.keyword.builtin.ClickKeyword.execute(ClickKeyword.groovy:67)
	at com.kms.katalon.core.keyword.internal.KeywordExecutor.executeKeywordForPlatform(KeywordExecutor.groovy:53)
	at com.kms.katalon.core.webui.keyword.WebUiBuiltInKeywords.click(WebUiBuiltInKeywords.groovy:616)
	at com.kms.katalon.core.webui.keyword.WebUiBuiltInKeywords$click$4.call(Unknown Source)
	at Script1555325328873.run(Script1555325328873.groovy:25)
	at com.kms.katalon.core.main.ScriptEngine.run(ScriptEngine.java:183)
	at com.kms.katalon.core.main.ScriptEngine.runScriptAsRawText(ScriptEngine.java:108)
	at com.kms.katalon.core.main.TestCaseExecutor.runScript(TestCaseExecutor.java:294)
	at com.kms.katalon.core.main.TestCaseExecutor.doExecute(TestCaseExecutor.java:285)
	at com.kms.katalon.core.main.TestCaseExecutor.processExecutionPhase(TestCaseExecutor.java:264)
	at com.kms.katalon.core.main.TestCaseExecutor.accessMainPhase(TestCaseExecutor.java:256)
	at com.kms.katalon.core.main.TestCaseExecutor.execute(TestCaseExecutor.java:200)
	at com.kms.katalon.core.main.TestCaseMain.runTestCase(TestCaseMain.java:99)
	at com.kms.katalon.core.keyword.builtin.CallTestCaseKeyword$_callTestCase_closure1.doCall(CallTestCaseKeyword.groovy:60)
	at com.kms.katalon.core.keyword.builtin.CallTestCaseKeyword$_callTestCase_closure1.call(CallTestCaseKeyword.groovy)
	at com.kms.katalon.core.keyword.internal.KeywordMain.runKeyword(KeywordMain.groovy:54)
	at com.kms.katalon.core.keyword.builtin.CallTestCaseKeyword.callTestCase(CallTestCaseKeyword.groovy:81)
	at com.kms.katalon.core.keyword.builtin.CallTestCaseKeyword.execute(CallTestCaseKeyword.groovy:45)
	at com.kms.katalon.core.keyword.internal.KeywordExecutor.executeKeywordForPlatform(KeywordExecutor.groovy:53)
	at com.kms.katalon.core.keyword.BuiltinKeywords.callTestCase(BuiltinKeywords.groovy:334)
	at sun.reflect.GeneratedMethodAccessor16.invoke(Unknown Source)
	at sun.reflect.DelegatingMethodAccessorImpl.invoke(DelegatingMethodAccessorImpl.java:43)
	at java.lang.reflect.Method.invoke(Method.java:498)
	at org.codehaus.groovy.reflection.CachedMethod.invoke(CachedMethod.java:93)
	at groovy.lang.MetaMethod.doMethodInvoke(MetaMethod.java:325)
	at groovy.lang.MetaClassImpl.invokeStaticMethod(MetaClassImpl.java:1469)
	at org.codehaus.groovy.runtime.callsite.StaticMetaClassSite.call(StaticMetaClassSite.java:53)
	at org.codehaus.groovy.runtime.callsite.CallSiteArray.defaultCall(CallSiteArray.java:48)
	at org.codehaus.groovy.runtime.callsite.AbstractCallSite.call(AbstractCallSite.java:113)
	at org.codehaus.groovy.runtime.callsite.AbstractCallSite.call(AbstractCallSite.java:141)
	at Script1555325328905.run(Script1555325328905.groovy:16)
	at com.kms.katalon.core.main.ScriptEngine.run(ScriptEngine.java:183)
	at com.kms.katalon.core.main.ScriptEngine.runScriptAsRawText(ScriptEngine.java:108)
	at com.kms.katalon.core.main.TestCaseExecutor.runScript(TestCaseExecutor.java:294)
	at com.kms.katalon.core.main.TestCaseExecutor.doExecute(TestCaseExecutor.java:285)
	at com.kms.katalon.core.main.TestCaseExecutor.processExecutionPhase(TestCaseExecutor.java:264)
	at com.kms.katalon.core.main.TestCaseExecutor.accessMainPhase(TestCaseExecutor.java:256)
	at com.kms.katalon.core.main.TestCaseExecutor.execute(TestCaseExecutor.java:200)
	at com.kms.katalon.core.main.TestSuiteExecutor.accessTestCaseMainPhase(TestSuiteExecutor.java:129)
	at com.kms.katalon.core.main.TestSuiteExecutor.accessTestSuiteMainPhase(TestSuiteExecutor.java:112)
	at com.kms.katalon.core.main.TestSuiteExecutor.execute(TestSuiteExecutor.java:81)
	at com.kms.katalon.core.main.TestCaseMain.startTestSuite(TestCaseMain.java:142)
	at com.kms.katalon.core.main.TestCaseMain$startTestSuite$0.call(Unknown Source)
	at org.codehaus.groovy.runtime.callsite.CallSiteArray.defaultCall(CallSiteArray.java:48)
	at org.codehaus.groovy.runtime.callsite.AbstractCallSite.call(AbstractCallSite.java:113)
	at org.codehaus.groovy.runtime.callsite.AbstractCallSite.call(AbstractCallSite.java:141)
	at TempTestSuite1555472249208.run(TempTestSuite1555472249208.groovy:36)
	at groovy.lang.GroovyShell.runScriptOrMainOrTestOrRunnable(GroovyShell.java:263)
	at groovy.lang.GroovyShell.run(GroovyShell.java:518)
	at groovy.lang.GroovyShell.run(GroovyShell.java:507)
	at groovy.ui.GroovyMain.processOnce(GroovyMain.java:653)
	at groovy.ui.GroovyMain.run(GroovyMain.java:384)
	at groovy.ui.GroovyMain.process(GroovyMain.java:370)
	at groovy.ui.GroovyMain.processArgs(GroovyMain.java:129)
	at groovy.ui.GroovyMain.main(GroovyMain.java:109)
	at sun.reflect.NativeMethodAccessorImpl.invoke0(Native Method)
	at sun.reflect.NativeMethodAccessorImpl.invoke(NativeMethodAccessorImpl.java:62)
	at sun.reflect.DelegatingMethodAccessorImpl.invoke(DelegatingMethodAccessorImpl.java:43)
	at java.lang.reflect.Method.invoke(Method.java:498)
	at org.codehaus.groovy.tools.GroovyStarter.rootLoader(GroovyStarter.java:109)
	at org.codehaus.groovy.tools.GroovyStarter.main(GroovyStarter.java:131)
)"/>
         <system-out><![CDATA[2019-04-17 11:46:57 - [TEST_CASE][FAILED] - Test Cases/002_System_,Manage/001_User_Manage/007_page_default: Test Cases/002_System_,Manage/001_User_Manage/007_page_default FAILED because (of) (Stack trace: com.kms.katalon.core.exception.StepFailedException: Unable to click on object 'Object Repository/Syetem_settings/User_Manage/a_user_manage' (Root cause: org.openqa.selenium.ElementNotVisibleException: element not visible
  (Session info: headless chrome=73.0.3683.75)
  (Driver info: chromedriver=2.35.528161 (5b82f2d2aae0ca24b877009200ced9065a772e73),platform=Windows NT 6.1.7601 SP1 x86_64) (WARNING: The server did not provide any stacktrace information)
Command duration or timeout: 0 milliseconds
Build info: version: '3.7.1', revision: '8a0099a', time: '2017-11-06T21:07:36.161Z'
System info: host: 'BF-20170623WSST', ip: '192.168.10.86', os.name: 'Windows 7', os.arch: 'amd64', os.version: '6.1', java.version: '1.8.0_181'
Driver info: com.kms.katalon.selenium.driver.CChromeDriver
Capabilities {acceptInsecureCerts: false, acceptSslCerts: false, applicationCacheEnabled: false, browserConnectionEnabled: false, browserName: chrome, chrome: {chromedriverVersion: 2.35.528161 (5b82f2d2aae0ca..., userDataDir: C:\Users\ADMINI~1\AppData\L...}, cssSelectorsEnabled: true, databaseEnabled: false, handlesAlerts: true, hasTouchScreen: false, javascriptEnabled: true, locationContextEnabled: true, mobileEmulationEnabled: false, nativeEvents: true, networkConnectionEnabled: false, pageLoadStrategy: normal, platform: XP, platformName: XP, rotatable: false, setWindowRect: true, takesHeapSnapshot: true, takesScreenshot: true, unexpectedAlertBehaviour: , unhandledPromptBehavior: , version: 73.0.3683.75, webStorageEnabled: true}
Session ID: ecbfab57194731940f9b5dbca6c50beb)
	at com.kms.katalon.core.keyword.internal.KeywordMain.stepFailed(KeywordMain.groovy:36)
	at com.kms.katalon.core.webui.keyword.internal.WebUIKeywordMain.stepFailed(WebUIKeywordMain.groovy:65)
	at com.kms.katalon.core.webui.keyword.internal.WebUIKeywordMain.runKeyword(WebUIKeywordMain.groovy:27)
	at com.kms.katalon.core.webui.keyword.builtin.ClickKeyword.click(ClickKeyword.groovy:86)
	at com.kms.katalon.core.webui.keyword.builtin.ClickKeyword.execute(ClickKeyword.groovy:67)
	at com.kms.katalon.core.keyword.internal.KeywordExecutor.executeKeywordForPlatform(KeywordExecutor.groovy:53)
	at com.kms.katalon.core.webui.keyword.WebUiBuiltInKeywords.click(WebUiBuiltInKeywords.groovy:616)
	at com.kms.katalon.core.webui.keyword.WebUiBuiltInKeywords$click$4.call(Unknown Source)
	at Script1555325328873.run(Script1555325328873.groovy:25)
	at com.kms.katalon.core.main.ScriptEngine.run(ScriptEngine.java:183)
	at com.kms.katalon.core.main.ScriptEngine.runScriptAsRawText(ScriptEngine.java:108)
	at com.kms.katalon.core.main.TestCaseExecutor.runScript(TestCaseExecutor.java:294)
	at com.kms.katalon.core.main.TestCaseExecutor.doExecute(TestCaseExecutor.java:285)
	at com.kms.katalon.core.main.TestCaseExecutor.processExecutionPhase(TestCaseExecutor.java:264)
	at com.kms.katalon.core.main.TestCaseExecutor.accessMainPhase(TestCaseExecutor.java:256)
	at com.kms.katalon.core.main.TestCaseExecutor.execute(TestCaseExecutor.java:200)
	at com.kms.katalon.core.main.TestCaseMain.runTestCase(TestCaseMain.java:99)
	at com.kms.katalon.core.keyword.builtin.CallTestCaseKeyword$_callTestCase_closure1.doCall(CallTestCaseKeyword.groovy:60)
	at com.kms.katalon.core.keyword.builtin.CallTestCaseKeyword$_callTestCase_closure1.call(CallTestCaseKeyword.groovy)
	at com.kms.katalon.core.keyword.internal.KeywordMain.runKeyword(KeywordMain.groovy:54)
	at com.kms.katalon.core.keyword.builtin.CallTestCaseKeyword.callTestCase(CallTestCaseKeyword.groovy:81)
	at com.kms.katalon.core.keyword.builtin.CallTestCaseKeyword.execute(CallTestCaseKeyword.groovy:45)
	at com.kms.katalon.core.keyword.internal.KeywordExecutor.executeKeywordForPlatform(KeywordExecutor.groovy:53)
	at com.kms.katalon.core.keyword.BuiltinKeywords.callTestCase(BuiltinKeywords.groovy:334)
	at sun.reflect.GeneratedMethodAccessor16.invoke(Unknown Source)
	at sun.reflect.DelegatingMethodAccessorImpl.invoke(DelegatingMethodAccessorImpl.java:43)
	at java.lang.reflect.Method.invoke(Method.java:498)
	at org.codehaus.groovy.reflection.CachedMethod.invoke(CachedMethod.java:93)
	at groovy.lang.MetaMethod.doMethodInvoke(MetaMethod.java:325)
	at groovy.lang.MetaClassImpl.invokeStaticMethod(MetaClassImpl.java:1469)
	at org.codehaus.groovy.runtime.callsite.StaticMetaClassSite.call(StaticMetaClassSite.java:53)
	at org.codehaus.groovy.runtime.callsite.CallSiteArray.defaultCall(CallSiteArray.java:48)
	at org.codehaus.groovy.runtime.callsite.AbstractCallSite.call(AbstractCallSite.java:113)
	at org.codehaus.groovy.runtime.callsite.AbstractCallSite.call(AbstractCallSite.java:141)
	at Script1555325328905.run(Script1555325328905.groovy:16)
	at com.kms.katalon.core.main.ScriptEngine.run(ScriptEngine.java:183)
	at com.kms.katalon.core.main.ScriptEngine.runScriptAsRawText(ScriptEngine.java:108)
	at com.kms.katalon.core.main.TestCaseExecutor.runScript(TestCaseExecutor.java:294)
	at com.kms.katalon.core.main.TestCaseExecutor.doExecute(TestCaseExecutor.java:285)
	at com.kms.katalon.core.main.TestCaseExecutor.processExecutionPhase(TestCaseExecutor.java:264)
	at com.kms.katalon.core.main.TestCaseExecutor.accessMainPhase(TestCaseExecutor.java:256)
	at com.kms.katalon.core.main.TestCaseExecutor.execute(TestCaseExecutor.java:200)
	at com.kms.katalon.core.main.TestSuiteExecutor.accessTestCaseMainPhase(TestSuiteExecutor.java:129)
	at com.kms.katalon.core.main.TestSuiteExecutor.accessTestSuiteMainPhase(TestSuiteExecutor.java:112)
	at com.kms.katalon.core.main.TestSuiteExecutor.execute(TestSuiteExecutor.java:81)
	at com.kms.katalon.core.main.TestCaseMain.startTestSuite(TestCaseMain.java:142)
	at com.kms.katalon.core.main.TestCaseMain$startTestSuite$0.call(Unknown Source)
	at org.codehaus.groovy.runtime.callsite.CallSiteArray.defaultCall(CallSiteArray.java:48)
	at org.codehaus.groovy.runtime.callsite.AbstractCallSite.call(AbstractCallSite.java:113)
	at org.codehaus.groovy.runtime.callsite.AbstractCallSite.call(AbstractCallSite.java:141)
	at TempTestSuite1555472249208.run(TempTestSuite1555472249208.groovy:36)
	at groovy.lang.GroovyShell.runScriptOrMainOrTestOrRunnable(GroovyShell.java:263)
	at groovy.lang.GroovyShell.run(GroovyShell.java:518)
	at groovy.lang.GroovyShell.run(GroovyShell.java:507)
	at groovy.ui.GroovyMain.processOnce(GroovyMain.java:653)
	at groovy.ui.GroovyMain.run(GroovyMain.java:384)
	at groovy.ui.GroovyMain.process(GroovyMain.java:370)
	at groovy.ui.GroovyMain.processArgs(GroovyMain.java:129)
	at groovy.ui.GroovyMain.main(GroovyMain.java:109)
	at sun.reflect.NativeMethodAccessorImpl.invoke0(Native Method)
	at sun.reflect.NativeMethodAccessorImpl.invoke(NativeMethodAccessorImpl.java:62)
	at sun.reflect.DelegatingMethodAccessorImpl.invoke(DelegatingMethodAccessorImpl.java:43)
	at java.lang.reflect.Method.invoke(Method.java:498)
	at org.codehaus.groovy.tools.GroovyStarter.rootLoader(GroovyStarter.java:109)
	at org.codehaus.groovy.tools.GroovyStarter.main(GroovyStarter.java:131)
)

2019-04-17 11:46:57 - [TEST_STEP][PASSED] - Start listener action : sampleBeforeTestCase: Invoke 'com.kms.katalon.core.annotation.BeforeTestCase' method: 'NewTestListener.sampleBeforeTestCase(...)' completed.

2019-04-17 11:46:57 - [TEST_STEP][PASSED] - Statement - println(testCaseContext.getTestCaseId()): null

2019-04-17 11:46:57 - [TEST_STEP][PASSED] - Statement - println(testCaseContext.getTestCaseVariables()): Invoke 'com.kms.katalon.core.annotation.BeforeTestCase' method: 'NewTestListener.sampleBeforeTestCase(...)' completed.

2019-04-17 11:46:57 - [TEST_STEP][FAILED] - callTestCase: Unable to call Test Case with id 'Test Cases/002_System_,Manage/001_User_Manage/001_Enter_User' (Root cause: Call Test Case 'Test Cases/002_System_,Manage/001_User_Manage/001_Enter_User' failed)

2019-04-17 11:46:57 - [TEST_CASE][FAILED] - Test Cases/002_System_,Manage/001_User_Manage/001_Enter_User: Test Cases/002_System_,Manage/001_User_Manage/001_Enter_User FAILED because (of) (Stack trace: com.kms.katalon.core.exception.StepFailedException: Unable to click on object 'Object Repository/Syetem_settings/User_Manage/a_user_manage' (Root cause: org.openqa.selenium.ElementNotVisibleException: element not visible
  (Session info: headless chrome=73.0.3683.75)
  (Driver info: chromedriver=2.35.528161 (5b82f2d2aae0ca24b877009200ced9065a772e73),platform=Windows NT 6.1.7601 SP1 x86_64) (WARNING: The server did not provide any stacktrace information)
Command duration or timeout: 0 milliseconds
Build info: version: '3.7.1', revision: '8a0099a', time: '2017-11-06T21:07:36.161Z'
System info: host: 'BF-20170623WSST', ip: '192.168.10.86', os.name: 'Windows 7', os.arch: 'amd64', os.version: '6.1', java.version: '1.8.0_181'
Driver info: com.kms.katalon.selenium.driver.CChromeDriver
Capabilities {acceptInsecureCerts: false, acceptSslCerts: false, applicationCacheEnabled: false, browserConnectionEnabled: false, browserName: chrome, chrome: {chromedriverVersion: 2.35.528161 (5b82f2d2aae0ca..., userDataDir: C:\Users\ADMINI~1\AppData\L...}, cssSelectorsEnabled: true, databaseEnabled: false, handlesAlerts: true, hasTouchScreen: false, javascriptEnabled: true, locationContextEnabled: true, mobileEmulationEnabled: false, nativeEvents: true, networkConnectionEnabled: false, pageLoadStrategy: normal, platform: XP, platformName: XP, rotatable: false, setWindowRect: true, takesHeapSnapshot: true, takesScreenshot: true, unexpectedAlertBehaviour: , unhandledPromptBehavior: , version: 73.0.3683.75, webStorageEnabled: true}
Session ID: ecbfab57194731940f9b5dbca6c50beb)
	at com.kms.katalon.core.keyword.internal.KeywordMain.stepFailed(KeywordMain.groovy:36)
	at com.kms.katalon.core.webui.keyword.internal.WebUIKeywordMain.stepFailed(WebUIKeywordMain.groovy:65)
	at com.kms.katalon.core.webui.keyword.internal.WebUIKeywordMain.runKeyword(WebUIKeywordMain.groovy:27)
	at com.kms.katalon.core.webui.keyword.builtin.ClickKeyword.click(ClickKeyword.groovy:86)
	at com.kms.katalon.core.webui.keyword.builtin.ClickKeyword.execute(ClickKeyword.groovy:67)
	at com.kms.katalon.core.keyword.internal.KeywordExecutor.executeKeywordForPlatform(KeywordExecutor.groovy:53)
	at com.kms.katalon.core.webui.keyword.WebUiBuiltInKeywords.click(WebUiBuiltInKeywords.groovy:616)
	at com.kms.katalon.core.webui.keyword.WebUiBuiltInKeywords$click$4.call(Unknown Source)
	at Script1555325328873.run(Script1555325328873.groovy:25)
	at com.kms.katalon.core.main.ScriptEngine.run(ScriptEngine.java:183)
	at com.kms.katalon.core.main.ScriptEngine.runScriptAsRawText(ScriptEngine.java:108)
	at com.kms.katalon.core.main.TestCaseExecutor.runScript(TestCaseExecutor.java:294)
	at com.kms.katalon.core.main.TestCaseExecutor.doExecute(TestCaseExecutor.java:285)
	at com.kms.katalon.core.main.TestCaseExecutor.processExecutionPhase(TestCaseExecutor.java:264)
	at com.kms.katalon.core.main.TestCaseExecutor.accessMainPhase(TestCaseExecutor.java:256)
	at com.kms.katalon.core.main.TestCaseExecutor.execute(TestCaseExecutor.java:200)
	at com.kms.katalon.core.main.TestCaseMain.runTestCase(TestCaseMain.java:99)
	at com.kms.katalon.core.keyword.builtin.CallTestCaseKeyword$_callTestCase_closure1.doCall(CallTestCaseKeyword.groovy:60)
	at com.kms.katalon.core.keyword.builtin.CallTestCaseKeyword$_callTestCase_closure1.call(CallTestCaseKeyword.groovy)
	at com.kms.katalon.core.keyword.internal.KeywordMain.runKeyword(KeywordMain.groovy:54)
	at com.kms.katalon.core.keyword.builtin.CallTestCaseKeyword.callTestCase(CallTestCaseKeyword.groovy:81)
	at com.kms.katalon.core.keyword.builtin.CallTestCaseKeyword.execute(CallTestCaseKeyword.groovy:45)
	at com.kms.katalon.core.keyword.internal.KeywordExecutor.executeKeywordForPlatform(KeywordExecutor.groovy:53)
	at com.kms.katalon.core.keyword.BuiltinKeywords.callTestCase(BuiltinKeywords.groovy:334)
	at sun.reflect.GeneratedMethodAccessor16.invoke(Unknown Source)
	at sun.reflect.DelegatingMethodAccessorImpl.invoke(DelegatingMethodAccessorImpl.java:43)
	at java.lang.reflect.Method.invoke(Method.java:498)
	at org.codehaus.groovy.reflection.CachedMethod.invoke(CachedMethod.java:93)
	at groovy.lang.MetaMethod.doMethodInvoke(MetaMethod.java:325)
	at groovy.lang.MetaClassImpl.invokeStaticMethod(MetaClassImpl.java:1469)
	at org.codehaus.groovy.runtime.callsite.StaticMetaClassSite.call(StaticMetaClassSite.java:53)
	at org.codehaus.groovy.runtime.callsite.CallSiteArray.defaultCall(CallSiteArray.java:48)
	at org.codehaus.groovy.runtime.callsite.AbstractCallSite.call(AbstractCallSite.java:113)
	at org.codehaus.groovy.runtime.callsite.AbstractCallSite.call(AbstractCallSite.java:141)
	at Script1555325328905.run(Script1555325328905.groovy:16)
	at com.kms.katalon.core.main.ScriptEngine.run(ScriptEngine.java:183)
	at com.kms.katalon.core.main.ScriptEngine.runScriptAsRawText(ScriptEngine.java:108)
	at com.kms.katalon.core.main.TestCaseExecutor.runScript(TestCaseExecutor.java:294)
	at com.kms.katalon.core.main.TestCaseExecutor.doExecute(TestCaseExecutor.java:285)
	at com.kms.katalon.core.main.TestCaseExecutor.processExecutionPhase(TestCaseExecutor.java:264)
	at com.kms.katalon.core.main.TestCaseExecutor.accessMainPhase(TestCaseExecutor.java:256)
	at com.kms.katalon.core.main.TestCaseExecutor.execute(TestCaseExecutor.java:200)
	at com.kms.katalon.core.main.TestSuiteExecutor.accessTestCaseMainPhase(TestSuiteExecutor.java:129)
	at com.kms.katalon.core.main.TestSuiteExecutor.accessTestSuiteMainPhase(TestSuiteExecutor.java:112)
	at com.kms.katalon.core.main.TestSuiteExecutor.execute(TestSuiteExecutor.java:81)
	at com.kms.katalon.core.main.TestCaseMain.startTestSuite(TestCaseMain.java:142)
	at com.kms.katalon.core.main.TestCaseMain$startTestSuite$0.call(Unknown Source)
	at org.codehaus.groovy.runtime.callsite.CallSiteArray.defaultCall(CallSiteArray.java:48)
	at org.codehaus.groovy.runtime.callsite.AbstractCallSite.call(AbstractCallSite.java:113)
	at org.codehaus.groovy.runtime.callsite.AbstractCallSite.call(AbstractCallSite.java:141)
	at TempTestSuite1555472249208.run(TempTestSuite1555472249208.groovy:36)
	at groovy.lang.GroovyShell.runScriptOrMainOrTestOrRunnable(GroovyShell.java:263)
	at groovy.lang.GroovyShell.run(GroovyShell.java:518)
	at groovy.lang.GroovyShell.run(GroovyShell.java:507)
	at groovy.ui.GroovyMain.processOnce(GroovyMain.java:653)
	at groovy.ui.GroovyMain.run(GroovyMain.java:384)
	at groovy.ui.GroovyMain.process(GroovyMain.java:370)
	at groovy.ui.GroovyMain.processArgs(GroovyMain.java:129)
	at groovy.ui.GroovyMain.main(GroovyMain.java:109)
	at sun.reflect.NativeMethodAccessorImpl.invoke0(Native Method)
	at sun.reflect.NativeMethodAccessorImpl.invoke(NativeMethodAccessorImpl.java:62)
	at sun.reflect.DelegatingMethodAccessorImpl.invoke(DelegatingMethodAccessorImpl.java:43)
	at java.lang.reflect.Method.invoke(Method.java:498)
	at org.codehaus.groovy.tools.GroovyStarter.rootLoader(GroovyStarter.java:109)
	at org.codehaus.groovy.tools.GroovyStarter.main(GroovyStarter.java:131)
)

2019-04-17 11:46:57 - [TEST_STEP][NOT_RUN] - callTestCase: NOT_RUN: callTestCase

2019-04-17 11:46:57 - [MESSAGE][NOT_RUN] - NOT_RUN: callTestCase

2019-04-17 11:46:57 - [TEST_STEP][PASSED] - delay: Delayed 1 second(s)

2019-04-17 11:46:58 - [MESSAGE][PASSED] - Delayed 1 second(s)

2019-04-17 11:46:58 - [TEST_STEP][PASSED] - click: Object: 'Object Repository/Syetem_settings/User_Manage/a_systemsetings' is clicked on

2019-04-17 11:46:58 - [MESSAGE][PASSED] - Object: 'Object Repository/Syetem_settings/User_Manage/a_systemsetings' is clicked on

2019-04-17 11:46:58 - [TEST_STEP][PASSED] - delay: Delayed 1 second(s)

2019-04-17 11:46:59 - [MESSAGE][PASSED] - Delayed 1 second(s)

2019-04-17 11:46:59 - [TEST_STEP][FAILED] - click: Unable to click on object 'Object Repository/Syetem_settings/User_Manage/a_user_manage' (Root cause: org.openqa.selenium.ElementNotVisibleException: element not visible
  (Session info: headless chrome=73.0.3683.75)
  (Driver info: chromedriver=2.35.528161 (5b82f2d2aae0ca24b877009200ced9065a772e73),platform=Windows NT 6.1.7601 SP1 x86_64) (WARNING: The server did not provide any stacktrace information)
Command duration or timeout: 0 milliseconds
Build info: version: '3.7.1', revision: '8a0099a', time: '2017-11-06T21:07:36.161Z'
System info: host: 'BF-20170623WSST', ip: '192.168.10.86', os.name: 'Windows 7', os.arch: 'amd64', os.version: '6.1', java.version: '1.8.0_181'
Driver info: com.kms.katalon.selenium.driver.CChromeDriver
Capabilities {acceptInsecureCerts: false, acceptSslCerts: false, applicationCacheEnabled: false, browserConnectionEnabled: false, browserName: chrome, chrome: {chromedriverVersion: 2.35.528161 (5b82f2d2aae0ca..., userDataDir: C:\Users\ADMINI~1\AppData\L...}, cssSelectorsEnabled: true, databaseEnabled: false, handlesAlerts: true, hasTouchScreen: false, javascriptEnabled: true, locationContextEnabled: true, mobileEmulationEnabled: false, nativeEvents: true, networkConnectionEnabled: false, pageLoadStrategy: normal, platform: XP, platformName: XP, rotatable: false, setWindowRect: true, takesHeapSnapshot: true, takesScreenshot: true, unexpectedAlertBehaviour: , unhandledPromptBehavior: , version: 73.0.3683.75, webStorageEnabled: true}
Session ID: ecbfab57194731940f9b5dbca6c50beb)

2019-04-17 11:46:59 - [MESSAGE][FAILED] - Unable to click on object 'Object Repository/Syetem_settings/User_Manage/a_user_manage' (Root cause: org.openqa.selenium.ElementNotVisibleException: element not visible
  (Session info: headless chrome=73.0.3683.75)
  (Driver info: chromedriver=2.35.528161 (5b82f2d2aae0ca24b877009200ced9065a772e73),platform=Windows NT 6.1.7601 SP1 x86_64) (WARNING: The server did not provide any stacktrace information)
Command duration or timeout: 0 milliseconds
Build info: version: '3.7.1', revision: '8a0099a', time: '2017-11-06T21:07:36.161Z'
System info: host: 'BF-20170623WSST', ip: '192.168.10.86', os.name: 'Windows 7', os.arch: 'amd64', os.version: '6.1', java.version: '1.8.0_181'
Driver info: com.kms.katalon.selenium.driver.CChromeDriver
Capabilities {acceptInsecureCerts: false, acceptSslCerts: false, applicationCacheEnabled: false, browserConnectionEnabled: false, browserName: chrome, chrome: {chromedriverVersion: 2.35.528161 (5b82f2d2aae0ca..., userDataDir: C:\Users\ADMINI~1\AppData\L...}, cssSelectorsEnabled: true, databaseEnabled: false, handlesAlerts: true, hasTouchScreen: false, javascriptEnabled: true, locationContextEnabled: true, mobileEmulationEnabled: false, nativeEvents: true, networkConnectionEnabled: false, pageLoadStrategy: normal, platform: XP, platformName: XP, rotatable: false, setWindowRect: true, takesHeapSnapshot: true, takesScreenshot: true, unexpectedAlertBehaviour: , unhandledPromptBehavior: , version: 73.0.3683.75, webStorageEnabled: true}
Session ID: ecbfab57194731940f9b5dbca6c50beb)
[[ATTACHMENT|G:\\Auto_Learning\\katalon\\katalon_project\\katalon_project\\T2M_Manage\\T2M_Manage\\Reports\\User Manage\\staff manage\\20190417_113729\\1555472819705.png]]

2019-04-17 11:46:59 - [MESSAGE][FAILED] - Unable to call Test Case with id 'Test Cases/002_System_,Manage/001_User_Manage/001_Enter_User' (Root cause: Call Test Case 'Test Cases/002_System_,Manage/001_User_Manage/001_Enter_User' failed)

2019-04-17 11:47:00 - [TEST_STEP][PASSED] - Start listener action : sampleAfterTestCase: Invoke 'com.kms.katalon.core.annotation.AfterTestCase' method: 'NewTestListener.sampleAfterTestCase(...)' completed.

2019-04-17 11:47:00 - [TEST_STEP][PASSED] - Statement - println(testCaseContext.getTestCaseId()): null

2019-04-17 11:47:00 - [TEST_STEP][PASSED] - Statement - println(testCaseContext.getTestCaseStatus()): Invoke 'com.kms.katalon.core.annotation.AfterTestCase' method: 'NewTestListener.sampleAfterTestCase(...)' completed.]]></system-out>
         <system-err><![CDATA[2019-04-17 11:46:57 - [TEST_CASE][FAILED] - Test Cases/002_System_,Manage/001_User_Manage/007_page_default: Test Cases/002_System_,Manage/001_User_Manage/007_page_default FAILED because (of) (Stack trace: com.kms.katalon.core.exception.StepFailedException: Unable to click on object 'Object Repository/Syetem_settings/User_Manage/a_user_manage' (Root cause: org.openqa.selenium.ElementNotVisibleException: element not visible
  (Session info: headless chrome=73.0.3683.75)
  (Driver info: chromedriver=2.35.528161 (5b82f2d2aae0ca24b877009200ced9065a772e73),platform=Windows NT 6.1.7601 SP1 x86_64) (WARNING: The server did not provide any stacktrace information)
Command duration or timeout: 0 milliseconds
Build info: version: '3.7.1', revision: '8a0099a', time: '2017-11-06T21:07:36.161Z'
System info: host: 'BF-20170623WSST', ip: '192.168.10.86', os.name: 'Windows 7', os.arch: 'amd64', os.version: '6.1', java.version: '1.8.0_181'
Driver info: com.kms.katalon.selenium.driver.CChromeDriver
Capabilities {acceptInsecureCerts: false, acceptSslCerts: false, applicationCacheEnabled: false, browserConnectionEnabled: false, browserName: chrome, chrome: {chromedriverVersion: 2.35.528161 (5b82f2d2aae0ca..., userDataDir: C:\Users\ADMINI~1\AppData\L...}, cssSelectorsEnabled: true, databaseEnabled: false, handlesAlerts: true, hasTouchScreen: false, javascriptEnabled: true, locationContextEnabled: true, mobileEmulationEnabled: false, nativeEvents: true, networkConnectionEnabled: false, pageLoadStrategy: normal, platform: XP, platformName: XP, rotatable: false, setWindowRect: true, takesHeapSnapshot: true, takesScreenshot: true, unexpectedAlertBehaviour: , unhandledPromptBehavior: , version: 73.0.3683.75, webStorageEnabled: true}
Session ID: ecbfab57194731940f9b5dbca6c50beb)
	at com.kms.katalon.core.keyword.internal.KeywordMain.stepFailed(KeywordMain.groovy:36)
	at com.kms.katalon.core.webui.keyword.internal.WebUIKeywordMain.stepFailed(WebUIKeywordMain.groovy:65)
	at com.kms.katalon.core.webui.keyword.internal.WebUIKeywordMain.runKeyword(WebUIKeywordMain.groovy:27)
	at com.kms.katalon.core.webui.keyword.builtin.ClickKeyword.click(ClickKeyword.groovy:86)
	at com.kms.katalon.core.webui.keyword.builtin.ClickKeyword.execute(ClickKeyword.groovy:67)
	at com.kms.katalon.core.keyword.internal.KeywordExecutor.executeKeywordForPlatform(KeywordExecutor.groovy:53)
	at com.kms.katalon.core.webui.keyword.WebUiBuiltInKeywords.click(WebUiBuiltInKeywords.groovy:616)
	at com.kms.katalon.core.webui.keyword.WebUiBuiltInKeywords$click$4.call(Unknown Source)
	at Script1555325328873.run(Script1555325328873.groovy:25)
	at com.kms.katalon.core.main.ScriptEngine.run(ScriptEngine.java:183)
	at com.kms.katalon.core.main.ScriptEngine.runScriptAsRawText(ScriptEngine.java:108)
	at com.kms.katalon.core.main.TestCaseExecutor.runScript(TestCaseExecutor.java:294)
	at com.kms.katalon.core.main.TestCaseExecutor.doExecute(TestCaseExecutor.java:285)
	at com.kms.katalon.core.main.TestCaseExecutor.processExecutionPhase(TestCaseExecutor.java:264)
	at com.kms.katalon.core.main.TestCaseExecutor.accessMainPhase(TestCaseExecutor.java:256)
	at com.kms.katalon.core.main.TestCaseExecutor.execute(TestCaseExecutor.java:200)
	at com.kms.katalon.core.main.TestCaseMain.runTestCase(TestCaseMain.java:99)
	at com.kms.katalon.core.keyword.builtin.CallTestCaseKeyword$_callTestCase_closure1.doCall(CallTestCaseKeyword.groovy:60)
	at com.kms.katalon.core.keyword.builtin.CallTestCaseKeyword$_callTestCase_closure1.call(CallTestCaseKeyword.groovy)
	at com.kms.katalon.core.keyword.internal.KeywordMain.runKeyword(KeywordMain.groovy:54)
	at com.kms.katalon.core.keyword.builtin.CallTestCaseKeyword.callTestCase(CallTestCaseKeyword.groovy:81)
	at com.kms.katalon.core.keyword.builtin.CallTestCaseKeyword.execute(CallTestCaseKeyword.groovy:45)
	at com.kms.katalon.core.keyword.internal.KeywordExecutor.executeKeywordForPlatform(KeywordExecutor.groovy:53)
	at com.kms.katalon.core.keyword.BuiltinKeywords.callTestCase(BuiltinKeywords.groovy:334)
	at sun.reflect.GeneratedMethodAccessor16.invoke(Unknown Source)
	at sun.reflect.DelegatingMethodAccessorImpl.invoke(DelegatingMethodAccessorImpl.java:43)
	at java.lang.reflect.Method.invoke(Method.java:498)
	at org.codehaus.groovy.reflection.CachedMethod.invoke(CachedMethod.java:93)
	at groovy.lang.MetaMethod.doMethodInvoke(MetaMethod.java:325)
	at groovy.lang.MetaClassImpl.invokeStaticMethod(MetaClassImpl.java:1469)
	at org.codehaus.groovy.runtime.callsite.StaticMetaClassSite.call(StaticMetaClassSite.java:53)
	at org.codehaus.groovy.runtime.callsite.CallSiteArray.defaultCall(CallSiteArray.java:48)
	at org.codehaus.groovy.runtime.callsite.AbstractCallSite.call(AbstractCallSite.java:113)
	at org.codehaus.groovy.runtime.callsite.AbstractCallSite.call(AbstractCallSite.java:141)
	at Script1555325328905.run(Script1555325328905.groovy:16)
	at com.kms.katalon.core.main.ScriptEngine.run(ScriptEngine.java:183)
	at com.kms.katalon.core.main.ScriptEngine.runScriptAsRawText(ScriptEngine.java:108)
	at com.kms.katalon.core.main.TestCaseExecutor.runScript(TestCaseExecutor.java:294)
	at com.kms.katalon.core.main.TestCaseExecutor.doExecute(TestCaseExecutor.java:285)
	at com.kms.katalon.core.main.TestCaseExecutor.processExecutionPhase(TestCaseExecutor.java:264)
	at com.kms.katalon.core.main.TestCaseExecutor.accessMainPhase(TestCaseExecutor.java:256)
	at com.kms.katalon.core.main.TestCaseExecutor.execute(TestCaseExecutor.java:200)
	at com.kms.katalon.core.main.TestSuiteExecutor.accessTestCaseMainPhase(TestSuiteExecutor.java:129)
	at com.kms.katalon.core.main.TestSuiteExecutor.accessTestSuiteMainPhase(TestSuiteExecutor.java:112)
	at com.kms.katalon.core.main.TestSuiteExecutor.execute(TestSuiteExecutor.java:81)
	at com.kms.katalon.core.main.TestCaseMain.startTestSuite(TestCaseMain.java:142)
	at com.kms.katalon.core.main.TestCaseMain$startTestSuite$0.call(Unknown Source)
	at org.codehaus.groovy.runtime.callsite.CallSiteArray.defaultCall(CallSiteArray.java:48)
	at org.codehaus.groovy.runtime.callsite.AbstractCallSite.call(AbstractCallSite.java:113)
	at org.codehaus.groovy.runtime.callsite.AbstractCallSite.call(AbstractCallSite.java:141)
	at TempTestSuite1555472249208.run(TempTestSuite1555472249208.groovy:36)
	at groovy.lang.GroovyShell.runScriptOrMainOrTestOrRunnable(GroovyShell.java:263)
	at groovy.lang.GroovyShell.run(GroovyShell.java:518)
	at groovy.lang.GroovyShell.run(GroovyShell.java:507)
	at groovy.ui.GroovyMain.processOnce(GroovyMain.java:653)
	at groovy.ui.GroovyMain.run(GroovyMain.java:384)
	at groovy.ui.GroovyMain.process(GroovyMain.java:370)
	at groovy.ui.GroovyMain.processArgs(GroovyMain.java:129)
	at groovy.ui.GroovyMain.main(GroovyMain.java:109)
	at sun.reflect.NativeMethodAccessorImpl.invoke0(Native Method)
	at sun.reflect.NativeMethodAccessorImpl.invoke(NativeMethodAccessorImpl.java:62)
	at sun.reflect.DelegatingMethodAccessorImpl.invoke(DelegatingMethodAccessorImpl.java:43)
	at java.lang.reflect.Method.invoke(Method.java:498)
	at org.codehaus.groovy.tools.GroovyStarter.rootLoader(GroovyStarter.java:109)
	at org.codehaus.groovy.tools.GroovyStarter.main(GroovyStarter.java:131)
)]]></system-err>
      </testcase>
      <testcase name="Test Cases/002_System_,Manage/001_User_Manage/012_Delete_User" classname="Test Cases/002_System_,Manage/001_User_Manage/012_Delete_User" status="FAILED">
         <failure type="FAILED" message="(Stack trace: com.kms.katalon.core.exception.StepFailedException: Unable to get attribute 'innerText' of object 'Object Repository/Syetem_settings/User_Manage/Search/tr_td' (Root cause: com.kms.katalon.core.webui.exception.WebElementNotFoundException: Web element with id: 'Object Repository/Syetem_settings/User_Manage/Search/tr_td' located by 'By.xpath: //div[@id=&quot;mainContent&quot;]/div[2]/div[2]/div[2]/div[2]/div/div[2]/table/tbody/tr[1]/td[1]/div/span' not found)
	at com.kms.katalon.core.keyword.internal.KeywordMain.stepFailed(KeywordMain.groovy:36)
	at com.kms.katalon.core.webui.keyword.internal.WebUIKeywordMain.stepFailed(WebUIKeywordMain.groovy:65)
	at com.kms.katalon.core.webui.keyword.internal.WebUIKeywordMain.runKeyword(WebUIKeywordMain.groovy:27)
	at com.kms.katalon.core.webui.keyword.builtin.GetAttributeKeyword.getAttribute(GetAttributeKeyword.groovy:93)
	at com.kms.katalon.core.webui.keyword.builtin.GetAttributeKeyword.execute(GetAttributeKeyword.groovy:68)
	at com.kms.katalon.core.keyword.internal.KeywordExecutor.executeKeywordForPlatform(KeywordExecutor.groovy:53)
	at com.kms.katalon.core.webui.keyword.WebUiBuiltInKeywords.getAttribute(WebUiBuiltInKeywords.groovy:921)
	at com.kms.katalon.core.webui.keyword.WebUiBuiltInKeywords$getAttribute$7.call(Unknown Source)
	at org.codehaus.groovy.runtime.callsite.CallSiteArray.defaultCall(CallSiteArray.java:48)
	at org.codehaus.groovy.runtime.callsite.AbstractCallSite.call(AbstractCallSite.java:113)
	at org.codehaus.groovy.runtime.callsite.AbstractCallSite.call(AbstractCallSite.java:133)
	at Script1555410956897.run(Script1555410956897.groovy:35)
	at com.kms.katalon.core.main.ScriptEngine.run(ScriptEngine.java:183)
	at com.kms.katalon.core.main.ScriptEngine.runScriptAsRawText(ScriptEngine.java:108)
	at com.kms.katalon.core.main.TestCaseExecutor.runScript(TestCaseExecutor.java:294)
	at com.kms.katalon.core.main.TestCaseExecutor.doExecute(TestCaseExecutor.java:285)
	at com.kms.katalon.core.main.TestCaseExecutor.processExecutionPhase(TestCaseExecutor.java:264)
	at com.kms.katalon.core.main.TestCaseExecutor.accessMainPhase(TestCaseExecutor.java:256)
	at com.kms.katalon.core.main.TestCaseExecutor.execute(TestCaseExecutor.java:200)
	at com.kms.katalon.core.main.TestSuiteExecutor.accessTestCaseMainPhase(TestSuiteExecutor.java:129)
	at com.kms.katalon.core.main.TestSuiteExecutor.accessTestSuiteMainPhase(TestSuiteExecutor.java:112)
	at com.kms.katalon.core.main.TestSuiteExecutor.execute(TestSuiteExecutor.java:81)
	at com.kms.katalon.core.main.TestCaseMain.startTestSuite(TestCaseMain.java:142)
	at com.kms.katalon.core.main.TestCaseMain$startTestSuite$0.call(Unknown Source)
	at org.codehaus.groovy.runtime.callsite.CallSiteArray.defaultCall(CallSiteArray.java:48)
	at org.codehaus.groovy.runtime.callsite.AbstractCallSite.call(AbstractCallSite.java:113)
	at org.codehaus.groovy.runtime.callsite.AbstractCallSite.call(AbstractCallSite.java:141)
	at TempTestSuite1555472249208.run(TempTestSuite1555472249208.groovy:36)
	at groovy.lang.GroovyShell.runScriptOrMainOrTestOrRunnable(GroovyShell.java:263)
	at groovy.lang.GroovyShell.run(GroovyShell.java:518)
	at groovy.lang.GroovyShell.run(GroovyShell.java:507)
	at groovy.ui.GroovyMain.processOnce(GroovyMain.java:653)
	at groovy.ui.GroovyMain.run(GroovyMain.java:384)
	at groovy.ui.GroovyMain.process(GroovyMain.java:370)
	at groovy.ui.GroovyMain.processArgs(GroovyMain.java:129)
	at groovy.ui.GroovyMain.main(GroovyMain.java:109)
	at sun.reflect.NativeMethodAccessorImpl.invoke0(Native Method)
	at sun.reflect.NativeMethodAccessorImpl.invoke(NativeMethodAccessorImpl.java:62)
	at sun.reflect.DelegatingMethodAccessorImpl.invoke(DelegatingMethodAccessorImpl.java:43)
	at java.lang.reflect.Method.invoke(Method.java:498)
	at org.codehaus.groovy.tools.GroovyStarter.rootLoader(GroovyStarter.java:109)
	at org.codehaus.groovy.tools.GroovyStarter.main(GroovyStarter.java:131)
)"/>
         <system-out><![CDATA[2019-04-17 11:47:02 - [TEST_CASE][FAILED] - Test Cases/002_System_,Manage/001_User_Manage/012_Delete_User: Test Cases/002_System_,Manage/001_User_Manage/012_Delete_User FAILED because (of) (Stack trace: com.kms.katalon.core.exception.StepFailedException: Unable to get attribute 'innerText' of object 'Object Repository/Syetem_settings/User_Manage/Search/tr_td' (Root cause: com.kms.katalon.core.webui.exception.WebElementNotFoundException: Web element with id: 'Object Repository/Syetem_settings/User_Manage/Search/tr_td' located by 'By.xpath: //div[@id="mainContent"]/div[2]/div[2]/div[2]/div[2]/div/div[2]/table/tbody/tr[1]/td[1]/div/span' not found)
	at com.kms.katalon.core.keyword.internal.KeywordMain.stepFailed(KeywordMain.groovy:36)
	at com.kms.katalon.core.webui.keyword.internal.WebUIKeywordMain.stepFailed(WebUIKeywordMain.groovy:65)
	at com.kms.katalon.core.webui.keyword.internal.WebUIKeywordMain.runKeyword(WebUIKeywordMain.groovy:27)
	at com.kms.katalon.core.webui.keyword.builtin.GetAttributeKeyword.getAttribute(GetAttributeKeyword.groovy:93)
	at com.kms.katalon.core.webui.keyword.builtin.GetAttributeKeyword.execute(GetAttributeKeyword.groovy:68)
	at com.kms.katalon.core.keyword.internal.KeywordExecutor.executeKeywordForPlatform(KeywordExecutor.groovy:53)
	at com.kms.katalon.core.webui.keyword.WebUiBuiltInKeywords.getAttribute(WebUiBuiltInKeywords.groovy:921)
	at com.kms.katalon.core.webui.keyword.WebUiBuiltInKeywords$getAttribute$7.call(Unknown Source)
	at org.codehaus.groovy.runtime.callsite.CallSiteArray.defaultCall(CallSiteArray.java:48)
	at org.codehaus.groovy.runtime.callsite.AbstractCallSite.call(AbstractCallSite.java:113)
	at org.codehaus.groovy.runtime.callsite.AbstractCallSite.call(AbstractCallSite.java:133)
	at Script1555410956897.run(Script1555410956897.groovy:35)
	at com.kms.katalon.core.main.ScriptEngine.run(ScriptEngine.java:183)
	at com.kms.katalon.core.main.ScriptEngine.runScriptAsRawText(ScriptEngine.java:108)
	at com.kms.katalon.core.main.TestCaseExecutor.runScript(TestCaseExecutor.java:294)
	at com.kms.katalon.core.main.TestCaseExecutor.doExecute(TestCaseExecutor.java:285)
	at com.kms.katalon.core.main.TestCaseExecutor.processExecutionPhase(TestCaseExecutor.java:264)
	at com.kms.katalon.core.main.TestCaseExecutor.accessMainPhase(TestCaseExecutor.java:256)
	at com.kms.katalon.core.main.TestCaseExecutor.execute(TestCaseExecutor.java:200)
	at com.kms.katalon.core.main.TestSuiteExecutor.accessTestCaseMainPhase(TestSuiteExecutor.java:129)
	at com.kms.katalon.core.main.TestSuiteExecutor.accessTestSuiteMainPhase(TestSuiteExecutor.java:112)
	at com.kms.katalon.core.main.TestSuiteExecutor.execute(TestSuiteExecutor.java:81)
	at com.kms.katalon.core.main.TestCaseMain.startTestSuite(TestCaseMain.java:142)
	at com.kms.katalon.core.main.TestCaseMain$startTestSuite$0.call(Unknown Source)
	at org.codehaus.groovy.runtime.callsite.CallSiteArray.defaultCall(CallSiteArray.java:48)
	at org.codehaus.groovy.runtime.callsite.AbstractCallSite.call(AbstractCallSite.java:113)
	at org.codehaus.groovy.runtime.callsite.AbstractCallSite.call(AbstractCallSite.java:141)
	at TempTestSuite1555472249208.run(TempTestSuite1555472249208.groovy:36)
	at groovy.lang.GroovyShell.runScriptOrMainOrTestOrRunnable(GroovyShell.java:263)
	at groovy.lang.GroovyShell.run(GroovyShell.java:518)
	at groovy.lang.GroovyShell.run(GroovyShell.java:507)
	at groovy.ui.GroovyMain.processOnce(GroovyMain.java:653)
	at groovy.ui.GroovyMain.run(GroovyMain.java:384)
	at groovy.ui.GroovyMain.process(GroovyMain.java:370)
	at groovy.ui.GroovyMain.processArgs(GroovyMain.java:129)
	at groovy.ui.GroovyMain.main(GroovyMain.java:109)
	at sun.reflect.NativeMethodAccessorImpl.invoke0(Native Method)
	at sun.reflect.NativeMethodAccessorImpl.invoke(NativeMethodAccessorImpl.java:62)
	at sun.reflect.DelegatingMethodAccessorImpl.invoke(DelegatingMethodAccessorImpl.java:43)
	at java.lang.reflect.Method.invoke(Method.java:498)
	at org.codehaus.groovy.tools.GroovyStarter.rootLoader(GroovyStarter.java:109)
	at org.codehaus.groovy.tools.GroovyStarter.main(GroovyStarter.java:131)
)

2019-04-17 11:47:02 - [TEST_STEP][PASSED] - Start listener action : sampleBeforeTestCase: Invoke 'com.kms.katalon.core.annotation.BeforeTestCase' method: 'NewTestListener.sampleBeforeTestCase(...)' completed.

2019-04-17 11:47:02 - [TEST_STEP][PASSED] - Statement - println(testCaseContext.getTestCaseId()): null

2019-04-17 11:47:02 - [TEST_STEP][PASSED] - Statement - println(testCaseContext.getTestCaseVariables()): Invoke 'com.kms.katalon.core.annotation.BeforeTestCase' method: 'NewTestListener.sampleBeforeTestCase(...)' completed.

2019-04-17 11:47:02 - [TEST_STEP][PASSED] - callTestCase: Call Test Case 'Test Cases/002_System_,Manage/001_User_Manage/001_Enter_User' successfully

2019-04-17 11:47:02 - [TEST_CASE][PASSED] - Test Cases/002_System_,Manage/001_User_Manage/001_Enter_User: Test Cases/002_System_,Manage/001_User_Manage/001_Enter_User

2019-04-17 11:47:02 - [TEST_STEP][NOT_RUN] - callTestCase: NOT_RUN: callTestCase

2019-04-17 11:47:02 - [MESSAGE][NOT_RUN] - NOT_RUN: callTestCase

2019-04-17 11:47:02 - [TEST_STEP][PASSED] - delay: Delayed 1 second(s)

2019-04-17 11:47:03 - [MESSAGE][PASSED] - Delayed 1 second(s)

2019-04-17 11:47:03 - [TEST_STEP][PASSED] - click: Object: 'Object Repository/Syetem_settings/User_Manage/a_systemsetings' is clicked on

2019-04-17 11:47:03 - [MESSAGE][PASSED] - Object: 'Object Repository/Syetem_settings/User_Manage/a_systemsetings' is clicked on

2019-04-17 11:47:03 - [TEST_STEP][PASSED] - delay: Delayed 1 second(s)

2019-04-17 11:47:04 - [MESSAGE][PASSED] - Delayed 1 second(s)

2019-04-17 11:47:04 - [TEST_STEP][PASSED] - click: Object: 'Object Repository/Syetem_settings/User_Manage/a_user_manage' is clicked on

2019-04-17 11:47:04 - [MESSAGE][PASSED] - Object: 'Object Repository/Syetem_settings/User_Manage/a_user_manage' is clicked on

2019-04-17 11:47:04 - [TEST_STEP][PASSED] - delay: Delayed 1 second(s)

2019-04-17 11:47:05 - [MESSAGE][PASSED] - Delayed 1 second(s)

2019-04-17 11:47:05 - [TEST_STEP][PASSED] - Statement - verify_user = com.kms.katalon.core.webui.keyword.WebUiBuiltInKeywords.verifyElementPresent(com.kms.katalon.core.testobject.ObjectRepository.findTestObject(Syetem_settings/User_Manage/cite_usertable), 0): Object 'Object Repository/Syetem_settings/User_Manage/cite_usertable' is present

2019-04-17 11:47:05 - [MESSAGE][WARNING] - Timeout '0' is invalid. Using default page load timeout: '30'

2019-04-17 11:47:05 - [MESSAGE][PASSED] - Object 'Object Repository/Syetem_settings/User_Manage/cite_usertable' is present

2019-04-17 11:47:05 - [TEST_STEP][PASSED] - Statement - If (verify_user): Enter the Successfully entered the people management page

2019-04-17 11:47:05 - [TEST_STEP][PASSED] - comment: Enter the Successfully entered the people management page

2019-04-17 11:47:05 - [MESSAGE][PASSED] - Call Test Case 'Test Cases/002_System_,Manage/001_User_Manage/001_Enter_User' successfully

2019-04-17 11:47:05 - [TEST_STEP][PASSED] - maximizeWindow: Current window maximized

2019-04-17 11:47:05 - [MESSAGE][PASSED] - Current window maximized

2019-04-17 11:47:05 - [TEST_STEP][PASSED] - Statement - Total_First1 = com.kms.katalon.core.webui.keyword.WebUiBuiltInKeywords.getAttribute(com.kms.katalon.core.testobject.ObjectRepository.findTestObject(Syetem_settings/User_Manage/Search/total_list), "innerText"): Attribute 'innerText' of object 'Object Repository/Syetem_settings/User_Manage/Search/total_list' is: '共 63 条'

2019-04-17 11:47:05 - [MESSAGE][PASSED] - Attribute 'innerText' of object 'Object Repository/Syetem_settings/User_Manage/Search/total_list' is: '共 63 条'

2019-04-17 11:47:05 - [TEST_STEP][PASSED] - setText: Text '编辑姓名001' is set on object 'Object Repository/test/input__keyword'

2019-04-17 11:47:05 - [MESSAGE][PASSED] - Text '编辑姓名001' is set on object 'Object Repository/test/input__keyword'

2019-04-17 11:47:05 - [TEST_STEP][PASSED] - delay: Delayed 1 second(s)

2019-04-17 11:47:06 - [MESSAGE][PASSED] - Delayed 1 second(s)

2019-04-17 11:47:06 - [TEST_STEP][PASSED] - click: Object: 'Object Repository/test/button__layui-btn' is clicked on

2019-04-17 11:47:06 - [MESSAGE][PASSED] - Object: 'Object Repository/test/button__layui-btn' is clicked on

2019-04-17 11:47:06 - [TEST_STEP][PASSED] - delay: Delayed 1 second(s)

2019-04-17 11:47:07 - [MESSAGE][PASSED] - Delayed 1 second(s)

2019-04-17 11:47:07 - [TEST_STEP][FAILED] - Statement - For ([i = 1, i <= 1, (i++)]): Unable to get attribute 'innerText' of object 'Object Repository/Syetem_settings/User_Manage/Search/tr_td' (Root cause: com.kms.katalon.core.webui.exception.WebElementNotFoundException: Web element with id: 'Object Repository/Syetem_settings/User_Manage/Search/tr_td' located by 'By.xpath: //div[@id="mainContent"]/div[2]/div[2]/div[2]/div[2]/div/div[2]/table/tbody/tr[1]/td[1]/div/span' not found)

2019-04-17 11:47:07 - [TEST_STEP][PASSED] - Statement - first_btn = com.kms.katalon.core.webui.keyword.WebUiBuiltInKeywords.modifyObjectProperty(com.kms.katalon.core.testobject.ObjectRepository.findTestObject(Syetem_settings/User_Manage/Search/tr_td), "xpath", "equals", "//div[@id="mainContent"]/div[2]/div[2]/div[2]/div[2]/div/div[2]/table/tbody/tr[" + i + "]/td[1]/div/span", true): Modify property of object successfully

2019-04-17 11:47:08 - [MESSAGE][PASSED] - Modify property of object successfully

2019-04-17 11:47:08 - [TEST_STEP][FAILED] - Statement - data1 = com.kms.katalon.core.webui.keyword.WebUiBuiltInKeywords.getAttribute(first_btn, "innerText"): Unable to get attribute 'innerText' of object 'Object Repository/Syetem_settings/User_Manage/Search/tr_td' (Root cause: com.kms.katalon.core.webui.exception.WebElementNotFoundException: Web element with id: 'Object Repository/Syetem_settings/User_Manage/Search/tr_td' located by 'By.xpath: //div[@id="mainContent"]/div[2]/div[2]/div[2]/div[2]/div/div[2]/table/tbody/tr[1]/td[1]/div/span' not found)

2019-04-17 11:47:39 - [MESSAGE][FAILED] - Unable to get attribute 'innerText' of object 'Object Repository/Syetem_settings/User_Manage/Search/tr_td' (Root cause: com.kms.katalon.core.webui.exception.WebElementNotFoundException: Web element with id: 'Object Repository/Syetem_settings/User_Manage/Search/tr_td' located by 'By.xpath: //div[@id="mainContent"]/div[2]/div[2]/div[2]/div[2]/div/div[2]/table/tbody/tr[1]/td[1]/div/span' not found)
[[ATTACHMENT|G:\\Auto_Learning\\katalon\\katalon_project\\katalon_project\\T2M_Manage\\T2M_Manage\\Reports\\User Manage\\staff manage\\20190417_113729\\1555472858794.png]]

2019-04-17 11:47:39 - [TEST_STEP][PASSED] - Start listener action : sampleAfterTestCase: Invoke 'com.kms.katalon.core.annotation.AfterTestCase' method: 'NewTestListener.sampleAfterTestCase(...)' completed.

2019-04-17 11:47:39 - [TEST_STEP][PASSED] - Statement - println(testCaseContext.getTestCaseId()): null

2019-04-17 11:47:39 - [TEST_STEP][PASSED] - Statement - println(testCaseContext.getTestCaseStatus()): Invoke 'com.kms.katalon.core.annotation.AfterTestCase' method: 'NewTestListener.sampleAfterTestCase(...)' completed.]]></system-out>
         <system-err><![CDATA[2019-04-17 11:47:02 - [TEST_CASE][FAILED] - Test Cases/002_System_,Manage/001_User_Manage/012_Delete_User: Test Cases/002_System_,Manage/001_User_Manage/012_Delete_User FAILED because (of) (Stack trace: com.kms.katalon.core.exception.StepFailedException: Unable to get attribute 'innerText' of object 'Object Repository/Syetem_settings/User_Manage/Search/tr_td' (Root cause: com.kms.katalon.core.webui.exception.WebElementNotFoundException: Web element with id: 'Object Repository/Syetem_settings/User_Manage/Search/tr_td' located by 'By.xpath: //div[@id="mainContent"]/div[2]/div[2]/div[2]/div[2]/div/div[2]/table/tbody/tr[1]/td[1]/div/span' not found)
	at com.kms.katalon.core.keyword.internal.KeywordMain.stepFailed(KeywordMain.groovy:36)
	at com.kms.katalon.core.webui.keyword.internal.WebUIKeywordMain.stepFailed(WebUIKeywordMain.groovy:65)
	at com.kms.katalon.core.webui.keyword.internal.WebUIKeywordMain.runKeyword(WebUIKeywordMain.groovy:27)
	at com.kms.katalon.core.webui.keyword.builtin.GetAttributeKeyword.getAttribute(GetAttributeKeyword.groovy:93)
	at com.kms.katalon.core.webui.keyword.builtin.GetAttributeKeyword.execute(GetAttributeKeyword.groovy:68)
	at com.kms.katalon.core.keyword.internal.KeywordExecutor.executeKeywordForPlatform(KeywordExecutor.groovy:53)
	at com.kms.katalon.core.webui.keyword.WebUiBuiltInKeywords.getAttribute(WebUiBuiltInKeywords.groovy:921)
	at com.kms.katalon.core.webui.keyword.WebUiBuiltInKeywords$getAttribute$7.call(Unknown Source)
	at org.codehaus.groovy.runtime.callsite.CallSiteArray.defaultCall(CallSiteArray.java:48)
	at org.codehaus.groovy.runtime.callsite.AbstractCallSite.call(AbstractCallSite.java:113)
	at org.codehaus.groovy.runtime.callsite.AbstractCallSite.call(AbstractCallSite.java:133)
	at Script1555410956897.run(Script1555410956897.groovy:35)
	at com.kms.katalon.core.main.ScriptEngine.run(ScriptEngine.java:183)
	at com.kms.katalon.core.main.ScriptEngine.runScriptAsRawText(ScriptEngine.java:108)
	at com.kms.katalon.core.main.TestCaseExecutor.runScript(TestCaseExecutor.java:294)
	at com.kms.katalon.core.main.TestCaseExecutor.doExecute(TestCaseExecutor.java:285)
	at com.kms.katalon.core.main.TestCaseExecutor.processExecutionPhase(TestCaseExecutor.java:264)
	at com.kms.katalon.core.main.TestCaseExecutor.accessMainPhase(TestCaseExecutor.java:256)
	at com.kms.katalon.core.main.TestCaseExecutor.execute(TestCaseExecutor.java:200)
	at com.kms.katalon.core.main.TestSuiteExecutor.accessTestCaseMainPhase(TestSuiteExecutor.java:129)
	at com.kms.katalon.core.main.TestSuiteExecutor.accessTestSuiteMainPhase(TestSuiteExecutor.java:112)
	at com.kms.katalon.core.main.TestSuiteExecutor.execute(TestSuiteExecutor.java:81)
	at com.kms.katalon.core.main.TestCaseMain.startTestSuite(TestCaseMain.java:142)
	at com.kms.katalon.core.main.TestCaseMain$startTestSuite$0.call(Unknown Source)
	at org.codehaus.groovy.runtime.callsite.CallSiteArray.defaultCall(CallSiteArray.java:48)
	at org.codehaus.groovy.runtime.callsite.AbstractCallSite.call(AbstractCallSite.java:113)
	at org.codehaus.groovy.runtime.callsite.AbstractCallSite.call(AbstractCallSite.java:141)
	at TempTestSuite1555472249208.run(TempTestSuite1555472249208.groovy:36)
	at groovy.lang.GroovyShell.runScriptOrMainOrTestOrRunnable(GroovyShell.java:263)
	at groovy.lang.GroovyShell.run(GroovyShell.java:518)
	at groovy.lang.GroovyShell.run(GroovyShell.java:507)
	at groovy.ui.GroovyMain.processOnce(GroovyMain.java:653)
	at groovy.ui.GroovyMain.run(GroovyMain.java:384)
	at groovy.ui.GroovyMain.process(GroovyMain.java:370)
	at groovy.ui.GroovyMain.processArgs(GroovyMain.java:129)
	at groovy.ui.GroovyMain.main(GroovyMain.java:109)
	at sun.reflect.NativeMethodAccessorImpl.invoke0(Native Method)
	at sun.reflect.NativeMethodAccessorImpl.invoke(NativeMethodAccessorImpl.java:62)
	at sun.reflect.DelegatingMethodAccessorImpl.invoke(DelegatingMethodAccessorImpl.java:43)
	at java.lang.reflect.Method.invoke(Method.java:498)
	at org.codehaus.groovy.tools.GroovyStarter.rootLoader(GroovyStarter.java:109)
	at org.codehaus.groovy.tools.GroovyStarter.main(GroovyStarter.java:131)
)]]></system-err>
      </testcase>
      <testcase name="Test Cases/002_System_,Manage/001_User_Manage/012_Delete_User" classname="Test Cases/002_System_,Manage/001_User_Manage/012_Delete_User" status="FAILED">
         <failure type="FAILED" message="(Stack trace: com.kms.katalon.core.exception.StepFailedException: Unable to click on object 'Object Repository/Syetem_settings/User_Manage/a_user_manage' (Root cause: org.openqa.selenium.ElementNotVisibleException: element not visible
  (Session info: headless chrome=73.0.3683.75)
  (Driver info: chromedriver=2.35.528161 (5b82f2d2aae0ca24b877009200ced9065a772e73),platform=Windows NT 6.1.7601 SP1 x86_64) (WARNING: The server did not provide any stacktrace information)
Command duration or timeout: 0 milliseconds
Build info: version: '3.7.1', revision: '8a0099a', time: '2017-11-06T21:07:36.161Z'
System info: host: 'BF-20170623WSST', ip: '192.168.10.86', os.name: 'Windows 7', os.arch: 'amd64', os.version: '6.1', java.version: '1.8.0_181'
Driver info: com.kms.katalon.selenium.driver.CChromeDriver
Capabilities {acceptInsecureCerts: false, acceptSslCerts: false, applicationCacheEnabled: false, browserConnectionEnabled: false, browserName: chrome, chrome: {chromedriverVersion: 2.35.528161 (5b82f2d2aae0ca..., userDataDir: C:\Users\ADMINI~1\AppData\L...}, cssSelectorsEnabled: true, databaseEnabled: false, handlesAlerts: true, hasTouchScreen: false, javascriptEnabled: true, locationContextEnabled: true, mobileEmulationEnabled: false, nativeEvents: true, networkConnectionEnabled: false, pageLoadStrategy: normal, platform: XP, platformName: XP, rotatable: false, setWindowRect: true, takesHeapSnapshot: true, takesScreenshot: true, unexpectedAlertBehaviour: , unhandledPromptBehavior: , version: 73.0.3683.75, webStorageEnabled: true}
Session ID: ecbfab57194731940f9b5dbca6c50beb)
	at com.kms.katalon.core.keyword.internal.KeywordMain.stepFailed(KeywordMain.groovy:36)
	at com.kms.katalon.core.webui.keyword.internal.WebUIKeywordMain.stepFailed(WebUIKeywordMain.groovy:65)
	at com.kms.katalon.core.webui.keyword.internal.WebUIKeywordMain.runKeyword(WebUIKeywordMain.groovy:27)
	at com.kms.katalon.core.webui.keyword.builtin.ClickKeyword.click(ClickKeyword.groovy:86)
	at com.kms.katalon.core.webui.keyword.builtin.ClickKeyword.execute(ClickKeyword.groovy:67)
	at com.kms.katalon.core.keyword.internal.KeywordExecutor.executeKeywordForPlatform(KeywordExecutor.groovy:53)
	at com.kms.katalon.core.webui.keyword.WebUiBuiltInKeywords.click(WebUiBuiltInKeywords.groovy:616)
	at com.kms.katalon.core.webui.keyword.WebUiBuiltInKeywords$click$4.call(Unknown Source)
	at Script1555325328873.run(Script1555325328873.groovy:25)
	at com.kms.katalon.core.main.ScriptEngine.run(ScriptEngine.java:183)
	at com.kms.katalon.core.main.ScriptEngine.runScriptAsRawText(ScriptEngine.java:108)
	at com.kms.katalon.core.main.TestCaseExecutor.runScript(TestCaseExecutor.java:294)
	at com.kms.katalon.core.main.TestCaseExecutor.doExecute(TestCaseExecutor.java:285)
	at com.kms.katalon.core.main.TestCaseExecutor.processExecutionPhase(TestCaseExecutor.java:264)
	at com.kms.katalon.core.main.TestCaseExecutor.accessMainPhase(TestCaseExecutor.java:256)
	at com.kms.katalon.core.main.TestCaseExecutor.execute(TestCaseExecutor.java:200)
	at com.kms.katalon.core.main.TestCaseMain.runTestCase(TestCaseMain.java:99)
	at com.kms.katalon.core.keyword.builtin.CallTestCaseKeyword$_callTestCase_closure1.doCall(CallTestCaseKeyword.groovy:60)
	at com.kms.katalon.core.keyword.builtin.CallTestCaseKeyword$_callTestCase_closure1.call(CallTestCaseKeyword.groovy)
	at com.kms.katalon.core.keyword.internal.KeywordMain.runKeyword(KeywordMain.groovy:54)
	at com.kms.katalon.core.keyword.builtin.CallTestCaseKeyword.callTestCase(CallTestCaseKeyword.groovy:81)
	at com.kms.katalon.core.keyword.builtin.CallTestCaseKeyword.execute(CallTestCaseKeyword.groovy:45)
	at com.kms.katalon.core.keyword.internal.KeywordExecutor.executeKeywordForPlatform(KeywordExecutor.groovy:53)
	at com.kms.katalon.core.keyword.BuiltinKeywords.callTestCase(BuiltinKeywords.groovy:334)
	at sun.reflect.GeneratedMethodAccessor16.invoke(Unknown Source)
	at sun.reflect.DelegatingMethodAccessorImpl.invoke(DelegatingMethodAccessorImpl.java:43)
	at java.lang.reflect.Method.invoke(Method.java:498)
	at org.codehaus.groovy.reflection.CachedMethod.invoke(CachedMethod.java:93)
	at groovy.lang.MetaMethod.doMethodInvoke(MetaMethod.java:325)
	at groovy.lang.MetaClassImpl.invokeStaticMethod(MetaClassImpl.java:1469)
	at org.codehaus.groovy.runtime.callsite.StaticMetaClassSite.call(StaticMetaClassSite.java:53)
	at org.codehaus.groovy.runtime.callsite.AbstractCallSite.call(AbstractCallSite.java:141)
	at Script1555410956897.run(Script1555410956897.groovy:17)
	at com.kms.katalon.core.main.ScriptEngine.run(ScriptEngine.java:183)
	at com.kms.katalon.core.main.ScriptEngine.runScriptAsRawText(ScriptEngine.java:108)
	at com.kms.katalon.core.main.TestCaseExecutor.runScript(TestCaseExecutor.java:294)
	at com.kms.katalon.core.main.TestCaseExecutor.doExecute(TestCaseExecutor.java:285)
	at com.kms.katalon.core.main.TestCaseExecutor.processExecutionPhase(TestCaseExecutor.java:264)
	at com.kms.katalon.core.main.TestCaseExecutor.accessMainPhase(TestCaseExecutor.java:256)
	at com.kms.katalon.core.main.TestCaseExecutor.execute(TestCaseExecutor.java:200)
	at com.kms.katalon.core.main.TestSuiteExecutor.accessTestCaseMainPhase(TestSuiteExecutor.java:129)
	at com.kms.katalon.core.main.TestSuiteExecutor.accessTestSuiteMainPhase(TestSuiteExecutor.java:112)
	at com.kms.katalon.core.main.TestSuiteExecutor.execute(TestSuiteExecutor.java:81)
	at com.kms.katalon.core.main.TestCaseMain.startTestSuite(TestCaseMain.java:142)
	at com.kms.katalon.core.main.TestCaseMain$startTestSuite$0.call(Unknown Source)
	at org.codehaus.groovy.runtime.callsite.CallSiteArray.defaultCall(CallSiteArray.java:48)
	at org.codehaus.groovy.runtime.callsite.AbstractCallSite.call(AbstractCallSite.java:113)
	at org.codehaus.groovy.runtime.callsite.AbstractCallSite.call(AbstractCallSite.java:141)
	at TempTestSuite1555472249208.run(TempTestSuite1555472249208.groovy:36)
	at groovy.lang.GroovyShell.runScriptOrMainOrTestOrRunnable(GroovyShell.java:263)
	at groovy.lang.GroovyShell.run(GroovyShell.java:518)
	at groovy.lang.GroovyShell.run(GroovyShell.java:507)
	at groovy.ui.GroovyMain.processOnce(GroovyMain.java:653)
	at groovy.ui.GroovyMain.run(GroovyMain.java:384)
	at groovy.ui.GroovyMain.process(GroovyMain.java:370)
	at groovy.ui.GroovyMain.processArgs(GroovyMain.java:129)
	at groovy.ui.GroovyMain.main(GroovyMain.java:109)
	at sun.reflect.NativeMethodAccessorImpl.invoke0(Native Method)
	at sun.reflect.NativeMethodAccessorImpl.invoke(NativeMethodAccessorImpl.java:62)
	at sun.reflect.DelegatingMethodAccessorImpl.invoke(DelegatingMethodAccessorImpl.java:43)
	at java.lang.reflect.Method.invoke(Method.java:498)
	at org.codehaus.groovy.tools.GroovyStarter.rootLoader(GroovyStarter.java:109)
	at org.codehaus.groovy.tools.GroovyStarter.main(GroovyStarter.java:131)
)"/>
         <system-out><![CDATA[2019-04-17 11:47:41 - [TEST_CASE][FAILED] - Test Cases/002_System_,Manage/001_User_Manage/012_Delete_User: Test Cases/002_System_,Manage/001_User_Manage/012_Delete_User FAILED because (of) (Stack trace: com.kms.katalon.core.exception.StepFailedException: Unable to click on object 'Object Repository/Syetem_settings/User_Manage/a_user_manage' (Root cause: org.openqa.selenium.ElementNotVisibleException: element not visible
  (Session info: headless chrome=73.0.3683.75)
  (Driver info: chromedriver=2.35.528161 (5b82f2d2aae0ca24b877009200ced9065a772e73),platform=Windows NT 6.1.7601 SP1 x86_64) (WARNING: The server did not provide any stacktrace information)
Command duration or timeout: 0 milliseconds
Build info: version: '3.7.1', revision: '8a0099a', time: '2017-11-06T21:07:36.161Z'
System info: host: 'BF-20170623WSST', ip: '192.168.10.86', os.name: 'Windows 7', os.arch: 'amd64', os.version: '6.1', java.version: '1.8.0_181'
Driver info: com.kms.katalon.selenium.driver.CChromeDriver
Capabilities {acceptInsecureCerts: false, acceptSslCerts: false, applicationCacheEnabled: false, browserConnectionEnabled: false, browserName: chrome, chrome: {chromedriverVersion: 2.35.528161 (5b82f2d2aae0ca..., userDataDir: C:\Users\ADMINI~1\AppData\L...}, cssSelectorsEnabled: true, databaseEnabled: false, handlesAlerts: true, hasTouchScreen: false, javascriptEnabled: true, locationContextEnabled: true, mobileEmulationEnabled: false, nativeEvents: true, networkConnectionEnabled: false, pageLoadStrategy: normal, platform: XP, platformName: XP, rotatable: false, setWindowRect: true, takesHeapSnapshot: true, takesScreenshot: true, unexpectedAlertBehaviour: , unhandledPromptBehavior: , version: 73.0.3683.75, webStorageEnabled: true}
Session ID: ecbfab57194731940f9b5dbca6c50beb)
	at com.kms.katalon.core.keyword.internal.KeywordMain.stepFailed(KeywordMain.groovy:36)
	at com.kms.katalon.core.webui.keyword.internal.WebUIKeywordMain.stepFailed(WebUIKeywordMain.groovy:65)
	at com.kms.katalon.core.webui.keyword.internal.WebUIKeywordMain.runKeyword(WebUIKeywordMain.groovy:27)
	at com.kms.katalon.core.webui.keyword.builtin.ClickKeyword.click(ClickKeyword.groovy:86)
	at com.kms.katalon.core.webui.keyword.builtin.ClickKeyword.execute(ClickKeyword.groovy:67)
	at com.kms.katalon.core.keyword.internal.KeywordExecutor.executeKeywordForPlatform(KeywordExecutor.groovy:53)
	at com.kms.katalon.core.webui.keyword.WebUiBuiltInKeywords.click(WebUiBuiltInKeywords.groovy:616)
	at com.kms.katalon.core.webui.keyword.WebUiBuiltInKeywords$click$4.call(Unknown Source)
	at Script1555325328873.run(Script1555325328873.groovy:25)
	at com.kms.katalon.core.main.ScriptEngine.run(ScriptEngine.java:183)
	at com.kms.katalon.core.main.ScriptEngine.runScriptAsRawText(ScriptEngine.java:108)
	at com.kms.katalon.core.main.TestCaseExecutor.runScript(TestCaseExecutor.java:294)
	at com.kms.katalon.core.main.TestCaseExecutor.doExecute(TestCaseExecutor.java:285)
	at com.kms.katalon.core.main.TestCaseExecutor.processExecutionPhase(TestCaseExecutor.java:264)
	at com.kms.katalon.core.main.TestCaseExecutor.accessMainPhase(TestCaseExecutor.java:256)
	at com.kms.katalon.core.main.TestCaseExecutor.execute(TestCaseExecutor.java:200)
	at com.kms.katalon.core.main.TestCaseMain.runTestCase(TestCaseMain.java:99)
	at com.kms.katalon.core.keyword.builtin.CallTestCaseKeyword$_callTestCase_closure1.doCall(CallTestCaseKeyword.groovy:60)
	at com.kms.katalon.core.keyword.builtin.CallTestCaseKeyword$_callTestCase_closure1.call(CallTestCaseKeyword.groovy)
	at com.kms.katalon.core.keyword.internal.KeywordMain.runKeyword(KeywordMain.groovy:54)
	at com.kms.katalon.core.keyword.builtin.CallTestCaseKeyword.callTestCase(CallTestCaseKeyword.groovy:81)
	at com.kms.katalon.core.keyword.builtin.CallTestCaseKeyword.execute(CallTestCaseKeyword.groovy:45)
	at com.kms.katalon.core.keyword.internal.KeywordExecutor.executeKeywordForPlatform(KeywordExecutor.groovy:53)
	at com.kms.katalon.core.keyword.BuiltinKeywords.callTestCase(BuiltinKeywords.groovy:334)
	at sun.reflect.GeneratedMethodAccessor16.invoke(Unknown Source)
	at sun.reflect.DelegatingMethodAccessorImpl.invoke(DelegatingMethodAccessorImpl.java:43)
	at java.lang.reflect.Method.invoke(Method.java:498)
	at org.codehaus.groovy.reflection.CachedMethod.invoke(CachedMethod.java:93)
	at groovy.lang.MetaMethod.doMethodInvoke(MetaMethod.java:325)
	at groovy.lang.MetaClassImpl.invokeStaticMethod(MetaClassImpl.java:1469)
	at org.codehaus.groovy.runtime.callsite.StaticMetaClassSite.call(StaticMetaClassSite.java:53)
	at org.codehaus.groovy.runtime.callsite.AbstractCallSite.call(AbstractCallSite.java:141)
	at Script1555410956897.run(Script1555410956897.groovy:17)
	at com.kms.katalon.core.main.ScriptEngine.run(ScriptEngine.java:183)
	at com.kms.katalon.core.main.ScriptEngine.runScriptAsRawText(ScriptEngine.java:108)
	at com.kms.katalon.core.main.TestCaseExecutor.runScript(TestCaseExecutor.java:294)
	at com.kms.katalon.core.main.TestCaseExecutor.doExecute(TestCaseExecutor.java:285)
	at com.kms.katalon.core.main.TestCaseExecutor.processExecutionPhase(TestCaseExecutor.java:264)
	at com.kms.katalon.core.main.TestCaseExecutor.accessMainPhase(TestCaseExecutor.java:256)
	at com.kms.katalon.core.main.TestCaseExecutor.execute(TestCaseExecutor.java:200)
	at com.kms.katalon.core.main.TestSuiteExecutor.accessTestCaseMainPhase(TestSuiteExecutor.java:129)
	at com.kms.katalon.core.main.TestSuiteExecutor.accessTestSuiteMainPhase(TestSuiteExecutor.java:112)
	at com.kms.katalon.core.main.TestSuiteExecutor.execute(TestSuiteExecutor.java:81)
	at com.kms.katalon.core.main.TestCaseMain.startTestSuite(TestCaseMain.java:142)
	at com.kms.katalon.core.main.TestCaseMain$startTestSuite$0.call(Unknown Source)
	at org.codehaus.groovy.runtime.callsite.CallSiteArray.defaultCall(CallSiteArray.java:48)
	at org.codehaus.groovy.runtime.callsite.AbstractCallSite.call(AbstractCallSite.java:113)
	at org.codehaus.groovy.runtime.callsite.AbstractCallSite.call(AbstractCallSite.java:141)
	at TempTestSuite1555472249208.run(TempTestSuite1555472249208.groovy:36)
	at groovy.lang.GroovyShell.runScriptOrMainOrTestOrRunnable(GroovyShell.java:263)
	at groovy.lang.GroovyShell.run(GroovyShell.java:518)
	at groovy.lang.GroovyShell.run(GroovyShell.java:507)
	at groovy.ui.GroovyMain.processOnce(GroovyMain.java:653)
	at groovy.ui.GroovyMain.run(GroovyMain.java:384)
	at groovy.ui.GroovyMain.process(GroovyMain.java:370)
	at groovy.ui.GroovyMain.processArgs(GroovyMain.java:129)
	at groovy.ui.GroovyMain.main(GroovyMain.java:109)
	at sun.reflect.NativeMethodAccessorImpl.invoke0(Native Method)
	at sun.reflect.NativeMethodAccessorImpl.invoke(NativeMethodAccessorImpl.java:62)
	at sun.reflect.DelegatingMethodAccessorImpl.invoke(DelegatingMethodAccessorImpl.java:43)
	at java.lang.reflect.Method.invoke(Method.java:498)
	at org.codehaus.groovy.tools.GroovyStarter.rootLoader(GroovyStarter.java:109)
	at org.codehaus.groovy.tools.GroovyStarter.main(GroovyStarter.java:131)
)

2019-04-17 11:47:41 - [TEST_STEP][PASSED] - Start listener action : sampleBeforeTestCase: Invoke 'com.kms.katalon.core.annotation.BeforeTestCase' method: 'NewTestListener.sampleBeforeTestCase(...)' completed.

2019-04-17 11:47:41 - [TEST_STEP][PASSED] - Statement - println(testCaseContext.getTestCaseId()): null

2019-04-17 11:47:41 - [TEST_STEP][PASSED] - Statement - println(testCaseContext.getTestCaseVariables()): Invoke 'com.kms.katalon.core.annotation.BeforeTestCase' method: 'NewTestListener.sampleBeforeTestCase(...)' completed.

2019-04-17 11:47:41 - [TEST_STEP][FAILED] - callTestCase: Unable to call Test Case with id 'Test Cases/002_System_,Manage/001_User_Manage/001_Enter_User' (Root cause: Call Test Case 'Test Cases/002_System_,Manage/001_User_Manage/001_Enter_User' failed)

2019-04-17 11:47:41 - [TEST_CASE][FAILED] - Test Cases/002_System_,Manage/001_User_Manage/001_Enter_User: Test Cases/002_System_,Manage/001_User_Manage/001_Enter_User FAILED because (of) (Stack trace: com.kms.katalon.core.exception.StepFailedException: Unable to click on object 'Object Repository/Syetem_settings/User_Manage/a_user_manage' (Root cause: org.openqa.selenium.ElementNotVisibleException: element not visible
  (Session info: headless chrome=73.0.3683.75)
  (Driver info: chromedriver=2.35.528161 (5b82f2d2aae0ca24b877009200ced9065a772e73),platform=Windows NT 6.1.7601 SP1 x86_64) (WARNING: The server did not provide any stacktrace information)
Command duration or timeout: 0 milliseconds
Build info: version: '3.7.1', revision: '8a0099a', time: '2017-11-06T21:07:36.161Z'
System info: host: 'BF-20170623WSST', ip: '192.168.10.86', os.name: 'Windows 7', os.arch: 'amd64', os.version: '6.1', java.version: '1.8.0_181'
Driver info: com.kms.katalon.selenium.driver.CChromeDriver
Capabilities {acceptInsecureCerts: false, acceptSslCerts: false, applicationCacheEnabled: false, browserConnectionEnabled: false, browserName: chrome, chrome: {chromedriverVersion: 2.35.528161 (5b82f2d2aae0ca..., userDataDir: C:\Users\ADMINI~1\AppData\L...}, cssSelectorsEnabled: true, databaseEnabled: false, handlesAlerts: true, hasTouchScreen: false, javascriptEnabled: true, locationContextEnabled: true, mobileEmulationEnabled: false, nativeEvents: true, networkConnectionEnabled: false, pageLoadStrategy: normal, platform: XP, platformName: XP, rotatable: false, setWindowRect: true, takesHeapSnapshot: true, takesScreenshot: true, unexpectedAlertBehaviour: , unhandledPromptBehavior: , version: 73.0.3683.75, webStorageEnabled: true}
Session ID: ecbfab57194731940f9b5dbca6c50beb)
	at com.kms.katalon.core.keyword.internal.KeywordMain.stepFailed(KeywordMain.groovy:36)
	at com.kms.katalon.core.webui.keyword.internal.WebUIKeywordMain.stepFailed(WebUIKeywordMain.groovy:65)
	at com.kms.katalon.core.webui.keyword.internal.WebUIKeywordMain.runKeyword(WebUIKeywordMain.groovy:27)
	at com.kms.katalon.core.webui.keyword.builtin.ClickKeyword.click(ClickKeyword.groovy:86)
	at com.kms.katalon.core.webui.keyword.builtin.ClickKeyword.execute(ClickKeyword.groovy:67)
	at com.kms.katalon.core.keyword.internal.KeywordExecutor.executeKeywordForPlatform(KeywordExecutor.groovy:53)
	at com.kms.katalon.core.webui.keyword.WebUiBuiltInKeywords.click(WebUiBuiltInKeywords.groovy:616)
	at com.kms.katalon.core.webui.keyword.WebUiBuiltInKeywords$click$4.call(Unknown Source)
	at Script1555325328873.run(Script1555325328873.groovy:25)
	at com.kms.katalon.core.main.ScriptEngine.run(ScriptEngine.java:183)
	at com.kms.katalon.core.main.ScriptEngine.runScriptAsRawText(ScriptEngine.java:108)
	at com.kms.katalon.core.main.TestCaseExecutor.runScript(TestCaseExecutor.java:294)
	at com.kms.katalon.core.main.TestCaseExecutor.doExecute(TestCaseExecutor.java:285)
	at com.kms.katalon.core.main.TestCaseExecutor.processExecutionPhase(TestCaseExecutor.java:264)
	at com.kms.katalon.core.main.TestCaseExecutor.accessMainPhase(TestCaseExecutor.java:256)
	at com.kms.katalon.core.main.TestCaseExecutor.execute(TestCaseExecutor.java:200)
	at com.kms.katalon.core.main.TestCaseMain.runTestCase(TestCaseMain.java:99)
	at com.kms.katalon.core.keyword.builtin.CallTestCaseKeyword$_callTestCase_closure1.doCall(CallTestCaseKeyword.groovy:60)
	at com.kms.katalon.core.keyword.builtin.CallTestCaseKeyword$_callTestCase_closure1.call(CallTestCaseKeyword.groovy)
	at com.kms.katalon.core.keyword.internal.KeywordMain.runKeyword(KeywordMain.groovy:54)
	at com.kms.katalon.core.keyword.builtin.CallTestCaseKeyword.callTestCase(CallTestCaseKeyword.groovy:81)
	at com.kms.katalon.core.keyword.builtin.CallTestCaseKeyword.execute(CallTestCaseKeyword.groovy:45)
	at com.kms.katalon.core.keyword.internal.KeywordExecutor.executeKeywordForPlatform(KeywordExecutor.groovy:53)
	at com.kms.katalon.core.keyword.BuiltinKeywords.callTestCase(BuiltinKeywords.groovy:334)
	at sun.reflect.GeneratedMethodAccessor16.invoke(Unknown Source)
	at sun.reflect.DelegatingMethodAccessorImpl.invoke(DelegatingMethodAccessorImpl.java:43)
	at java.lang.reflect.Method.invoke(Method.java:498)
	at org.codehaus.groovy.reflection.CachedMethod.invoke(CachedMethod.java:93)
	at groovy.lang.MetaMethod.doMethodInvoke(MetaMethod.java:325)
	at groovy.lang.MetaClassImpl.invokeStaticMethod(MetaClassImpl.java:1469)
	at org.codehaus.groovy.runtime.callsite.StaticMetaClassSite.call(StaticMetaClassSite.java:53)
	at org.codehaus.groovy.runtime.callsite.AbstractCallSite.call(AbstractCallSite.java:141)
	at Script1555410956897.run(Script1555410956897.groovy:17)
	at com.kms.katalon.core.main.ScriptEngine.run(ScriptEngine.java:183)
	at com.kms.katalon.core.main.ScriptEngine.runScriptAsRawText(ScriptEngine.java:108)
	at com.kms.katalon.core.main.TestCaseExecutor.runScript(TestCaseExecutor.java:294)
	at com.kms.katalon.core.main.TestCaseExecutor.doExecute(TestCaseExecutor.java:285)
	at com.kms.katalon.core.main.TestCaseExecutor.processExecutionPhase(TestCaseExecutor.java:264)
	at com.kms.katalon.core.main.TestCaseExecutor.accessMainPhase(TestCaseExecutor.java:256)
	at com.kms.katalon.core.main.TestCaseExecutor.execute(TestCaseExecutor.java:200)
	at com.kms.katalon.core.main.TestSuiteExecutor.accessTestCaseMainPhase(TestSuiteExecutor.java:129)
	at com.kms.katalon.core.main.TestSuiteExecutor.accessTestSuiteMainPhase(TestSuiteExecutor.java:112)
	at com.kms.katalon.core.main.TestSuiteExecutor.execute(TestSuiteExecutor.java:81)
	at com.kms.katalon.core.main.TestCaseMain.startTestSuite(TestCaseMain.java:142)
	at com.kms.katalon.core.main.TestCaseMain$startTestSuite$0.call(Unknown Source)
	at org.codehaus.groovy.runtime.callsite.CallSiteArray.defaultCall(CallSiteArray.java:48)
	at org.codehaus.groovy.runtime.callsite.AbstractCallSite.call(AbstractCallSite.java:113)
	at org.codehaus.groovy.runtime.callsite.AbstractCallSite.call(AbstractCallSite.java:141)
	at TempTestSuite1555472249208.run(TempTestSuite1555472249208.groovy:36)
	at groovy.lang.GroovyShell.runScriptOrMainOrTestOrRunnable(GroovyShell.java:263)
	at groovy.lang.GroovyShell.run(GroovyShell.java:518)
	at groovy.lang.GroovyShell.run(GroovyShell.java:507)
	at groovy.ui.GroovyMain.processOnce(GroovyMain.java:653)
	at groovy.ui.GroovyMain.run(GroovyMain.java:384)
	at groovy.ui.GroovyMain.process(GroovyMain.java:370)
	at groovy.ui.GroovyMain.processArgs(GroovyMain.java:129)
	at groovy.ui.GroovyMain.main(GroovyMain.java:109)
	at sun.reflect.NativeMethodAccessorImpl.invoke0(Native Method)
	at sun.reflect.NativeMethodAccessorImpl.invoke(NativeMethodAccessorImpl.java:62)
	at sun.reflect.DelegatingMethodAccessorImpl.invoke(DelegatingMethodAccessorImpl.java:43)
	at java.lang.reflect.Method.invoke(Method.java:498)
	at org.codehaus.groovy.tools.GroovyStarter.rootLoader(GroovyStarter.java:109)
	at org.codehaus.groovy.tools.GroovyStarter.main(GroovyStarter.java:131)
)

2019-04-17 11:47:41 - [TEST_STEP][NOT_RUN] - callTestCase: NOT_RUN: callTestCase

2019-04-17 11:47:41 - [MESSAGE][NOT_RUN] - NOT_RUN: callTestCase

2019-04-17 11:47:41 - [TEST_STEP][PASSED] - delay: Delayed 1 second(s)

2019-04-17 11:47:42 - [MESSAGE][PASSED] - Delayed 1 second(s)

2019-04-17 11:47:42 - [TEST_STEP][PASSED] - click: Object: 'Object Repository/Syetem_settings/User_Manage/a_systemsetings' is clicked on

2019-04-17 11:47:42 - [MESSAGE][PASSED] - Object: 'Object Repository/Syetem_settings/User_Manage/a_systemsetings' is clicked on

2019-04-17 11:47:42 - [TEST_STEP][PASSED] - delay: Delayed 1 second(s)

2019-04-17 11:47:43 - [MESSAGE][PASSED] - Delayed 1 second(s)

2019-04-17 11:47:43 - [TEST_STEP][FAILED] - click: Unable to click on object 'Object Repository/Syetem_settings/User_Manage/a_user_manage' (Root cause: org.openqa.selenium.ElementNotVisibleException: element not visible
  (Session info: headless chrome=73.0.3683.75)
  (Driver info: chromedriver=2.35.528161 (5b82f2d2aae0ca24b877009200ced9065a772e73),platform=Windows NT 6.1.7601 SP1 x86_64) (WARNING: The server did not provide any stacktrace information)
Command duration or timeout: 0 milliseconds
Build info: version: '3.7.1', revision: '8a0099a', time: '2017-11-06T21:07:36.161Z'
System info: host: 'BF-20170623WSST', ip: '192.168.10.86', os.name: 'Windows 7', os.arch: 'amd64', os.version: '6.1', java.version: '1.8.0_181'
Driver info: com.kms.katalon.selenium.driver.CChromeDriver
Capabilities {acceptInsecureCerts: false, acceptSslCerts: false, applicationCacheEnabled: false, browserConnectionEnabled: false, browserName: chrome, chrome: {chromedriverVersion: 2.35.528161 (5b82f2d2aae0ca..., userDataDir: C:\Users\ADMINI~1\AppData\L...}, cssSelectorsEnabled: true, databaseEnabled: false, handlesAlerts: true, hasTouchScreen: false, javascriptEnabled: true, locationContextEnabled: true, mobileEmulationEnabled: false, nativeEvents: true, networkConnectionEnabled: false, pageLoadStrategy: normal, platform: XP, platformName: XP, rotatable: false, setWindowRect: true, takesHeapSnapshot: true, takesScreenshot: true, unexpectedAlertBehaviour: , unhandledPromptBehavior: , version: 73.0.3683.75, webStorageEnabled: true}
Session ID: ecbfab57194731940f9b5dbca6c50beb)

2019-04-17 11:47:43 - [MESSAGE][FAILED] - Unable to click on object 'Object Repository/Syetem_settings/User_Manage/a_user_manage' (Root cause: org.openqa.selenium.ElementNotVisibleException: element not visible
  (Session info: headless chrome=73.0.3683.75)
  (Driver info: chromedriver=2.35.528161 (5b82f2d2aae0ca24b877009200ced9065a772e73),platform=Windows NT 6.1.7601 SP1 x86_64) (WARNING: The server did not provide any stacktrace information)
Command duration or timeout: 0 milliseconds
Build info: version: '3.7.1', revision: '8a0099a', time: '2017-11-06T21:07:36.161Z'
System info: host: 'BF-20170623WSST', ip: '192.168.10.86', os.name: 'Windows 7', os.arch: 'amd64', os.version: '6.1', java.version: '1.8.0_181'
Driver info: com.kms.katalon.selenium.driver.CChromeDriver
Capabilities {acceptInsecureCerts: false, acceptSslCerts: false, applicationCacheEnabled: false, browserConnectionEnabled: false, browserName: chrome, chrome: {chromedriverVersion: 2.35.528161 (5b82f2d2aae0ca..., userDataDir: C:\Users\ADMINI~1\AppData\L...}, cssSelectorsEnabled: true, databaseEnabled: false, handlesAlerts: true, hasTouchScreen: false, javascriptEnabled: true, locationContextEnabled: true, mobileEmulationEnabled: false, nativeEvents: true, networkConnectionEnabled: false, pageLoadStrategy: normal, platform: XP, platformName: XP, rotatable: false, setWindowRect: true, takesHeapSnapshot: true, takesScreenshot: true, unexpectedAlertBehaviour: , unhandledPromptBehavior: , version: 73.0.3683.75, webStorageEnabled: true}
Session ID: ecbfab57194731940f9b5dbca6c50beb)
[[ATTACHMENT|G:\\Auto_Learning\\katalon\\katalon_project\\katalon_project\\T2M_Manage\\T2M_Manage\\Reports\\User Manage\\staff manage\\20190417_113729\\1555472863346.png]]

2019-04-17 11:47:43 - [MESSAGE][FAILED] - Unable to call Test Case with id 'Test Cases/002_System_,Manage/001_User_Manage/001_Enter_User' (Root cause: Call Test Case 'Test Cases/002_System_,Manage/001_User_Manage/001_Enter_User' failed)

2019-04-17 11:47:43 - [TEST_STEP][PASSED] - Start listener action : sampleAfterTestCase: Invoke 'com.kms.katalon.core.annotation.AfterTestCase' method: 'NewTestListener.sampleAfterTestCase(...)' completed.

2019-04-17 11:47:43 - [TEST_STEP][PASSED] - Statement - println(testCaseContext.getTestCaseId()): null

2019-04-17 11:47:43 - [TEST_STEP][PASSED] - Statement - println(testCaseContext.getTestCaseStatus()): Invoke 'com.kms.katalon.core.annotation.AfterTestCase' method: 'NewTestListener.sampleAfterTestCase(...)' completed.]]></system-out>
         <system-err><![CDATA[2019-04-17 11:47:41 - [TEST_CASE][FAILED] - Test Cases/002_System_,Manage/001_User_Manage/012_Delete_User: Test Cases/002_System_,Manage/001_User_Manage/012_Delete_User FAILED because (of) (Stack trace: com.kms.katalon.core.exception.StepFailedException: Unable to click on object 'Object Repository/Syetem_settings/User_Manage/a_user_manage' (Root cause: org.openqa.selenium.ElementNotVisibleException: element not visible
  (Session info: headless chrome=73.0.3683.75)
  (Driver info: chromedriver=2.35.528161 (5b82f2d2aae0ca24b877009200ced9065a772e73),platform=Windows NT 6.1.7601 SP1 x86_64) (WARNING: The server did not provide any stacktrace information)
Command duration or timeout: 0 milliseconds
Build info: version: '3.7.1', revision: '8a0099a', time: '2017-11-06T21:07:36.161Z'
System info: host: 'BF-20170623WSST', ip: '192.168.10.86', os.name: 'Windows 7', os.arch: 'amd64', os.version: '6.1', java.version: '1.8.0_181'
Driver info: com.kms.katalon.selenium.driver.CChromeDriver
Capabilities {acceptInsecureCerts: false, acceptSslCerts: false, applicationCacheEnabled: false, browserConnectionEnabled: false, browserName: chrome, chrome: {chromedriverVersion: 2.35.528161 (5b82f2d2aae0ca..., userDataDir: C:\Users\ADMINI~1\AppData\L...}, cssSelectorsEnabled: true, databaseEnabled: false, handlesAlerts: true, hasTouchScreen: false, javascriptEnabled: true, locationContextEnabled: true, mobileEmulationEnabled: false, nativeEvents: true, networkConnectionEnabled: false, pageLoadStrategy: normal, platform: XP, platformName: XP, rotatable: false, setWindowRect: true, takesHeapSnapshot: true, takesScreenshot: true, unexpectedAlertBehaviour: , unhandledPromptBehavior: , version: 73.0.3683.75, webStorageEnabled: true}
Session ID: ecbfab57194731940f9b5dbca6c50beb)
	at com.kms.katalon.core.keyword.internal.KeywordMain.stepFailed(KeywordMain.groovy:36)
	at com.kms.katalon.core.webui.keyword.internal.WebUIKeywordMain.stepFailed(WebUIKeywordMain.groovy:65)
	at com.kms.katalon.core.webui.keyword.internal.WebUIKeywordMain.runKeyword(WebUIKeywordMain.groovy:27)
	at com.kms.katalon.core.webui.keyword.builtin.ClickKeyword.click(ClickKeyword.groovy:86)
	at com.kms.katalon.core.webui.keyword.builtin.ClickKeyword.execute(ClickKeyword.groovy:67)
	at com.kms.katalon.core.keyword.internal.KeywordExecutor.executeKeywordForPlatform(KeywordExecutor.groovy:53)
	at com.kms.katalon.core.webui.keyword.WebUiBuiltInKeywords.click(WebUiBuiltInKeywords.groovy:616)
	at com.kms.katalon.core.webui.keyword.WebUiBuiltInKeywords$click$4.call(Unknown Source)
	at Script1555325328873.run(Script1555325328873.groovy:25)
	at com.kms.katalon.core.main.ScriptEngine.run(ScriptEngine.java:183)
	at com.kms.katalon.core.main.ScriptEngine.runScriptAsRawText(ScriptEngine.java:108)
	at com.kms.katalon.core.main.TestCaseExecutor.runScript(TestCaseExecutor.java:294)
	at com.kms.katalon.core.main.TestCaseExecutor.doExecute(TestCaseExecutor.java:285)
	at com.kms.katalon.core.main.TestCaseExecutor.processExecutionPhase(TestCaseExecutor.java:264)
	at com.kms.katalon.core.main.TestCaseExecutor.accessMainPhase(TestCaseExecutor.java:256)
	at com.kms.katalon.core.main.TestCaseExecutor.execute(TestCaseExecutor.java:200)
	at com.kms.katalon.core.main.TestCaseMain.runTestCase(TestCaseMain.java:99)
	at com.kms.katalon.core.keyword.builtin.CallTestCaseKeyword$_callTestCase_closure1.doCall(CallTestCaseKeyword.groovy:60)
	at com.kms.katalon.core.keyword.builtin.CallTestCaseKeyword$_callTestCase_closure1.call(CallTestCaseKeyword.groovy)
	at com.kms.katalon.core.keyword.internal.KeywordMain.runKeyword(KeywordMain.groovy:54)
	at com.kms.katalon.core.keyword.builtin.CallTestCaseKeyword.callTestCase(CallTestCaseKeyword.groovy:81)
	at com.kms.katalon.core.keyword.builtin.CallTestCaseKeyword.execute(CallTestCaseKeyword.groovy:45)
	at com.kms.katalon.core.keyword.internal.KeywordExecutor.executeKeywordForPlatform(KeywordExecutor.groovy:53)
	at com.kms.katalon.core.keyword.BuiltinKeywords.callTestCase(BuiltinKeywords.groovy:334)
	at sun.reflect.GeneratedMethodAccessor16.invoke(Unknown Source)
	at sun.reflect.DelegatingMethodAccessorImpl.invoke(DelegatingMethodAccessorImpl.java:43)
	at java.lang.reflect.Method.invoke(Method.java:498)
	at org.codehaus.groovy.reflection.CachedMethod.invoke(CachedMethod.java:93)
	at groovy.lang.MetaMethod.doMethodInvoke(MetaMethod.java:325)
	at groovy.lang.MetaClassImpl.invokeStaticMethod(MetaClassImpl.java:1469)
	at org.codehaus.groovy.runtime.callsite.StaticMetaClassSite.call(StaticMetaClassSite.java:53)
	at org.codehaus.groovy.runtime.callsite.AbstractCallSite.call(AbstractCallSite.java:141)
	at Script1555410956897.run(Script1555410956897.groovy:17)
	at com.kms.katalon.core.main.ScriptEngine.run(ScriptEngine.java:183)
	at com.kms.katalon.core.main.ScriptEngine.runScriptAsRawText(ScriptEngine.java:108)
	at com.kms.katalon.core.main.TestCaseExecutor.runScript(TestCaseExecutor.java:294)
	at com.kms.katalon.core.main.TestCaseExecutor.doExecute(TestCaseExecutor.java:285)
	at com.kms.katalon.core.main.TestCaseExecutor.processExecutionPhase(TestCaseExecutor.java:264)
	at com.kms.katalon.core.main.TestCaseExecutor.accessMainPhase(TestCaseExecutor.java:256)
	at com.kms.katalon.core.main.TestCaseExecutor.execute(TestCaseExecutor.java:200)
	at com.kms.katalon.core.main.TestSuiteExecutor.accessTestCaseMainPhase(TestSuiteExecutor.java:129)
	at com.kms.katalon.core.main.TestSuiteExecutor.accessTestSuiteMainPhase(TestSuiteExecutor.java:112)
	at com.kms.katalon.core.main.TestSuiteExecutor.execute(TestSuiteExecutor.java:81)
	at com.kms.katalon.core.main.TestCaseMain.startTestSuite(TestCaseMain.java:142)
	at com.kms.katalon.core.main.TestCaseMain$startTestSuite$0.call(Unknown Source)
	at org.codehaus.groovy.runtime.callsite.CallSiteArray.defaultCall(CallSiteArray.java:48)
	at org.codehaus.groovy.runtime.callsite.AbstractCallSite.call(AbstractCallSite.java:113)
	at org.codehaus.groovy.runtime.callsite.AbstractCallSite.call(AbstractCallSite.java:141)
	at TempTestSuite1555472249208.run(TempTestSuite1555472249208.groovy:36)
	at groovy.lang.GroovyShell.runScriptOrMainOrTestOrRunnable(GroovyShell.java:263)
	at groovy.lang.GroovyShell.run(GroovyShell.java:518)
	at groovy.lang.GroovyShell.run(GroovyShell.java:507)
	at groovy.ui.GroovyMain.processOnce(GroovyMain.java:653)
	at groovy.ui.GroovyMain.run(GroovyMain.java:384)
	at groovy.ui.GroovyMain.process(GroovyMain.java:370)
	at groovy.ui.GroovyMain.processArgs(GroovyMain.java:129)
	at groovy.ui.GroovyMain.main(GroovyMain.java:109)
	at sun.reflect.NativeMethodAccessorImpl.invoke0(Native Method)
	at sun.reflect.NativeMethodAccessorImpl.invoke(NativeMethodAccessorImpl.java:62)
	at sun.reflect.DelegatingMethodAccessorImpl.invoke(DelegatingMethodAccessorImpl.java:43)
	at java.lang.reflect.Method.invoke(Method.java:498)
	at org.codehaus.groovy.tools.GroovyStarter.rootLoader(GroovyStarter.java:109)
	at org.codehaus.groovy.tools.GroovyStarter.main(GroovyStarter.java:131)
)]]></system-err>
      </testcase>
      <testcase name="Test Cases/002_System_,Manage/001_User_Manage/013_cancel_delete" classname="Test Cases/002_System_,Manage/001_User_Manage/013_cancel_delete" status="FAILED">
         <failure type="FAILED" message="(Stack trace: com.kms.katalon.core.exception.StepFailedException: Unable to get attribute 'innerText' of object 'Object Repository/Syetem_settings/User_Manage/Search/tr_td' (Root cause: com.kms.katalon.core.webui.exception.WebElementNotFoundException: Web element with id: 'Object Repository/Syetem_settings/User_Manage/Search/tr_td' located by 'By.xpath: //div[@id=&quot;mainContent&quot;]/div[2]/div[2]/div[2]/div[2]/div/div[2]/table/tbody/tr[1]/td[1]/div/span' not found)
	at com.kms.katalon.core.keyword.internal.KeywordMain.stepFailed(KeywordMain.groovy:36)
	at com.kms.katalon.core.webui.keyword.internal.WebUIKeywordMain.stepFailed(WebUIKeywordMain.groovy:65)
	at com.kms.katalon.core.webui.keyword.internal.WebUIKeywordMain.runKeyword(WebUIKeywordMain.groovy:27)
	at com.kms.katalon.core.webui.keyword.builtin.GetAttributeKeyword.getAttribute(GetAttributeKeyword.groovy:93)
	at com.kms.katalon.core.webui.keyword.builtin.GetAttributeKeyword.execute(GetAttributeKeyword.groovy:68)
	at com.kms.katalon.core.keyword.internal.KeywordExecutor.executeKeywordForPlatform(KeywordExecutor.groovy:53)
	at com.kms.katalon.core.webui.keyword.WebUiBuiltInKeywords.getAttribute(WebUiBuiltInKeywords.groovy:921)
	at com.kms.katalon.core.webui.keyword.WebUiBuiltInKeywords$getAttribute$7.call(Unknown Source)
	at org.codehaus.groovy.runtime.callsite.CallSiteArray.defaultCall(CallSiteArray.java:48)
	at org.codehaus.groovy.runtime.callsite.AbstractCallSite.call(AbstractCallSite.java:113)
	at org.codehaus.groovy.runtime.callsite.AbstractCallSite.call(AbstractCallSite.java:133)
	at Script1555411806796.run(Script1555411806796.groovy:32)
	at com.kms.katalon.core.main.ScriptEngine.run(ScriptEngine.java:183)
	at com.kms.katalon.core.main.ScriptEngine.runScriptAsRawText(ScriptEngine.java:108)
	at com.kms.katalon.core.main.TestCaseExecutor.runScript(TestCaseExecutor.java:294)
	at com.kms.katalon.core.main.TestCaseExecutor.doExecute(TestCaseExecutor.java:285)
	at com.kms.katalon.core.main.TestCaseExecutor.processExecutionPhase(TestCaseExecutor.java:264)
	at com.kms.katalon.core.main.TestCaseExecutor.accessMainPhase(TestCaseExecutor.java:256)
	at com.kms.katalon.core.main.TestCaseExecutor.execute(TestCaseExecutor.java:200)
	at com.kms.katalon.core.main.TestSuiteExecutor.accessTestCaseMainPhase(TestSuiteExecutor.java:129)
	at com.kms.katalon.core.main.TestSuiteExecutor.accessTestSuiteMainPhase(TestSuiteExecutor.java:112)
	at com.kms.katalon.core.main.TestSuiteExecutor.execute(TestSuiteExecutor.java:81)
	at com.kms.katalon.core.main.TestCaseMain.startTestSuite(TestCaseMain.java:142)
	at com.kms.katalon.core.main.TestCaseMain$startTestSuite$0.call(Unknown Source)
	at org.codehaus.groovy.runtime.callsite.CallSiteArray.defaultCall(CallSiteArray.java:48)
	at org.codehaus.groovy.runtime.callsite.AbstractCallSite.call(AbstractCallSite.java:113)
	at org.codehaus.groovy.runtime.callsite.AbstractCallSite.call(AbstractCallSite.java:141)
	at TempTestSuite1555472249208.run(TempTestSuite1555472249208.groovy:36)
	at groovy.lang.GroovyShell.runScriptOrMainOrTestOrRunnable(GroovyShell.java:263)
	at groovy.lang.GroovyShell.run(GroovyShell.java:518)
	at groovy.lang.GroovyShell.run(GroovyShell.java:507)
	at groovy.ui.GroovyMain.processOnce(GroovyMain.java:653)
	at groovy.ui.GroovyMain.run(GroovyMain.java:384)
	at groovy.ui.GroovyMain.process(GroovyMain.java:370)
	at groovy.ui.GroovyMain.processArgs(GroovyMain.java:129)
	at groovy.ui.GroovyMain.main(GroovyMain.java:109)
	at sun.reflect.NativeMethodAccessorImpl.invoke0(Native Method)
	at sun.reflect.NativeMethodAccessorImpl.invoke(NativeMethodAccessorImpl.java:62)
	at sun.reflect.DelegatingMethodAccessorImpl.invoke(DelegatingMethodAccessorImpl.java:43)
	at java.lang.reflect.Method.invoke(Method.java:498)
	at org.codehaus.groovy.tools.GroovyStarter.rootLoader(GroovyStarter.java:109)
	at org.codehaus.groovy.tools.GroovyStarter.main(GroovyStarter.java:131)
)"/>
         <system-out><![CDATA[2019-04-17 11:47:45 - [TEST_CASE][FAILED] - Test Cases/002_System_,Manage/001_User_Manage/013_cancel_delete: Test Cases/002_System_,Manage/001_User_Manage/013_cancel_delete FAILED because (of) (Stack trace: com.kms.katalon.core.exception.StepFailedException: Unable to get attribute 'innerText' of object 'Object Repository/Syetem_settings/User_Manage/Search/tr_td' (Root cause: com.kms.katalon.core.webui.exception.WebElementNotFoundException: Web element with id: 'Object Repository/Syetem_settings/User_Manage/Search/tr_td' located by 'By.xpath: //div[@id="mainContent"]/div[2]/div[2]/div[2]/div[2]/div/div[2]/table/tbody/tr[1]/td[1]/div/span' not found)
	at com.kms.katalon.core.keyword.internal.KeywordMain.stepFailed(KeywordMain.groovy:36)
	at com.kms.katalon.core.webui.keyword.internal.WebUIKeywordMain.stepFailed(WebUIKeywordMain.groovy:65)
	at com.kms.katalon.core.webui.keyword.internal.WebUIKeywordMain.runKeyword(WebUIKeywordMain.groovy:27)
	at com.kms.katalon.core.webui.keyword.builtin.GetAttributeKeyword.getAttribute(GetAttributeKeyword.groovy:93)
	at com.kms.katalon.core.webui.keyword.builtin.GetAttributeKeyword.execute(GetAttributeKeyword.groovy:68)
	at com.kms.katalon.core.keyword.internal.KeywordExecutor.executeKeywordForPlatform(KeywordExecutor.groovy:53)
	at com.kms.katalon.core.webui.keyword.WebUiBuiltInKeywords.getAttribute(WebUiBuiltInKeywords.groovy:921)
	at com.kms.katalon.core.webui.keyword.WebUiBuiltInKeywords$getAttribute$7.call(Unknown Source)
	at org.codehaus.groovy.runtime.callsite.CallSiteArray.defaultCall(CallSiteArray.java:48)
	at org.codehaus.groovy.runtime.callsite.AbstractCallSite.call(AbstractCallSite.java:113)
	at org.codehaus.groovy.runtime.callsite.AbstractCallSite.call(AbstractCallSite.java:133)
	at Script1555411806796.run(Script1555411806796.groovy:32)
	at com.kms.katalon.core.main.ScriptEngine.run(ScriptEngine.java:183)
	at com.kms.katalon.core.main.ScriptEngine.runScriptAsRawText(ScriptEngine.java:108)
	at com.kms.katalon.core.main.TestCaseExecutor.runScript(TestCaseExecutor.java:294)
	at com.kms.katalon.core.main.TestCaseExecutor.doExecute(TestCaseExecutor.java:285)
	at com.kms.katalon.core.main.TestCaseExecutor.processExecutionPhase(TestCaseExecutor.java:264)
	at com.kms.katalon.core.main.TestCaseExecutor.accessMainPhase(TestCaseExecutor.java:256)
	at com.kms.katalon.core.main.TestCaseExecutor.execute(TestCaseExecutor.java:200)
	at com.kms.katalon.core.main.TestSuiteExecutor.accessTestCaseMainPhase(TestSuiteExecutor.java:129)
	at com.kms.katalon.core.main.TestSuiteExecutor.accessTestSuiteMainPhase(TestSuiteExecutor.java:112)
	at com.kms.katalon.core.main.TestSuiteExecutor.execute(TestSuiteExecutor.java:81)
	at com.kms.katalon.core.main.TestCaseMain.startTestSuite(TestCaseMain.java:142)
	at com.kms.katalon.core.main.TestCaseMain$startTestSuite$0.call(Unknown Source)
	at org.codehaus.groovy.runtime.callsite.CallSiteArray.defaultCall(CallSiteArray.java:48)
	at org.codehaus.groovy.runtime.callsite.AbstractCallSite.call(AbstractCallSite.java:113)
	at org.codehaus.groovy.runtime.callsite.AbstractCallSite.call(AbstractCallSite.java:141)
	at TempTestSuite1555472249208.run(TempTestSuite1555472249208.groovy:36)
	at groovy.lang.GroovyShell.runScriptOrMainOrTestOrRunnable(GroovyShell.java:263)
	at groovy.lang.GroovyShell.run(GroovyShell.java:518)
	at groovy.lang.GroovyShell.run(GroovyShell.java:507)
	at groovy.ui.GroovyMain.processOnce(GroovyMain.java:653)
	at groovy.ui.GroovyMain.run(GroovyMain.java:384)
	at groovy.ui.GroovyMain.process(GroovyMain.java:370)
	at groovy.ui.GroovyMain.processArgs(GroovyMain.java:129)
	at groovy.ui.GroovyMain.main(GroovyMain.java:109)
	at sun.reflect.NativeMethodAccessorImpl.invoke0(Native Method)
	at sun.reflect.NativeMethodAccessorImpl.invoke(NativeMethodAccessorImpl.java:62)
	at sun.reflect.DelegatingMethodAccessorImpl.invoke(DelegatingMethodAccessorImpl.java:43)
	at java.lang.reflect.Method.invoke(Method.java:498)
	at org.codehaus.groovy.tools.GroovyStarter.rootLoader(GroovyStarter.java:109)
	at org.codehaus.groovy.tools.GroovyStarter.main(GroovyStarter.java:131)
)

2019-04-17 11:47:45 - [TEST_STEP][PASSED] - Start listener action : sampleBeforeTestCase: Invoke 'com.kms.katalon.core.annotation.BeforeTestCase' method: 'NewTestListener.sampleBeforeTestCase(...)' completed.

2019-04-17 11:47:45 - [TEST_STEP][PASSED] - Statement - println(testCaseContext.getTestCaseId()): null

2019-04-17 11:47:45 - [TEST_STEP][PASSED] - Statement - println(testCaseContext.getTestCaseVariables()): Invoke 'com.kms.katalon.core.annotation.BeforeTestCase' method: 'NewTestListener.sampleBeforeTestCase(...)' completed.

2019-04-17 11:47:45 - [TEST_STEP][PASSED] - callTestCase: Call Test Case 'Test Cases/002_System_,Manage/001_User_Manage/001_Enter_User' successfully

2019-04-17 11:47:45 - [TEST_CASE][PASSED] - Test Cases/002_System_,Manage/001_User_Manage/001_Enter_User: Test Cases/002_System_,Manage/001_User_Manage/001_Enter_User

2019-04-17 11:47:45 - [TEST_STEP][NOT_RUN] - callTestCase: NOT_RUN: callTestCase

2019-04-17 11:47:45 - [MESSAGE][NOT_RUN] - NOT_RUN: callTestCase

2019-04-17 11:47:45 - [TEST_STEP][PASSED] - delay: Delayed 1 second(s)

2019-04-17 11:47:46 - [MESSAGE][PASSED] - Delayed 1 second(s)

2019-04-17 11:47:46 - [TEST_STEP][PASSED] - click: Object: 'Object Repository/Syetem_settings/User_Manage/a_systemsetings' is clicked on

2019-04-17 11:47:47 - [MESSAGE][PASSED] - Object: 'Object Repository/Syetem_settings/User_Manage/a_systemsetings' is clicked on

2019-04-17 11:47:47 - [TEST_STEP][PASSED] - delay: Delayed 1 second(s)

2019-04-17 11:47:48 - [MESSAGE][PASSED] - Delayed 1 second(s)

2019-04-17 11:47:48 - [TEST_STEP][PASSED] - click: Object: 'Object Repository/Syetem_settings/User_Manage/a_user_manage' is clicked on

2019-04-17 11:47:48 - [MESSAGE][PASSED] - Object: 'Object Repository/Syetem_settings/User_Manage/a_user_manage' is clicked on

2019-04-17 11:47:48 - [TEST_STEP][PASSED] - delay: Delayed 1 second(s)

2019-04-17 11:47:49 - [MESSAGE][PASSED] - Delayed 1 second(s)

2019-04-17 11:47:49 - [TEST_STEP][PASSED] - Statement - verify_user = com.kms.katalon.core.webui.keyword.WebUiBuiltInKeywords.verifyElementPresent(com.kms.katalon.core.testobject.ObjectRepository.findTestObject(Syetem_settings/User_Manage/cite_usertable), 0): Object 'Object Repository/Syetem_settings/User_Manage/cite_usertable' is present

2019-04-17 11:47:49 - [MESSAGE][WARNING] - Timeout '0' is invalid. Using default page load timeout: '30'

2019-04-17 11:47:49 - [MESSAGE][PASSED] - Object 'Object Repository/Syetem_settings/User_Manage/cite_usertable' is present

2019-04-17 11:47:49 - [TEST_STEP][PASSED] - Statement - If (verify_user): Enter the Successfully entered the people management page

2019-04-17 11:47:49 - [TEST_STEP][PASSED] - comment: Enter the Successfully entered the people management page

2019-04-17 11:47:49 - [MESSAGE][PASSED] - Call Test Case 'Test Cases/002_System_,Manage/001_User_Manage/001_Enter_User' successfully

2019-04-17 11:47:49 - [TEST_STEP][PASSED] - maximizeWindow: Current window maximized

2019-04-17 11:47:49 - [MESSAGE][PASSED] - Current window maximized

2019-04-17 11:47:49 - [TEST_STEP][PASSED] - setText: Text '长字符验证长字符验证4543005' is set on object 'Object Repository/test/input__keyword'

2019-04-17 11:47:49 - [MESSAGE][PASSED] - Text '长字符验证长字符验证4543005' is set on object 'Object Repository/test/input__keyword'

2019-04-17 11:47:49 - [TEST_STEP][PASSED] - delay: Delayed 1 second(s)

2019-04-17 11:47:50 - [MESSAGE][PASSED] - Delayed 1 second(s)

2019-04-17 11:47:50 - [TEST_STEP][PASSED] - click: Object: 'Object Repository/test/button__layui-btn' is clicked on

2019-04-17 11:47:50 - [MESSAGE][PASSED] - Object: 'Object Repository/test/button__layui-btn' is clicked on

2019-04-17 11:47:50 - [TEST_STEP][PASSED] - delay: Delayed 1 second(s)

2019-04-17 11:47:51 - [MESSAGE][PASSED] - Delayed 1 second(s)

2019-04-17 11:47:51 - [TEST_STEP][FAILED] - Statement - For ([i = 1, i <= 1, (i++)]): Unable to get attribute 'innerText' of object 'Object Repository/Syetem_settings/User_Manage/Search/tr_td' (Root cause: com.kms.katalon.core.webui.exception.WebElementNotFoundException: Web element with id: 'Object Repository/Syetem_settings/User_Manage/Search/tr_td' located by 'By.xpath: //div[@id="mainContent"]/div[2]/div[2]/div[2]/div[2]/div/div[2]/table/tbody/tr[1]/td[1]/div/span' not found)

2019-04-17 11:47:51 - [TEST_STEP][PASSED] - Statement - first_btn = com.kms.katalon.core.webui.keyword.WebUiBuiltInKeywords.modifyObjectProperty(com.kms.katalon.core.testobject.ObjectRepository.findTestObject(Syetem_settings/User_Manage/Search/tr_td), "xpath", "equals", "//div[@id="mainContent"]/div[2]/div[2]/div[2]/div[2]/div/div[2]/table/tbody/tr[" + i + "]/td[1]/div/span", true): Modify property of object successfully

2019-04-17 11:47:51 - [MESSAGE][PASSED] - Modify property of object successfully

2019-04-17 11:47:51 - [TEST_STEP][FAILED] - Statement - data1 = com.kms.katalon.core.webui.keyword.WebUiBuiltInKeywords.getAttribute(first_btn, "innerText"): Unable to get attribute 'innerText' of object 'Object Repository/Syetem_settings/User_Manage/Search/tr_td' (Root cause: com.kms.katalon.core.webui.exception.WebElementNotFoundException: Web element with id: 'Object Repository/Syetem_settings/User_Manage/Search/tr_td' located by 'By.xpath: //div[@id="mainContent"]/div[2]/div[2]/div[2]/div[2]/div/div[2]/table/tbody/tr[1]/td[1]/div/span' not found)

2019-04-17 11:48:22 - [MESSAGE][FAILED] - Unable to get attribute 'innerText' of object 'Object Repository/Syetem_settings/User_Manage/Search/tr_td' (Root cause: com.kms.katalon.core.webui.exception.WebElementNotFoundException: Web element with id: 'Object Repository/Syetem_settings/User_Manage/Search/tr_td' located by 'By.xpath: //div[@id="mainContent"]/div[2]/div[2]/div[2]/div[2]/div/div[2]/table/tbody/tr[1]/td[1]/div/span' not found)
[[ATTACHMENT|G:\\Auto_Learning\\katalon\\katalon_project\\katalon_project\\T2M_Manage\\T2M_Manage\\Reports\\User Manage\\staff manage\\20190417_113729\\1555472902505.png]]

2019-04-17 11:48:22 - [TEST_STEP][PASSED] - Start listener action : sampleAfterTestCase: Invoke 'com.kms.katalon.core.annotation.AfterTestCase' method: 'NewTestListener.sampleAfterTestCase(...)' completed.

2019-04-17 11:48:22 - [TEST_STEP][PASSED] - Statement - println(testCaseContext.getTestCaseId()): null

2019-04-17 11:48:22 - [TEST_STEP][PASSED] - Statement - println(testCaseContext.getTestCaseStatus()): Invoke 'com.kms.katalon.core.annotation.AfterTestCase' method: 'NewTestListener.sampleAfterTestCase(...)' completed.]]></system-out>
         <system-err><![CDATA[2019-04-17 11:47:45 - [TEST_CASE][FAILED] - Test Cases/002_System_,Manage/001_User_Manage/013_cancel_delete: Test Cases/002_System_,Manage/001_User_Manage/013_cancel_delete FAILED because (of) (Stack trace: com.kms.katalon.core.exception.StepFailedException: Unable to get attribute 'innerText' of object 'Object Repository/Syetem_settings/User_Manage/Search/tr_td' (Root cause: com.kms.katalon.core.webui.exception.WebElementNotFoundException: Web element with id: 'Object Repository/Syetem_settings/User_Manage/Search/tr_td' located by 'By.xpath: //div[@id="mainContent"]/div[2]/div[2]/div[2]/div[2]/div/div[2]/table/tbody/tr[1]/td[1]/div/span' not found)
	at com.kms.katalon.core.keyword.internal.KeywordMain.stepFailed(KeywordMain.groovy:36)
	at com.kms.katalon.core.webui.keyword.internal.WebUIKeywordMain.stepFailed(WebUIKeywordMain.groovy:65)
	at com.kms.katalon.core.webui.keyword.internal.WebUIKeywordMain.runKeyword(WebUIKeywordMain.groovy:27)
	at com.kms.katalon.core.webui.keyword.builtin.GetAttributeKeyword.getAttribute(GetAttributeKeyword.groovy:93)
	at com.kms.katalon.core.webui.keyword.builtin.GetAttributeKeyword.execute(GetAttributeKeyword.groovy:68)
	at com.kms.katalon.core.keyword.internal.KeywordExecutor.executeKeywordForPlatform(KeywordExecutor.groovy:53)
	at com.kms.katalon.core.webui.keyword.WebUiBuiltInKeywords.getAttribute(WebUiBuiltInKeywords.groovy:921)
	at com.kms.katalon.core.webui.keyword.WebUiBuiltInKeywords$getAttribute$7.call(Unknown Source)
	at org.codehaus.groovy.runtime.callsite.CallSiteArray.defaultCall(CallSiteArray.java:48)
	at org.codehaus.groovy.runtime.callsite.AbstractCallSite.call(AbstractCallSite.java:113)
	at org.codehaus.groovy.runtime.callsite.AbstractCallSite.call(AbstractCallSite.java:133)
	at Script1555411806796.run(Script1555411806796.groovy:32)
	at com.kms.katalon.core.main.ScriptEngine.run(ScriptEngine.java:183)
	at com.kms.katalon.core.main.ScriptEngine.runScriptAsRawText(ScriptEngine.java:108)
	at com.kms.katalon.core.main.TestCaseExecutor.runScript(TestCaseExecutor.java:294)
	at com.kms.katalon.core.main.TestCaseExecutor.doExecute(TestCaseExecutor.java:285)
	at com.kms.katalon.core.main.TestCaseExecutor.processExecutionPhase(TestCaseExecutor.java:264)
	at com.kms.katalon.core.main.TestCaseExecutor.accessMainPhase(TestCaseExecutor.java:256)
	at com.kms.katalon.core.main.TestCaseExecutor.execute(TestCaseExecutor.java:200)
	at com.kms.katalon.core.main.TestSuiteExecutor.accessTestCaseMainPhase(TestSuiteExecutor.java:129)
	at com.kms.katalon.core.main.TestSuiteExecutor.accessTestSuiteMainPhase(TestSuiteExecutor.java:112)
	at com.kms.katalon.core.main.TestSuiteExecutor.execute(TestSuiteExecutor.java:81)
	at com.kms.katalon.core.main.TestCaseMain.startTestSuite(TestCaseMain.java:142)
	at com.kms.katalon.core.main.TestCaseMain$startTestSuite$0.call(Unknown Source)
	at org.codehaus.groovy.runtime.callsite.CallSiteArray.defaultCall(CallSiteArray.java:48)
	at org.codehaus.groovy.runtime.callsite.AbstractCallSite.call(AbstractCallSite.java:113)
	at org.codehaus.groovy.runtime.callsite.AbstractCallSite.call(AbstractCallSite.java:141)
	at TempTestSuite1555472249208.run(TempTestSuite1555472249208.groovy:36)
	at groovy.lang.GroovyShell.runScriptOrMainOrTestOrRunnable(GroovyShell.java:263)
	at groovy.lang.GroovyShell.run(GroovyShell.java:518)
	at groovy.lang.GroovyShell.run(GroovyShell.java:507)
	at groovy.ui.GroovyMain.processOnce(GroovyMain.java:653)
	at groovy.ui.GroovyMain.run(GroovyMain.java:384)
	at groovy.ui.GroovyMain.process(GroovyMain.java:370)
	at groovy.ui.GroovyMain.processArgs(GroovyMain.java:129)
	at groovy.ui.GroovyMain.main(GroovyMain.java:109)
	at sun.reflect.NativeMethodAccessorImpl.invoke0(Native Method)
	at sun.reflect.NativeMethodAccessorImpl.invoke(NativeMethodAccessorImpl.java:62)
	at sun.reflect.DelegatingMethodAccessorImpl.invoke(DelegatingMethodAccessorImpl.java:43)
	at java.lang.reflect.Method.invoke(Method.java:498)
	at org.codehaus.groovy.tools.GroovyStarter.rootLoader(GroovyStarter.java:109)
	at org.codehaus.groovy.tools.GroovyStarter.main(GroovyStarter.java:131)
)]]></system-err>
      </testcase>
      <system-out><![CDATA[2019-04-17 11:37:32 - [TEST_SUITE][FAILED] - staff manage: Test Cases/002_System_,Manage/001_User_Manage/009_check_userEditpage FAILED because (of) (Stack trace: com.kms.katalon.core.exception.StepFailedException: Unable to click on object 'Object Repository/Syetem_settings/User_Manage/a_user_manage' (Root cause: org.openqa.selenium.ElementNotVisibleException: element not visible
  (Session info: headless chrome=73.0.3683.75)
  (Driver info: chromedriver=2.35.528161 (5b82f2d2aae0ca24b877009200ced9065a772e73),platform=Windows NT 6.1.7601 SP1 x86_64) (WARNING: The server did not provide any stacktrace information)
Command duration or timeout: 0 milliseconds
Build info: version: '3.7.1', revision: '8a0099a', time: '2017-11-06T21:07:36.161Z'
System info: host: 'BF-20170623WSST', ip: '192.168.10.86', os.name: 'Windows 7', os.arch: 'amd64', os.version: '6.1', java.version: '1.8.0_181'
Driver info: com.kms.katalon.selenium.driver.CChromeDriver
Capabilities {acceptInsecureCerts: false, acceptSslCerts: false, applicationCacheEnabled: false, browserConnectionEnabled: false, browserName: chrome, chrome: {chromedriverVersion: 2.35.528161 (5b82f2d2aae0ca..., userDataDir: C:\Users\ADMINI~1\AppData\L...}, cssSelectorsEnabled: true, databaseEnabled: false, handlesAlerts: true, hasTouchScreen: false, javascriptEnabled: true, locationContextEnabled: true, mobileEmulationEnabled: false, nativeEvents: true, networkConnectionEnabled: false, pageLoadStrategy: normal, platform: XP, platformName: XP, rotatable: false, setWindowRect: true, takesHeapSnapshot: true, takesScreenshot: true, unexpectedAlertBehaviour: , unhandledPromptBehavior: , version: 73.0.3683.75, webStorageEnabled: true}
Session ID: ecbfab57194731940f9b5dbca6c50beb)
	at com.kms.katalon.core.keyword.internal.KeywordMain.stepFailed(KeywordMain.groovy:36)
	at com.kms.katalon.core.webui.keyword.internal.WebUIKeywordMain.stepFailed(WebUIKeywordMain.groovy:65)
	at com.kms.katalon.core.webui.keyword.internal.WebUIKeywordMain.runKeyword(WebUIKeywordMain.groovy:27)
	at com.kms.katalon.core.webui.keyword.builtin.ClickKeyword.click(ClickKeyword.groovy:86)
	at com.kms.katalon.core.webui.keyword.builtin.ClickKeyword.execute(ClickKeyword.groovy:67)
	at com.kms.katalon.core.keyword.internal.KeywordExecutor.executeKeywordForPlatform(KeywordExecutor.groovy:53)
	at com.kms.katalon.core.webui.keyword.WebUiBuiltInKeywords.click(WebUiBuiltInKeywords.groovy:616)
	at com.kms.katalon.core.webui.keyword.WebUiBuiltInKeywords$click$4.call(Unknown Source)
	at Script1555325328873.run(Script1555325328873.groovy:25)
	at com.kms.katalon.core.main.ScriptEngine.run(ScriptEngine.java:183)
	at com.kms.katalon.core.main.ScriptEngine.runScriptAsRawText(ScriptEngine.java:108)
	at com.kms.katalon.core.main.TestCaseExecutor.runScript(TestCaseExecutor.java:294)
	at com.kms.katalon.core.main.TestCaseExecutor.doExecute(TestCaseExecutor.java:285)
	at com.kms.katalon.core.main.TestCaseExecutor.processExecutionPhase(TestCaseExecutor.java:264)
	at com.kms.katalon.core.main.TestCaseExecutor.accessMainPhase(TestCaseExecutor.java:256)
	at com.kms.katalon.core.main.TestCaseExecutor.execute(TestCaseExecutor.java:200)
	at com.kms.katalon.core.main.TestCaseMain.runTestCase(TestCaseMain.java:99)
	at com.kms.katalon.core.keyword.builtin.CallTestCaseKeyword$_callTestCase_closure1.doCall(CallTestCaseKeyword.groovy:60)
	at com.kms.katalon.core.keyword.builtin.CallTestCaseKeyword$_callTestCase_closure1.call(CallTestCaseKeyword.groovy)
	at com.kms.katalon.core.keyword.internal.KeywordMain.runKeyword(KeywordMain.groovy:54)
	at com.kms.katalon.core.keyword.builtin.CallTestCaseKeyword.callTestCase(CallTestCaseKeyword.groovy:81)
	at com.kms.katalon.core.keyword.builtin.CallTestCaseKeyword.execute(CallTestCaseKeyword.groovy:45)
	at com.kms.katalon.core.keyword.internal.KeywordExecutor.executeKeywordForPlatform(KeywordExecutor.groovy:53)
	at com.kms.katalon.core.keyword.BuiltinKeywords.callTestCase(BuiltinKeywords.groovy:334)
	at sun.reflect.NativeMethodAccessorImpl.invoke0(Native Method)
	at sun.reflect.NativeMethodAccessorImpl.invoke(NativeMethodAccessorImpl.java:62)
	at sun.reflect.DelegatingMethodAccessorImpl.invoke(DelegatingMethodAccessorImpl.java:43)
	at java.lang.reflect.Method.invoke(Method.java:498)
	at org.codehaus.groovy.reflection.CachedMethod.invoke(CachedMethod.java:93)
	at groovy.lang.MetaMethod.doMethodInvoke(MetaMethod.java:325)
	at groovy.lang.MetaClassImpl.invokeStaticMethod(MetaClassImpl.java:1469)
	at org.codehaus.groovy.runtime.callsite.StaticMetaClassSite.call(StaticMetaClassSite.java:53)
	at org.codehaus.groovy.runtime.callsite.CallSiteArray.defaultCall(CallSiteArray.java:48)
	at org.codehaus.groovy.runtime.callsite.AbstractCallSite.call(AbstractCallSite.java:113)
	at org.codehaus.groovy.runtime.callsite.AbstractCallSite.call(AbstractCallSite.java:141)
	at Script1555402638307.run(Script1555402638307.groovy:27)
	at com.kms.katalon.core.main.ScriptEngine.run(ScriptEngine.java:183)
	at com.kms.katalon.core.main.ScriptEngine.runScriptAsRawText(ScriptEngine.java:108)
	at com.kms.katalon.core.main.TestCaseExecutor.runScript(TestCaseExecutor.java:294)
	at com.kms.katalon.core.main.TestCaseExecutor.doExecute(TestCaseExecutor.java:285)
	at com.kms.katalon.core.main.TestCaseExecutor.processExecutionPhase(TestCaseExecutor.java:264)
	at com.kms.katalon.core.main.TestCaseExecutor.accessMainPhase(TestCaseExecutor.java:256)
	at com.kms.katalon.core.main.TestCaseExecutor.execute(TestCaseExecutor.java:200)
	at com.kms.katalon.core.main.TestSuiteExecutor.accessTestCaseMainPhase(TestSuiteExecutor.java:129)
	at com.kms.katalon.core.main.TestSuiteExecutor.accessTestSuiteMainPhase(TestSuiteExecutor.java:112)
	at com.kms.katalon.core.main.TestSuiteExecutor.execute(TestSuiteExecutor.java:81)
	at com.kms.katalon.core.main.TestCaseMain.startTestSuite(TestCaseMain.java:142)
	at com.kms.katalon.core.main.TestCaseMain$startTestSuite$0.call(Unknown Source)
	at org.codehaus.groovy.runtime.callsite.CallSiteArray.defaultCall(CallSiteArray.java:48)
	at org.codehaus.groovy.runtime.callsite.AbstractCallSite.call(AbstractCallSite.java:113)
	at org.codehaus.groovy.runtime.callsite.AbstractCallSite.call(AbstractCallSite.java:141)
	at TempTestSuite1555472249208.run(TempTestSuite1555472249208.groovy:36)
	at groovy.lang.GroovyShell.runScriptOrMainOrTestOrRunnable(GroovyShell.java:263)
	at groovy.lang.GroovyShell.run(GroovyShell.java:518)
	at groovy.lang.GroovyShell.run(GroovyShell.java:507)
	at groovy.ui.GroovyMain.processOnce(GroovyMain.java:653)
	at groovy.ui.GroovyMain.run(GroovyMain.java:384)
	at groovy.ui.GroovyMain.process(GroovyMain.java:370)
	at groovy.ui.GroovyMain.processArgs(GroovyMain.java:129)
	at groovy.ui.GroovyMain.main(GroovyMain.java:109)
	at sun.reflect.NativeMethodAccessorImpl.invoke0(Native Method)
	at sun.reflect.NativeMethodAccessorImpl.invoke(NativeMethodAccessorImpl.java:62)
	at sun.reflect.DelegatingMethodAccessorImpl.invoke(DelegatingMethodAccessorImpl.java:43)
	at java.lang.reflect.Method.invoke(Method.java:498)
	at org.codehaus.groovy.tools.GroovyStarter.rootLoader(GroovyStarter.java:109)
	at org.codehaus.groovy.tools.GroovyStarter.main(GroovyStarter.java:131)
)]]></system-out>
      <system-err><![CDATA[2019-04-17 11:37:32 - [TEST_SUITE][FAILED] - staff manage: Test Cases/002_System_,Manage/001_User_Manage/009_check_userEditpage FAILED because (of) (Stack trace: com.kms.katalon.core.exception.StepFailedException: Unable to click on object 'Object Repository/Syetem_settings/User_Manage/a_user_manage' (Root cause: org.openqa.selenium.ElementNotVisibleException: element not visible
  (Session info: headless chrome=73.0.3683.75)
  (Driver info: chromedriver=2.35.528161 (5b82f2d2aae0ca24b877009200ced9065a772e73),platform=Windows NT 6.1.7601 SP1 x86_64) (WARNING: The server did not provide any stacktrace information)
Command duration or timeout: 0 milliseconds
Build info: version: '3.7.1', revision: '8a0099a', time: '2017-11-06T21:07:36.161Z'
System info: host: 'BF-20170623WSST', ip: '192.168.10.86', os.name: 'Windows 7', os.arch: 'amd64', os.version: '6.1', java.version: '1.8.0_181'
Driver info: com.kms.katalon.selenium.driver.CChromeDriver
Capabilities {acceptInsecureCerts: false, acceptSslCerts: false, applicationCacheEnabled: false, browserConnectionEnabled: false, browserName: chrome, chrome: {chromedriverVersion: 2.35.528161 (5b82f2d2aae0ca..., userDataDir: C:\Users\ADMINI~1\AppData\L...}, cssSelectorsEnabled: true, databaseEnabled: false, handlesAlerts: true, hasTouchScreen: false, javascriptEnabled: true, locationContextEnabled: true, mobileEmulationEnabled: false, nativeEvents: true, networkConnectionEnabled: false, pageLoadStrategy: normal, platform: XP, platformName: XP, rotatable: false, setWindowRect: true, takesHeapSnapshot: true, takesScreenshot: true, unexpectedAlertBehaviour: , unhandledPromptBehavior: , version: 73.0.3683.75, webStorageEnabled: true}
Session ID: ecbfab57194731940f9b5dbca6c50beb)
	at com.kms.katalon.core.keyword.internal.KeywordMain.stepFailed(KeywordMain.groovy:36)
	at com.kms.katalon.core.webui.keyword.internal.WebUIKeywordMain.stepFailed(WebUIKeywordMain.groovy:65)
	at com.kms.katalon.core.webui.keyword.internal.WebUIKeywordMain.runKeyword(WebUIKeywordMain.groovy:27)
	at com.kms.katalon.core.webui.keyword.builtin.ClickKeyword.click(ClickKeyword.groovy:86)
	at com.kms.katalon.core.webui.keyword.builtin.ClickKeyword.execute(ClickKeyword.groovy:67)
	at com.kms.katalon.core.keyword.internal.KeywordExecutor.executeKeywordForPlatform(KeywordExecutor.groovy:53)
	at com.kms.katalon.core.webui.keyword.WebUiBuiltInKeywords.click(WebUiBuiltInKeywords.groovy:616)
	at com.kms.katalon.core.webui.keyword.WebUiBuiltInKeywords$click$4.call(Unknown Source)
	at Script1555325328873.run(Script1555325328873.groovy:25)
	at com.kms.katalon.core.main.ScriptEngine.run(ScriptEngine.java:183)
	at com.kms.katalon.core.main.ScriptEngine.runScriptAsRawText(ScriptEngine.java:108)
	at com.kms.katalon.core.main.TestCaseExecutor.runScript(TestCaseExecutor.java:294)
	at com.kms.katalon.core.main.TestCaseExecutor.doExecute(TestCaseExecutor.java:285)
	at com.kms.katalon.core.main.TestCaseExecutor.processExecutionPhase(TestCaseExecutor.java:264)
	at com.kms.katalon.core.main.TestCaseExecutor.accessMainPhase(TestCaseExecutor.java:256)
	at com.kms.katalon.core.main.TestCaseExecutor.execute(TestCaseExecutor.java:200)
	at com.kms.katalon.core.main.TestCaseMain.runTestCase(TestCaseMain.java:99)
	at com.kms.katalon.core.keyword.builtin.CallTestCaseKeyword$_callTestCase_closure1.doCall(CallTestCaseKeyword.groovy:60)
	at com.kms.katalon.core.keyword.builtin.CallTestCaseKeyword$_callTestCase_closure1.call(CallTestCaseKeyword.groovy)
	at com.kms.katalon.core.keyword.internal.KeywordMain.runKeyword(KeywordMain.groovy:54)
	at com.kms.katalon.core.keyword.builtin.CallTestCaseKeyword.callTestCase(CallTestCaseKeyword.groovy:81)
	at com.kms.katalon.core.keyword.builtin.CallTestCaseKeyword.execute(CallTestCaseKeyword.groovy:45)
	at com.kms.katalon.core.keyword.internal.KeywordExecutor.executeKeywordForPlatform(KeywordExecutor.groovy:53)
	at com.kms.katalon.core.keyword.BuiltinKeywords.callTestCase(BuiltinKeywords.groovy:334)
	at sun.reflect.NativeMethodAccessorImpl.invoke0(Native Method)
	at sun.reflect.NativeMethodAccessorImpl.invoke(NativeMethodAccessorImpl.java:62)
	at sun.reflect.DelegatingMethodAccessorImpl.invoke(DelegatingMethodAccessorImpl.java:43)
	at java.lang.reflect.Method.invoke(Method.java:498)
	at org.codehaus.groovy.reflection.CachedMethod.invoke(CachedMethod.java:93)
	at groovy.lang.MetaMethod.doMethodInvoke(MetaMethod.java:325)
	at groovy.lang.MetaClassImpl.invokeStaticMethod(MetaClassImpl.java:1469)
	at org.codehaus.groovy.runtime.callsite.StaticMetaClassSite.call(StaticMetaClassSite.java:53)
	at org.codehaus.groovy.runtime.callsite.CallSiteArray.defaultCall(CallSiteArray.java:48)
	at org.codehaus.groovy.runtime.callsite.AbstractCallSite.call(AbstractCallSite.java:113)
	at org.codehaus.groovy.runtime.callsite.AbstractCallSite.call(AbstractCallSite.java:141)
	at Script1555402638307.run(Script1555402638307.groovy:27)
	at com.kms.katalon.core.main.ScriptEngine.run(ScriptEngine.java:183)
	at com.kms.katalon.core.main.ScriptEngine.runScriptAsRawText(ScriptEngine.java:108)
	at com.kms.katalon.core.main.TestCaseExecutor.runScript(TestCaseExecutor.java:294)
	at com.kms.katalon.core.main.TestCaseExecutor.doExecute(TestCaseExecutor.java:285)
	at com.kms.katalon.core.main.TestCaseExecutor.processExecutionPhase(TestCaseExecutor.java:264)
	at com.kms.katalon.core.main.TestCaseExecutor.accessMainPhase(TestCaseExecutor.java:256)
	at com.kms.katalon.core.main.TestCaseExecutor.execute(TestCaseExecutor.java:200)
	at com.kms.katalon.core.main.TestSuiteExecutor.accessTestCaseMainPhase(TestSuiteExecutor.java:129)
	at com.kms.katalon.core.main.TestSuiteExecutor.accessTestSuiteMainPhase(TestSuiteExecutor.java:112)
	at com.kms.katalon.core.main.TestSuiteExecutor.execute(TestSuiteExecutor.java:81)
	at com.kms.katalon.core.main.TestCaseMain.startTestSuite(TestCaseMain.java:142)
	at com.kms.katalon.core.main.TestCaseMain$startTestSuite$0.call(Unknown Source)
	at org.codehaus.groovy.runtime.callsite.CallSiteArray.defaultCall(CallSiteArray.java:48)
	at org.codehaus.groovy.runtime.callsite.AbstractCallSite.call(AbstractCallSite.java:113)
	at org.codehaus.groovy.runtime.callsite.AbstractCallSite.call(AbstractCallSite.java:141)
	at TempTestSuite1555472249208.run(TempTestSuite1555472249208.groovy:36)
	at groovy.lang.GroovyShell.runScriptOrMainOrTestOrRunnable(GroovyShell.java:263)
	at groovy.lang.GroovyShell.run(GroovyShell.java:518)
	at groovy.lang.GroovyShell.run(GroovyShell.java:507)
	at groovy.ui.GroovyMain.processOnce(GroovyMain.java:653)
	at groovy.ui.GroovyMain.run(GroovyMain.java:384)
	at groovy.ui.GroovyMain.process(GroovyMain.java:370)
	at groovy.ui.GroovyMain.processArgs(GroovyMain.java:129)
	at groovy.ui.GroovyMain.main(GroovyMain.java:109)
	at sun.reflect.NativeMethodAccessorImpl.invoke0(Native Method)
	at sun.reflect.NativeMethodAccessorImpl.invoke(NativeMethodAccessorImpl.java:62)
	at sun.reflect.DelegatingMethodAccessorImpl.invoke(DelegatingMethodAccessorImpl.java:43)
	at java.lang.reflect.Method.invoke(Method.java:498)
	at org.codehaus.groovy.tools.GroovyStarter.rootLoader(GroovyStarter.java:109)
	at org.codehaus.groovy.tools.GroovyStarter.main(GroovyStarter.java:131)
)]]></system-err>
   </testsuite>
</testsuites>
